Using pre-set license
Built from '2021.3/staging' branch; Version is '2021.3.16f1 (4016570cf34f) revision 4200023'; Using compiler version '192829333'; Build Type 'Release'
OS: 'Windows 10  (10.0.19044) 64bit Core' Language: 'en' Physical Memory: 32678 MB
BatchMode: 1, IsHumanControllingUs: 0, StartBugReporterOnCrash: 0, Is64bit: 1, IsPro: 1

COMMAND LINE ARGUMENTS:
C:\Program Files (x86)\ProjetoIntegrado_Multimedia_AndreMoreira\Unity Editors\2021.3.16f1\Editor\Unity.exe
-adb2
-batchMode
-noUpm
-name
AssetImportWorker4
-projectPath
D:/PC/Desktop/IP/Rep/MR_M
-logFile
Logs/AssetImportWorker4.log
-srvPort
52355
Successfully changed project path to: D:/PC/Desktop/IP/Rep/MR_M
D:/PC/Desktop/IP/Rep/MR_M
[UnityMemory] Configuration Parameters - Can be set up in boot.config
    "memorysetup-bucket-allocator-granularity=16"
    "memorysetup-bucket-allocator-bucket-count=8"
    "memorysetup-bucket-allocator-block-size=33554432"
    "memorysetup-bucket-allocator-block-count=8"
    "memorysetup-main-allocator-block-size=16777216"
    "memorysetup-thread-allocator-block-size=16777216"
    "memorysetup-gfx-main-allocator-block-size=16777216"
    "memorysetup-gfx-thread-allocator-block-size=16777216"
    "memorysetup-cache-allocator-block-size=4194304"
    "memorysetup-typetree-allocator-block-size=2097152"
    "memorysetup-profiler-bucket-allocator-granularity=16"
    "memorysetup-profiler-bucket-allocator-bucket-count=8"
    "memorysetup-profiler-bucket-allocator-block-size=33554432"
    "memorysetup-profiler-bucket-allocator-block-count=8"
    "memorysetup-profiler-allocator-block-size=16777216"
    "memorysetup-profiler-editor-allocator-block-size=1048576"
    "memorysetup-temp-allocator-size-main=16777216"
    "memorysetup-job-temp-allocator-block-size=2097152"
    "memorysetup-job-temp-allocator-block-size-background=1048576"
    "memorysetup-job-temp-allocator-reduction-small-platforms=262144"
    "memorysetup-temp-allocator-size-background-worker=32768"
    "memorysetup-temp-allocator-size-job-worker=262144"
    "memorysetup-temp-allocator-size-preload-manager=33554432"
    "memorysetup-temp-allocator-size-nav-mesh-worker=65536"
    "memorysetup-temp-allocator-size-audio-worker=65536"
    "memorysetup-temp-allocator-size-cloud-worker=32768"
    "memorysetup-temp-allocator-size-gi-baking-worker=262144"
    "memorysetup-temp-allocator-size-gfx=262144"
Player connection [32132] Host "[IP] 172.17.2.209 [Port] 0 [Flags] 2 [Guid] 747694868 [EditorId] 747694868 [Version] 1048832 [Id] WindowsEditor(7,GreenHealth) [Debug] 1 [PackageName] WindowsEditor [ProjectName] Editor" joined multi-casting on [225.0.0.222:54997]...

Player connection [32132] Host "[IP] 172.17.2.209 [Port] 0 [Flags] 2 [Guid] 747694868 [EditorId] 747694868 [Version] 1048832 [Id] WindowsEditor(7,GreenHealth) [Debug] 1 [PackageName] WindowsEditor [ProjectName] Editor" joined alternative multi-casting on [225.0.0.222:34997]...

Refreshing native plugins compatible for Editor in 150.63 ms, found 26 plugins.
Preloading 1 native plugins for Editor in 4.00 ms.
Initialize engine version: 2021.3.16f1 (4016570cf34f)
[Subsystems] Discovering subsystems at path C:/Program Files (x86)/ProjetoIntegrado_Multimedia_AndreMoreira/Unity Editors/2021.3.16f1/Editor/Data/Resources/UnitySubsystems
[Subsystems] Discovering subsystems at path D:/PC/Desktop/IP/Rep/MR_M/Assets
GfxDevice: creating device client; threaded=0; jobified=0
Direct3D:
    Version:  Direct3D 11.0 [level 11.1]
    Renderer: NVIDIA GeForce RTX 2070 SUPER (ID=0x1e84)
    Vendor:   NVIDIA
    VRAM:     8011 MB
    Driver:   27.21.14.6192
Initialize mono
Mono path[0] = 'C:/Program Files (x86)/ProjetoIntegrado_Multimedia_AndreMoreira/Unity Editors/2021.3.16f1/Editor/Data/Managed'
Mono path[1] = 'C:/Program Files (x86)/ProjetoIntegrado_Multimedia_AndreMoreira/Unity Editors/2021.3.16f1/Editor/Data/MonoBleedingEdge/lib/mono/unityjit-win32'
Mono config path = 'C:/Program Files (x86)/ProjetoIntegrado_Multimedia_AndreMoreira/Unity Editors/2021.3.16f1/Editor/Data/MonoBleedingEdge/etc'
Using monoOptions --debugger-agent=transport=dt_socket,embedding=1,server=y,suspend=n,address=127.0.0.1:56772
Begin MonoManager ReloadAssembly
Registering precompiled unity dll's ...
Register platform support module: C:/Program Files (x86)/ProjetoIntegrado_Multimedia_AndreMoreira/Unity Editors/2021.3.16f1/Editor/Data/PlaybackEngines/AndroidPlayer/UnityEditor.Android.Extensions.dll
Register platform support module: C:/Program Files (x86)/ProjetoIntegrado_Multimedia_AndreMoreira/Unity Editors/2021.3.16f1/Editor/Data/PlaybackEngines/WindowsStandaloneSupport/UnityEditor.WindowsStandalone.Extensions.dll
Register platform support module: C:/Program Files (x86)/ProjetoIntegrado_Multimedia_AndreMoreira/Unity Editors/2021.3.16f1/Editor/Data/PlaybackEngines/MetroSupport/UnityEditor.UWP.Extensions.dll
Registered in 0.008400 seconds.
Native extension for UWP target not found
Native extension for WindowsStandalone target not found
Native extension for Android target not found
Refreshing native plugins compatible for Editor in 105.23 ms, found 26 plugins.
Preloading 1 native plugins for Editor in 0.16 ms.
Mono: successfully reloaded assembly
- Completed reload, in  0.600 seconds
Domain Reload Profiling:
	ReloadAssembly (601ms)
		BeginReloadAssembly (65ms)
			ExecutionOrderSort (0ms)
			DisableScriptedObjects (0ms)
			BackupInstance (0ms)
			ReleaseScriptingObjects (0ms)
			CreateAndSetChildDomain (1ms)
		EndReloadAssembly (438ms)
			LoadAssemblies (63ms)
			RebuildTransferFunctionScriptingTraits (0ms)
			SetupTypeCache (93ms)
			ReleaseScriptCaches (0ms)
			RebuildScriptCaches (24ms)
			SetupLoadedEditorAssemblies (272ms)
				LogAssemblyErrors (0ms)
				InitializePlatformSupportModulesInManaged (50ms)
				SetLoadedEditorAssemblies (0ms)
				RefreshPlugins (105ms)
				BeforeProcessingInitializeOnLoad (1ms)
				ProcessInitializeOnLoadAttributes (80ms)
				ProcessInitializeOnLoadMethodAttributes (36ms)
				AfterProcessingInitializeOnLoad (0ms)
				EditorAssembliesLoaded (0ms)
			ExecutionOrderSort2 (0ms)
			AwakeInstancesAfterBackupRestoration (0ms)
Platform modules already initialized, skipping
Registering precompiled user dll's ...
Registered in 0.017375 seconds.
Begin MonoManager ReloadAssembly
Native extension for UWP target not found
Native extension for WindowsStandalone target not found
Native extension for Android target not found
Refreshing native plugins compatible for Editor in 108.26 ms, found 26 plugins.
Preloading 1 native plugins for Editor in 0.03 ms.
DisplayProgressbar: Restoring NuGet Packages
Added DLL directory D:\PC\Desktop\IP\Rep\MR_M\Assets\Packages\Microsoft.VCRTForwarders.140.1.0.7\Unity\x64 to the user search path.
UnityEngine.StackTraceUtility:ExtractStackTrace ()
UnityEngine.DebugLogHandler:LogFormat (UnityEngine.LogType,UnityEngine.Object,string,object[])
UnityEngine.Logger:Log (UnityEngine.LogType,object)
UnityEngine.Debug:Log (object)
InitVCRTForwarders:.cctor () (at Assets/Packages/Microsoft.VCRTForwarders.140.1.0.7/Unity/Editor/InitVCRTForwarders.cs:53)
System.Runtime.CompilerServices.RuntimeHelpers:RunClassConstructor (System.RuntimeTypeHandle)
UnityEditor.EditorAssemblies:ProcessInitializeOnLoadAttributes (System.Type[])

(Filename: Assets/Packages/Microsoft.VCRTForwarders.140.1.0.7/Unity/Editor/InitVCRTForwarders.cs Line: 53)

Package Manager log level set to [2]
Added DLL directory D:\PC\Desktop\IP\Rep\MR_M\Assets\Packages\Microsoft.MixedReality.QR.0.5.3037\Unity\x64 to the user search path.
UnityEngine.StackTraceUtility:ExtractStackTrace ()
UnityEngine.DebugLogHandler:LogFormat (UnityEngine.LogType,UnityEngine.Object,string,object[])
UnityEngine.Logger:Log (UnityEngine.LogType,object)
UnityEngine.Debug:Log (object)
Microsoft.MixedReality.QR.Init:.cctor () (at Assets/Packages/Microsoft.MixedReality.QR.0.5.3037/Unity/Editor/Microsoft.MixedReality.QR.Init.cs:60)
System.Runtime.CompilerServices.RuntimeHelpers:RunClassConstructor (System.RuntimeTypeHandle)
UnityEditor.EditorAssemblies:ProcessInitializeOnLoadAttributes (System.Type[])

(Filename: Assets/Packages/Microsoft.MixedReality.QR.0.5.3037/Unity/Editor/Microsoft.MixedReality.QR.Init.cs Line: 60)

[XR] [MROpenXR][Info   ][15:29:09.343804][tid:7d84] MeshProvider_RegisterLifecycleProvider
[XR] [MROpenXR][Info   ][15:29:09.343880][tid:7d84] InputProvider_RegisterLifecycleProvider
[XR] Error loading subsystem: Display (1) (header mismatch?)
[XR] [MROpenXR][Info   ][15:29:09.345027][tid:7d84] OnPluginStarted UnityVersion=2021.3.16f1 OpenXRPluginVersion=1.5.3 MROpenXRPluginVersion=1.7.0.0 PartA_PrivTags=33554432
Mono: successfully reloaded assembly
- Completed reload, in  2.229 seconds
Domain Reload Profiling:
	ReloadAssembly (2230ms)
		BeginReloadAssembly (197ms)
			ExecutionOrderSort (0ms)
			DisableScriptedObjects (5ms)
			BackupInstance (0ms)
			ReleaseScriptingObjects (0ms)
			CreateAndSetChildDomain (118ms)
		EndReloadAssembly (1934ms)
			LoadAssemblies (93ms)
			RebuildTransferFunctionScriptingTraits (0ms)
			SetupTypeCache (251ms)
			ReleaseScriptCaches (1ms)
			RebuildScriptCaches (77ms)
			SetupLoadedEditorAssemblies (1472ms)
				LogAssemblyErrors (0ms)
				InitializePlatformSupportModulesInManaged (12ms)
				SetLoadedEditorAssemblies (0ms)
				RefreshPlugins (108ms)
				BeforeProcessingInitializeOnLoad (105ms)
				ProcessInitializeOnLoadAttributes (1185ms)
				ProcessInitializeOnLoadMethodAttributes (54ms)
				AfterProcessingInitializeOnLoad (8ms)
				EditorAssembliesLoaded (0ms)
			ExecutionOrderSort2 (0ms)
			AwakeInstancesAfterBackupRestoration (4ms)
Platform modules already initialized, skipping
========================================================================
Worker process is ready to serve import requests
Launched and connected shader compiler UnityShaderCompiler.exe after 0.04 seconds
Refreshing native plugins compatible for Editor in 2.05 ms, found 26 plugins.
Preloading 1 native plugins for Editor in 0.03 ms.
Unloading 7048 Unused Serialized files (Serialized files now loaded: 0)
Unloading 417 unused Assets / (233.4 KB). Loaded Objects now: 7355.
Memory consumption went from 274.8 MB to 274.5 MB.
Total: 4.323700 ms (FindLiveObjects: 0.517800 ms CreateObjectMapping: 0.553800 ms MarkObjects: 2.939000 ms  DeleteObjects: 0.312100 ms)

AssetImportParameters requested are different than current active one (requested -> active):
  custom:video-decoder-ogg-theora: a1e56fd34408186e4bbccfd4996cb3dc -> 
  custom:container-muxer-webm: aa71ff27fc2769a1b78a27578f13a17b -> 
  custom:container-demuxer-webm: 4f35f7cbe854078d1ac9338744f61a02 -> 
  custom:video-encoder-webm-vp8: eb34c28f22e8b96e1ab97ce403110664 -> 
  custom:audio-encoder-webm-vorbis: bf7c407c2cedff20999df2af8eb42d56 -> 
  custom:framework-win-MediaFoundation: 216162199b28c13a410421893ffa2e32 -> 
  custom:container-demuxer-ogg: 62fdf1f143b41e24485cea50d1cbac27 -> 
  custom:video-decoder-webm-vp8: 9c59270c3fd7afecdb556c50c9e8de78 -> 
  custom:audio-decoder-ogg-vorbis: bf7c407c2cedff20999df2af8eb42d56 -> 
========================================================================
Received Import Request.
  Time since last request: 20397.947908 seconds.
  path: Assets/UnityProject/Sprites/Custom GUI/Popups
  artifactKey: Guid(b42baebdc5472d0449e964d7f9beb887) Importer(815301076,1909f56bfc062723c751e8b465ee728b)
Start importing Assets/UnityProject/Sprites/Custom GUI/Popups using Guid(b42baebdc5472d0449e964d7f9beb887) Importer(815301076,1909f56bfc062723c751e8b465ee728b)  -> (artifact id: '1c7715b5ef568e77aa13d70d66c0755c') in 0.013772 seconds 
========================================================================
Received Import Request.
  Time since last request: 18.732968 seconds.
  path: Assets/UnityProject/Sprites/Custom GUI/Popups/popup10_1.5.png
  artifactKey: Guid(bba7489ee77253f4498e30caa6efd141) Importer(815301076,1909f56bfc062723c751e8b465ee728b)
Start importing Assets/UnityProject/Sprites/Custom GUI/Popups/popup10_1.5.png using Guid(bba7489ee77253f4498e30caa6efd141) Importer(815301076,1909f56bfc062723c751e8b465ee728b)  -> (artifact id: '4cb106f6f07f64133db9d447542732cb') in 0.188039 seconds 
========================================================================
Received Import Request.
  Time since last request: 19.175711 seconds.
  path: Assets/UnityProject/Sprites/Custom GUI/Popups/mt_popup10_1.5.mat
  artifactKey: Guid(81c7eb609bf9d7c419b8f312df1f2850) Importer(815301076,1909f56bfc062723c751e8b465ee728b)
Start importing Assets/UnityProject/Sprites/Custom GUI/Popups/mt_popup10_1.5.mat using Guid(81c7eb609bf9d7c419b8f312df1f2850) Importer(815301076,1909f56bfc062723c751e8b465ee728b)  -> (artifact id: '479a0642fe155155b431e2aec8dbabe7') in 0.046645 seconds 
========================================================================
Received Import Request.
  Time since last request: 1.464271 seconds.
  path: Assets/UnityProject/Sprites/Custom GUI/Popups/mt_popup10_1.5 1.mat
  artifactKey: Guid(44ab30a34854a684c8050cd6bcbe5e7a) Importer(815301076,1909f56bfc062723c751e8b465ee728b)
Start importing Assets/UnityProject/Sprites/Custom GUI/Popups/mt_popup10_1.5 1.mat using Guid(44ab30a34854a684c8050cd6bcbe5e7a) Importer(815301076,1909f56bfc062723c751e8b465ee728b)  -> (artifact id: '39dcc325a54c74c098cd8ab625358ea7') in 0.011405 seconds 
========================================================================
Received Import Request.
  Time since last request: 0.458953 seconds.
  path: Assets/UnityProject/Sprites/Custom GUI/Popups/mt_popup10_1.5 2.mat
  artifactKey: Guid(437fabb3b435a0b4dab4f2b1e71d978a) Importer(815301076,1909f56bfc062723c751e8b465ee728b)
Start importing Assets/UnityProject/Sprites/Custom GUI/Popups/mt_popup10_1.5 2.mat using Guid(437fabb3b435a0b4dab4f2b1e71d978a) Importer(815301076,1909f56bfc062723c751e8b465ee728b)  -> (artifact id: 'faf3b4f87910f02de6d88c7485f29860') in 0.011154 seconds 
========================================================================
Received Import Request.
  Time since last request: 0.370341 seconds.
  path: Assets/UnityProject/Sprites/Custom GUI/Popups/mt_popup10_1.5 3.mat
  artifactKey: Guid(1bd7a354ac2345543a4d615f2fc3000b) Importer(815301076,1909f56bfc062723c751e8b465ee728b)
Start importing Assets/UnityProject/Sprites/Custom GUI/Popups/mt_popup10_1.5 3.mat using Guid(1bd7a354ac2345543a4d615f2fc3000b) Importer(815301076,1909f56bfc062723c751e8b465ee728b)  -> (artifact id: '7c1b8c1f2e3d25465ed3fa73c054b14b') in 0.011418 seconds 
========================================================================
Received Import Request.
  Time since last request: 0.375939 seconds.
  path: Assets/UnityProject/Sprites/Custom GUI/Popups/mt_popup10_1.5 4.mat
  artifactKey: Guid(e31960a2e5c5a9242aade301a11d8112) Importer(815301076,1909f56bfc062723c751e8b465ee728b)
Start importing Assets/UnityProject/Sprites/Custom GUI/Popups/mt_popup10_1.5 4.mat using Guid(e31960a2e5c5a9242aade301a11d8112) Importer(815301076,1909f56bfc062723c751e8b465ee728b)  -> (artifact id: '4f6c31043c5f374fa30cfdb4edc238f2') in 0.009609 seconds 
========================================================================
Received Import Request.
  Time since last request: 9.156443 seconds.
  path: Assets/UnityProject/Sprites/Custom GUI/Popups/mt_popup10_5.5.mat
  artifactKey: Guid(44ab30a34854a684c8050cd6bcbe5e7a) Importer(815301076,1909f56bfc062723c751e8b465ee728b)
Start importing Assets/UnityProject/Sprites/Custom GUI/Popups/mt_popup10_5.5.mat using Guid(44ab30a34854a684c8050cd6bcbe5e7a) Importer(815301076,1909f56bfc062723c751e8b465ee728b)  -> (artifact id: '7010b5c5ae4db18123ed9ede38054fb4') in 0.010092 seconds 
========================================================================
Received Import Request.
  Time since last request: 5.300790 seconds.
  path: Assets/UnityProject/Sprites/Custom GUI/Popups/mt_popup10_4.5.mat
  artifactKey: Guid(437fabb3b435a0b4dab4f2b1e71d978a) Importer(815301076,1909f56bfc062723c751e8b465ee728b)
Start importing Assets/UnityProject/Sprites/Custom GUI/Popups/mt_popup10_4.5.mat using Guid(437fabb3b435a0b4dab4f2b1e71d978a) Importer(815301076,1909f56bfc062723c751e8b465ee728b)  -> (artifact id: 'ab2d41b9cbb13823bffb2b626d5d0ab0') in 0.016800 seconds 
========================================================================
Received Import Request.
  Time since last request: 6.321065 seconds.
  path: Assets/UnityProject/Sprites/Custom GUI/Popups/mt_popup10_3.5.mat
  artifactKey: Guid(1bd7a354ac2345543a4d615f2fc3000b) Importer(815301076,1909f56bfc062723c751e8b465ee728b)
Start importing Assets/UnityProject/Sprites/Custom GUI/Popups/mt_popup10_3.5.mat using Guid(1bd7a354ac2345543a4d615f2fc3000b) Importer(815301076,1909f56bfc062723c751e8b465ee728b)  -> (artifact id: 'd65a91c7bdc134a55588da8006f1a898') in 0.009860 seconds 
========================================================================
Received Import Request.
  Time since last request: 4.879961 seconds.
  path: Assets/UnityProject/Sprites/Custom GUI/Popups/mt_popup10_2.5.mat
  artifactKey: Guid(e31960a2e5c5a9242aade301a11d8112) Importer(815301076,1909f56bfc062723c751e8b465ee728b)
Start importing Assets/UnityProject/Sprites/Custom GUI/Popups/mt_popup10_2.5.mat using Guid(e31960a2e5c5a9242aade301a11d8112) Importer(815301076,1909f56bfc062723c751e8b465ee728b)  -> (artifact id: 'e4d14bbf690d51b961605fc8125de0f1') in 0.012154 seconds 
========================================================================
Received Import Request.
  Time since last request: 204.864483 seconds.
  path: Packages/com.microsoft.mixedreality.toolkit.examples/StandardAssets/PhysicsMaterials/ManipulatorMaterial.physicMaterial
  artifactKey: Guid(67b40454a02e2f24db615dccdb48d7de) Importer(815301076,1909f56bfc062723c751e8b465ee728b)
Start importing Packages/com.microsoft.mixedreality.toolkit.examples/StandardAssets/PhysicsMaterials/ManipulatorMaterial.physicMaterial using Guid(67b40454a02e2f24db615dccdb48d7de) Importer(815301076,1909f56bfc062723c751e8b465ee728b)  -> (artifact id: '4a4a3f7ed98a41dff7414f47567fa2dd') in 0.011855 seconds 
========================================================================
Received Import Request.
  Time since last request: 912.390677 seconds.
  path: Assets/UnityProject/Sprites/Custom GUI/Popups/popup10_1.8.png
  artifactKey: Guid(f3d9361975491bb4cbb224b5de006b46) Importer(815301076,1909f56bfc062723c751e8b465ee728b)
Start importing Assets/UnityProject/Sprites/Custom GUI/Popups/popup10_1.8.png using Guid(f3d9361975491bb4cbb224b5de006b46) Importer(815301076,1909f56bfc062723c751e8b465ee728b)  -> (artifact id: '0669908b596c1984f37eefb8550a25d4') in 0.012929 seconds 
========================================================================
Received Import Request.
  Time since last request: 0.004537 seconds.
  path: Assets/UnityProject/Sprites/Custom GUI/Popups/popup10_6.8.png
  artifactKey: Guid(b7b180143f6e04842a8c3f2c3db709bf) Importer(815301076,1909f56bfc062723c751e8b465ee728b)
Start importing Assets/UnityProject/Sprites/Custom GUI/Popups/popup10_6.8.png using Guid(b7b180143f6e04842a8c3f2c3db709bf) Importer(815301076,1909f56bfc062723c751e8b465ee728b)  -> (artifact id: 'ae8182768ad962e9c7a3508e1415d403') in 0.011418 seconds 
========================================================================
Received Import Request.
  Time since last request: 0.000024 seconds.
  path: Assets/UnityProject/Sprites/Custom GUI/Popups/popup10_8.8.png
  artifactKey: Guid(6b9cb3e15b29cd642894cd9962e2f4de) Importer(815301076,1909f56bfc062723c751e8b465ee728b)
Start importing Assets/UnityProject/Sprites/Custom GUI/Popups/popup10_8.8.png using Guid(6b9cb3e15b29cd642894cd9962e2f4de) Importer(815301076,1909f56bfc062723c751e8b465ee728b)  -> (artifact id: '8809ca9be9576285cdd7c704715769ba') in 0.012483 seconds 
========================================================================
Received Import Request.
  Time since last request: 0.000025 seconds.
  path: Assets/UnityProject/Sprites/Custom GUI/Popups/popup10_7.8.png
  artifactKey: Guid(830a1232bc2f5b4458e2b8a8ea3555ee) Importer(815301076,1909f56bfc062723c751e8b465ee728b)
Start importing Assets/UnityProject/Sprites/Custom GUI/Popups/popup10_7.8.png using Guid(830a1232bc2f5b4458e2b8a8ea3555ee) Importer(815301076,1909f56bfc062723c751e8b465ee728b)  -> (artifact id: 'abb9cb142b0337fc6755533d88955f31') in 0.013868 seconds 
========================================================================
Received Import Request.
  Time since last request: 22.873158 seconds.
  path: Assets/UnityProject/Sprites/Custom GUI/Popups/popup10_1.8.png
  artifactKey: Guid(f3d9361975491bb4cbb224b5de006b46) Importer(815301076,1909f56bfc062723c751e8b465ee728b)
Start importing Assets/UnityProject/Sprites/Custom GUI/Popups/popup10_1.8.png using Guid(f3d9361975491bb4cbb224b5de006b46) Importer(815301076,1909f56bfc062723c751e8b465ee728b)  -> (artifact id: 'eb3d3a1e1f9a6a65e0f879d814569645') in 0.066642 seconds 
========================================================================
Received Import Request.
  Time since last request: 0.000024 seconds.
  path: Assets/UnityProject/Sprites/Custom GUI/Popups/popup10_6.8.png
  artifactKey: Guid(b7b180143f6e04842a8c3f2c3db709bf) Importer(815301076,1909f56bfc062723c751e8b465ee728b)
Start importing Assets/UnityProject/Sprites/Custom GUI/Popups/popup10_6.8.png using Guid(b7b180143f6e04842a8c3f2c3db709bf) Importer(815301076,1909f56bfc062723c751e8b465ee728b)  -> (artifact id: '7ad5efae2f3c5461d17b4f680e80efc2') in 0.073682 seconds 
========================================================================
Received Import Request.
  Time since last request: 0.000039 seconds.
  path: Assets/UnityProject/Sprites/Custom GUI/Popups/popup10_8.8.png
  artifactKey: Guid(6b9cb3e15b29cd642894cd9962e2f4de) Importer(815301076,1909f56bfc062723c751e8b465ee728b)
Start importing Assets/UnityProject/Sprites/Custom GUI/Popups/popup10_8.8.png using Guid(6b9cb3e15b29cd642894cd9962e2f4de) Importer(815301076,1909f56bfc062723c751e8b465ee728b)  -> (artifact id: '73bc488082dc0cadcd29f15965179d64') in 0.077380 seconds 
========================================================================
Received Import Request.
  Time since last request: 8.250145 seconds.
  path: Assets/UnityProject/Sprites/Custom GUI/Popups/popup10_3.8.png
  artifactKey: Guid(41d84160b8696e849a85a61c16fdedfd) Importer(815301076,1909f56bfc062723c751e8b465ee728b)
Start importing Assets/UnityProject/Sprites/Custom GUI/Popups/popup10_3.8.png using Guid(41d84160b8696e849a85a61c16fdedfd) Importer(815301076,1909f56bfc062723c751e8b465ee728b)  -> (artifact id: 'a7e11b72435a808c3521642fa02bd741') in 0.054995 seconds 
========================================================================
Received Import Request.
  Time since last request: 0.000018 seconds.
  path: Assets/UnityProject/Sprites/Custom GUI/Popups/popup10_6.8.png
  artifactKey: Guid(b7b180143f6e04842a8c3f2c3db709bf) Importer(815301076,1909f56bfc062723c751e8b465ee728b)
Start importing Assets/UnityProject/Sprites/Custom GUI/Popups/popup10_6.8.png using Guid(b7b180143f6e04842a8c3f2c3db709bf) Importer(815301076,1909f56bfc062723c751e8b465ee728b)  -> (artifact id: '092a029ae7012c68fd2ee454171ba413') in 0.049486 seconds 
========================================================================
Received Import Request.
  Time since last request: 0.000020 seconds.
  path: Assets/UnityProject/Sprites/Custom GUI/Popups/popup10_8.8.png
  artifactKey: Guid(6b9cb3e15b29cd642894cd9962e2f4de) Importer(815301076,1909f56bfc062723c751e8b465ee728b)
Start importing Assets/UnityProject/Sprites/Custom GUI/Popups/popup10_8.8.png using Guid(6b9cb3e15b29cd642894cd9962e2f4de) Importer(815301076,1909f56bfc062723c751e8b465ee728b)  -> (artifact id: '07e16847b8487049d16a190f441a6cc3') in 0.054785 seconds 
========================================================================
Received Import Request.
  Time since last request: 20.006155 seconds.
  path: Assets/UnityProject/Sprites/Custom GUI/Popups/mat_popup10_1.9.mat
  artifactKey: Guid(2a7d8ee4c3e83a1488046a8878058aa5) Importer(815301076,1909f56bfc062723c751e8b465ee728b)
Start importing Assets/UnityProject/Sprites/Custom GUI/Popups/mat_popup10_1.9.mat using Guid(2a7d8ee4c3e83a1488046a8878058aa5) Importer(815301076,1909f56bfc062723c751e8b465ee728b)  -> (artifact id: 'c5a4827a6fc449d52d6d55c0a3e8c89e') in 0.012113 seconds 
========================================================================
Received Import Request.
  Time since last request: 4.035701 seconds.
  path: Assets/UnityProject/Sprites/Custom GUI/Popups/mat_popup10_1.8.mat
  artifactKey: Guid(2a7d8ee4c3e83a1488046a8878058aa5) Importer(815301076,1909f56bfc062723c751e8b465ee728b)
Start importing Assets/UnityProject/Sprites/Custom GUI/Popups/mat_popup10_1.8.mat using Guid(2a7d8ee4c3e83a1488046a8878058aa5) Importer(815301076,1909f56bfc062723c751e8b465ee728b)  -> (artifact id: 'db26fc315a4f645583a26b45d8ef4636') in 0.011057 seconds 
========================================================================
Received Import Request.
  Time since last request: 1.253747 seconds.
  path: Assets/UnityProject/Sprites/Custom GUI/Popups/mat_popup10_1.8 1.mat
  artifactKey: Guid(a710562d16588b54caa408c4f0793006) Importer(815301076,1909f56bfc062723c751e8b465ee728b)
Start importing Assets/UnityProject/Sprites/Custom GUI/Popups/mat_popup10_1.8 1.mat using Guid(a710562d16588b54caa408c4f0793006) Importer(815301076,1909f56bfc062723c751e8b465ee728b)  -> (artifact id: 'bd90712db585cb8d95276cd2a3f8d6f5') in 0.011170 seconds 
========================================================================
Received Import Request.
  Time since last request: 1.421812 seconds.
  path: Assets/UnityProject/Sprites/Custom GUI/Popups/mat_popup10_1.8 2.mat
  artifactKey: Guid(4908f6423c62d324e9f3932180b16d96) Importer(815301076,1909f56bfc062723c751e8b465ee728b)
Start importing Assets/UnityProject/Sprites/Custom GUI/Popups/mat_popup10_1.8 2.mat using Guid(4908f6423c62d324e9f3932180b16d96) Importer(815301076,1909f56bfc062723c751e8b465ee728b)  -> (artifact id: 'ae567ffd0b7fa897f94ab02d0cc99d07') in 0.015393 seconds 
========================================================================
Received Import Request.
  Time since last request: 0.588668 seconds.
  path: Assets/UnityProject/Sprites/Custom GUI/Popups/mat_popup10_1.8 3.mat
  artifactKey: Guid(14b21068f6e0ff3449d7ee2badd7a35d) Importer(815301076,1909f56bfc062723c751e8b465ee728b)
Start importing Assets/UnityProject/Sprites/Custom GUI/Popups/mat_popup10_1.8 3.mat using Guid(14b21068f6e0ff3449d7ee2badd7a35d) Importer(815301076,1909f56bfc062723c751e8b465ee728b)  -> (artifact id: '6e423d5879eaa5596a073de40c900233') in 0.015196 seconds 
========================================================================
Received Import Request.
  Time since last request: 0.568203 seconds.
  path: Assets/UnityProject/Sprites/Custom GUI/Popups/mat_popup10_1.8 4.mat
  artifactKey: Guid(540c26b0979c26e408dfb4ad0d3126bf) Importer(815301076,1909f56bfc062723c751e8b465ee728b)
Start importing Assets/UnityProject/Sprites/Custom GUI/Popups/mat_popup10_1.8 4.mat using Guid(540c26b0979c26e408dfb4ad0d3126bf) Importer(815301076,1909f56bfc062723c751e8b465ee728b)  -> (artifact id: 'b253a4ef6e7c6c40e484ec53cf2d5d1e') in 0.011964 seconds 
========================================================================
Received Import Request.
  Time since last request: 0.589520 seconds.
  path: Assets/UnityProject/Sprites/Custom GUI/Popups/mat_popup10_1.8 5.mat
  artifactKey: Guid(166210be7d59ba6499606cb10df7c7ea) Importer(815301076,1909f56bfc062723c751e8b465ee728b)
Start importing Assets/UnityProject/Sprites/Custom GUI/Popups/mat_popup10_1.8 5.mat using Guid(166210be7d59ba6499606cb10df7c7ea) Importer(815301076,1909f56bfc062723c751e8b465ee728b)  -> (artifact id: 'b996828cc5af622dd4db75ad85bb263e') in 0.011201 seconds 
========================================================================
Received Import Request.
  Time since last request: 0.619654 seconds.
  path: Assets/UnityProject/Sprites/Custom GUI/Popups/mat_popup10_1.8 6.mat
  artifactKey: Guid(e1633b7346084ed4e86f32507d1fcd1e) Importer(815301076,1909f56bfc062723c751e8b465ee728b)
Start importing Assets/UnityProject/Sprites/Custom GUI/Popups/mat_popup10_1.8 6.mat using Guid(e1633b7346084ed4e86f32507d1fcd1e) Importer(815301076,1909f56bfc062723c751e8b465ee728b)  -> (artifact id: '7d60a7b6a73aee74a8fd1f654c210ab6') in 0.012832 seconds 
========================================================================
Received Import Request.
  Time since last request: 2.627662 seconds.
  path: Assets/UnityProject/Sprites/Custom GUI/Popups/mat_popup10_1.8 7.mat
  artifactKey: Guid(062479b869d4bbb4dadc938097c50550) Importer(815301076,1909f56bfc062723c751e8b465ee728b)
Start importing Assets/UnityProject/Sprites/Custom GUI/Popups/mat_popup10_1.8 7.mat using Guid(062479b869d4bbb4dadc938097c50550) Importer(815301076,1909f56bfc062723c751e8b465ee728b)  -> (artifact id: 'fe60a8ccf10cfaacd8e42ba8753119c7') in 0.018651 seconds 
========================================================================
Received Import Request.
  Time since last request: 9.324893 seconds.
  path: Assets/UnityProject/Sprites/Custom GUI/Popups/mat_popup10_2.8.mat
  artifactKey: Guid(a710562d16588b54caa408c4f0793006) Importer(815301076,1909f56bfc062723c751e8b465ee728b)
Start importing Assets/UnityProject/Sprites/Custom GUI/Popups/mat_popup10_2.8.mat using Guid(a710562d16588b54caa408c4f0793006) Importer(815301076,1909f56bfc062723c751e8b465ee728b)  -> (artifact id: 'c97fbc7f62352ca11d2ec040ddfee6d0') in 0.013396 seconds 
========================================================================
Received Import Request.
  Time since last request: 5.182947 seconds.
  path: Assets/UnityProject/Sprites/Custom GUI/Popups/mat_popup10_3.8.mat
  artifactKey: Guid(4908f6423c62d324e9f3932180b16d96) Importer(815301076,1909f56bfc062723c751e8b465ee728b)
Start importing Assets/UnityProject/Sprites/Custom GUI/Popups/mat_popup10_3.8.mat using Guid(4908f6423c62d324e9f3932180b16d96) Importer(815301076,1909f56bfc062723c751e8b465ee728b)  -> (artifact id: '8c6feaf665d4527bfcaa175de8e1c3ee') in 0.010551 seconds 
========================================================================
Received Import Request.
  Time since last request: 7.588116 seconds.
  path: Assets/UnityProject/Sprites/Custom GUI/Popups/mat_popup10_4.8.mat
  artifactKey: Guid(14b21068f6e0ff3449d7ee2badd7a35d) Importer(815301076,1909f56bfc062723c751e8b465ee728b)
Start importing Assets/UnityProject/Sprites/Custom GUI/Popups/mat_popup10_4.8.mat using Guid(14b21068f6e0ff3449d7ee2badd7a35d) Importer(815301076,1909f56bfc062723c751e8b465ee728b)  -> (artifact id: '77740d485b0ee30022b74454fde3ae82') in 0.014004 seconds 
========================================================================
Received Import Request.
  Time since last request: 4.921349 seconds.
  path: Assets/UnityProject/Sprites/Custom GUI/Popups/mat_popup10_5.8.mat
  artifactKey: Guid(540c26b0979c26e408dfb4ad0d3126bf) Importer(815301076,1909f56bfc062723c751e8b465ee728b)
Start importing Assets/UnityProject/Sprites/Custom GUI/Popups/mat_popup10_5.8.mat using Guid(540c26b0979c26e408dfb4ad0d3126bf) Importer(815301076,1909f56bfc062723c751e8b465ee728b)  -> (artifact id: '22e5a5bcf53b17ccedc02d75c7eee2a7') in 0.010763 seconds 
========================================================================
Received Import Request.
  Time since last request: 11.327553 seconds.
  path: Assets/UnityProject/Sprites/Custom GUI/Popups/mat_popup10_6.8.mat
  artifactKey: Guid(166210be7d59ba6499606cb10df7c7ea) Importer(815301076,1909f56bfc062723c751e8b465ee728b)
Start importing Assets/UnityProject/Sprites/Custom GUI/Popups/mat_popup10_6.8.mat using Guid(166210be7d59ba6499606cb10df7c7ea) Importer(815301076,1909f56bfc062723c751e8b465ee728b)  -> (artifact id: '4acb6db6e9951b92a73000b628f76a89') in 0.017211 seconds 
========================================================================
Received Import Request.
  Time since last request: 4.476783 seconds.
  path: Assets/UnityProject/Sprites/Custom GUI/Popups/mat_popup10_7.8.mat
  artifactKey: Guid(e1633b7346084ed4e86f32507d1fcd1e) Importer(815301076,1909f56bfc062723c751e8b465ee728b)
Start importing Assets/UnityProject/Sprites/Custom GUI/Popups/mat_popup10_7.8.mat using Guid(e1633b7346084ed4e86f32507d1fcd1e) Importer(815301076,1909f56bfc062723c751e8b465ee728b)  -> (artifact id: '4adcfae9a08d2fe66ec9b3098cd4d836') in 0.010244 seconds 
========================================================================
Received Import Request.
  Time since last request: 4.928798 seconds.
  path: Assets/UnityProject/Sprites/Custom GUI/Popups/mat_popup10_8.8.mat
  artifactKey: Guid(062479b869d4bbb4dadc938097c50550) Importer(815301076,1909f56bfc062723c751e8b465ee728b)
Start importing Assets/UnityProject/Sprites/Custom GUI/Popups/mat_popup10_8.8.mat using Guid(062479b869d4bbb4dadc938097c50550) Importer(815301076,1909f56bfc062723c751e8b465ee728b)  -> (artifact id: '08b53ba64630a3f87c69e828ca116ca6') in 0.182402 seconds 
========================================================================
Received Import Request.
  Time since last request: 36.048314 seconds.
  path: Assets/UnityProject/Sprites/Custom GUI/Popups/mat_popup10_1.8.mat
  artifactKey: Guid(2a7d8ee4c3e83a1488046a8878058aa5) Importer(815301076,1909f56bfc062723c751e8b465ee728b)
Start importing Assets/UnityProject/Sprites/Custom GUI/Popups/mat_popup10_1.8.mat using Guid(2a7d8ee4c3e83a1488046a8878058aa5) Importer(815301076,1909f56bfc062723c751e8b465ee728b)  -> (artifact id: 'd1f008a72fb7e87e81240d1336515fb2') in 0.019308 seconds 
========================================================================
Received Import Request.
  Time since last request: 0.003134 seconds.
  path: Assets/UnityProject/Sprites/Custom GUI/Popups/mat_popup10_5.8.mat
  artifactKey: Guid(540c26b0979c26e408dfb4ad0d3126bf) Importer(815301076,1909f56bfc062723c751e8b465ee728b)
Start importing Assets/UnityProject/Sprites/Custom GUI/Popups/mat_popup10_5.8.mat using Guid(540c26b0979c26e408dfb4ad0d3126bf) Importer(815301076,1909f56bfc062723c751e8b465ee728b)  -> (artifact id: '14dd2ed53f05b2c0df1579f6dada7bbd') in 0.033307 seconds 
========================================================================
Received Import Request.
  Time since last request: 0.000021 seconds.
  path: Assets/UnityProject/Sprites/Custom GUI/Popups/mat_popup10_6.8.mat
  artifactKey: Guid(166210be7d59ba6499606cb10df7c7ea) Importer(815301076,1909f56bfc062723c751e8b465ee728b)
Start importing Assets/UnityProject/Sprites/Custom GUI/Popups/mat_popup10_6.8.mat using Guid(166210be7d59ba6499606cb10df7c7ea) Importer(815301076,1909f56bfc062723c751e8b465ee728b)  -> (artifact id: '7e424919872c75aeffe0d3fc4efa920b') in 0.024441 seconds 
========================================================================
Received Import Request.
  Time since last request: 0.000022 seconds.
  path: Assets/UnityProject/Sprites/Custom GUI/Popups/mat_popup10_4.8.mat
  artifactKey: Guid(14b21068f6e0ff3449d7ee2badd7a35d) Importer(815301076,1909f56bfc062723c751e8b465ee728b)
Start importing Assets/UnityProject/Sprites/Custom GUI/Popups/mat_popup10_4.8.mat using Guid(14b21068f6e0ff3449d7ee2badd7a35d) Importer(815301076,1909f56bfc062723c751e8b465ee728b)  -> (artifact id: '4c5b8b59718808f12cf4f5edda0c6a20') in 0.021965 seconds 
Editor requested this worker to shutdown with reason: Scaling down because of idle timeout
AssetImportWorker is now disconnected from the server
Process exiting
Exiting without the bug reporter. Application will terminate with return code 0