Using pre-set license
Built from '2021.3/staging' branch; Version is '2021.3.16f1 (4016570cf34f) revision 4200023'; Using compiler version '192829333'; Build Type 'Release'
OS: 'Windows 10  (10.0.19044) 64bit Core' Language: 'en' Physical Memory: 32678 MB
BatchMode: 1, IsHumanControllingUs: 0, StartBugReporterOnCrash: 0, Is64bit: 1, IsPro: 1

COMMAND LINE ARGUMENTS:
C:\Program Files (x86)\ProjetoIntegrado_Multimedia_AndreMoreira\Unity Editors\2021.3.16f1\Editor\Unity.exe
-adb2
-batchMode
-noUpm
-name
AssetImportWorker4
-projectPath
D:/PC/Desktop/IP/Rep/MR_M
-logFile
Logs/AssetImportWorker4.log
-srvPort
55265
Successfully changed project path to: D:/PC/Desktop/IP/Rep/MR_M
D:/PC/Desktop/IP/Rep/MR_M
[UnityMemory] Configuration Parameters - Can be set up in boot.config
    "memorysetup-bucket-allocator-granularity=16"
    "memorysetup-bucket-allocator-bucket-count=8"
    "memorysetup-bucket-allocator-block-size=33554432"
    "memorysetup-bucket-allocator-block-count=8"
    "memorysetup-main-allocator-block-size=16777216"
    "memorysetup-thread-allocator-block-size=16777216"
    "memorysetup-gfx-main-allocator-block-size=16777216"
    "memorysetup-gfx-thread-allocator-block-size=16777216"
    "memorysetup-cache-allocator-block-size=4194304"
    "memorysetup-typetree-allocator-block-size=2097152"
    "memorysetup-profiler-bucket-allocator-granularity=16"
    "memorysetup-profiler-bucket-allocator-bucket-count=8"
    "memorysetup-profiler-bucket-allocator-block-size=33554432"
    "memorysetup-profiler-bucket-allocator-block-count=8"
    "memorysetup-profiler-allocator-block-size=16777216"
    "memorysetup-profiler-editor-allocator-block-size=1048576"
    "memorysetup-temp-allocator-size-main=16777216"
    "memorysetup-job-temp-allocator-block-size=2097152"
    "memorysetup-job-temp-allocator-block-size-background=1048576"
    "memorysetup-job-temp-allocator-reduction-small-platforms=262144"
    "memorysetup-temp-allocator-size-background-worker=32768"
    "memorysetup-temp-allocator-size-job-worker=262144"
    "memorysetup-temp-allocator-size-preload-manager=33554432"
    "memorysetup-temp-allocator-size-nav-mesh-worker=65536"
    "memorysetup-temp-allocator-size-audio-worker=65536"
    "memorysetup-temp-allocator-size-cloud-worker=32768"
    "memorysetup-temp-allocator-size-gi-baking-worker=262144"
    "memorysetup-temp-allocator-size-gfx=262144"
Player connection [6816] Host "[IP] 172.17.2.201 [Port] 0 [Flags] 2 [Guid] 4219063022 [EditorId] 4219063022 [Version] 1048832 [Id] WindowsEditor(7,GreenHealth) [Debug] 1 [PackageName] WindowsEditor [ProjectName] Editor" joined multi-casting on [225.0.0.222:54997]...

Player connection [6816] Host "[IP] 172.17.2.201 [Port] 0 [Flags] 2 [Guid] 4219063022 [EditorId] 4219063022 [Version] 1048832 [Id] WindowsEditor(7,GreenHealth) [Debug] 1 [PackageName] WindowsEditor [ProjectName] Editor" joined alternative multi-casting on [225.0.0.222:34997]...

Refreshing native plugins compatible for Editor in 195.93 ms, found 26 plugins.
Preloading 1 native plugins for Editor in 5.56 ms.
Initialize engine version: 2021.3.16f1 (4016570cf34f)
[Subsystems] Discovering subsystems at path C:/Program Files (x86)/ProjetoIntegrado_Multimedia_AndreMoreira/Unity Editors/2021.3.16f1/Editor/Data/Resources/UnitySubsystems
[Subsystems] Discovering subsystems at path D:/PC/Desktop/IP/Rep/MR_M/Assets
GfxDevice: creating device client; threaded=0; jobified=0
Direct3D:
    Version:  Direct3D 11.0 [level 11.1]
    Renderer: NVIDIA GeForce RTX 2070 SUPER (ID=0x1e84)
    Vendor:   NVIDIA
    VRAM:     8011 MB
    Driver:   27.21.14.6192
Initialize mono
Mono path[0] = 'C:/Program Files (x86)/ProjetoIntegrado_Multimedia_AndreMoreira/Unity Editors/2021.3.16f1/Editor/Data/Managed'
Mono path[1] = 'C:/Program Files (x86)/ProjetoIntegrado_Multimedia_AndreMoreira/Unity Editors/2021.3.16f1/Editor/Data/MonoBleedingEdge/lib/mono/unityjit-win32'
Mono config path = 'C:/Program Files (x86)/ProjetoIntegrado_Multimedia_AndreMoreira/Unity Editors/2021.3.16f1/Editor/Data/MonoBleedingEdge/etc'
Using monoOptions --debugger-agent=transport=dt_socket,embedding=1,server=y,suspend=n,address=127.0.0.1:56624
Begin MonoManager ReloadAssembly
Registering precompiled unity dll's ...
Register platform support module: C:/Program Files (x86)/ProjetoIntegrado_Multimedia_AndreMoreira/Unity Editors/2021.3.16f1/Editor/Data/PlaybackEngines/AndroidPlayer/UnityEditor.Android.Extensions.dll
Register platform support module: C:/Program Files (x86)/ProjetoIntegrado_Multimedia_AndreMoreira/Unity Editors/2021.3.16f1/Editor/Data/PlaybackEngines/WindowsStandaloneSupport/UnityEditor.WindowsStandalone.Extensions.dll
Register platform support module: C:/Program Files (x86)/ProjetoIntegrado_Multimedia_AndreMoreira/Unity Editors/2021.3.16f1/Editor/Data/PlaybackEngines/MetroSupport/UnityEditor.UWP.Extensions.dll
Registered in 0.007994 seconds.
Native extension for UWP target not found
Native extension for WindowsStandalone target not found
Native extension for Android target not found
Refreshing native plugins compatible for Editor in 116.99 ms, found 26 plugins.
Preloading 1 native plugins for Editor in 0.16 ms.
Mono: successfully reloaded assembly
- Completed reload, in  0.631 seconds
Domain Reload Profiling:
	ReloadAssembly (632ms)
		BeginReloadAssembly (63ms)
			ExecutionOrderSort (0ms)
			DisableScriptedObjects (0ms)
			BackupInstance (0ms)
			ReleaseScriptingObjects (0ms)
			CreateAndSetChildDomain (1ms)
		EndReloadAssembly (469ms)
			LoadAssemblies (61ms)
			RebuildTransferFunctionScriptingTraits (0ms)
			SetupTypeCache (94ms)
			ReleaseScriptCaches (0ms)
			RebuildScriptCaches (24ms)
			SetupLoadedEditorAssemblies (297ms)
				LogAssemblyErrors (0ms)
				InitializePlatformSupportModulesInManaged (57ms)
				SetLoadedEditorAssemblies (1ms)
				RefreshPlugins (117ms)
				BeforeProcessingInitializeOnLoad (1ms)
				ProcessInitializeOnLoadAttributes (83ms)
				ProcessInitializeOnLoadMethodAttributes (38ms)
				AfterProcessingInitializeOnLoad (0ms)
				EditorAssembliesLoaded (0ms)
			ExecutionOrderSort2 (0ms)
			AwakeInstancesAfterBackupRestoration (0ms)
Platform modules already initialized, skipping
Registering precompiled user dll's ...
Registered in 0.018451 seconds.
Begin MonoManager ReloadAssembly
Native extension for UWP target not found
Native extension for WindowsStandalone target not found
Native extension for Android target not found
Refreshing native plugins compatible for Editor in 110.09 ms, found 26 plugins.
Preloading 1 native plugins for Editor in 0.03 ms.
DisplayProgressbar: Restoring NuGet Packages
Added DLL directory D:\PC\Desktop\IP\Rep\MR_M\Assets\Packages\Microsoft.VCRTForwarders.140.1.0.7\Unity\x64 to the user search path.
UnityEngine.StackTraceUtility:ExtractStackTrace ()
UnityEngine.DebugLogHandler:LogFormat (UnityEngine.LogType,UnityEngine.Object,string,object[])
UnityEngine.Logger:Log (UnityEngine.LogType,object)
UnityEngine.Debug:Log (object)
InitVCRTForwarders:.cctor () (at Assets/Packages/Microsoft.VCRTForwarders.140.1.0.7/Unity/Editor/InitVCRTForwarders.cs:53)
System.Runtime.CompilerServices.RuntimeHelpers:RunClassConstructor (System.RuntimeTypeHandle)
UnityEditor.EditorAssemblies:ProcessInitializeOnLoadAttributes (System.Type[])

(Filename: Assets/Packages/Microsoft.VCRTForwarders.140.1.0.7/Unity/Editor/InitVCRTForwarders.cs Line: 53)

Package Manager log level set to [2]
Added DLL directory D:\PC\Desktop\IP\Rep\MR_M\Assets\Packages\Microsoft.MixedReality.QR.0.5.3037\Unity\x64 to the user search path.
UnityEngine.StackTraceUtility:ExtractStackTrace ()
UnityEngine.DebugLogHandler:LogFormat (UnityEngine.LogType,UnityEngine.Object,string,object[])
UnityEngine.Logger:Log (UnityEngine.LogType,object)
UnityEngine.Debug:Log (object)
Microsoft.MixedReality.QR.Init:.cctor () (at Assets/Packages/Microsoft.MixedReality.QR.0.5.3037/Unity/Editor/Microsoft.MixedReality.QR.Init.cs:60)
System.Runtime.CompilerServices.RuntimeHelpers:RunClassConstructor (System.RuntimeTypeHandle)
UnityEditor.EditorAssemblies:ProcessInitializeOnLoadAttributes (System.Type[])

(Filename: Assets/Packages/Microsoft.MixedReality.QR.0.5.3037/Unity/Editor/Microsoft.MixedReality.QR.Init.cs Line: 60)

[XR] [MROpenXR][Info   ][21:17:10.788818][tid:1aa0] MeshProvider_RegisterLifecycleProvider
[XR] [MROpenXR][Info   ][21:17:10.788818][tid:1aa0] MeshProvider_RegisterLifecycleProvider
[XR] [MROpenXR][Info   ][21:17:10.788878][tid:1aa0] InputProvider_RegisterLifecycleProvider
[XR] [MROpenXR][Info   ][21:17:10.788878][tid:1aa0] InputProvider_RegisterLifecycleProvider
[XR] Error loading subsystem: Display (1) (header mismatch?)
[XR] [MROpenXR][Info   ][21:17:10.790018][tid:1aa0] OnPluginStarted UnityVersion=2021.3.16f1 OpenXRPluginVersion=1.5.3 MROpenXRPluginVersion=1.8.0.0 PartA_PrivTags=33554432
[XR] [MROpenXR][Info   ][21:17:10.790018][tid:1aa0] OnPluginStarted UnityVersion=2021.3.16f1 OpenXRPluginVersion=1.5.3 MROpenXRPluginVersion=1.8.0.0 PartA_PrivTags=33554432
Mono: successfully reloaded assembly
- Completed reload, in  1.642 seconds
Domain Reload Profiling:
	ReloadAssembly (1643ms)
		BeginReloadAssembly (205ms)
			ExecutionOrderSort (0ms)
			DisableScriptedObjects (5ms)
			BackupInstance (0ms)
			ReleaseScriptingObjects (0ms)
			CreateAndSetChildDomain (122ms)
		EndReloadAssembly (1332ms)
			LoadAssemblies (87ms)
			RebuildTransferFunctionScriptingTraits (0ms)
			SetupTypeCache (278ms)
			ReleaseScriptCaches (1ms)
			RebuildScriptCaches (82ms)
			SetupLoadedEditorAssemblies (837ms)
				LogAssemblyErrors (0ms)
				InitializePlatformSupportModulesInManaged (13ms)
				SetLoadedEditorAssemblies (0ms)
				RefreshPlugins (110ms)
				BeforeProcessingInitializeOnLoad (107ms)
				ProcessInitializeOnLoadAttributes (543ms)
				ProcessInitializeOnLoadMethodAttributes (54ms)
				AfterProcessingInitializeOnLoad (8ms)
				EditorAssembliesLoaded (0ms)
			ExecutionOrderSort2 (0ms)
			AwakeInstancesAfterBackupRestoration (4ms)
Platform modules already initialized, skipping
========================================================================
Worker process is ready to serve import requests
Launched and connected shader compiler UnityShaderCompiler.exe after 0.03 seconds
Refreshing native plugins compatible for Editor in 2.19 ms, found 26 plugins.
Preloading 1 native plugins for Editor in 0.03 ms.
Unloading 7040 Unused Serialized files (Serialized files now loaded: 0)
Unloading 251 unused Assets / (196.1 KB). Loaded Objects now: 7359.
Memory consumption went from 273.5 MB to 273.3 MB.
Total: 4.142700 ms (FindLiveObjects: 0.483500 ms CreateObjectMapping: 0.491200 ms MarkObjects: 2.976300 ms  DeleteObjects: 0.191100 ms)

AssetImportParameters requested are different than current active one (requested -> active):
  custom:video-decoder-ogg-theora: a1e56fd34408186e4bbccfd4996cb3dc -> 
  custom:container-muxer-webm: aa71ff27fc2769a1b78a27578f13a17b -> 
  custom:container-demuxer-webm: 4f35f7cbe854078d1ac9338744f61a02 -> 
  custom:video-encoder-webm-vp8: eb34c28f22e8b96e1ab97ce403110664 -> 
  custom:audio-encoder-webm-vorbis: bf7c407c2cedff20999df2af8eb42d56 -> 
  custom:framework-win-MediaFoundation: 216162199b28c13a410421893ffa2e32 -> 
  custom:container-demuxer-ogg: 62fdf1f143b41e24485cea50d1cbac27 -> 
  custom:video-decoder-webm-vp8: 9c59270c3fd7afecdb556c50c9e8de78 -> 
  custom:audio-decoder-ogg-vorbis: bf7c407c2cedff20999df2af8eb42d56 -> 
========================================================================
Received Import Request.
  Time since last request: 367508.838557 seconds.
  path: Assets/UnityProject/Prefabs/GUI/Components/Buttons/ActionButton.prefab
  artifactKey: Guid(fd757292e20ac6047b22b494f353596e) Importer(815301076,1909f56bfc062723c751e8b465ee728b)
Start importing Assets/UnityProject/Prefabs/GUI/Components/Buttons/ActionButton.prefab using Guid(fd757292e20ac6047b22b494f353596e) Importer(815301076,1909f56bfc062723c751e8b465ee728b)  -> (artifact id: '4a51454b9b4c33acda2902de8a704f7a') in 0.140630 seconds 
========================================================================
Received Import Request.
  Time since last request: 1.932703 seconds.
  path: Assets/UnityProject/Materials/MR UI/Buttons/mt_btn_r_back.mat
  artifactKey: Guid(51bce08f6515867479e02e18960adbb7) Importer(815301076,1909f56bfc062723c751e8b465ee728b)
Start importing Assets/UnityProject/Materials/MR UI/Buttons/mt_btn_r_back.mat using Guid(51bce08f6515867479e02e18960adbb7) Importer(815301076,1909f56bfc062723c751e8b465ee728b)  -> (artifact id: '7579cc3ca057c0af83fc84b9241b9c71') in 0.030811 seconds 
========================================================================
Received Import Request.
  Time since last request: 70.205799 seconds.
  path: Assets/UnityProject/Sprites/Custom GUI/Buttons/btn_r_back 1.png
  artifactKey: Guid(813594dfa73fb52459b1d82a0a793746) Importer(815301076,1909f56bfc062723c751e8b465ee728b)
Start importing Assets/UnityProject/Sprites/Custom GUI/Buttons/btn_r_back 1.png using Guid(813594dfa73fb52459b1d82a0a793746) Importer(815301076,1909f56bfc062723c751e8b465ee728b)  -> (artifact id: '3e1d0953fd9cad892226de13159710df') in 0.018463 seconds 
========================================================================
Received Import Request.
  Time since last request: 19.300648 seconds.
  path: Assets/UnityProject/Sprites/Custom GUI/Buttons/btn_r_back 1.png
  artifactKey: Guid(813594dfa73fb52459b1d82a0a793746) Importer(815301076,1909f56bfc062723c751e8b465ee728b)
Start importing Assets/UnityProject/Sprites/Custom GUI/Buttons/btn_r_back 1.png using Guid(813594dfa73fb52459b1d82a0a793746) Importer(815301076,1909f56bfc062723c751e8b465ee728b)  -> (artifact id: '55634097a50e413c608a042901c611a5') in 0.023842 seconds 
========================================================================
Received Import Request.
  Time since last request: 0.000027 seconds.
  path: Assets/UnityProject/Sprites/Custom GUI/Buttons/btn_r_next 1.png
  artifactKey: Guid(a83ac30656c8ce14a90eb499b54a681d) Importer(815301076,1909f56bfc062723c751e8b465ee728b)
Start importing Assets/UnityProject/Sprites/Custom GUI/Buttons/btn_r_next 1.png using Guid(a83ac30656c8ce14a90eb499b54a681d) Importer(815301076,1909f56bfc062723c751e8b465ee728b)  -> (artifact id: 'b7fc34e0bca0a12fd03e90f578582f0f') in 0.018014 seconds 
========================================================================
Received Import Request.
  Time since last request: 48.570498 seconds.
  path: Assets/UnityProject/Sprites/Custom GUI/Buttons/btn_r_next.png
  artifactKey: Guid(a83ac30656c8ce14a90eb499b54a681d) Importer(815301076,1909f56bfc062723c751e8b465ee728b)
Start importing Assets/UnityProject/Sprites/Custom GUI/Buttons/btn_r_next.png using Guid(a83ac30656c8ce14a90eb499b54a681d) Importer(815301076,1909f56bfc062723c751e8b465ee728b)  -> (artifact id: 'e4d2fad2d88425b63c4ee4d30ddfe5f4') in 0.025274 seconds 
========================================================================
Received Import Request.
  Time since last request: 5.063764 seconds.
  path: Assets/UnityProject/Sprites/Custom GUI/Buttons/btn_r_back.png
  artifactKey: Guid(813594dfa73fb52459b1d82a0a793746) Importer(815301076,1909f56bfc062723c751e8b465ee728b)
Start importing Assets/UnityProject/Sprites/Custom GUI/Buttons/btn_r_back.png using Guid(813594dfa73fb52459b1d82a0a793746) Importer(815301076,1909f56bfc062723c751e8b465ee728b)  -> (artifact id: '915ddbb28f63f12afe6b8ebfcc7b3aa7') in 0.028187 seconds 
========================================================================
Received Prepare
Registering precompiled user dll's ...
Registered in 0.017638 seconds.
Begin MonoManager ReloadAssembly
Native extension for UWP target not found
Native extension for WindowsStandalone target not found
Native extension for Android target not found
Refreshing native plugins compatible for Editor in 2.19 ms, found 26 plugins.
Preloading 1 native plugins for Editor in 0.03 ms.
Mono: successfully reloaded assembly
- Completed reload, in  1.083 seconds
Domain Reload Profiling:
	ReloadAssembly (1083ms)
		BeginReloadAssembly (127ms)
			ExecutionOrderSort (0ms)
			DisableScriptedObjects (3ms)
			BackupInstance (0ms)
			ReleaseScriptingObjects (0ms)
			CreateAndSetChildDomain (39ms)
		EndReloadAssembly (871ms)
			LoadAssemblies (90ms)
			RebuildTransferFunctionScriptingTraits (0ms)
			SetupTypeCache (249ms)
			ReleaseScriptCaches (1ms)
			RebuildScriptCaches (41ms)
			SetupLoadedEditorAssemblies (430ms)
				LogAssemblyErrors (0ms)
				InitializePlatformSupportModulesInManaged (18ms)
				SetLoadedEditorAssemblies (0ms)
				RefreshPlugins (2ms)
				BeforeProcessingInitializeOnLoad (72ms)
				ProcessInitializeOnLoadAttributes (288ms)
				ProcessInitializeOnLoadMethodAttributes (41ms)
				AfterProcessingInitializeOnLoad (9ms)
				EditorAssembliesLoaded (0ms)
			ExecutionOrderSort2 (0ms)
			AwakeInstancesAfterBackupRestoration (6ms)
Platform modules already initialized, skipping
Refreshing native plugins compatible for Editor in 22.06 ms, found 26 plugins.
Preloading 1 native plugins for Editor in 0.02 ms.
Unloading 6971 Unused Serialized files (Serialized files now loaded: 0)
Unloading 242 unused Assets / (164.2 KB). Loaded Objects now: 7410.
Memory consumption went from 272.6 MB to 272.4 MB.
Total: 3.838900 ms (FindLiveObjects: 0.480800 ms CreateObjectMapping: 0.550600 ms MarkObjects: 2.638800 ms  DeleteObjects: 0.168100 ms)

AssetImportParameters requested are different than current active one (requested -> active):
  custom:video-decoder-ogg-theora: a1e56fd34408186e4bbccfd4996cb3dc -> 
  custom:container-muxer-webm: aa71ff27fc2769a1b78a27578f13a17b -> 
  custom:container-demuxer-webm: 4f35f7cbe854078d1ac9338744f61a02 -> 
  custom:video-encoder-webm-vp8: eb34c28f22e8b96e1ab97ce403110664 -> 
  custom:audio-encoder-webm-vorbis: bf7c407c2cedff20999df2af8eb42d56 -> 
  custom:framework-win-MediaFoundation: 216162199b28c13a410421893ffa2e32 -> 
  custom:container-demuxer-ogg: 62fdf1f143b41e24485cea50d1cbac27 -> 
  custom:video-decoder-webm-vp8: 9c59270c3fd7afecdb556c50c9e8de78 -> 
  custom:audio-decoder-ogg-vorbis: bf7c407c2cedff20999df2af8eb42d56 -> 
========================================================================
Received Import Request.
  Time since last request: 336.631088 seconds.
  path: Assets/UnityProject/Sprites/Custom GUI/Buttons/btn_r_empty.png
  artifactKey: Guid(fecb04d91da02e846a26ac800ad2465e) Importer(815301076,1909f56bfc062723c751e8b465ee728b)
Start importing Assets/UnityProject/Sprites/Custom GUI/Buttons/btn_r_empty.png using Guid(fecb04d91da02e846a26ac800ad2465e) Importer(815301076,1909f56bfc062723c751e8b465ee728b)  -> (artifact id: '489fdf2ee2f921af6a0c289519f76d51') in 0.050208 seconds 
========================================================================
Received Import Request.
  Time since last request: 11.967240 seconds.
  path: Assets/UnityProject/Sprites/Custom GUI/Buttons/btn_r_empty.png
  artifactKey: Guid(fecb04d91da02e846a26ac800ad2465e) Importer(815301076,1909f56bfc062723c751e8b465ee728b)
Start importing Assets/UnityProject/Sprites/Custom GUI/Buttons/btn_r_empty.png using Guid(fecb04d91da02e846a26ac800ad2465e) Importer(815301076,1909f56bfc062723c751e8b465ee728b)  -> (artifact id: 'd5e7cf240d292bbc480842de96a8f36f') in 0.034076 seconds 
========================================================================
Received Import Request.
  Time since last request: 102.745923 seconds.
  path: Assets/UnityProject/Sprites/Custom GUI/Buttons/btn_r_close.png
  artifactKey: Guid(50ba720273d0b11468ae86d1a8101b00) Importer(815301076,1909f56bfc062723c751e8b465ee728b)
Start importing Assets/UnityProject/Sprites/Custom GUI/Buttons/btn_r_close.png using Guid(50ba720273d0b11468ae86d1a8101b00) Importer(815301076,1909f56bfc062723c751e8b465ee728b)  -> (artifact id: 'a2efad49895484984cd4951243186e64') in 0.013764 seconds 
========================================================================
Received Import Request.
  Time since last request: 90.446057 seconds.
  path: Assets/UnityProject/Materials/MR UI/Buttons/mt_btn_r_back.mat
  artifactKey: Guid(51bce08f6515867479e02e18960adbb7) Importer(815301076,1909f56bfc062723c751e8b465ee728b)
Start importing Assets/UnityProject/Materials/MR UI/Buttons/mt_btn_r_back.mat using Guid(51bce08f6515867479e02e18960adbb7) Importer(815301076,1909f56bfc062723c751e8b465ee728b)  -> (artifact id: '0ab9baec4aab0f9b6d2d2b0f1f77f8ce') in 0.034245 seconds 
========================================================================
Received Import Request.
  Time since last request: 0.000027 seconds.
  path: Assets/UnityProject/Materials/MR UI/Buttons/mt_btn_r_next.mat
  artifactKey: Guid(29d9edda7170a934fbc59e5951adaccd) Importer(815301076,1909f56bfc062723c751e8b465ee728b)
Start importing Assets/UnityProject/Materials/MR UI/Buttons/mt_btn_r_next.mat using Guid(29d9edda7170a934fbc59e5951adaccd) Importer(815301076,1909f56bfc062723c751e8b465ee728b)  -> (artifact id: '13dd4cc55a0187834ecc9715f2c4b4ca') in 0.012188 seconds 
========================================================================
Received Import Request.
  Time since last request: 0.000017 seconds.
  path: Assets/UnityProject/Materials/MR UI/Buttons/mt_btn_r_empty.mat
  artifactKey: Guid(8993a89bfaa0bb343961241a93196e34) Importer(815301076,1909f56bfc062723c751e8b465ee728b)
Start importing Assets/UnityProject/Materials/MR UI/Buttons/mt_btn_r_empty.mat using Guid(8993a89bfaa0bb343961241a93196e34) Importer(815301076,1909f56bfc062723c751e8b465ee728b)  -> (artifact id: 'b10426e7ad074450a6244ebd3c2bb1d4') in 0.010774 seconds 
========================================================================
Received Import Request.
  Time since last request: 141.061224 seconds.
  path: Assets/UnityProject/Sprites/Custom GUI/Buttons/btn_r_close.png
  artifactKey: Guid(50ba720273d0b11468ae86d1a8101b00) Importer(815301076,1909f56bfc062723c751e8b465ee728b)
Start importing Assets/UnityProject/Sprites/Custom GUI/Buttons/btn_r_close.png using Guid(50ba720273d0b11468ae86d1a8101b00) Importer(815301076,1909f56bfc062723c751e8b465ee728b)  -> (artifact id: '300a9c87d0801bf01bb3567a169a40ea') in 0.017425 seconds 
========================================================================
Received Import Request.
  Time since last request: 81.304118 seconds.
  path: Assets/UnityProject/Sprites/Custom GUI/Buttons/btn_r_close.png
  artifactKey: Guid(50ba720273d0b11468ae86d1a8101b00) Importer(815301076,1909f56bfc062723c751e8b465ee728b)
Start importing Assets/UnityProject/Sprites/Custom GUI/Buttons/btn_r_close.png using Guid(50ba720273d0b11468ae86d1a8101b00) Importer(815301076,1909f56bfc062723c751e8b465ee728b)  -> (artifact id: '6a654f1fc0c0372102b576917525de03') in 0.019595 seconds 
========================================================================
Received Import Request.
  Time since last request: 20.262454 seconds.
  path: Assets/UnityProject/Sprites/Custom GUI/Buttons/btn_r_close.png
  artifactKey: Guid(50ba720273d0b11468ae86d1a8101b00) Importer(815301076,1909f56bfc062723c751e8b465ee728b)
Start importing Assets/UnityProject/Sprites/Custom GUI/Buttons/btn_r_close.png using Guid(50ba720273d0b11468ae86d1a8101b00) Importer(815301076,1909f56bfc062723c751e8b465ee728b)  -> (artifact id: 'eb21e0ab197f3f0c0dc68114aafa2244') in 0.016719 seconds 
========================================================================
Received Prepare
Registering precompiled user dll's ...
Registered in 0.017236 seconds.
Begin MonoManager ReloadAssembly
Native extension for UWP target not found
Native extension for WindowsStandalone target not found
Native extension for Android target not found
Refreshing native plugins compatible for Editor in 2.29 ms, found 26 plugins.
Preloading 1 native plugins for Editor in 0.04 ms.
Mono: successfully reloaded assembly
- Completed reload, in  1.158 seconds
Domain Reload Profiling:
	ReloadAssembly (1159ms)
		BeginReloadAssembly (130ms)
			ExecutionOrderSort (0ms)
			DisableScriptedObjects (3ms)
			BackupInstance (0ms)
			ReleaseScriptingObjects (0ms)
			CreateAndSetChildDomain (39ms)
		EndReloadAssembly (924ms)
			LoadAssemblies (91ms)
			RebuildTransferFunctionScriptingTraits (0ms)
			SetupTypeCache (279ms)
			ReleaseScriptCaches (1ms)
			RebuildScriptCaches (39ms)
			SetupLoadedEditorAssemblies (454ms)
				LogAssemblyErrors (0ms)
				InitializePlatformSupportModulesInManaged (19ms)
				SetLoadedEditorAssemblies (0ms)
				RefreshPlugins (2ms)
				BeforeProcessingInitializeOnLoad (73ms)
				ProcessInitializeOnLoadAttributes (310ms)
				ProcessInitializeOnLoadMethodAttributes (41ms)
				AfterProcessingInitializeOnLoad (8ms)
				EditorAssembliesLoaded (0ms)
			ExecutionOrderSort2 (0ms)
			AwakeInstancesAfterBackupRestoration (6ms)
Platform modules already initialized, skipping
Refreshing native plugins compatible for Editor in 24.73 ms, found 26 plugins.
Preloading 1 native plugins for Editor in 0.03 ms.
Unloading 6971 Unused Serialized files (Serialized files now loaded: 0)
Unloading 242 unused Assets / (179.5 KB). Loaded Objects now: 7414.
Memory consumption went from 272.6 MB to 272.4 MB.
Total: 4.559700 ms (FindLiveObjects: 0.489800 ms CreateObjectMapping: 0.542600 ms MarkObjects: 3.301300 ms  DeleteObjects: 0.225300 ms)

AssetImportParameters requested are different than current active one (requested -> active):
  custom:video-decoder-ogg-theora: a1e56fd34408186e4bbccfd4996cb3dc -> 
  custom:container-muxer-webm: aa71ff27fc2769a1b78a27578f13a17b -> 
  custom:container-demuxer-webm: 4f35f7cbe854078d1ac9338744f61a02 -> 
  custom:video-encoder-webm-vp8: eb34c28f22e8b96e1ab97ce403110664 -> 
  custom:audio-encoder-webm-vorbis: bf7c407c2cedff20999df2af8eb42d56 -> 
  custom:framework-win-MediaFoundation: 216162199b28c13a410421893ffa2e32 -> 
  custom:container-demuxer-ogg: 62fdf1f143b41e24485cea50d1cbac27 -> 
  custom:video-decoder-webm-vp8: 9c59270c3fd7afecdb556c50c9e8de78 -> 
  custom:audio-decoder-ogg-vorbis: bf7c407c2cedff20999df2af8eb42d56 -> 
========================================================================
Received Import Request.
  Time since last request: 162.688581 seconds.
  path: Assets/UnityProject/Materials/MR UI/Buttons/mt_btn_r_close.mat
  artifactKey: Guid(44f56f491a11fe14589aaa4ef9fd7969) Importer(815301076,1909f56bfc062723c751e8b465ee728b)
Start importing Assets/UnityProject/Materials/MR UI/Buttons/mt_btn_r_close.mat using Guid(44f56f491a11fe14589aaa4ef9fd7969) Importer(815301076,1909f56bfc062723c751e8b465ee728b)  -> (artifact id: 'e5f3bca4681540eb513be5929826fedd') in 0.068732 seconds 
========================================================================
Received Import Request.
  Time since last request: 0.982898 seconds.
  path: Assets/UnityProject/Prefabs/GUI/Components/Buttons/RectangleInverseLButton.prefab
  artifactKey: Guid(cf2a1ef228469ca4ea266e8381fff90a) Importer(815301076,1909f56bfc062723c751e8b465ee728b)
Start importing Assets/UnityProject/Prefabs/GUI/Components/Buttons/RectangleInverseLButton.prefab using Guid(cf2a1ef228469ca4ea266e8381fff90a) Importer(815301076,1909f56bfc062723c751e8b465ee728b)  -> (artifact id: '8ffec4e760aa397ee78d7314567fe854') in 0.030978 seconds 
========================================================================
Received Import Request.
  Time since last request: 183.938256 seconds.
  path: Assets/UnityProject/Sprites/Custom GUI/Buttons/btn_r_next.png
  artifactKey: Guid(a83ac30656c8ce14a90eb499b54a681d) Importer(815301076,1909f56bfc062723c751e8b465ee728b)
Start importing Assets/UnityProject/Sprites/Custom GUI/Buttons/btn_r_next.png using Guid(a83ac30656c8ce14a90eb499b54a681d) Importer(815301076,1909f56bfc062723c751e8b465ee728b)  -> (artifact id: '0ef331f5ebeaf128289539e8a934aafd') in 0.018520 seconds 
========================================================================
Received Import Request.
  Time since last request: 13.639434 seconds.
  path: Assets/UnityProject/Sprites/Custom GUI/Buttons/btn_r_next.png
  artifactKey: Guid(a83ac30656c8ce14a90eb499b54a681d) Importer(815301076,1909f56bfc062723c751e8b465ee728b)
Start importing Assets/UnityProject/Sprites/Custom GUI/Buttons/btn_r_next.png using Guid(a83ac30656c8ce14a90eb499b54a681d) Importer(815301076,1909f56bfc062723c751e8b465ee728b)  -> (artifact id: 'e6d862586ceb54310c0822cb7ed40864') in 0.021039 seconds 
========================================================================
Received Import Request.
  Time since last request: 3.704193 seconds.
  path: Assets/UnityProject/Materials/MR UI/Buttons/mt_btn_r_next.mat
  artifactKey: Guid(29d9edda7170a934fbc59e5951adaccd) Importer(815301076,1909f56bfc062723c751e8b465ee728b)
Start importing Assets/UnityProject/Materials/MR UI/Buttons/mt_btn_r_next.mat using Guid(29d9edda7170a934fbc59e5951adaccd) Importer(815301076,1909f56bfc062723c751e8b465ee728b)  -> (artifact id: '858d342131e2fbae1b6deee1d4571ea2') in 0.014684 seconds 
========================================================================
Received Prepare
Registering precompiled user dll's ...
Registered in 0.018190 seconds.
Begin MonoManager ReloadAssembly
Native extension for UWP target not found
Native extension for WindowsStandalone target not found
Native extension for Android target not found
Refreshing native plugins compatible for Editor in 3.99 ms, found 26 plugins.
Preloading 1 native plugins for Editor in 0.04 ms.
Mono: successfully reloaded assembly
- Completed reload, in  1.105 seconds
Domain Reload Profiling:
	ReloadAssembly (1105ms)
		BeginReloadAssembly (132ms)
			ExecutionOrderSort (0ms)
			DisableScriptedObjects (5ms)
			BackupInstance (0ms)
			ReleaseScriptingObjects (0ms)
			CreateAndSetChildDomain (39ms)
		EndReloadAssembly (885ms)
			LoadAssemblies (92ms)
			RebuildTransferFunctionScriptingTraits (0ms)
			SetupTypeCache (252ms)
			ReleaseScriptCaches (1ms)
			RebuildScriptCaches (40ms)
			SetupLoadedEditorAssemblies (441ms)
				LogAssemblyErrors (0ms)
				InitializePlatformSupportModulesInManaged (22ms)
				SetLoadedEditorAssemblies (1ms)
				RefreshPlugins (4ms)
				BeforeProcessingInitializeOnLoad (74ms)
				ProcessInitializeOnLoadAttributes (292ms)
				ProcessInitializeOnLoadMethodAttributes (40ms)
				AfterProcessingInitializeOnLoad (9ms)
				EditorAssembliesLoaded (0ms)
			ExecutionOrderSort2 (0ms)
			AwakeInstancesAfterBackupRestoration (6ms)
Platform modules already initialized, skipping
Refreshing native plugins compatible for Editor in 21.55 ms, found 26 plugins.
Preloading 1 native plugins for Editor in 0.03 ms.
Unloading 6971 Unused Serialized files (Serialized files now loaded: 0)
Unloading 242 unused Assets / (187.5 KB). Loaded Objects now: 7418.
Memory consumption went from 272.7 MB to 272.5 MB.
Total: 3.656400 ms (FindLiveObjects: 0.479800 ms CreateObjectMapping: 0.517600 ms MarkObjects: 2.498400 ms  DeleteObjects: 0.160000 ms)

AssetImportParameters requested are different than current active one (requested -> active):
  custom:video-decoder-ogg-theora: a1e56fd34408186e4bbccfd4996cb3dc -> 
  custom:container-muxer-webm: aa71ff27fc2769a1b78a27578f13a17b -> 
  custom:container-demuxer-webm: 4f35f7cbe854078d1ac9338744f61a02 -> 
  custom:video-encoder-webm-vp8: eb34c28f22e8b96e1ab97ce403110664 -> 
  custom:audio-encoder-webm-vorbis: bf7c407c2cedff20999df2af8eb42d56 -> 
  custom:framework-win-MediaFoundation: 216162199b28c13a410421893ffa2e32 -> 
  custom:container-demuxer-ogg: 62fdf1f143b41e24485cea50d1cbac27 -> 
  custom:video-decoder-webm-vp8: 9c59270c3fd7afecdb556c50c9e8de78 -> 
  custom:audio-decoder-ogg-vorbis: bf7c407c2cedff20999df2af8eb42d56 -> 
========================================================================
Received Prepare
Registering precompiled user dll's ...
Registered in 0.018030 seconds.
Begin MonoManager ReloadAssembly
Native extension for UWP target not found
Native extension for WindowsStandalone target not found
Native extension for Android target not found
Refreshing native plugins compatible for Editor in 2.31 ms, found 26 plugins.
Preloading 1 native plugins for Editor in 0.03 ms.
Mono: successfully reloaded assembly
- Completed reload, in  1.091 seconds
Domain Reload Profiling:
	ReloadAssembly (1092ms)
		BeginReloadAssembly (124ms)
			ExecutionOrderSort (0ms)
			DisableScriptedObjects (4ms)
			BackupInstance (0ms)
			ReleaseScriptingObjects (0ms)
			CreateAndSetChildDomain (35ms)
		EndReloadAssembly (882ms)
			LoadAssemblies (91ms)
			RebuildTransferFunctionScriptingTraits (0ms)
			SetupTypeCache (257ms)
			ReleaseScriptCaches (1ms)
			RebuildScriptCaches (41ms)
			SetupLoadedEditorAssemblies (430ms)
				LogAssemblyErrors (0ms)
				InitializePlatformSupportModulesInManaged (20ms)
				SetLoadedEditorAssemblies (0ms)
				RefreshPlugins (2ms)
				BeforeProcessingInitializeOnLoad (72ms)
				ProcessInitializeOnLoadAttributes (283ms)
				ProcessInitializeOnLoadMethodAttributes (44ms)
				AfterProcessingInitializeOnLoad (9ms)
				EditorAssembliesLoaded (0ms)
			ExecutionOrderSort2 (0ms)
			AwakeInstancesAfterBackupRestoration (6ms)
Platform modules already initialized, skipping
Refreshing native plugins compatible for Editor in 26.51 ms, found 26 plugins.
Preloading 1 native plugins for Editor in 0.03 ms.
Unloading 6971 Unused Serialized files (Serialized files now loaded: 0)
Unloading 242 unused Assets / (187.6 KB). Loaded Objects now: 7422.
Memory consumption went from 272.7 MB to 272.5 MB.
Total: 3.843900 ms (FindLiveObjects: 0.500300 ms CreateObjectMapping: 0.503000 ms MarkObjects: 2.625800 ms  DeleteObjects: 0.214200 ms)

AssetImportParameters requested are different than current active one (requested -> active):
  custom:video-decoder-ogg-theora: a1e56fd34408186e4bbccfd4996cb3dc -> 
  custom:container-muxer-webm: aa71ff27fc2769a1b78a27578f13a17b -> 
  custom:container-demuxer-webm: 4f35f7cbe854078d1ac9338744f61a02 -> 
  custom:video-encoder-webm-vp8: eb34c28f22e8b96e1ab97ce403110664 -> 
  custom:audio-encoder-webm-vorbis: bf7c407c2cedff20999df2af8eb42d56 -> 
  custom:framework-win-MediaFoundation: 216162199b28c13a410421893ffa2e32 -> 
  custom:container-demuxer-ogg: 62fdf1f143b41e24485cea50d1cbac27 -> 
  custom:video-decoder-webm-vp8: 9c59270c3fd7afecdb556c50c9e8de78 -> 
  custom:audio-decoder-ogg-vorbis: bf7c407c2cedff20999df2af8eb42d56 -> 
========================================================================
Received Import Request.
  Time since last request: 219.239820 seconds.
  path: Assets/UnityProject/Sprites/Custom GUI/Buttons/btn_r_back.png
  artifactKey: Guid(813594dfa73fb52459b1d82a0a793746) Importer(815301076,1909f56bfc062723c751e8b465ee728b)
Start importing Assets/UnityProject/Sprites/Custom GUI/Buttons/btn_r_back.png using Guid(813594dfa73fb52459b1d82a0a793746) Importer(815301076,1909f56bfc062723c751e8b465ee728b)  -> (artifact id: '048c1b105fb71c9dd738d3f4282245f9') in 0.042716 seconds 
========================================================================
Received Import Request.
  Time since last request: 8.085623 seconds.
  path: Assets/UnityProject/Materials/MR UI/Buttons/mt_btn_r_back.mat
  artifactKey: Guid(51bce08f6515867479e02e18960adbb7) Importer(815301076,1909f56bfc062723c751e8b465ee728b)
Start importing Assets/UnityProject/Materials/MR UI/Buttons/mt_btn_r_back.mat using Guid(51bce08f6515867479e02e18960adbb7) Importer(815301076,1909f56bfc062723c751e8b465ee728b)  -> (artifact id: 'f894838a81eeeb873ed882780b6322d8') in 0.048313 seconds 
========================================================================
Received Import Request.
  Time since last request: 59.023163 seconds.
  path: Assets/UnityProject/Sprites/Custom GUI/Buttons/btn_r_close.png
  artifactKey: Guid(50ba720273d0b11468ae86d1a8101b00) Importer(815301076,1909f56bfc062723c751e8b465ee728b)
Start importing Assets/UnityProject/Sprites/Custom GUI/Buttons/btn_r_close.png using Guid(50ba720273d0b11468ae86d1a8101b00) Importer(815301076,1909f56bfc062723c751e8b465ee728b)  -> (artifact id: 'f1f6e672571e4a2d481097b1ff72a63b') in 0.019473 seconds 
========================================================================
Received Import Request.
  Time since last request: 20.169108 seconds.
  path: Assets/UnityProject/Sprites/Custom GUI/Buttons/btn_r_close.png
  artifactKey: Guid(50ba720273d0b11468ae86d1a8101b00) Importer(815301076,1909f56bfc062723c751e8b465ee728b)
Start importing Assets/UnityProject/Sprites/Custom GUI/Buttons/btn_r_close.png using Guid(50ba720273d0b11468ae86d1a8101b00) Importer(815301076,1909f56bfc062723c751e8b465ee728b)  -> (artifact id: '307b89b31c65fa68ff26a2abd176ae3a') in 0.037943 seconds 
========================================================================
Received Import Request.
  Time since last request: 133.610469 seconds.
  path: Assets/UnityProject/Materials/MR UI/Buttons/mt_btn_r_close.mat
  artifactKey: Guid(44f56f491a11fe14589aaa4ef9fd7969) Importer(815301076,1909f56bfc062723c751e8b465ee728b)
Start importing Assets/UnityProject/Materials/MR UI/Buttons/mt_btn_r_close.mat using Guid(44f56f491a11fe14589aaa4ef9fd7969) Importer(815301076,1909f56bfc062723c751e8b465ee728b)  -> (artifact id: '53a5edf790183beb2e369c2b5aed71e0') in 0.011404 seconds 
========================================================================
Received Prepare
Registering precompiled user dll's ...
Registered in 0.017355 seconds.
Begin MonoManager ReloadAssembly
Native extension for UWP target not found
Native extension for WindowsStandalone target not found
Native extension for Android target not found
Refreshing native plugins compatible for Editor in 2.30 ms, found 26 plugins.
Preloading 1 native plugins for Editor in 0.04 ms.
Mono: successfully reloaded assembly
- Completed reload, in  1.116 seconds
Domain Reload Profiling:
	ReloadAssembly (1116ms)
		BeginReloadAssembly (127ms)
			ExecutionOrderSort (0ms)
			DisableScriptedObjects (3ms)
			BackupInstance (0ms)
			ReleaseScriptingObjects (0ms)
			CreateAndSetChildDomain (38ms)
		EndReloadAssembly (897ms)
			LoadAssemblies (93ms)
			RebuildTransferFunctionScriptingTraits (0ms)
			SetupTypeCache (258ms)
			ReleaseScriptCaches (1ms)
			RebuildScriptCaches (40ms)
			SetupLoadedEditorAssemblies (446ms)
				LogAssemblyErrors (0ms)
				InitializePlatformSupportModulesInManaged (20ms)
				SetLoadedEditorAssemblies (0ms)
				RefreshPlugins (2ms)
				BeforeProcessingInitializeOnLoad (72ms)
				ProcessInitializeOnLoadAttributes (299ms)
				ProcessInitializeOnLoadMethodAttributes (43ms)
				AfterProcessingInitializeOnLoad (9ms)
				EditorAssembliesLoaded (0ms)
			ExecutionOrderSort2 (0ms)
			AwakeInstancesAfterBackupRestoration (6ms)
Platform modules already initialized, skipping
Refreshing native plugins compatible for Editor in 22.74 ms, found 26 plugins.
Preloading 1 native plugins for Editor in 0.03 ms.
Unloading 6971 Unused Serialized files (Serialized files now loaded: 0)
Unloading 242 unused Assets / (171.9 KB). Loaded Objects now: 7426.
Memory consumption went from 272.7 MB to 272.5 MB.
Total: 4.138700 ms (FindLiveObjects: 0.481500 ms CreateObjectMapping: 0.514300 ms MarkObjects: 2.964500 ms  DeleteObjects: 0.177700 ms)

AssetImportParameters requested are different than current active one (requested -> active):
  custom:video-decoder-ogg-theora: a1e56fd34408186e4bbccfd4996cb3dc -> 
  custom:container-muxer-webm: aa71ff27fc2769a1b78a27578f13a17b -> 
  custom:container-demuxer-webm: 4f35f7cbe854078d1ac9338744f61a02 -> 
  custom:video-encoder-webm-vp8: eb34c28f22e8b96e1ab97ce403110664 -> 
  custom:audio-encoder-webm-vorbis: bf7c407c2cedff20999df2af8eb42d56 -> 
  custom:framework-win-MediaFoundation: 216162199b28c13a410421893ffa2e32 -> 
  custom:container-demuxer-ogg: 62fdf1f143b41e24485cea50d1cbac27 -> 
  custom:video-decoder-webm-vp8: 9c59270c3fd7afecdb556c50c9e8de78 -> 
  custom:audio-decoder-ogg-vorbis: bf7c407c2cedff20999df2af8eb42d56 -> 
========================================================================
Received Import Request.
  Time since last request: 429.668196 seconds.
  path: Assets/UnityProject/Sprites/Custom GUI/Buttons/btn_c_filterOff.png
  artifactKey: Guid(7d489f6cc36b76241ba31d58156bf388) Importer(815301076,1909f56bfc062723c751e8b465ee728b)
Start importing Assets/UnityProject/Sprites/Custom GUI/Buttons/btn_c_filterOff.png using Guid(7d489f6cc36b76241ba31d58156bf388) Importer(815301076,1909f56bfc062723c751e8b465ee728b)  -> (artifact id: '547fd63e071395dcee78412123a71406') in 0.047330 seconds 
========================================================================
Received Prepare
Registering precompiled user dll's ...
Registered in 0.017157 seconds.
Begin MonoManager ReloadAssembly
Native extension for UWP target not found
Native extension for WindowsStandalone target not found
Native extension for Android target not found
Refreshing native plugins compatible for Editor in 2.58 ms, found 26 plugins.
Preloading 1 native plugins for Editor in 0.04 ms.
Mono: successfully reloaded assembly
- Completed reload, in  1.096 seconds
Domain Reload Profiling:
	ReloadAssembly (1096ms)
		BeginReloadAssembly (127ms)
			ExecutionOrderSort (0ms)
			DisableScriptedObjects (4ms)
			BackupInstance (0ms)
			ReleaseScriptingObjects (0ms)
			CreateAndSetChildDomain (37ms)
		EndReloadAssembly (884ms)
			LoadAssemblies (92ms)
			RebuildTransferFunctionScriptingTraits (0ms)
			SetupTypeCache (242ms)
			ReleaseScriptCaches (1ms)
			RebuildScriptCaches (42ms)
			SetupLoadedEditorAssemblies (445ms)
				LogAssemblyErrors (0ms)
				InitializePlatformSupportModulesInManaged (19ms)
				SetLoadedEditorAssemblies (0ms)
				RefreshPlugins (3ms)
				BeforeProcessingInitializeOnLoad (74ms)
				ProcessInitializeOnLoadAttributes (292ms)
				ProcessInitializeOnLoadMethodAttributes (46ms)
				AfterProcessingInitializeOnLoad (10ms)
				EditorAssembliesLoaded (0ms)
			ExecutionOrderSort2 (0ms)
			AwakeInstancesAfterBackupRestoration (6ms)
Platform modules already initialized, skipping
Refreshing native plugins compatible for Editor in 22.74 ms, found 26 plugins.
Preloading 1 native plugins for Editor in 0.03 ms.
Unloading 6971 Unused Serialized files (Serialized files now loaded: 0)
Unloading 242 unused Assets / (187.8 KB). Loaded Objects now: 7430.
Memory consumption went from 272.7 MB to 272.5 MB.
Total: 3.851800 ms (FindLiveObjects: 0.563700 ms CreateObjectMapping: 0.607900 ms MarkObjects: 2.469700 ms  DeleteObjects: 0.209600 ms)

AssetImportParameters requested are different than current active one (requested -> active):
  custom:video-decoder-ogg-theora: a1e56fd34408186e4bbccfd4996cb3dc -> 
  custom:container-muxer-webm: aa71ff27fc2769a1b78a27578f13a17b -> 
  custom:container-demuxer-webm: 4f35f7cbe854078d1ac9338744f61a02 -> 
  custom:video-encoder-webm-vp8: eb34c28f22e8b96e1ab97ce403110664 -> 
  custom:audio-encoder-webm-vorbis: bf7c407c2cedff20999df2af8eb42d56 -> 
  custom:framework-win-MediaFoundation: 216162199b28c13a410421893ffa2e32 -> 
  custom:container-demuxer-ogg: 62fdf1f143b41e24485cea50d1cbac27 -> 
  custom:video-decoder-webm-vp8: 9c59270c3fd7afecdb556c50c9e8de78 -> 
  custom:audio-decoder-ogg-vorbis: bf7c407c2cedff20999df2af8eb42d56 -> 
========================================================================
Received Import Request.
  Time since last request: 69.085968 seconds.
  path: Assets/UnityProject/Sprites/Custom GUI/Buttons/btn_c_filterOff.png
  artifactKey: Guid(7d489f6cc36b76241ba31d58156bf388) Importer(815301076,1909f56bfc062723c751e8b465ee728b)
Start importing Assets/UnityProject/Sprites/Custom GUI/Buttons/btn_c_filterOff.png using Guid(7d489f6cc36b76241ba31d58156bf388) Importer(815301076,1909f56bfc062723c751e8b465ee728b)  -> (artifact id: 'f750e62c859349e138a14cce3c4eb266') in 0.068209 seconds 
========================================================================
Received Import Request.
  Time since last request: 4.792194 seconds.
  path: Assets/UnityProject/Materials/MR UI/Buttons/mt_btn_c_filterOff.mat
  artifactKey: Guid(18986ad75033cd148a58269e8d3a5177) Importer(815301076,1909f56bfc062723c751e8b465ee728b)
Start importing Assets/UnityProject/Materials/MR UI/Buttons/mt_btn_c_filterOff.mat using Guid(18986ad75033cd148a58269e8d3a5177) Importer(815301076,1909f56bfc062723c751e8b465ee728b)  -> (artifact id: 'f1c47a6ae92c42fba26b3d0fa8bcaf48') in 0.034513 seconds 
========================================================================
Received Import Request.
  Time since last request: 32.006484 seconds.
  path: Assets/UnityProject/Materials/MR UI/Buttons/mt_btn_r_back.mat
  artifactKey: Guid(51bce08f6515867479e02e18960adbb7) Importer(815301076,1909f56bfc062723c751e8b465ee728b)
Start importing Assets/UnityProject/Materials/MR UI/Buttons/mt_btn_r_back.mat using Guid(51bce08f6515867479e02e18960adbb7) Importer(815301076,1909f56bfc062723c751e8b465ee728b)  -> (artifact id: 'a46aa234967cccf705e902b9f659cfb2') in 0.020007 seconds 
========================================================================
Received Import Request.
  Time since last request: 7.185356 seconds.
  path: Assets/UnityProject/Materials/MR UI/Buttons/mt_btn_r_close.mat
  artifactKey: Guid(44f56f491a11fe14589aaa4ef9fd7969) Importer(815301076,1909f56bfc062723c751e8b465ee728b)
Start importing Assets/UnityProject/Materials/MR UI/Buttons/mt_btn_r_close.mat using Guid(44f56f491a11fe14589aaa4ef9fd7969) Importer(815301076,1909f56bfc062723c751e8b465ee728b)  -> (artifact id: '7fdcab7dbfb5a5e199911143613eeb1f') in 0.010272 seconds 
========================================================================
Received Import Request.
  Time since last request: 0.000020 seconds.
  path: Assets/UnityProject/Materials/MR UI/Buttons/mt_btn_r_next.mat
  artifactKey: Guid(29d9edda7170a934fbc59e5951adaccd) Importer(815301076,1909f56bfc062723c751e8b465ee728b)
Start importing Assets/UnityProject/Materials/MR UI/Buttons/mt_btn_r_next.mat using Guid(29d9edda7170a934fbc59e5951adaccd) Importer(815301076,1909f56bfc062723c751e8b465ee728b)  -> (artifact id: 'f4331d3d0886ba46e60f9de54b77aa50') in 0.019528 seconds 
========================================================================
Received Prepare
Registering precompiled user dll's ...
Registered in 0.018165 seconds.
Begin MonoManager ReloadAssembly
Native extension for UWP target not found
Native extension for WindowsStandalone target not found
Native extension for Android target not found
Refreshing native plugins compatible for Editor in 2.32 ms, found 26 plugins.
Preloading 1 native plugins for Editor in 0.04 ms.
Mono: successfully reloaded assembly
- Completed reload, in  1.074 seconds
Domain Reload Profiling:
	ReloadAssembly (1074ms)
		BeginReloadAssembly (126ms)
			ExecutionOrderSort (0ms)
			DisableScriptedObjects (3ms)
			BackupInstance (0ms)
			ReleaseScriptingObjects (0ms)
			CreateAndSetChildDomain (36ms)
		EndReloadAssembly (863ms)
			LoadAssemblies (91ms)
			RebuildTransferFunctionScriptingTraits (0ms)
			SetupTypeCache (244ms)
			ReleaseScriptCaches (1ms)
			RebuildScriptCaches (40ms)
			SetupLoadedEditorAssemblies (430ms)
				LogAssemblyErrors (0ms)
				InitializePlatformSupportModulesInManaged (19ms)
				SetLoadedEditorAssemblies (0ms)
				RefreshPlugins (2ms)
				BeforeProcessingInitializeOnLoad (72ms)
				ProcessInitializeOnLoadAttributes (286ms)
				ProcessInitializeOnLoadMethodAttributes (42ms)
				AfterProcessingInitializeOnLoad (9ms)
				EditorAssembliesLoaded (0ms)
			ExecutionOrderSort2 (0ms)
			AwakeInstancesAfterBackupRestoration (6ms)
Platform modules already initialized, skipping
Refreshing native plugins compatible for Editor in 22.12 ms, found 26 plugins.
Preloading 1 native plugins for Editor in 0.03 ms.
Unloading 6971 Unused Serialized files (Serialized files now loaded: 0)
Unloading 242 unused Assets / (187.4 KB). Loaded Objects now: 7436.
Memory consumption went from 272.7 MB to 272.5 MB.
Total: 3.913000 ms (FindLiveObjects: 0.515200 ms CreateObjectMapping: 0.726600 ms MarkObjects: 2.485500 ms  DeleteObjects: 0.184900 ms)

AssetImportParameters requested are different than current active one (requested -> active):
  custom:video-decoder-ogg-theora: a1e56fd34408186e4bbccfd4996cb3dc -> 
  custom:container-muxer-webm: aa71ff27fc2769a1b78a27578f13a17b -> 
  custom:container-demuxer-webm: 4f35f7cbe854078d1ac9338744f61a02 -> 
  custom:video-encoder-webm-vp8: eb34c28f22e8b96e1ab97ce403110664 -> 
  custom:audio-encoder-webm-vorbis: bf7c407c2cedff20999df2af8eb42d56 -> 
  custom:framework-win-MediaFoundation: 216162199b28c13a410421893ffa2e32 -> 
  custom:container-demuxer-ogg: 62fdf1f143b41e24485cea50d1cbac27 -> 
  custom:video-decoder-webm-vp8: 9c59270c3fd7afecdb556c50c9e8de78 -> 
  custom:audio-decoder-ogg-vorbis: bf7c407c2cedff20999df2af8eb42d56 -> 
========================================================================
Received Import Request.
  Time since last request: 226.682878 seconds.
  path: Assets/UnityProject/Materials/MR UI/Buttons/btn_c_qrCode.mat
  artifactKey: Guid(3eb0815fa064c0547aa20d2141f8592a) Importer(815301076,1909f56bfc062723c751e8b465ee728b)
Start importing Assets/UnityProject/Materials/MR UI/Buttons/btn_c_qrCode.mat using Guid(3eb0815fa064c0547aa20d2141f8592a) Importer(815301076,1909f56bfc062723c751e8b465ee728b)  -> (artifact id: 'fd07f0ee21e3603ef43af9165c726d34') in 0.076425 seconds 
========================================================================
Received Import Request.
  Time since last request: 0.000022 seconds.
  path: Assets/UnityProject/Materials/MR UI/Buttons/mt_btn_c_shutdown.mat
  artifactKey: Guid(6a995381f4f38e84db0b8798370c7f78) Importer(815301076,1909f56bfc062723c751e8b465ee728b)
Start importing Assets/UnityProject/Materials/MR UI/Buttons/mt_btn_c_shutdown.mat using Guid(6a995381f4f38e84db0b8798370c7f78) Importer(815301076,1909f56bfc062723c751e8b465ee728b)  -> (artifact id: '67f2f28f81b07de70708402afce373de') in 0.011138 seconds 
========================================================================
Received Import Request.
  Time since last request: 0.000022 seconds.
  path: Assets/UnityProject/Materials/MR UI/Buttons/mt_btn_c_list.mat
  artifactKey: Guid(d0f7c576c37f7bb468cb595d532fa5a9) Importer(815301076,1909f56bfc062723c751e8b465ee728b)
Start importing Assets/UnityProject/Materials/MR UI/Buttons/mt_btn_c_list.mat using Guid(d0f7c576c37f7bb468cb595d532fa5a9) Importer(815301076,1909f56bfc062723c751e8b465ee728b)  -> (artifact id: '54596a9b3fbed5520721d173b9267100') in 0.010991 seconds 
========================================================================
Received Import Request.
  Time since last request: 0.000027 seconds.
  path: Assets/UnityProject/Materials/MR UI/Buttons/mt_btn_normal.mat
  artifactKey: Guid(8ec205f602699c44298362a3870b1dd4) Importer(815301076,1909f56bfc062723c751e8b465ee728b)
Start importing Assets/UnityProject/Materials/MR UI/Buttons/mt_btn_normal.mat using Guid(8ec205f602699c44298362a3870b1dd4) Importer(815301076,1909f56bfc062723c751e8b465ee728b)  -> (artifact id: '75ba5cc0e03624de34d5d051e68c7f8b') in 0.010483 seconds 
========================================================================
Received Import Request.
  Time since last request: 0.000032 seconds.
  path: Assets/UnityProject/Materials/MR UI/Buttons/mt_btn_r_empty.mat
  artifactKey: Guid(8993a89bfaa0bb343961241a93196e34) Importer(815301076,1909f56bfc062723c751e8b465ee728b)
Start importing Assets/UnityProject/Materials/MR UI/Buttons/mt_btn_r_empty.mat using Guid(8993a89bfaa0bb343961241a93196e34) Importer(815301076,1909f56bfc062723c751e8b465ee728b)  -> (artifact id: 'c4758aef1fac9b609aae4eb468552940') in 0.012433 seconds 
========================================================================
Received Import Request.
  Time since last request: 0.000023 seconds.
  path: Assets/UnityProject/Materials/MR UI/Buttons/mt_btn_c_exception.mat
  artifactKey: Guid(d52b2df4e8e096b48a7db1d170375989) Importer(815301076,1909f56bfc062723c751e8b465ee728b)
Start importing Assets/UnityProject/Materials/MR UI/Buttons/mt_btn_c_exception.mat using Guid(d52b2df4e8e096b48a7db1d170375989) Importer(815301076,1909f56bfc062723c751e8b465ee728b)  -> (artifact id: 'ef7082e9c6b38dcc6f039bb165cbf0be') in 0.013274 seconds 
========================================================================
Received Import Request.
  Time since last request: 0.000023 seconds.
  path: Assets/UnityProject/Materials/MR UI/Buttons/mt_btn_c_info.mat
  artifactKey: Guid(6730bb17d85d88241a81313b51a8e0bd) Importer(815301076,1909f56bfc062723c751e8b465ee728b)
Start importing Assets/UnityProject/Materials/MR UI/Buttons/mt_btn_c_info.mat using Guid(6730bb17d85d88241a81313b51a8e0bd) Importer(815301076,1909f56bfc062723c751e8b465ee728b)  -> (artifact id: '3889c96059ca7ecb7ffabeb20ab3c0ba') in 0.010334 seconds 
========================================================================
Received Import Request.
  Time since last request: 0.000033 seconds.
  path: Assets/UnityProject/Materials/MR UI/Buttons/mt_btn_r_back.mat
  artifactKey: Guid(51bce08f6515867479e02e18960adbb7) Importer(815301076,1909f56bfc062723c751e8b465ee728b)
Start importing Assets/UnityProject/Materials/MR UI/Buttons/mt_btn_r_back.mat using Guid(51bce08f6515867479e02e18960adbb7) Importer(815301076,1909f56bfc062723c751e8b465ee728b)  -> (artifact id: '7c8de8ecc74191a26517548fadce6ee2') in 0.009458 seconds 
========================================================================
Received Import Request.
  Time since last request: 0.000024 seconds.
  path: Assets/UnityProject/Materials/MR UI/Buttons/mt_btn_c_logout.mat
  artifactKey: Guid(18d013f1ab3dc6d47adb08007f783458) Importer(815301076,1909f56bfc062723c751e8b465ee728b)
Start importing Assets/UnityProject/Materials/MR UI/Buttons/mt_btn_c_logout.mat using Guid(18d013f1ab3dc6d47adb08007f783458) Importer(815301076,1909f56bfc062723c751e8b465ee728b)  -> (artifact id: 'ba0ce2fec40a2dfef95f3186d67b6038') in 0.009873 seconds 
========================================================================
Received Import Request.
  Time since last request: 0.000023 seconds.
  path: Assets/UnityProject/Materials/MR UI/Buttons/mt_btn_c_profile.mat
  artifactKey: Guid(ff666563b8337f14f8e5d8cb19fbe734) Importer(815301076,1909f56bfc062723c751e8b465ee728b)
Start importing Assets/UnityProject/Materials/MR UI/Buttons/mt_btn_c_profile.mat using Guid(ff666563b8337f14f8e5d8cb19fbe734) Importer(815301076,1909f56bfc062723c751e8b465ee728b)  -> (artifact id: 'f181f20672cf9bd9c0505048e730ae75') in 0.011554 seconds 
========================================================================
Received Import Request.
  Time since last request: 0.000023 seconds.
  path: Assets/UnityProject/Materials/MR UI/Buttons/mt_btn_c_help.mat
  artifactKey: Guid(e244dab49db02db47b95e0f6a54f05c4) Importer(815301076,1909f56bfc062723c751e8b465ee728b)
Start importing Assets/UnityProject/Materials/MR UI/Buttons/mt_btn_c_help.mat using Guid(e244dab49db02db47b95e0f6a54f05c4) Importer(815301076,1909f56bfc062723c751e8b465ee728b)  -> (artifact id: 'effa1d6b95d5942224e4c981dc4a3a95') in 0.010359 seconds 
========================================================================
Received Import Request.
  Time since last request: 0.000025 seconds.
  path: Assets/UnityProject/Materials/MR UI/Buttons/mt_btn_c_home.mat
  artifactKey: Guid(ceef709c2db13a743891e5538eaccb0b) Importer(815301076,1909f56bfc062723c751e8b465ee728b)
Start importing Assets/UnityProject/Materials/MR UI/Buttons/mt_btn_c_home.mat using Guid(ceef709c2db13a743891e5538eaccb0b) Importer(815301076,1909f56bfc062723c751e8b465ee728b)  -> (artifact id: '7706d99a1593976e086ffce8b610b08f') in 0.010642 seconds 
========================================================================
Received Import Request.
  Time since last request: 0.000024 seconds.
  path: Assets/UnityProject/Materials/MR UI/Buttons/mt_btn_r_close.mat
  artifactKey: Guid(44f56f491a11fe14589aaa4ef9fd7969) Importer(815301076,1909f56bfc062723c751e8b465ee728b)
Start importing Assets/UnityProject/Materials/MR UI/Buttons/mt_btn_r_close.mat using Guid(44f56f491a11fe14589aaa4ef9fd7969) Importer(815301076,1909f56bfc062723c751e8b465ee728b)  -> (artifact id: 'e458577728d23fd9afccd3775c54a535') in 0.009983 seconds 
========================================================================
Received Import Request.
  Time since last request: 0.000041 seconds.
  path: Assets/UnityProject/Materials/MR UI/Buttons/mt_btn_c_back.mat
  artifactKey: Guid(f942c3ccee5e62c4faf03236279db38e) Importer(815301076,1909f56bfc062723c751e8b465ee728b)
Start importing Assets/UnityProject/Materials/MR UI/Buttons/mt_btn_c_back.mat using Guid(f942c3ccee5e62c4faf03236279db38e) Importer(815301076,1909f56bfc062723c751e8b465ee728b)  -> (artifact id: '1706ed7c2cc6c471f2d9867c1b3a7521') in 0.010740 seconds 
========================================================================
Received Import Request.
  Time since last request: 0.000028 seconds.
  path: Assets/UnityProject/Materials/MR UI/Buttons/mt_btn_c_warning.mat
  artifactKey: Guid(f1aaba0d6e0c6e04c9eff7cf5001a397) Importer(815301076,1909f56bfc062723c751e8b465ee728b)
Start importing Assets/UnityProject/Materials/MR UI/Buttons/mt_btn_c_warning.mat using Guid(f1aaba0d6e0c6e04c9eff7cf5001a397) Importer(815301076,1909f56bfc062723c751e8b465ee728b)  -> (artifact id: 'c8106fe95130371ca7e93ded3bf0554b') in 0.010601 seconds 
========================================================================
Received Prepare
Registering precompiled user dll's ...
Registered in 0.017351 seconds.
Begin MonoManager ReloadAssembly
Native extension for UWP target not found
Native extension for WindowsStandalone target not found
Native extension for Android target not found
Refreshing native plugins compatible for Editor in 2.29 ms, found 26 plugins.
Preloading 1 native plugins for Editor in 0.03 ms.
Mono: successfully reloaded assembly
- Completed reload, in  1.127 seconds
Domain Reload Profiling:
	ReloadAssembly (1128ms)
		BeginReloadAssembly (134ms)
			ExecutionOrderSort (0ms)
			DisableScriptedObjects (4ms)
			BackupInstance (0ms)
			ReleaseScriptingObjects (0ms)
			CreateAndSetChildDomain (41ms)
		EndReloadAssembly (901ms)
			LoadAssemblies (96ms)
			RebuildTransferFunctionScriptingTraits (0ms)
			SetupTypeCache (257ms)
			ReleaseScriptCaches (1ms)
			RebuildScriptCaches (42ms)
			SetupLoadedEditorAssemblies (437ms)
				LogAssemblyErrors (0ms)
				InitializePlatformSupportModulesInManaged (20ms)
				SetLoadedEditorAssemblies (0ms)
				RefreshPlugins (2ms)
				BeforeProcessingInitializeOnLoad (75ms)
				ProcessInitializeOnLoadAttributes (287ms)
				ProcessInitializeOnLoadMethodAttributes (43ms)
				AfterProcessingInitializeOnLoad (9ms)
				EditorAssembliesLoaded (0ms)
			ExecutionOrderSort2 (0ms)
			AwakeInstancesAfterBackupRestoration (6ms)
Platform modules already initialized, skipping
Refreshing native plugins compatible for Editor in 30.59 ms, found 26 plugins.
Preloading 1 native plugins for Editor in 0.04 ms.
Unloading 6971 Unused Serialized files (Serialized files now loaded: 0)
Unloading 242 unused Assets / (171.9 KB). Loaded Objects now: 7440.
Memory consumption went from 272.8 MB to 272.6 MB.
Total: 3.887900 ms (FindLiveObjects: 0.587700 ms CreateObjectMapping: 0.582200 ms MarkObjects: 2.527800 ms  DeleteObjects: 0.189500 ms)

AssetImportParameters requested are different than current active one (requested -> active):
  custom:video-decoder-ogg-theora: a1e56fd34408186e4bbccfd4996cb3dc -> 
  custom:container-muxer-webm: aa71ff27fc2769a1b78a27578f13a17b -> 
  custom:container-demuxer-webm: 4f35f7cbe854078d1ac9338744f61a02 -> 
  custom:video-encoder-webm-vp8: eb34c28f22e8b96e1ab97ce403110664 -> 
  custom:audio-encoder-webm-vorbis: bf7c407c2cedff20999df2af8eb42d56 -> 
  custom:framework-win-MediaFoundation: 216162199b28c13a410421893ffa2e32 -> 
  custom:container-demuxer-ogg: 62fdf1f143b41e24485cea50d1cbac27 -> 
  custom:video-decoder-webm-vp8: 9c59270c3fd7afecdb556c50c9e8de78 -> 
  custom:audio-decoder-ogg-vorbis: bf7c407c2cedff20999df2af8eb42d56 -> 
Editor requested this worker to shutdown with reason: Scaling down because of idle timeout
AssetImportWorkerClient::OnTransportError - code=2 error=End of file
AssetImportWorker is now disconnected from the server
Process exiting
Exiting without the bug reporter. Application will terminate with return code 0