Using pre-set license
Built from '2021.3/staging' branch; Version is '2021.3.16f1 (4016570cf34f) revision 4200023'; Using compiler version '192829333'; Build Type 'Release'
OS: 'Windows 10  (10.0.19044) 64bit Core' Language: 'en' Physical Memory: 32678 MB
BatchMode: 1, IsHumanControllingUs: 0, StartBugReporterOnCrash: 0, Is64bit: 1, IsPro: 1

COMMAND LINE ARGUMENTS:
C:\Program Files (x86)\ProjetoIntegrado_Multimedia_AndreMoreira\Unity Editors\2021.3.16f1\Editor\Unity.exe
-adb2
-batchMode
-noUpm
-name
AssetImportWorker20
-projectPath
D:/PC/Desktop/IP/Rep/MR_M
-logFile
Logs/AssetImportWorker20.log
-srvPort
55265
Successfully changed project path to: D:/PC/Desktop/IP/Rep/MR_M
D:/PC/Desktop/IP/Rep/MR_M
[UnityMemory] Configuration Parameters - Can be set up in boot.config
    "memorysetup-bucket-allocator-granularity=16"
    "memorysetup-bucket-allocator-bucket-count=8"
    "memorysetup-bucket-allocator-block-size=33554432"
    "memorysetup-bucket-allocator-block-count=8"
    "memorysetup-main-allocator-block-size=16777216"
    "memorysetup-thread-allocator-block-size=16777216"
    "memorysetup-gfx-main-allocator-block-size=16777216"
    "memorysetup-gfx-thread-allocator-block-size=16777216"
    "memorysetup-cache-allocator-block-size=4194304"
    "memorysetup-typetree-allocator-block-size=2097152"
    "memorysetup-profiler-bucket-allocator-granularity=16"
    "memorysetup-profiler-bucket-allocator-bucket-count=8"
    "memorysetup-profiler-bucket-allocator-block-size=33554432"
    "memorysetup-profiler-bucket-allocator-block-count=8"
    "memorysetup-profiler-allocator-block-size=16777216"
    "memorysetup-profiler-editor-allocator-block-size=1048576"
    "memorysetup-temp-allocator-size-main=16777216"
    "memorysetup-job-temp-allocator-block-size=2097152"
    "memorysetup-job-temp-allocator-block-size-background=1048576"
    "memorysetup-job-temp-allocator-reduction-small-platforms=262144"
    "memorysetup-temp-allocator-size-background-worker=32768"
    "memorysetup-temp-allocator-size-job-worker=262144"
    "memorysetup-temp-allocator-size-preload-manager=33554432"
    "memorysetup-temp-allocator-size-nav-mesh-worker=65536"
    "memorysetup-temp-allocator-size-audio-worker=65536"
    "memorysetup-temp-allocator-size-cloud-worker=32768"
    "memorysetup-temp-allocator-size-gi-baking-worker=262144"
    "memorysetup-temp-allocator-size-gfx=262144"
Player connection [33376] Host "[IP] 172.17.2.201 [Port] 0 [Flags] 2 [Guid] 1868785776 [EditorId] 1868785776 [Version] 1048832 [Id] WindowsEditor(7,GreenHealth) [Debug] 1 [PackageName] WindowsEditor [ProjectName] Editor" joined multi-casting on [225.0.0.222:54997]...

Player connection [33376] Host "[IP] 172.17.2.201 [Port] 0 [Flags] 2 [Guid] 1868785776 [EditorId] 1868785776 [Version] 1048832 [Id] WindowsEditor(7,GreenHealth) [Debug] 1 [PackageName] WindowsEditor [ProjectName] Editor" joined alternative multi-casting on [225.0.0.222:34997]...

Refreshing native plugins compatible for Editor in 158.35 ms, found 26 plugins.
Preloading 1 native plugins for Editor in 4.23 ms.
Initialize engine version: 2021.3.16f1 (4016570cf34f)
[Subsystems] Discovering subsystems at path C:/Program Files (x86)/ProjetoIntegrado_Multimedia_AndreMoreira/Unity Editors/2021.3.16f1/Editor/Data/Resources/UnitySubsystems
[Subsystems] Discovering subsystems at path D:/PC/Desktop/IP/Rep/MR_M/Assets
GfxDevice: creating device client; threaded=0; jobified=0
Direct3D:
    Version:  Direct3D 11.0 [level 11.1]
    Renderer: NVIDIA GeForce RTX 2070 SUPER (ID=0x1e84)
    Vendor:   NVIDIA
    VRAM:     8011 MB
    Driver:   27.21.14.6192
Initialize mono
Mono path[0] = 'C:/Program Files (x86)/ProjetoIntegrado_Multimedia_AndreMoreira/Unity Editors/2021.3.16f1/Editor/Data/Managed'
Mono path[1] = 'C:/Program Files (x86)/ProjetoIntegrado_Multimedia_AndreMoreira/Unity Editors/2021.3.16f1/Editor/Data/MonoBleedingEdge/lib/mono/unityjit-win32'
Mono config path = 'C:/Program Files (x86)/ProjetoIntegrado_Multimedia_AndreMoreira/Unity Editors/2021.3.16f1/Editor/Data/MonoBleedingEdge/etc'
Using monoOptions --debugger-agent=transport=dt_socket,embedding=1,server=y,suspend=n,address=127.0.0.1:56644
Begin MonoManager ReloadAssembly
Registering precompiled unity dll's ...
Register platform support module: C:/Program Files (x86)/ProjetoIntegrado_Multimedia_AndreMoreira/Unity Editors/2021.3.16f1/Editor/Data/PlaybackEngines/AndroidPlayer/UnityEditor.Android.Extensions.dll
Register platform support module: C:/Program Files (x86)/ProjetoIntegrado_Multimedia_AndreMoreira/Unity Editors/2021.3.16f1/Editor/Data/PlaybackEngines/WindowsStandaloneSupport/UnityEditor.WindowsStandalone.Extensions.dll
Register platform support module: C:/Program Files (x86)/ProjetoIntegrado_Multimedia_AndreMoreira/Unity Editors/2021.3.16f1/Editor/Data/PlaybackEngines/MetroSupport/UnityEditor.UWP.Extensions.dll
Registered in 0.008365 seconds.
Native extension for UWP target not found
Native extension for WindowsStandalone target not found
Native extension for Android target not found
Refreshing native plugins compatible for Editor in 113.82 ms, found 26 plugins.
Preloading 1 native plugins for Editor in 0.16 ms.
Mono: successfully reloaded assembly
- Completed reload, in  0.655 seconds
Domain Reload Profiling:
	ReloadAssembly (656ms)
		BeginReloadAssembly (67ms)
			ExecutionOrderSort (0ms)
			DisableScriptedObjects (0ms)
			BackupInstance (0ms)
			ReleaseScriptingObjects (0ms)
			CreateAndSetChildDomain (1ms)
		EndReloadAssembly (483ms)
			LoadAssemblies (66ms)
			RebuildTransferFunctionScriptingTraits (0ms)
			SetupTypeCache (105ms)
			ReleaseScriptCaches (0ms)
			RebuildScriptCaches (28ms)
			SetupLoadedEditorAssemblies (288ms)
				LogAssemblyErrors (0ms)
				InitializePlatformSupportModulesInManaged (53ms)
				SetLoadedEditorAssemblies (1ms)
				RefreshPlugins (114ms)
				BeforeProcessingInitializeOnLoad (1ms)
				ProcessInitializeOnLoadAttributes (80ms)
				ProcessInitializeOnLoadMethodAttributes (38ms)
				AfterProcessingInitializeOnLoad (0ms)
				EditorAssembliesLoaded (0ms)
			ExecutionOrderSort2 (0ms)
			AwakeInstancesAfterBackupRestoration (0ms)
Platform modules already initialized, skipping
Registering precompiled user dll's ...
Registered in 0.017725 seconds.
Begin MonoManager ReloadAssembly
Native extension for UWP target not found
Native extension for WindowsStandalone target not found
Native extension for Android target not found
Refreshing native plugins compatible for Editor in 118.90 ms, found 26 plugins.
Preloading 1 native plugins for Editor in 0.03 ms.
DisplayProgressbar: Restoring NuGet Packages
Added DLL directory D:\PC\Desktop\IP\Rep\MR_M\Assets\Packages\Microsoft.VCRTForwarders.140.1.0.7\Unity\x64 to the user search path.
UnityEngine.StackTraceUtility:ExtractStackTrace ()
UnityEngine.DebugLogHandler:LogFormat (UnityEngine.LogType,UnityEngine.Object,string,object[])
UnityEngine.Logger:Log (UnityEngine.LogType,object)
UnityEngine.Debug:Log (object)
InitVCRTForwarders:.cctor () (at Assets/Packages/Microsoft.VCRTForwarders.140.1.0.7/Unity/Editor/InitVCRTForwarders.cs:53)
System.Runtime.CompilerServices.RuntimeHelpers:RunClassConstructor (System.RuntimeTypeHandle)
UnityEditor.EditorAssemblies:ProcessInitializeOnLoadAttributes (System.Type[])

(Filename: Assets/Packages/Microsoft.VCRTForwarders.140.1.0.7/Unity/Editor/InitVCRTForwarders.cs Line: 53)

Package Manager log level set to [2]
Added DLL directory D:\PC\Desktop\IP\Rep\MR_M\Assets\Packages\Microsoft.MixedReality.QR.0.5.3037\Unity\x64 to the user search path.
UnityEngine.StackTraceUtility:ExtractStackTrace ()
UnityEngine.DebugLogHandler:LogFormat (UnityEngine.LogType,UnityEngine.Object,string,object[])
UnityEngine.Logger:Log (UnityEngine.LogType,object)
UnityEngine.Debug:Log (object)
Microsoft.MixedReality.QR.Init:.cctor () (at Assets/Packages/Microsoft.MixedReality.QR.0.5.3037/Unity/Editor/Microsoft.MixedReality.QR.Init.cs:60)
System.Runtime.CompilerServices.RuntimeHelpers:RunClassConstructor (System.RuntimeTypeHandle)
UnityEditor.EditorAssemblies:ProcessInitializeOnLoadAttributes (System.Type[])

(Filename: Assets/Packages/Microsoft.MixedReality.QR.0.5.3037/Unity/Editor/Microsoft.MixedReality.QR.Init.cs Line: 60)

[XR] [MROpenXR][Info   ][15:46:17.080833][tid:8260] MeshProvider_RegisterLifecycleProvider
[XR] [MROpenXR][Info   ][15:46:17.080833][tid:8260] MeshProvider_RegisterLifecycleProvider
[XR] [MROpenXR][Info   ][15:46:17.080893][tid:8260] InputProvider_RegisterLifecycleProvider
[XR] [MROpenXR][Info   ][15:46:17.080893][tid:8260] InputProvider_RegisterLifecycleProvider
[XR] Error loading subsystem: Display (1) (header mismatch?)
[XR] [MROpenXR][Info   ][15:46:17.082013][tid:8260] OnPluginStarted UnityVersion=2021.3.16f1 OpenXRPluginVersion=1.5.3 MROpenXRPluginVersion=1.8.0.0 PartA_PrivTags=33554432
[XR] [MROpenXR][Info   ][15:46:17.082013][tid:8260] OnPluginStarted UnityVersion=2021.3.16f1 OpenXRPluginVersion=1.5.3 MROpenXRPluginVersion=1.8.0.0 PartA_PrivTags=33554432
Mono: successfully reloaded assembly
- Completed reload, in  1.610 seconds
Domain Reload Profiling:
	ReloadAssembly (1611ms)
		BeginReloadAssembly (203ms)
			ExecutionOrderSort (0ms)
			DisableScriptedObjects (5ms)
			BackupInstance (0ms)
			ReleaseScriptingObjects (0ms)
			CreateAndSetChildDomain (127ms)
		EndReloadAssembly (1309ms)
			LoadAssemblies (83ms)
			RebuildTransferFunctionScriptingTraits (0ms)
			SetupTypeCache (264ms)
			ReleaseScriptCaches (1ms)
			RebuildScriptCaches (76ms)
			SetupLoadedEditorAssemblies (840ms)
				LogAssemblyErrors (0ms)
				InitializePlatformSupportModulesInManaged (14ms)
				SetLoadedEditorAssemblies (0ms)
				RefreshPlugins (119ms)
				BeforeProcessingInitializeOnLoad (105ms)
				ProcessInitializeOnLoadAttributes (536ms)
				ProcessInitializeOnLoadMethodAttributes (55ms)
				AfterProcessingInitializeOnLoad (10ms)
				EditorAssembliesLoaded (0ms)
			ExecutionOrderSort2 (0ms)
			AwakeInstancesAfterBackupRestoration (4ms)
Platform modules already initialized, skipping
========================================================================
Worker process is ready to serve import requests
Launched and connected shader compiler UnityShaderCompiler.exe after 0.04 seconds
Refreshing native plugins compatible for Editor in 2.07 ms, found 26 plugins.
Preloading 1 native plugins for Editor in 0.03 ms.
Unloading 7040 Unused Serialized files (Serialized files now loaded: 0)
Unloading 251 unused Assets / (196.1 KB). Loaded Objects now: 7359.
Memory consumption went from 273.5 MB to 273.3 MB.
Total: 3.718700 ms (FindLiveObjects: 0.485700 ms CreateObjectMapping: 0.507400 ms MarkObjects: 2.547400 ms  DeleteObjects: 0.177600 ms)

AssetImportParameters requested are different than current active one (requested -> active):
  custom:video-decoder-ogg-theora: a1e56fd34408186e4bbccfd4996cb3dc -> 
  custom:container-muxer-webm: aa71ff27fc2769a1b78a27578f13a17b -> 
  custom:container-demuxer-webm: 4f35f7cbe854078d1ac9338744f61a02 -> 
  custom:video-encoder-webm-vp8: eb34c28f22e8b96e1ab97ce403110664 -> 
  custom:audio-encoder-webm-vorbis: bf7c407c2cedff20999df2af8eb42d56 -> 
  custom:framework-win-MediaFoundation: 216162199b28c13a410421893ffa2e32 -> 
  custom:container-demuxer-ogg: 62fdf1f143b41e24485cea50d1cbac27 -> 
  custom:video-decoder-webm-vp8: 9c59270c3fd7afecdb556c50c9e8de78 -> 
  custom:audio-decoder-ogg-vorbis: bf7c407c2cedff20999df2af8eb42d56 -> 
========================================================================
Received Import Request.
  Time since last request: 434072.092165 seconds.
  path: Assets/UnityProject/Materials/MR UI/Buttons/mat_btn_c_empty.mat
  artifactKey: Guid(1d1b4fdd17b8eda4d84827044877fd3a) Importer(815301076,1909f56bfc062723c751e8b465ee728b)
Start importing Assets/UnityProject/Materials/MR UI/Buttons/mat_btn_c_empty.mat using Guid(1d1b4fdd17b8eda4d84827044877fd3a) Importer(815301076,1909f56bfc062723c751e8b465ee728b)  -> (artifact id: 'c3fdb5e0d105a963218c5a7190568e85') in 0.102016 seconds 
========================================================================
Received Import Request.
  Time since last request: 0.000018 seconds.
  path: Assets/UnityProject/Materials/MR UI/Buttons/mt_btn_c_home.mat
  artifactKey: Guid(ceef709c2db13a743891e5538eaccb0b) Importer(815301076,1909f56bfc062723c751e8b465ee728b)
Start importing Assets/UnityProject/Materials/MR UI/Buttons/mt_btn_c_home.mat using Guid(ceef709c2db13a743891e5538eaccb0b) Importer(815301076,1909f56bfc062723c751e8b465ee728b)  -> (artifact id: '75fbfeaf5254ac41798c8f39b92921c2') in 0.011695 seconds 
========================================================================
Received Import Request.
  Time since last request: 28.607222 seconds.
  path: Assets/UnityProject/Prefabs/Pointers/ShellHandRayPointer.prefab
  artifactKey: Guid(50f829e66320ae64ea7f8b121eeb5e14) Importer(815301076,1909f56bfc062723c751e8b465ee728b)
Start importing Assets/UnityProject/Prefabs/Pointers/ShellHandRayPointer.prefab using Guid(50f829e66320ae64ea7f8b121eeb5e14) Importer(815301076,1909f56bfc062723c751e8b465ee728b)  -> (artifact id: 'd1481dc5f712cc9aead53d74530641d6') in 0.413426 seconds 
========================================================================
Received Import Request.
  Time since last request: 0.414606 seconds.
  path: Assets/UnityProject/Prefabs/GUI/Static Windows/HomeMenu.prefab
  artifactKey: Guid(a9a67e21dac0e8e459168b923286c008) Importer(815301076,1909f56bfc062723c751e8b465ee728b)
Start importing Assets/UnityProject/Prefabs/GUI/Static Windows/HomeMenu.prefab using Guid(a9a67e21dac0e8e459168b923286c008) Importer(815301076,1909f56bfc062723c751e8b465ee728b)  -> (artifact id: '469fb4bf14193472ed6d2a14aa95ec15') in 0.123547 seconds 
========================================================================
Received Import Request.
  Time since last request: 4.001203 seconds.
  path: Assets/UnityProject/Prefabs/GUI/Components/Buttons/ToggleButton.prefab
  artifactKey: Guid(05a9f288d8df1004c80357a0f504ac9a) Importer(815301076,1909f56bfc062723c751e8b465ee728b)
Start importing Assets/UnityProject/Prefabs/GUI/Components/Buttons/ToggleButton.prefab using Guid(05a9f288d8df1004c80357a0f504ac9a) Importer(815301076,1909f56bfc062723c751e8b465ee728b)  -> (artifact id: '68aee8a6ef06ac061df3b0d8bf5c6ea4') in 0.024064 seconds 
========================================================================
Received Import Request.
  Time since last request: 2.046641 seconds.
  path: Assets/UnityProject/Materials/MR UI/Toggle/mt_btn_r_toggleBG_r.mat
  artifactKey: Guid(87d68aa86f297bd408dacba9b0456cfe) Importer(815301076,1909f56bfc062723c751e8b465ee728b)
Start importing Assets/UnityProject/Materials/MR UI/Toggle/mt_btn_r_toggleBG_r.mat using Guid(87d68aa86f297bd408dacba9b0456cfe) Importer(815301076,1909f56bfc062723c751e8b465ee728b)  -> (artifact id: 'bae07e7fbe8bc020369004f0b12d193d') in 0.086408 seconds 
========================================================================
Received Import Request.
  Time since last request: 10.793364 seconds.
  path: Assets/SCI-FI GUI Pack/Resources/Sprites/Progress/progress_bg_01.png
  artifactKey: Guid(681fe9d2ac9eb4333a6599fe6a3fb0b0) Importer(815301076,1909f56bfc062723c751e8b465ee728b)
Start importing Assets/SCI-FI GUI Pack/Resources/Sprites/Progress/progress_bg_01.png using Guid(681fe9d2ac9eb4333a6599fe6a3fb0b0) Importer(815301076,1909f56bfc062723c751e8b465ee728b)  -> (artifact id: '8c0d84a94e6af73190ed74a7e15633d1') in 0.058350 seconds 
Editor requested this worker to shutdown with reason: Scaling down because of idle timeout
AssetImportWorker is now disconnected from the server
Process exiting
Exiting without the bug reporter. Application will terminate with return code 0