Using pre-set license
Built from '2021.3/release' branch; Version is '2021.3.27f1 (ca3ffb99bcc6) revision 13254651'; Using compiler version '192829333'; Build Type 'Release'
OS: 'Windows 10  (10.0.19044) 64bit Core' Language: 'en' Physical Memory: 32678 MB
BatchMode: 1, IsHumanControllingUs: 0, StartBugReporterOnCrash: 0, Is64bit: 1, IsPro: 1

COMMAND LINE ARGUMENTS:
C:\Program Files (x86)\ProjetoIntegrado_Multimedia_AndreMoreira\Unity Editors\2021.3.27f1\Editor\Unity.exe
-adb2
-batchMode
-noUpm
-name
AssetImportWorker36
-projectPath
D:/PC/Desktop/IP/Rep/MR_M
-logFile
Logs/AssetImportWorker36.log
-srvPort
59537
Successfully changed project path to: D:/PC/Desktop/IP/Rep/MR_M
D:/PC/Desktop/IP/Rep/MR_M
[UnityMemory] Configuration Parameters - Can be set up in boot.config
    "memorysetup-bucket-allocator-granularity=16"
    "memorysetup-bucket-allocator-bucket-count=8"
    "memorysetup-bucket-allocator-block-size=33554432"
    "memorysetup-bucket-allocator-block-count=8"
    "memorysetup-main-allocator-block-size=16777216"
    "memorysetup-thread-allocator-block-size=16777216"
    "memorysetup-gfx-main-allocator-block-size=16777216"
    "memorysetup-gfx-thread-allocator-block-size=16777216"
    "memorysetup-cache-allocator-block-size=4194304"
    "memorysetup-typetree-allocator-block-size=2097152"
    "memorysetup-profiler-bucket-allocator-granularity=16"
    "memorysetup-profiler-bucket-allocator-bucket-count=8"
    "memorysetup-profiler-bucket-allocator-block-size=33554432"
    "memorysetup-profiler-bucket-allocator-block-count=8"
    "memorysetup-profiler-allocator-block-size=16777216"
    "memorysetup-profiler-editor-allocator-block-size=1048576"
    "memorysetup-temp-allocator-size-main=16777216"
    "memorysetup-job-temp-allocator-block-size=2097152"
    "memorysetup-job-temp-allocator-block-size-background=1048576"
    "memorysetup-job-temp-allocator-reduction-small-platforms=262144"
    "memorysetup-temp-allocator-size-background-worker=32768"
    "memorysetup-temp-allocator-size-job-worker=262144"
    "memorysetup-temp-allocator-size-preload-manager=33554432"
    "memorysetup-temp-allocator-size-nav-mesh-worker=65536"
    "memorysetup-temp-allocator-size-audio-worker=65536"
    "memorysetup-temp-allocator-size-cloud-worker=32768"
    "memorysetup-temp-allocator-size-gi-baking-worker=262144"
    "memorysetup-temp-allocator-size-gfx=262144"
Player connection [25204] Host "[IP] 172.17.2.232 [Port] 0 [Flags] 2 [Guid] 794922800 [EditorId] 794922800 [Version] 1048832 [Id] WindowsEditor(7,GreenHealth) [Debug] 1 [PackageName] WindowsEditor [ProjectName] Editor" joined multi-casting on [225.0.0.222:54997]...

Player connection [25204] Host "[IP] 172.17.2.232 [Port] 0 [Flags] 2 [Guid] 794922800 [EditorId] 794922800 [Version] 1048832 [Id] WindowsEditor(7,GreenHealth) [Debug] 1 [PackageName] WindowsEditor [ProjectName] Editor" joined alternative multi-casting on [225.0.0.222:34997]...

Refreshing native plugins compatible for Editor in 128.96 ms, found 26 plugins.
Preloading 1 native plugins for Editor in 4.04 ms.
Initialize engine version: 2021.3.27f1 (ca3ffb99bcc6)
[Subsystems] Discovering subsystems at path C:/Program Files (x86)/ProjetoIntegrado_Multimedia_AndreMoreira/Unity Editors/2021.3.27f1/Editor/Data/Resources/UnitySubsystems
[Subsystems] Discovering subsystems at path D:/PC/Desktop/IP/Rep/MR_M/Assets
GfxDevice: creating device client; threaded=0; jobified=0
Direct3D:
    Version:  Direct3D 11.0 [level 11.1]
    Renderer: NVIDIA GeForce RTX 2070 SUPER (ID=0x1e84)
    Vendor:   NVIDIA
    VRAM:     8011 MB
    Driver:   27.21.14.6192
Initialize mono
Mono path[0] = 'C:/Program Files (x86)/ProjetoIntegrado_Multimedia_AndreMoreira/Unity Editors/2021.3.27f1/Editor/Data/Managed'
Mono path[1] = 'C:/Program Files (x86)/ProjetoIntegrado_Multimedia_AndreMoreira/Unity Editors/2021.3.27f1/Editor/Data/MonoBleedingEdge/lib/mono/unityjit-win32'
Mono config path = 'C:/Program Files (x86)/ProjetoIntegrado_Multimedia_AndreMoreira/Unity Editors/2021.3.27f1/Editor/Data/MonoBleedingEdge/etc'
Using monoOptions --debugger-agent=transport=dt_socket,embedding=1,server=y,suspend=n,address=127.0.0.1:56596
Begin MonoManager ReloadAssembly
Registering precompiled unity dll's ...
Register platform support module: C:/Program Files (x86)/ProjetoIntegrado_Multimedia_AndreMoreira/Unity Editors/2021.3.27f1/Editor/Data/PlaybackEngines/AndroidPlayer/UnityEditor.Android.Extensions.dll
Register platform support module: C:/Program Files (x86)/ProjetoIntegrado_Multimedia_AndreMoreira/Unity Editors/2021.3.27f1/Editor/Data/PlaybackEngines/WindowsStandaloneSupport/UnityEditor.WindowsStandalone.Extensions.dll
Register platform support module: C:/Program Files (x86)/ProjetoIntegrado_Multimedia_AndreMoreira/Unity Editors/2021.3.27f1/Editor/Data/PlaybackEngines/MetroSupport/UnityEditor.UWP.Extensions.dll
Registered in 0.008381 seconds.
Native extension for UWP target not found
Native extension for WindowsStandalone target not found
Native extension for Android target not found
Android Extension - Scanning For ADB Devices 235 ms
Refreshing native plugins compatible for Editor in 108.91 ms, found 26 plugins.
Preloading 1 native plugins for Editor in 0.05 ms.
Mono: successfully reloaded assembly
- Completed reload, in  0.910 seconds
Domain Reload Profiling:
	ReloadAssembly (910ms)
		BeginReloadAssembly (82ms)
			ExecutionOrderSort (0ms)
			DisableScriptedObjects (0ms)
			BackupInstance (0ms)
			ReleaseScriptingObjects (0ms)
			CreateAndSetChildDomain (1ms)
		EndReloadAssembly (736ms)
			LoadAssemblies (81ms)
			RebuildTransferFunctionScriptingTraits (0ms)
			SetupTypeCache (98ms)
			ReleaseScriptCaches (0ms)
			RebuildScriptCaches (25ms)
			SetupLoadedEditorAssemblies (562ms)
				LogAssemblyErrors (0ms)
				InitializePlatformSupportModulesInManaged (333ms)
				SetLoadedEditorAssemblies (1ms)
				RefreshPlugins (109ms)
				BeforeProcessingInitializeOnLoad (1ms)
				ProcessInitializeOnLoadAttributes (77ms)
				ProcessInitializeOnLoadMethodAttributes (40ms)
				AfterProcessingInitializeOnLoad (0ms)
				EditorAssembliesLoaded (0ms)
			ExecutionOrderSort2 (0ms)
			AwakeInstancesAfterBackupRestoration (0ms)
Platform modules already initialized, skipping
Registering precompiled user dll's ...
Registered in 0.019281 seconds.
Begin MonoManager ReloadAssembly
Native extension for UWP target not found
Native extension for WindowsStandalone target not found
Native extension for Android target not found
Refreshing native plugins compatible for Editor in 83.55 ms, found 26 plugins.
Preloading 1 native plugins for Editor in 0.04 ms.
DisplayProgressbar: Restoring NuGet Packages
Added DLL directory D:\PC\Desktop\IP\Rep\MR_M\Assets\Packages\Microsoft.VCRTForwarders.140.1.0.7\Unity\x64 to the user search path.
UnityEngine.StackTraceUtility:ExtractStackTrace ()
UnityEngine.DebugLogHandler:LogFormat (UnityEngine.LogType,UnityEngine.Object,string,object[])
UnityEngine.Logger:Log (UnityEngine.LogType,object)
UnityEngine.Debug:Log (object)
InitVCRTForwarders:.cctor () (at Assets/Packages/Microsoft.VCRTForwarders.140.1.0.7/Unity/Editor/InitVCRTForwarders.cs:53)
System.Runtime.CompilerServices.RuntimeHelpers:RunClassConstructor (System.RuntimeTypeHandle)
UnityEditor.EditorAssemblies:ProcessInitializeOnLoadAttributes (System.Type[])

(Filename: Assets/Packages/Microsoft.VCRTForwarders.140.1.0.7/Unity/Editor/InitVCRTForwarders.cs Line: 53)

Package Manager log level set to [2]
Added DLL directory D:\PC\Desktop\IP\Rep\MR_M\Assets\Packages\Microsoft.MixedReality.QR.0.5.3037\Unity\x64 to the user search path.
UnityEngine.StackTraceUtility:ExtractStackTrace ()
UnityEngine.DebugLogHandler:LogFormat (UnityEngine.LogType,UnityEngine.Object,string,object[])
UnityEngine.Logger:Log (UnityEngine.LogType,object)
UnityEngine.Debug:Log (object)
Microsoft.MixedReality.QR.Init:.cctor () (at Assets/Packages/Microsoft.MixedReality.QR.0.5.3037/Unity/Editor/Microsoft.MixedReality.QR.Init.cs:60)
System.Runtime.CompilerServices.RuntimeHelpers:RunClassConstructor (System.RuntimeTypeHandle)
UnityEditor.EditorAssemblies:ProcessInitializeOnLoadAttributes (System.Type[])

(Filename: Assets/Packages/Microsoft.MixedReality.QR.0.5.3037/Unity/Editor/Microsoft.MixedReality.QR.Init.cs Line: 60)

[XR] [MROpenXR][Info   ][17:49:47.261717][tid:6274] MeshProvider_RegisterLifecycleProvider
[XR] [MROpenXR][Info   ][17:49:47.261717][tid:6274] MeshProvider_RegisterLifecycleProvider
[XR] [MROpenXR][Info   ][17:49:47.261818][tid:6274] InputProvider_RegisterLifecycleProvider
[XR] [MROpenXR][Info   ][17:49:47.261818][tid:6274] InputProvider_RegisterLifecycleProvider
[XR] Error loading subsystem: Display (1) (header mismatch?)
[XR] [MROpenXR][Info   ][17:49:47.278402][tid:6274] OnPluginStarted UnityVersion=2021.3.27f1 OpenXRPluginVersion=1.7.0 MROpenXRPluginVersion=1.8.0.0 PartA_PrivTags=33554432
[XR] [MROpenXR][Info   ][17:49:47.278402][tid:6274] OnPluginStarted UnityVersion=2021.3.27f1 OpenXRPluginVersion=1.7.0 MROpenXRPluginVersion=1.8.0.0 PartA_PrivTags=33554432
Mono: successfully reloaded assembly
- Completed reload, in  3.915 seconds
Domain Reload Profiling:
	ReloadAssembly (3916ms)
		BeginReloadAssembly (108ms)
			ExecutionOrderSort (0ms)
			DisableScriptedObjects (5ms)
			BackupInstance (0ms)
			ReleaseScriptingObjects (0ms)
			CreateAndSetChildDomain (16ms)
		EndReloadAssembly (3712ms)
			LoadAssemblies (104ms)
			RebuildTransferFunctionScriptingTraits (0ms)
			SetupTypeCache (271ms)
			ReleaseScriptCaches (1ms)
			RebuildScriptCaches (87ms)
			SetupLoadedEditorAssemblies (3194ms)
				LogAssemblyErrors (0ms)
				InitializePlatformSupportModulesInManaged (20ms)
				SetLoadedEditorAssemblies (0ms)
				RefreshPlugins (84ms)
				BeforeProcessingInitializeOnLoad (99ms)
				ProcessInitializeOnLoadAttributes (2770ms)
				ProcessInitializeOnLoadMethodAttributes (211ms)
				AfterProcessingInitializeOnLoad (10ms)
				EditorAssembliesLoaded (0ms)
			ExecutionOrderSort2 (0ms)
			AwakeInstancesAfterBackupRestoration (5ms)
Platform modules already initialized, skipping
========================================================================
Worker process is ready to serve import requests
Launched and connected shader compiler UnityShaderCompiler.exe after 0.06 seconds
Refreshing native plugins compatible for Editor in 2.25 ms, found 26 plugins.
Preloading 1 native plugins for Editor in 0.04 ms.
Unloading 6788 Unused Serialized files (Serialized files now loaded: 0)
Unloading 257 unused Assets / (167.8 KB). Loaded Objects now: 7108.
Memory consumption went from 272.3 MB to 272.1 MB.
Total: 4.249400 ms (FindLiveObjects: 0.527200 ms CreateObjectMapping: 0.608200 ms MarkObjects: 2.902600 ms  DeleteObjects: 0.210100 ms)

AssetImportParameters requested are different than current active one (requested -> active):
  custom:video-decoder-ogg-theora: a1e56fd34408186e4bbccfd4996cb3dc -> 
  custom:container-muxer-webm: aa71ff27fc2769a1b78a27578f13a17b -> 
  custom:container-demuxer-webm: 4f35f7cbe854078d1ac9338744f61a02 -> 
  custom:video-encoder-webm-vp8: eb34c28f22e8b96e1ab97ce403110664 -> 
  custom:audio-encoder-webm-vorbis: bf7c407c2cedff20999df2af8eb42d56 -> 
  custom:framework-win-MediaFoundation: 216162199b28c13a410421893ffa2e32 -> 
  custom:container-demuxer-ogg: 62fdf1f143b41e24485cea50d1cbac27 -> 
  custom:video-decoder-webm-vp8: 9c59270c3fd7afecdb556c50c9e8de78 -> 
  custom:audio-decoder-ogg-vorbis: bf7c407c2cedff20999df2af8eb42d56 -> 
========================================================================
Received Import Request.
  Time since last request: 359767.143742 seconds.
  path: Packages/com.unity.inputsystem/InputSystem/Editor/Icons/Dpad@2x.png
  artifactKey: Guid(5806833d077654e5784b7cbf3e722f58) Importer(815301076,1909f56bfc062723c751e8b465ee728b)
Start importing Packages/com.unity.inputsystem/InputSystem/Editor/Icons/Dpad@2x.png using Guid(5806833d077654e5784b7cbf3e722f58) Importer(815301076,1909f56bfc062723c751e8b465ee728b)  -> (artifact id: '5d24fb88de8a3a4e15948a74e9cc61b6') in 0.312754 seconds 
========================================================================
Received Import Request.
  Time since last request: 0.000018 seconds.
  path: Packages/com.unity.textmeshpro/Editor Resources/Textures/btn_AlignCapLine.psd
  artifactKey: Guid(0d9a36012a224080966c7b55896aa0f9) Importer(815301076,1909f56bfc062723c751e8b465ee728b)
Start importing Packages/com.unity.textmeshpro/Editor Resources/Textures/btn_AlignCapLine.psd using Guid(0d9a36012a224080966c7b55896aa0f9) Importer(815301076,1909f56bfc062723c751e8b465ee728b)  -> (artifact id: '02ff22c2952b301ebb9f91f444d00377') in 0.111885 seconds 
========================================================================
Received Import Request.
  Time since last request: 0.000031 seconds.
  path: Packages/com.unity.textmeshpro/Editor Resources/Textures/btn_AlignFlush_Light.psd
  artifactKey: Guid(64b9fad609434c489c32b1cdf2004a1c) Importer(815301076,1909f56bfc062723c751e8b465ee728b)
Start importing Packages/com.unity.textmeshpro/Editor Resources/Textures/btn_AlignFlush_Light.psd using Guid(64b9fad609434c489c32b1cdf2004a1c) Importer(815301076,1909f56bfc062723c751e8b465ee728b)  -> (artifact id: '78a531fa6e14de5135ccd3d841620d44') in 0.135433 seconds 
========================================================================
Received Import Request.
  Time since last request: 0.000015 seconds.
  path: Packages/com.unity.textmeshpro/Editor Resources/Textures/btn_AlignCenter_Light.psd
  artifactKey: Guid(6ace62d30f494c948b71d5594afce11d) Importer(815301076,1909f56bfc062723c751e8b465ee728b)
Start importing Packages/com.unity.textmeshpro/Editor Resources/Textures/btn_AlignCenter_Light.psd using Guid(6ace62d30f494c948b71d5594afce11d) Importer(815301076,1909f56bfc062723c751e8b465ee728b)  -> (artifact id: '4920050dbef9bbd1518200c14a330799') in 0.103133 seconds 
========================================================================
Received Import Request.
  Time since last request: 0.000015 seconds.
  path: Packages/com.unity.inputsystem/InputSystem/Editor/Icons/Add Binding.png
  artifactKey: Guid(958a10dec4f3a4764bb345b0aa03510b) Importer(815301076,1909f56bfc062723c751e8b465ee728b)
Start importing Packages/com.unity.inputsystem/InputSystem/Editor/Icons/Add Binding.png using Guid(958a10dec4f3a4764bb345b0aa03510b) Importer(815301076,1909f56bfc062723c751e8b465ee728b)  -> (artifact id: 'ea9b37c1ed1ac4e9c7b124e8ec1d7dbf') in 0.178038 seconds 
========================================================================
Received Import Request.
  Time since last request: 0.000022 seconds.
  path: Packages/com.unity.collab-proxy/Editor/PlasticSCM/Assets/Images/d_icondeletedremoteoverlay@2x.png
  artifactKey: Guid(2cfbf6619eb047545a425e8a31732c83) Importer(815301076,1909f56bfc062723c751e8b465ee728b)
Start importing Packages/com.unity.collab-proxy/Editor/PlasticSCM/Assets/Images/d_icondeletedremoteoverlay@2x.png using Guid(2cfbf6619eb047545a425e8a31732c83) Importer(815301076,1909f56bfc062723c751e8b465ee728b)  -> (artifact id: '2c9352b4d2a3d75a2510f3d4525dd66f') in 0.039947 seconds 
========================================================================
Received Import Request.
  Time since last request: 0.000017 seconds.
  path: Packages/com.unity.inputsystem/InputSystem/Editor/Icons/Axis@3x.png
  artifactKey: Guid(2e27a82b5cc4e4ef98cbef2d0b324aed) Importer(815301076,1909f56bfc062723c751e8b465ee728b)
Start importing Packages/com.unity.inputsystem/InputSystem/Editor/Icons/Axis@3x.png using Guid(2e27a82b5cc4e4ef98cbef2d0b324aed) Importer(815301076,1909f56bfc062723c751e8b465ee728b)  -> (artifact id: '94cefa4171d91b2c2c43321c820b1b3a') in 0.082632 seconds 
========================================================================
Received Import Request.
  Time since last request: 0.000019 seconds.
  path: Packages/com.unity.inputsystem/InputSystem/Editor/Icons/d_Keyboard@3x.png
  artifactKey: Guid(9ec4e316700da46b88741a8153b33963) Importer(815301076,1909f56bfc062723c751e8b465ee728b)
Start importing Packages/com.unity.inputsystem/InputSystem/Editor/Icons/d_Keyboard@3x.png using Guid(9ec4e316700da46b88741a8153b33963) Importer(815301076,1909f56bfc062723c751e8b465ee728b)  -> (artifact id: '672a848358df4edd3289ba9614f9678f') in 0.164217 seconds 
========================================================================
Received Import Request.
  Time since last request: 0.000016 seconds.
  path: Assets/CareXR Med/Sprites/Custom GUI/Popups/popup06.png
  artifactKey: Guid(93f35be3c229b184188c77a7d147b92f) Importer(815301076,1909f56bfc062723c751e8b465ee728b)
Start importing Assets/CareXR Med/Sprites/Custom GUI/Popups/popup06.png using Guid(93f35be3c229b184188c77a7d147b92f) Importer(815301076,1909f56bfc062723c751e8b465ee728b)  -> (artifact id: '4a24ebe01920dc172ca4e136bd08b706') in 0.263144 seconds 
========================================================================
Received Import Request.
  Time since last request: 0.000019 seconds.
  path: Packages/com.unity.probuilder/Content/Icons/Tools/ShapeTool/on/Capsule@2x.png
  artifactKey: Guid(5af947f581d956541823b7c50a3c54fd) Importer(815301076,1909f56bfc062723c751e8b465ee728b)
Start importing Packages/com.unity.probuilder/Content/Icons/Tools/ShapeTool/on/Capsule@2x.png using Guid(5af947f581d956541823b7c50a3c54fd) Importer(815301076,1909f56bfc062723c751e8b465ee728b)  -> (artifact id: '7d9e8501363c5b4bace74691af9308e8') in 0.185240 seconds 
========================================================================
Received Import Request.
  Time since last request: 0.000014 seconds.
  path: Assets/SCI-FI GUI Pack/Resources/Sprites/9sliced/popup_01.png
  artifactKey: Guid(afd2789e380e14aa3a3057f816b9cd96) Importer(815301076,1909f56bfc062723c751e8b465ee728b)
Start importing Assets/SCI-FI GUI Pack/Resources/Sprites/9sliced/popup_01.png using Guid(afd2789e380e14aa3a3057f816b9cd96) Importer(815301076,1909f56bfc062723c751e8b465ee728b)  -> (artifact id: '11c4740a709dec53b4ea55d0c96fe09c') in 0.026006 seconds 
========================================================================
Received Import Request.
  Time since last request: 0.000025 seconds.
  path: Packages/com.unity.xr.arfoundation/Editor/Icons/ARVR@4x.png
  artifactKey: Guid(e7df757aba3e54a11a832b1b8cbe5aaa) Importer(815301076,1909f56bfc062723c751e8b465ee728b)
Start importing Packages/com.unity.xr.arfoundation/Editor/Icons/ARVR@4x.png using Guid(e7df757aba3e54a11a832b1b8cbe5aaa) Importer(815301076,1909f56bfc062723c751e8b465ee728b)  -> (artifact id: '34a00743046aa9c691154aaeb2fc218b') in 0.014945 seconds 
========================================================================
Received Import Request.
  Time since last request: 0.000017 seconds.
  path: Packages/com.unity.collab-proxy/Editor/PlasticSCM/Assets/Images/d_iconemptygravatar@2x.png
  artifactKey: Guid(0ac55f9f886d827408c102bdf33c5ff7) Importer(815301076,1909f56bfc062723c751e8b465ee728b)
Start importing Packages/com.unity.collab-proxy/Editor/PlasticSCM/Assets/Images/d_iconemptygravatar@2x.png using Guid(0ac55f9f886d827408c102bdf33c5ff7) Importer(815301076,1909f56bfc062723c751e8b465ee728b)  -> (artifact id: '2cf921ab89cd4a52b2af550f022a65be') in 0.049727 seconds 
========================================================================
Received Import Request.
  Time since last request: 0.000015 seconds.
  path: Assets/SCI-FI GUI Pack/Resources/Sprites/Button/toggle_03_tick_02.png
  artifactKey: Guid(258a2335c594b48d38ff1fa234932ef6) Importer(815301076,1909f56bfc062723c751e8b465ee728b)
Start importing Assets/SCI-FI GUI Pack/Resources/Sprites/Button/toggle_03_tick_02.png using Guid(258a2335c594b48d38ff1fa234932ef6) Importer(815301076,1909f56bfc062723c751e8b465ee728b)  -> (artifact id: 'f5f82a431206d8bcdd23683755ff6a0f') in 0.027940 seconds 
========================================================================
Received Import Request.
  Time since last request: 0.000022 seconds.
  path: Assets/CareXR Med/Sprites/Custom GUI/Popups/popup10_w208.681_h477.879.png
  artifactKey: Guid(3dba8a7a7c13c0c41975d00f5a474346) Importer(815301076,1909f56bfc062723c751e8b465ee728b)
Start importing Assets/CareXR Med/Sprites/Custom GUI/Popups/popup10_w208.681_h477.879.png using Guid(3dba8a7a7c13c0c41975d00f5a474346) Importer(815301076,1909f56bfc062723c751e8b465ee728b)  -> (artifact id: 'b00ec5276c9ebecc0388960857cdc4b6') in 0.104413 seconds 
========================================================================
Received Import Request.
  Time since last request: 0.000018 seconds.
  path: Packages/com.unity.inputsystem/InputSystem/Editor/Icons/TrackedPoseDriver@4x.png
  artifactKey: Guid(7b8bfaee8f8631c4789ac62373cbc2d4) Importer(815301076,1909f56bfc062723c751e8b465ee728b)
Start importing Packages/com.unity.inputsystem/InputSystem/Editor/Icons/TrackedPoseDriver@4x.png using Guid(7b8bfaee8f8631c4789ac62373cbc2d4) Importer(815301076,1909f56bfc062723c751e8b465ee728b)  -> (artifact id: '66c940f1e5068ea1d7b896d015101dfb') in 0.334544 seconds 
========================================================================
Received Import Request.
  Time since last request: 0.000022 seconds.
  path: Packages/com.unity.inputsystem/InputSystem/Editor/Icons/d_Joystick@2x.png
  artifactKey: Guid(27fa98be5deb54cbf9c11ffc540272b2) Importer(815301076,1909f56bfc062723c751e8b465ee728b)
Start importing Packages/com.unity.inputsystem/InputSystem/Editor/Icons/d_Joystick@2x.png using Guid(27fa98be5deb54cbf9c11ffc540272b2) Importer(815301076,1909f56bfc062723c751e8b465ee728b)  -> (artifact id: 'f3235b77b209e00d1d2b5421e29a6396') in 0.204312 seconds 
========================================================================
Received Import Request.
  Time since last request: 0.000015 seconds.
  path: Packages/com.unity.collab-proxy/Editor/PlasticSCM/Assets/Images/iconemptygravatar@2x.png
  artifactKey: Guid(da545229eea36164d8b8cba2f75a1143) Importer(815301076,1909f56bfc062723c751e8b465ee728b)
Start importing Packages/com.unity.collab-proxy/Editor/PlasticSCM/Assets/Images/iconemptygravatar@2x.png using Guid(da545229eea36164d8b8cba2f75a1143) Importer(815301076,1909f56bfc062723c751e8b465ee728b)  -> (artifact id: 'd8fa0b4dae998f3acbfa0d31955701a4') in 0.142825 seconds 
========================================================================
Received Import Request.
  Time since last request: 0.000021 seconds.
  path: Packages/com.unity.inputsystem/InputSystem/Editor/Icons/Keyboard@3x.png
  artifactKey: Guid(6191a40940a3e46899ecf82fa8389d01) Importer(815301076,1909f56bfc062723c751e8b465ee728b)
Start importing Packages/com.unity.inputsystem/InputSystem/Editor/Icons/Keyboard@3x.png using Guid(6191a40940a3e46899ecf82fa8389d01) Importer(815301076,1909f56bfc062723c751e8b465ee728b)  -> (artifact id: '821197c3d2d624b8891db57cd7b9de8a') in 0.114564 seconds 
========================================================================
Received Import Request.
  Time since last request: 0.000016 seconds.
  path: Packages/com.unity.inputsystem/InputSystem/Editor/Icons/d_ChevronDown@3x.png
  artifactKey: Guid(5d96795fd770f47d69d997b053532730) Importer(815301076,1909f56bfc062723c751e8b465ee728b)
Start importing Packages/com.unity.inputsystem/InputSystem/Editor/Icons/d_ChevronDown@3x.png using Guid(5d96795fd770f47d69d997b053532730) Importer(815301076,1909f56bfc062723c751e8b465ee728b)  -> (artifact id: '3a174c8d5ae928536476cb26b84d3fe8') in 0.209425 seconds 
========================================================================
Received Import Request.
  Time since last request: 0.000019 seconds.
  path: Packages/com.unity.inputsystem/InputSystem/Editor/Icons/d_Position@4x.png
  artifactKey: Guid(ac4c5ccb2785f4460b2dcfe47010c688) Importer(815301076,1909f56bfc062723c751e8b465ee728b)
Start importing Packages/com.unity.inputsystem/InputSystem/Editor/Icons/d_Position@4x.png using Guid(ac4c5ccb2785f4460b2dcfe47010c688) Importer(815301076,1909f56bfc062723c751e8b465ee728b)  -> (artifact id: '03ba10c40b967fab000518a6700f4d3e') in 0.059636 seconds 
========================================================================
Received Import Request.
  Time since last request: 0.000014 seconds.
  path: Assets/SCI-FI GUI Pack/Resources/Sprites/Sliced Elements/img_line_11.png
  artifactKey: Guid(f7c6bd3e4f5384496a27c4d3d3d7add5) Importer(815301076,1909f56bfc062723c751e8b465ee728b)
Start importing Assets/SCI-FI GUI Pack/Resources/Sprites/Sliced Elements/img_line_11.png using Guid(f7c6bd3e4f5384496a27c4d3d3d7add5) Importer(815301076,1909f56bfc062723c751e8b465ee728b)  -> (artifact id: '518fec3a45b0bb7ed51403b963d760f0') in 0.018185 seconds 
========================================================================
Received Import Request.
  Time since last request: 0.000020 seconds.
  path: Packages/com.unity.inputsystem/InputSystem/Editor/AssetEditor/Resources/pro/actionTreeBackgroundWithoutBorder.png
  artifactKey: Guid(943deaaee9c9347e0a455aa208526c42) Importer(815301076,1909f56bfc062723c751e8b465ee728b)
Start importing Packages/com.unity.inputsystem/InputSystem/Editor/AssetEditor/Resources/pro/actionTreeBackgroundWithoutBorder.png using Guid(943deaaee9c9347e0a455aa208526c42) Importer(815301076,1909f56bfc062723c751e8b465ee728b)  -> (artifact id: 'a1c1bbdf19b5b07eca1ee9a7a95be5b6') in 0.106452 seconds 
========================================================================
Received Import Request.
  Time since last request: 0.000018 seconds.
  path: Packages/com.unity.inputsystem/InputSystem/Editor/Icons/d_ChevronDown@2x.png
  artifactKey: Guid(0068f400a72d84c92a1b8f5889a574b2) Importer(815301076,1909f56bfc062723c751e8b465ee728b)
Start importing Packages/com.unity.inputsystem/InputSystem/Editor/Icons/d_ChevronDown@2x.png using Guid(0068f400a72d84c92a1b8f5889a574b2) Importer(815301076,1909f56bfc062723c751e8b465ee728b)  -> (artifact id: 'b6f842c0222497e7276f881c03aa80f7') in 0.055657 seconds 
========================================================================
Received Import Request.
  Time since last request: 0.000019 seconds.
  path: Packages/com.unity.probuilder/Content/Icons/Tools/ShapeTool/Door@2x.png
  artifactKey: Guid(0dc0c708f5d18c845b2c60321e211f3f) Importer(815301076,1909f56bfc062723c751e8b465ee728b)
Start importing Packages/com.unity.probuilder/Content/Icons/Tools/ShapeTool/Door@2x.png using Guid(0dc0c708f5d18c845b2c60321e211f3f) Importer(815301076,1909f56bfc062723c751e8b465ee728b)  -> (artifact id: '5bd82e349b6f9b660233eb332ac6f2ea') in 0.160989 seconds 
========================================================================
Received Import Request.
  Time since last request: 0.000015 seconds.
  path: Assets/SCI-FI GUI Pack/Resources/Sprites/Sliced Elements/scroll_btn_01.png
  artifactKey: Guid(45fe6df9131434423a5577eba4dc8217) Importer(815301076,1909f56bfc062723c751e8b465ee728b)
Start importing Assets/SCI-FI GUI Pack/Resources/Sprites/Sliced Elements/scroll_btn_01.png using Guid(45fe6df9131434423a5577eba4dc8217) Importer(815301076,1909f56bfc062723c751e8b465ee728b)  -> (artifact id: '1642ee79ae740ab8ee90b15a4517519c') in 0.026788 seconds 
========================================================================
Received Import Request.
  Time since last request: 0.000023 seconds.
  path: Packages/com.unity.probuilder/Content/Icons/Tools/ShapeTool/Door@2x_Light.png
  artifactKey: Guid(004eed9474720524c91221e0051f47ef) Importer(815301076,1909f56bfc062723c751e8b465ee728b)
Start importing Packages/com.unity.probuilder/Content/Icons/Tools/ShapeTool/Door@2x_Light.png using Guid(004eed9474720524c91221e0051f47ef) Importer(815301076,1909f56bfc062723c751e8b465ee728b)  -> (artifact id: 'f5a6bcacee479d1c8227daf62f96650f') in 0.215128 seconds 
========================================================================
Received Import Request.
  Time since last request: 0.000019 seconds.
  path: Assets/CareXR Med/Sprites/Custom GUI/Buttons/btn_c_warning_inactive.png
  artifactKey: Guid(9b1dee9f97387374f8f2dcf572f4ccf9) Importer(815301076,1909f56bfc062723c751e8b465ee728b)
Start importing Assets/CareXR Med/Sprites/Custom GUI/Buttons/btn_c_warning_inactive.png using Guid(9b1dee9f97387374f8f2dcf572f4ccf9) Importer(815301076,1909f56bfc062723c751e8b465ee728b)  -> (artifact id: 'bd7fb47f81770f913e191de3b948cee3') in 0.040031 seconds 
========================================================================
Received Import Request.
  Time since last request: 0.000020 seconds.
  path: Assets/SCI-FI GUI Pack/Resources/Sprites/Button/btn_01_normal.png
  artifactKey: Guid(72483ddabb05b437595660db7f4e12fd) Importer(815301076,1909f56bfc062723c751e8b465ee728b)
Start importing Assets/SCI-FI GUI Pack/Resources/Sprites/Button/btn_01_normal.png using Guid(72483ddabb05b437595660db7f4e12fd) Importer(815301076,1909f56bfc062723c751e8b465ee728b)  -> (artifact id: 'a8df3cd165769a90065fdfbab4ed32ae') in 0.026341 seconds 
========================================================================
Received Import Request.
  Time since last request: 0.000013 seconds.
  path: Packages/com.unity.probuilder/Content/Icons/UVEditor/camera-64x64.png
  artifactKey: Guid(90f8fdd975ce6b74f9ff13d9672b45eb) Importer(815301076,1909f56bfc062723c751e8b465ee728b)
Start importing Packages/com.unity.probuilder/Content/Icons/UVEditor/camera-64x64.png using Guid(90f8fdd975ce6b74f9ff13d9672b45eb) Importer(815301076,1909f56bfc062723c751e8b465ee728b)  -> (artifact id: '0fa327aca29729c56b25bd3ca87979d2') in 0.116485 seconds 
========================================================================
Received Import Request.
  Time since last request: 0.000016 seconds.
  path: Packages/com.unity.textmeshpro/Editor Resources/Textures/btn_AlignBaseLine_Light.psd
  artifactKey: Guid(18775b51e3bd42299fd30bd036ea982f) Importer(815301076,1909f56bfc062723c751e8b465ee728b)
Start importing Packages/com.unity.textmeshpro/Editor Resources/Textures/btn_AlignBaseLine_Light.psd using Guid(18775b51e3bd42299fd30bd036ea982f) Importer(815301076,1909f56bfc062723c751e8b465ee728b)  -> (artifact id: '96baf39b582eeb384fcea8216f32ccec') in 0.070315 seconds 
========================================================================
Received Import Request.
  Time since last request: 0.000021 seconds.
  path: Packages/com.unity.inputsystem/InputSystem/Editor/Icons/d_Orientation@3x.png
  artifactKey: Guid(424bff4d3ea64400e9b384cb8bebfb96) Importer(815301076,1909f56bfc062723c751e8b465ee728b)
Start importing Packages/com.unity.inputsystem/InputSystem/Editor/Icons/d_Orientation@3x.png using Guid(424bff4d3ea64400e9b384cb8bebfb96) Importer(815301076,1909f56bfc062723c751e8b465ee728b)  -> (artifact id: 'c2de66248cf42d0cf15b68560d2b19ac') in 0.166044 seconds 
========================================================================
Received Import Request.
  Time since last request: 0.000019 seconds.
  path: Packages/com.unity.inputsystem/InputSystem/Editor/Icons/d_Position@2x.png
  artifactKey: Guid(2552e303d22424da2ad62552efbd06e8) Importer(815301076,1909f56bfc062723c751e8b465ee728b)
Start importing Packages/com.unity.inputsystem/InputSystem/Editor/Icons/d_Position@2x.png using Guid(2552e303d22424da2ad62552efbd06e8) Importer(815301076,1909f56bfc062723c751e8b465ee728b)  -> (artifact id: '31099ed391fa3e889ca003e9929f0454') in 0.088536 seconds 
========================================================================
Received Import Request.
  Time since last request: 0.000023 seconds.
  path: Assets/SCI-FI GUI Pack/Resources/Sprites/Title/title_04.png
  artifactKey: Guid(4cce51f0bee3b4e83872157f39aa2c60) Importer(815301076,1909f56bfc062723c751e8b465ee728b)
Start importing Assets/SCI-FI GUI Pack/Resources/Sprites/Title/title_04.png using Guid(4cce51f0bee3b4e83872157f39aa2c60) Importer(815301076,1909f56bfc062723c751e8b465ee728b)  -> (artifact id: '31358ca8f672d8392122d74c2483fdcc') in 0.019343 seconds 
========================================================================
Received Import Request.
  Time since last request: 0.000014 seconds.
  path: Packages/com.unity.collab-proxy/Editor/PlasticSCM/Assets/Images/d_iconplasticnotifyincoming@2x.png
  artifactKey: Guid(c5fc116b3271b5947808130b2212cd60) Importer(815301076,1909f56bfc062723c751e8b465ee728b)
Start importing Packages/com.unity.collab-proxy/Editor/PlasticSCM/Assets/Images/d_iconplasticnotifyincoming@2x.png using Guid(c5fc116b3271b5947808130b2212cd60) Importer(815301076,1909f56bfc062723c751e8b465ee728b)  -> (artifact id: '3233415324e6f5bec1a396e358aadfb8') in 0.043179 seconds 
========================================================================
Received Import Request.
  Time since last request: 0.000021 seconds.
  path: Assets/CareXR Med/Sprites/Custom GUI/Popups/popup03.png
  artifactKey: Guid(4c4b349e2994f1348ba6406d2e035edf) Importer(815301076,1909f56bfc062723c751e8b465ee728b)
Start importing Assets/CareXR Med/Sprites/Custom GUI/Popups/popup03.png using Guid(4c4b349e2994f1348ba6406d2e035edf) Importer(815301076,1909f56bfc062723c751e8b465ee728b)  -> (artifact id: 'f8fbcea116eb65fae5a342899e6512b2') in 0.575060 seconds 
========================================================================
Received Import Request.
  Time since last request: 0.000022 seconds.
  path: Packages/com.unity.inputsystem/InputSystem/Editor/Icons/d_Orientation@4x.png
  artifactKey: Guid(de98baf415a2c4d7dbe0de74cb6e171c) Importer(815301076,1909f56bfc062723c751e8b465ee728b)
Start importing Packages/com.unity.inputsystem/InputSystem/Editor/Icons/d_Orientation@4x.png using Guid(de98baf415a2c4d7dbe0de74cb6e171c) Importer(815301076,1909f56bfc062723c751e8b465ee728b)  -> (artifact id: '604fa3cd767fae6e30c3d294760fe94c') in 0.288442 seconds 
========================================================================
Received Import Request.
  Time since last request: 0.000016 seconds.
  path: Assets/SCI-FI GUI Pack/Resources/Sprites/Deco/img_bg_stripe_01.png
  artifactKey: Guid(ab4a2a89b457f4d3ab62aa36fa69b0a6) Importer(815301076,1909f56bfc062723c751e8b465ee728b)
Start importing Assets/SCI-FI GUI Pack/Resources/Sprites/Deco/img_bg_stripe_01.png using Guid(ab4a2a89b457f4d3ab62aa36fa69b0a6) Importer(815301076,1909f56bfc062723c751e8b465ee728b)  -> (artifact id: '82c963d7484d1463dd1871b250b67e68') in 0.022002 seconds 
========================================================================
Received Import Request.
  Time since last request: 0.000024 seconds.
  path: Assets/SCI-FI GUI Pack/Resources/Sprites/Deco/ico_circle_05.png
  artifactKey: Guid(18780c1adaaf64a1590a0e27906ed89a) Importer(815301076,1909f56bfc062723c751e8b465ee728b)
Start importing Assets/SCI-FI GUI Pack/Resources/Sprites/Deco/ico_circle_05.png using Guid(18780c1adaaf64a1590a0e27906ed89a) Importer(815301076,1909f56bfc062723c751e8b465ee728b)  -> (artifact id: 'aad922475c878b32ccdc2bcc1128b497') in 0.016994 seconds 
========================================================================
Received Import Request.
  Time since last request: 0.000013 seconds.
  path: Packages/com.unity.probuilder/Content/Icons/Tools/ShapeTool/on/Door@2x.png
  artifactKey: Guid(dd5e95bfc7fa456479336740356abaca) Importer(815301076,1909f56bfc062723c751e8b465ee728b)
Start importing Packages/com.unity.probuilder/Content/Icons/Tools/ShapeTool/on/Door@2x.png using Guid(dd5e95bfc7fa456479336740356abaca) Importer(815301076,1909f56bfc062723c751e8b465ee728b)  -> (artifact id: '154c966f9d685288850e257140498ca3') in 0.159079 seconds 
========================================================================
Received Import Request.
  Time since last request: 0.000018 seconds.
  path: Packages/com.unity.inputsystem/InputSystem/Editor/Icons/Joystick@4x.png
  artifactKey: Guid(f58c918f135bd4b8abe5fdb06bda7f4d) Importer(815301076,1909f56bfc062723c751e8b465ee728b)
Start importing Packages/com.unity.inputsystem/InputSystem/Editor/Icons/Joystick@4x.png using Guid(f58c918f135bd4b8abe5fdb06bda7f4d) Importer(815301076,1909f56bfc062723c751e8b465ee728b)  -> (artifact id: 'c2c06cb71b72420335bf3a8c30a248ee') in 0.149582 seconds 
========================================================================
Received Import Request.
  Time since last request: 0.000021 seconds.
  path: Packages/com.unity.inputsystem/InputSystem/Editor/Icons/d_Button@4x.png
  artifactKey: Guid(db3dc7a02ac6d4e90bbe905a44ac265b) Importer(815301076,1909f56bfc062723c751e8b465ee728b)
Start importing Packages/com.unity.inputsystem/InputSystem/Editor/Icons/d_Button@4x.png using Guid(db3dc7a02ac6d4e90bbe905a44ac265b) Importer(815301076,1909f56bfc062723c751e8b465ee728b)  -> (artifact id: '1504b4ac531a118be51df48cf4da3952') in 0.262197 seconds 
========================================================================
Received Import Request.
  Time since last request: 0.000016 seconds.
  path: Assets/CareXR Med/Sprites/Custom GUI/Buttons/btn_c_fatal.png
  artifactKey: Guid(db56efe7f9b52034583a79c95d106019) Importer(815301076,1909f56bfc062723c751e8b465ee728b)
Start importing Assets/CareXR Med/Sprites/Custom GUI/Buttons/btn_c_fatal.png using Guid(db56efe7f9b52034583a79c95d106019) Importer(815301076,1909f56bfc062723c751e8b465ee728b)  -> (artifact id: '103f43ad5b684ce23972d1aa85dca4c5') in 0.019647 seconds 
========================================================================
Received Import Request.
  Time since last request: 0.000020 seconds.
  path: Assets/SCI-FI GUI Pack/Resources/Sprites/Button/btn_default_01.png
  artifactKey: Guid(c1f0d17f738744913b1e6a1c248c5b55) Importer(815301076,1909f56bfc062723c751e8b465ee728b)
Start importing Assets/SCI-FI GUI Pack/Resources/Sprites/Button/btn_default_01.png using Guid(c1f0d17f738744913b1e6a1c248c5b55) Importer(815301076,1909f56bfc062723c751e8b465ee728b)  -> (artifact id: '28739dea147f3b7c5d080d96f7842daf') in 0.020550 seconds 
========================================================================
Received Import Request.
  Time since last request: 0.000014 seconds.
  path: Packages/com.unity.inputsystem/InputSystem/Editor/Icons/Mouse@4x.png
  artifactKey: Guid(a0b78c5ab9d654a9daba91ff774b4931) Importer(815301076,1909f56bfc062723c751e8b465ee728b)
Start importing Packages/com.unity.inputsystem/InputSystem/Editor/Icons/Mouse@4x.png using Guid(a0b78c5ab9d654a9daba91ff774b4931) Importer(815301076,1909f56bfc062723c751e8b465ee728b)  -> (artifact id: 'bc53fb98d42c5af72a4b6dc522eb2b75') in 0.060196 seconds 
========================================================================
Received Import Request.
  Time since last request: 0.000017 seconds.
  path: Packages/com.unity.inputsystem/InputSystem/Editor/Icons/Button@4x.png
  artifactKey: Guid(aa356632480554016ab8f4200032981b) Importer(815301076,1909f56bfc062723c751e8b465ee728b)
Start importing Packages/com.unity.inputsystem/InputSystem/Editor/Icons/Button@4x.png using Guid(aa356632480554016ab8f4200032981b) Importer(815301076,1909f56bfc062723c751e8b465ee728b)  -> (artifact id: '875dda23ae72a33723065e4240063353') in 0.231242 seconds 
========================================================================
Received Import Request.
  Time since last request: 0.000024 seconds.
  path: Packages/com.unity.collab-proxy/Editor/PlasticSCM/Assets/Images/iconconflictresolvedoverlay@2x.png
  artifactKey: Guid(309b1d5a294fd6c43ae9cf77656c1852) Importer(815301076,1909f56bfc062723c751e8b465ee728b)
Start importing Packages/com.unity.collab-proxy/Editor/PlasticSCM/Assets/Images/iconconflictresolvedoverlay@2x.png using Guid(309b1d5a294fd6c43ae9cf77656c1852) Importer(815301076,1909f56bfc062723c751e8b465ee728b)  -> (artifact id: 'cbbc127d5fb41f651d27f2493fe07ce4') in 0.156438 seconds 
========================================================================
Received Import Request.
  Time since last request: 0.000015 seconds.
  path: Packages/com.unity.inputsystem/InputSystem/Editor/Icons/Stick@3x.png
  artifactKey: Guid(a4deca3e01bf64bfc9136f4cb3b41c9f) Importer(815301076,1909f56bfc062723c751e8b465ee728b)
Start importing Packages/com.unity.inputsystem/InputSystem/Editor/Icons/Stick@3x.png using Guid(a4deca3e01bf64bfc9136f4cb3b41c9f) Importer(815301076,1909f56bfc062723c751e8b465ee728b)  -> (artifact id: '9c882ee0c9aebda898f887c4ea3c8867') in 0.239734 seconds 
========================================================================
Received Import Request.
  Time since last request: 0.000016 seconds.
  path: Assets/CareXR Med/Sprites/Custom GUI/Buttons/btn_c_logout_inactive.png
  artifactKey: Guid(272e2e3dd853dc64998866a0050ac440) Importer(815301076,1909f56bfc062723c751e8b465ee728b)
Start importing Assets/CareXR Med/Sprites/Custom GUI/Buttons/btn_c_logout_inactive.png using Guid(272e2e3dd853dc64998866a0050ac440) Importer(815301076,1909f56bfc062723c751e8b465ee728b)  -> (artifact id: 'b4c296a9660896ea6be6da2bab8b4885') in 0.018684 seconds 
========================================================================
Received Import Request.
  Time since last request: 0.000019 seconds.
  path: Assets/SCI-FI GUI Pack/Resources/Sprites/Deco/ico_arrow_03.png
  artifactKey: Guid(71e22ba35303f4b05b525be208c6a719) Importer(815301076,1909f56bfc062723c751e8b465ee728b)
Start importing Assets/SCI-FI GUI Pack/Resources/Sprites/Deco/ico_arrow_03.png using Guid(71e22ba35303f4b05b525be208c6a719) Importer(815301076,1909f56bfc062723c751e8b465ee728b)  -> (artifact id: 'e5664e1db12541bf153a0647c8b87d0d') in 0.017500 seconds 
========================================================================
Received Import Request.
  Time since last request: 0.000013 seconds.
  path: Packages/com.unity.inputsystem/InputSystem/Editor/Icons/Position@3x.png
  artifactKey: Guid(a43c2c10c85c448b584c8f2840f86915) Importer(815301076,1909f56bfc062723c751e8b465ee728b)
Start importing Packages/com.unity.inputsystem/InputSystem/Editor/Icons/Position@3x.png using Guid(a43c2c10c85c448b584c8f2840f86915) Importer(815301076,1909f56bfc062723c751e8b465ee728b)  -> (artifact id: '89ae62889ad60cdea9116d637e4ed6e0') in 0.095130 seconds 
========================================================================
Received Import Request.
  Time since last request: 0.000017 seconds.
  path: Packages/com.unity.probuilder/Content/Icons/Tools/ShapeTool/on/Cylinder@2x.png
  artifactKey: Guid(3611cb5bea2b4d9488737fa791c48a5c) Importer(815301076,1909f56bfc062723c751e8b465ee728b)
Start importing Packages/com.unity.probuilder/Content/Icons/Tools/ShapeTool/on/Cylinder@2x.png using Guid(3611cb5bea2b4d9488737fa791c48a5c) Importer(815301076,1909f56bfc062723c751e8b465ee728b)  -> (artifact id: '17be74bb2b6601ba028159cd074fa3bb') in 0.060251 seconds 
========================================================================
Received Import Request.
  Time since last request: 0.000024 seconds.
  path: Assets/SCI-FI GUI Pack/Resources/Sprites/Button/btn_add_01.png
  artifactKey: Guid(c45c55e1592e04155afbc39588a0fdd2) Importer(815301076,1909f56bfc062723c751e8b465ee728b)
Start importing Assets/SCI-FI GUI Pack/Resources/Sprites/Button/btn_add_01.png using Guid(c45c55e1592e04155afbc39588a0fdd2) Importer(815301076,1909f56bfc062723c751e8b465ee728b)  -> (artifact id: '2155dbd868f6fb66928bf3ffd9ef286b') in 0.018044 seconds 
========================================================================
Received Import Request.
  Time since last request: 0.000014 seconds.
  path: Assets/SCI-FI GUI Pack/Resources/Sprites/Deco/ico_arrow_01.png
  artifactKey: Guid(9bf12f41af2734e1280b8bbe0c66d057) Importer(815301076,1909f56bfc062723c751e8b465ee728b)
Start importing Assets/SCI-FI GUI Pack/Resources/Sprites/Deco/ico_arrow_01.png using Guid(9bf12f41af2734e1280b8bbe0c66d057) Importer(815301076,1909f56bfc062723c751e8b465ee728b)  -> (artifact id: '3a0cc4df3cfa1e70100fd952550b0786') in 0.016364 seconds 
========================================================================
Received Import Request.
  Time since last request: 0.000014 seconds.
  path: Packages/com.unity.textmeshpro/Editor Resources/Textures/btn_AlignTop_Light.psd
  artifactKey: Guid(ed041e68439749a69d0efa0e3d896c2e) Importer(815301076,1909f56bfc062723c751e8b465ee728b)
Start importing Packages/com.unity.textmeshpro/Editor Resources/Textures/btn_AlignTop_Light.psd using Guid(ed041e68439749a69d0efa0e3d896c2e) Importer(815301076,1909f56bfc062723c751e8b465ee728b)  -> (artifact id: '9a498f05e93c902154c6a6df52aa3e1c') in 0.164501 seconds 
========================================================================
Received Import Request.
  Time since last request: 0.000015 seconds.
  path: Assets/CareXR Med/Sprites/Custom GUI/Buttons/btn_c_error_inactive.png
  artifactKey: Guid(9c7e1cae2c7ab36428e358090b3b206a) Importer(815301076,1909f56bfc062723c751e8b465ee728b)
Start importing Assets/CareXR Med/Sprites/Custom GUI/Buttons/btn_c_error_inactive.png using Guid(9c7e1cae2c7ab36428e358090b3b206a) Importer(815301076,1909f56bfc062723c751e8b465ee728b)  -> (artifact id: '2e980edec53d1ea26db38aeca5a2bc3b') in 0.018202 seconds 
========================================================================
Received Import Request.
  Time since last request: 0.000021 seconds.
  path: Assets/SCI-FI GUI Pack/Resources/Sprites/Sliced Elements/img_line_03.png
  artifactKey: Guid(844bc1c3c12f24db0a9f47d8282c929a) Importer(815301076,1909f56bfc062723c751e8b465ee728b)
Start importing Assets/SCI-FI GUI Pack/Resources/Sprites/Sliced Elements/img_line_03.png using Guid(844bc1c3c12f24db0a9f47d8282c929a) Importer(815301076,1909f56bfc062723c751e8b465ee728b)  -> (artifact id: 'd48e26e31f83a304189f32cf5202ceef') in 0.013811 seconds 
========================================================================
Received Import Request.
  Time since last request: 0.000015 seconds.
  path: Packages/com.unity.collab-proxy/Editor/PlasticSCM/Assets/Images/icondeletedremoteoverlay@2x.png
  artifactKey: Guid(d5c3277b1dbad9448b46c2ec87a2cef8) Importer(815301076,1909f56bfc062723c751e8b465ee728b)
Start importing Packages/com.unity.collab-proxy/Editor/PlasticSCM/Assets/Images/icondeletedremoteoverlay@2x.png using Guid(d5c3277b1dbad9448b46c2ec87a2cef8) Importer(815301076,1909f56bfc062723c751e8b465ee728b)  -> (artifact id: '581a8e73e1ee47b9bf72cd16d9465b5d') in 0.045168 seconds 
========================================================================
Received Import Request.
  Time since last request: 0.000015 seconds.
  path: Assets/CareXR Med/Sprites/Custom GUI/Buttons/btn_c_empty.png
  artifactKey: Guid(9b6b944c39943604c99086e719a06ffc) Importer(815301076,1909f56bfc062723c751e8b465ee728b)
Start importing Assets/CareXR Med/Sprites/Custom GUI/Buttons/btn_c_empty.png using Guid(9b6b944c39943604c99086e719a06ffc) Importer(815301076,1909f56bfc062723c751e8b465ee728b)  -> (artifact id: 'eea296dca3759dbe9f7dc05cbc7d8f25') in 0.018657 seconds 
========================================================================
Received Import Request.
  Time since last request: 0.000020 seconds.
  path: Assets/SCI-FI GUI Pack/Resources/Sprites/9sliced/popup_03.png
  artifactKey: Guid(5b299959822344f6b828f52331986093) Importer(815301076,1909f56bfc062723c751e8b465ee728b)
Start importing Assets/SCI-FI GUI Pack/Resources/Sprites/9sliced/popup_03.png using Guid(5b299959822344f6b828f52331986093) Importer(815301076,1909f56bfc062723c751e8b465ee728b)  -> (artifact id: '6f2db99dce748bace9cde3b142c1e35e') in 0.018637 seconds 
========================================================================
Received Import Request.
  Time since last request: 0.000014 seconds.
  path: Packages/com.unity.inputsystem/InputSystem/Editor/Icons/Gamepad@3x.png
  artifactKey: Guid(4ae0b2f68c2464272b1b10105262b09b) Importer(815301076,1909f56bfc062723c751e8b465ee728b)
Start importing Packages/com.unity.inputsystem/InputSystem/Editor/Icons/Gamepad@3x.png using Guid(4ae0b2f68c2464272b1b10105262b09b) Importer(815301076,1909f56bfc062723c751e8b465ee728b)  -> (artifact id: 'd06c0ec6deefabe479369c01be392ebe') in 0.133884 seconds 
========================================================================
Received Import Request.
  Time since last request: 0.000015 seconds.
  path: Packages/com.unity.inputsystem/InputSystem/Editor/Icons/d_Axis@2x.png
  artifactKey: Guid(27163f3cda5b9431d928f2b33eeb5cf1) Importer(815301076,1909f56bfc062723c751e8b465ee728b)
Start importing Packages/com.unity.inputsystem/InputSystem/Editor/Icons/d_Axis@2x.png using Guid(27163f3cda5b9431d928f2b33eeb5cf1) Importer(815301076,1909f56bfc062723c751e8b465ee728b)  -> (artifact id: 'befd2b4bb828f929733baa822631dd74') in 0.255661 seconds 
========================================================================
Received Import Request.
  Time since last request: 0.000019 seconds.
  path: Packages/com.unity.probuilder/Content/Icons/Toolbar/AltButton_Pressed.png
  artifactKey: Guid(2306494ea7af64c58819a58d4396773f) Importer(815301076,1909f56bfc062723c751e8b465ee728b)
Start importing Packages/com.unity.probuilder/Content/Icons/Toolbar/AltButton_Pressed.png using Guid(2306494ea7af64c58819a58d4396773f) Importer(815301076,1909f56bfc062723c751e8b465ee728b)  -> (artifact id: 'e27fe691497e0795338de3db2888e874') in 0.062987 seconds 
========================================================================
Received Import Request.
  Time since last request: 0.000017 seconds.
  path: Packages/com.unity.collab-proxy/Editor/PlasticSCM/Assets/Images/step3@2x.png
  artifactKey: Guid(36e6970b84831434a9eac79abd03700b) Importer(815301076,1909f56bfc062723c751e8b465ee728b)
Start importing Packages/com.unity.collab-proxy/Editor/PlasticSCM/Assets/Images/step3@2x.png using Guid(36e6970b84831434a9eac79abd03700b) Importer(815301076,1909f56bfc062723c751e8b465ee728b)  -> (artifact id: 'b669c2925ffd29f04b2a2fdd1777f2c0') in 0.085584 seconds 
========================================================================
Received Import Request.
  Time since last request: 0.000022 seconds.
  path: Packages/com.unity.textmeshpro/Editor Resources/Textures/btn_AlignLeft.psd
  artifactKey: Guid(9288066c33474b94b6ee5465f4df1cc0) Importer(815301076,1909f56bfc062723c751e8b465ee728b)
Start importing Packages/com.unity.textmeshpro/Editor Resources/Textures/btn_AlignLeft.psd using Guid(9288066c33474b94b6ee5465f4df1cc0) Importer(815301076,1909f56bfc062723c751e8b465ee728b)  -> (artifact id: 'd34be907ce737ef0fc479872ebcce924') in 0.081968 seconds 
========================================================================
Received Import Request.
  Time since last request: 0.000017 seconds.
  path: Packages/com.unity.collab-proxy/Editor/PlasticSCM/Assets/Images/d_refresh@2x.png
  artifactKey: Guid(602b72d4617c3694aa94419fc1b68e04) Importer(815301076,1909f56bfc062723c751e8b465ee728b)
Start importing Packages/com.unity.collab-proxy/Editor/PlasticSCM/Assets/Images/d_refresh@2x.png using Guid(602b72d4617c3694aa94419fc1b68e04) Importer(815301076,1909f56bfc062723c751e8b465ee728b)  -> (artifact id: '01b77bf1c35d83a0095c4ea0e141cf0c') in 0.053106 seconds 
========================================================================
Received Import Request.
  Time since last request: 0.000022 seconds.
  path: Packages/com.unity.collab-proxy/Editor/PlasticSCM/Assets/Images/icondeletedremote@2x.png
  artifactKey: Guid(70e3ce8ad01f39248a3ea97a35bcf238) Importer(815301076,1909f56bfc062723c751e8b465ee728b)
Start importing Packages/com.unity.collab-proxy/Editor/PlasticSCM/Assets/Images/icondeletedremote@2x.png using Guid(70e3ce8ad01f39248a3ea97a35bcf238) Importer(815301076,1909f56bfc062723c751e8b465ee728b)  -> (artifact id: 'c7817ae6a99b1a1bf1e5dc377f18c56f') in 0.060088 seconds 
========================================================================
Received Import Request.
  Time since last request: 0.000015 seconds.
  path: Assets/CareXR Med/Sprites/Custom GUI/Buttons/btn_r_back.png
  artifactKey: Guid(813594dfa73fb52459b1d82a0a793746) Importer(815301076,1909f56bfc062723c751e8b465ee728b)
Start importing Assets/CareXR Med/Sprites/Custom GUI/Buttons/btn_r_back.png using Guid(813594dfa73fb52459b1d82a0a793746) Importer(815301076,1909f56bfc062723c751e8b465ee728b)  -> (artifact id: '591a0cc852b6f1329befbc7c130b817d') in 0.019513 seconds 
========================================================================
Received Import Request.
  Time since last request: 0.000023 seconds.
  path: Assets/CareXR Med/Sprites/EMOTIC Icons/Anticipation.png
  artifactKey: Guid(404e6a746e75e9447b0ec33bb7f69de2) Importer(815301076,1909f56bfc062723c751e8b465ee728b)
Start importing Assets/CareXR Med/Sprites/EMOTIC Icons/Anticipation.png using Guid(404e6a746e75e9447b0ec33bb7f69de2) Importer(815301076,1909f56bfc062723c751e8b465ee728b)  -> (artifact id: '95dcc8d8cd1f2fe3b609f741c35913e4') in 0.023711 seconds 
========================================================================
Received Import Request.
  Time since last request: 0.000016 seconds.
  path: Packages/com.unity.timeline/Editor/StyleSheets/Images/Icons/d_TrackMuteButtonEnabled@2x.png
  artifactKey: Guid(e54e20c7a9730fe4c822d63228527ae4) Importer(815301076,1909f56bfc062723c751e8b465ee728b)
Start importing Packages/com.unity.timeline/Editor/StyleSheets/Images/Icons/d_TrackMuteButtonEnabled@2x.png using Guid(e54e20c7a9730fe4c822d63228527ae4) Importer(815301076,1909f56bfc062723c751e8b465ee728b)  -> (artifact id: 'dcc3c9b457b816bb633c00a5d2c7990b') in 0.073811 seconds 
========================================================================
Received Import Request.
  Time since last request: 0.000025 seconds.
  path: Packages/com.unity.collab-proxy/Editor/PlasticSCM/Assets/Images/d_iconplasticnotifyconflict@2x.png
  artifactKey: Guid(23743f0c0ed1e6546808a5d645c2a6a5) Importer(815301076,1909f56bfc062723c751e8b465ee728b)
Start importing Packages/com.unity.collab-proxy/Editor/PlasticSCM/Assets/Images/d_iconplasticnotifyconflict@2x.png using Guid(23743f0c0ed1e6546808a5d645c2a6a5) Importer(815301076,1909f56bfc062723c751e8b465ee728b)  -> (artifact id: '02947ff1b83cedfab0d6f314bac2f3c9') in 0.165838 seconds 
========================================================================
Received Import Request.
  Time since last request: 0.000017 seconds.
  path: Packages/com.unity.textmeshpro/Editor Resources/Textures/btn_AlignCenter.psd
  artifactKey: Guid(81ed8c76d2bc4a4c95d092c98af4e58f) Importer(815301076,1909f56bfc062723c751e8b465ee728b)
Start importing Packages/com.unity.textmeshpro/Editor Resources/Textures/btn_AlignCenter.psd using Guid(81ed8c76d2bc4a4c95d092c98af4e58f) Importer(815301076,1909f56bfc062723c751e8b465ee728b)  -> (artifact id: 'dc32bd895ec7843b107388bee414745b') in 0.073377 seconds 
========================================================================
Received Import Request.
  Time since last request: 0.000017 seconds.
  path: Packages/com.unity.collab-proxy/Editor/PlasticSCM/Assets/Images/d_iconoutofsync@2x.png
  artifactKey: Guid(f82dfc5fc3c5a8f4080a3550427019c8) Importer(815301076,1909f56bfc062723c751e8b465ee728b)
Start importing Packages/com.unity.collab-proxy/Editor/PlasticSCM/Assets/Images/d_iconoutofsync@2x.png using Guid(f82dfc5fc3c5a8f4080a3550427019c8) Importer(815301076,1909f56bfc062723c751e8b465ee728b)  -> (artifact id: '7960c559554bbf072a662da5e65a2289') in 0.064790 seconds 
========================================================================
Received Import Request.
  Time since last request: 0.000021 seconds.
  path: Packages/com.unity.inputsystem/InputSystem/Editor/Icons/ChevronDown@3x.png
  artifactKey: Guid(985cbca1705a64c80b370afdb30b3ee7) Importer(815301076,1909f56bfc062723c751e8b465ee728b)
Start importing Packages/com.unity.inputsystem/InputSystem/Editor/Icons/ChevronDown@3x.png using Guid(985cbca1705a64c80b370afdb30b3ee7) Importer(815301076,1909f56bfc062723c751e8b465ee728b)  -> (artifact id: '30cd2cb3a598c752410399dec9b48f57') in 0.099458 seconds 
========================================================================
Received Import Request.
  Time since last request: 0.000014 seconds.
  path: Packages/com.unity.collab-proxy/Editor/PlasticSCM/Assets/Images/d_iconlockedlocaloverlay@2x.png
  artifactKey: Guid(ae53a7884da90e94eb5dfeab594b746c) Importer(815301076,1909f56bfc062723c751e8b465ee728b)
Start importing Packages/com.unity.collab-proxy/Editor/PlasticSCM/Assets/Images/d_iconlockedlocaloverlay@2x.png using Guid(ae53a7884da90e94eb5dfeab594b746c) Importer(815301076,1909f56bfc062723c751e8b465ee728b)  -> (artifact id: 'd4027ada1ed1f2e9e7d868e181d70380') in 0.082142 seconds 
========================================================================
Received Import Request.
  Time since last request: 0.000015 seconds.
  path: Packages/com.unity.inputsystem/InputSystem/Editor/AssetEditor/Resources/pro/actionTreeBackground.png
  artifactKey: Guid(c4b66e31395c54087a2fbc13ae7e0f3c) Importer(815301076,1909f56bfc062723c751e8b465ee728b)
Start importing Packages/com.unity.inputsystem/InputSystem/Editor/AssetEditor/Resources/pro/actionTreeBackground.png using Guid(c4b66e31395c54087a2fbc13ae7e0f3c) Importer(815301076,1909f56bfc062723c751e8b465ee728b)  -> (artifact id: 'b4af7ac5998aa5fcd092b171943eddf2') in 0.039365 seconds 
========================================================================
Received Import Request.
  Time since last request: 0.000022 seconds.
  path: Packages/com.unity.inputsystem/InputSystem/Editor/Icons/MultiplayerEventSystem@64.png
  artifactKey: Guid(6a237171e2346e3458db37eb0f90d42b) Importer(815301076,1909f56bfc062723c751e8b465ee728b)
Start importing Packages/com.unity.inputsystem/InputSystem/Editor/Icons/MultiplayerEventSystem@64.png using Guid(6a237171e2346e3458db37eb0f90d42b) Importer(815301076,1909f56bfc062723c751e8b465ee728b)  -> (artifact id: '3ae93a651b89b7b31e3254a72fee02cd') in 0.058370 seconds 
========================================================================
Received Import Request.
  Time since last request: 0.000016 seconds.
  path: Assets/SCI-FI GUI Pack/Resources/Sprites/Button/toggle_03_tick_01.png
  artifactKey: Guid(d12c7448f2f67454ab6691199576fb2c) Importer(815301076,1909f56bfc062723c751e8b465ee728b)
Start importing Assets/SCI-FI GUI Pack/Resources/Sprites/Button/toggle_03_tick_01.png using Guid(d12c7448f2f67454ab6691199576fb2c) Importer(815301076,1909f56bfc062723c751e8b465ee728b)  -> (artifact id: '3ec2c15869f32027557ec380f445a0e3') in 0.012113 seconds 
========================================================================
Received Import Request.
  Time since last request: 0.000016 seconds.
  path: Assets/SCI-FI GUI Pack/Resources/Sprites/Button/btn_reverse_01.png
  artifactKey: Guid(0188a3b87e9944abb957ab4426a497e0) Importer(815301076,1909f56bfc062723c751e8b465ee728b)
Start importing Assets/SCI-FI GUI Pack/Resources/Sprites/Button/btn_reverse_01.png using Guid(0188a3b87e9944abb957ab4426a497e0) Importer(815301076,1909f56bfc062723c751e8b465ee728b)  -> (artifact id: '57dc57a0b7d2092bd3379d4c5e6247ca') in 0.016696 seconds 
========================================================================
Received Import Request.
  Time since last request: 0.000019 seconds.
  path: Packages/com.unity.inputsystem/InputSystem/Editor/Icons/d_Interactive Binding@2x.png
  artifactKey: Guid(3b78dc1763429489c9a1c70faf4f9a0e) Importer(815301076,1909f56bfc062723c751e8b465ee728b)
Start importing Packages/com.unity.inputsystem/InputSystem/Editor/Icons/d_Interactive Binding@2x.png using Guid(3b78dc1763429489c9a1c70faf4f9a0e) Importer(815301076,1909f56bfc062723c751e8b465ee728b)  -> (artifact id: '5ecd1414e7a88082bc0c3eb50aef6e64') in 0.086994 seconds 
========================================================================
Received Import Request.
  Time since last request: 0.000015 seconds.
  path: Assets/SCI-FI GUI Pack/Resources/Sprites/Button/btn_next_02.png
  artifactKey: Guid(b870670da4c6849508e01a989489617c) Importer(815301076,1909f56bfc062723c751e8b465ee728b)
Start importing Assets/SCI-FI GUI Pack/Resources/Sprites/Button/btn_next_02.png using Guid(b870670da4c6849508e01a989489617c) Importer(815301076,1909f56bfc062723c751e8b465ee728b)  -> (artifact id: '20700148d2c11fd16e592b26bd6e7bf4') in 0.016857 seconds 
========================================================================
Received Import Request.
  Time since last request: 0.000021 seconds.
  path: Packages/com.unity.timeline/Editor/StyleSheets/Images/Icons/d_TrackAvatarButtonEnabled@2x.png
  artifactKey: Guid(fd12dbe3b63ae464f824b4a74c0e1766) Importer(815301076,1909f56bfc062723c751e8b465ee728b)
Start importing Packages/com.unity.timeline/Editor/StyleSheets/Images/Icons/d_TrackAvatarButtonEnabled@2x.png using Guid(fd12dbe3b63ae464f824b4a74c0e1766) Importer(815301076,1909f56bfc062723c751e8b465ee728b)  -> (artifact id: '8b661764651401fc32385fde486d62b2') in 0.250855 seconds 
========================================================================
Received Import Request.
  Time since last request: 0.000016 seconds.
  path: Packages/com.unity.inputsystem/InputSystem/Editor/Icons/Orientation@3x.png
  artifactKey: Guid(5f09d534eb1414449a2758696bd4dd11) Importer(815301076,1909f56bfc062723c751e8b465ee728b)
Start importing Packages/com.unity.inputsystem/InputSystem/Editor/Icons/Orientation@3x.png using Guid(5f09d534eb1414449a2758696bd4dd11) Importer(815301076,1909f56bfc062723c751e8b465ee728b)  -> (artifact id: '3f1a76cd6ff0af2a51f36c9e2d4e015d') in 0.243141 seconds 
========================================================================
Received Import Request.
  Time since last request: 0.000029 seconds.
  path: Assets/SCI-FI GUI Pack/Resources/Sprites/Button/btn_pause_01.png
  artifactKey: Guid(25f77ad4c231e4ab8a90675f370af750) Importer(815301076,1909f56bfc062723c751e8b465ee728b)
Start importing Assets/SCI-FI GUI Pack/Resources/Sprites/Button/btn_pause_01.png using Guid(25f77ad4c231e4ab8a90675f370af750) Importer(815301076,1909f56bfc062723c751e8b465ee728b)  -> (artifact id: '826a8e1aa8d389ea3108f2e2c3abb453') in 0.017288 seconds 
========================================================================
Received Import Request.
  Time since last request: 0.000012 seconds.
  path: Assets/SCI-FI GUI Pack/Resources/Sprites/Deco/ico_point_03.png
  artifactKey: Guid(1bf116ba66b3b4ebd981bc49cf83ffff) Importer(815301076,1909f56bfc062723c751e8b465ee728b)
Start importing Assets/SCI-FI GUI Pack/Resources/Sprites/Deco/ico_point_03.png using Guid(1bf116ba66b3b4ebd981bc49cf83ffff) Importer(815301076,1909f56bfc062723c751e8b465ee728b)  -> (artifact id: '6186f730ee4f3d7ee0b9c29a6d31b7ff') in 0.013981 seconds 
========================================================================
Received Import Request.
  Time since last request: 0.000016 seconds.
  path: Packages/com.unity.probuilder/Content/Icons/Toolbar/Background/Circle-22px_Pressed_Light.png
  artifactKey: Guid(c8faeb7c7f067c34fbb5fe21fcf640c1) Importer(815301076,1909f56bfc062723c751e8b465ee728b)
Start importing Packages/com.unity.probuilder/Content/Icons/Toolbar/Background/Circle-22px_Pressed_Light.png using Guid(c8faeb7c7f067c34fbb5fe21fcf640c1) Importer(815301076,1909f56bfc062723c751e8b465ee728b)  -> (artifact id: '2fe2d2ae28fe641386046490c28723c9') in 0.141079 seconds 
========================================================================
Received Import Request.
  Time since last request: 0.000021 seconds.
  path: Assets/SCI-FI GUI Pack/Resources/Sprites/Button/btn_close_01.png
  artifactKey: Guid(7b41d68ce94f24db29789bd2fb8a1b19) Importer(815301076,1909f56bfc062723c751e8b465ee728b)
Start importing Assets/SCI-FI GUI Pack/Resources/Sprites/Button/btn_close_01.png using Guid(7b41d68ce94f24db29789bd2fb8a1b19) Importer(815301076,1909f56bfc062723c751e8b465ee728b)  -> (artifact id: '2809d1711f8291fcbea92d39e1f15aa3') in 0.018204 seconds 
========================================================================
Received Import Request.
  Time since last request: 0.000014 seconds.
  path: Assets/SCI-FI GUI Pack/Resources/Sprites/Button/btn_forward_01.png
  artifactKey: Guid(6eafab43331dc4dfa9c7800faa751cd8) Importer(815301076,1909f56bfc062723c751e8b465ee728b)
Start importing Assets/SCI-FI GUI Pack/Resources/Sprites/Button/btn_forward_01.png using Guid(6eafab43331dc4dfa9c7800faa751cd8) Importer(815301076,1909f56bfc062723c751e8b465ee728b)  -> (artifact id: '62eaf26c61d76c8be53c280561f0f6f1') in 0.016011 seconds 
========================================================================
Received Import Request.
  Time since last request: 0.000017 seconds.
  path: Assets/SCI-FI GUI Pack/Resources/Sprites/Deco/ico_point_04.png
  artifactKey: Guid(ecb93f7ff63ca44458f9f63c5c79bc69) Importer(815301076,1909f56bfc062723c751e8b465ee728b)
Start importing Assets/SCI-FI GUI Pack/Resources/Sprites/Deco/ico_point_04.png using Guid(ecb93f7ff63ca44458f9f63c5c79bc69) Importer(815301076,1909f56bfc062723c751e8b465ee728b)  -> (artifact id: 'ba62707dd1143e4aafeaf0235e3f10a2') in 0.014237 seconds 
========================================================================
Received Import Request.
  Time since last request: 0.000019 seconds.
  path: Packages/com.unity.collab-proxy/Editor/PlasticSCM/Assets/Images/d_stepok@2x.png
  artifactKey: Guid(3494dc956dfd7174abc07060940a2848) Importer(815301076,1909f56bfc062723c751e8b465ee728b)
Start importing Packages/com.unity.collab-proxy/Editor/PlasticSCM/Assets/Images/d_stepok@2x.png using Guid(3494dc956dfd7174abc07060940a2848) Importer(815301076,1909f56bfc062723c751e8b465ee728b)  -> (artifact id: 'f1efa246d8892ecbd1c70f6c08e8fdb5') in 0.114546 seconds 
========================================================================
Received Import Request.
  Time since last request: 0.000016 seconds.
  path: Packages/com.unity.collab-proxy/Editor/PlasticSCM/Assets/Images/d_icondeletedremote@2x.png
  artifactKey: Guid(626b9cddb29049e4cac50cd87b419945) Importer(815301076,1909f56bfc062723c751e8b465ee728b)
Start importing Packages/com.unity.collab-proxy/Editor/PlasticSCM/Assets/Images/d_icondeletedremote@2x.png using Guid(626b9cddb29049e4cac50cd87b419945) Importer(815301076,1909f56bfc062723c751e8b465ee728b)  -> (artifact id: 'fb1a3c5cea4e51e4804fb4c54ae607a3') in 0.059810 seconds 
========================================================================
Received Import Request.
  Time since last request: 0.000020 seconds.
  path: Packages/com.unity.inputsystem/InputSystem/Editor/Icons/d_Mouse@2x.png
  artifactKey: Guid(daa9ba527d8a34b218224b8287ce11d3) Importer(815301076,1909f56bfc062723c751e8b465ee728b)
Start importing Packages/com.unity.inputsystem/InputSystem/Editor/Icons/d_Mouse@2x.png using Guid(daa9ba527d8a34b218224b8287ce11d3) Importer(815301076,1909f56bfc062723c751e8b465ee728b)  -> (artifact id: 'ada4db539c4badea862a97028476b841') in 0.076339 seconds 
========================================================================
Received Import Request.
  Time since last request: 0.000013 seconds.
  path: Packages/com.unity.collab-proxy/Editor/PlasticSCM/Assets/Images/step3.png
  artifactKey: Guid(69899ed144c8eea4baea48b858b37746) Importer(815301076,1909f56bfc062723c751e8b465ee728b)
Start importing Packages/com.unity.collab-proxy/Editor/PlasticSCM/Assets/Images/step3.png using Guid(69899ed144c8eea4baea48b858b37746) Importer(815301076,1909f56bfc062723c751e8b465ee728b)  -> (artifact id: '4103ce2bc045930a60840ba66bbb18bc') in 0.221937 seconds 
========================================================================
Received Import Request.
  Time since last request: 0.000015 seconds.
  path: Assets/SCI-FI GUI Pack/Resources/Sprites/Button/btn_close_02.png
  artifactKey: Guid(fff19afad3f344f89b1e0c4329074588) Importer(815301076,1909f56bfc062723c751e8b465ee728b)
Start importing Assets/SCI-FI GUI Pack/Resources/Sprites/Button/btn_close_02.png using Guid(fff19afad3f344f89b1e0c4329074588) Importer(815301076,1909f56bfc062723c751e8b465ee728b)  -> (artifact id: 'ae835884e30fea118e0cf8eb6dbc436a') in 0.017808 seconds 
========================================================================
Received Import Request.
  Time since last request: 0.000024 seconds.
  path: Assets/CareXR Med/Sprites/Custom GUI/Popups/popup06_h183.56.png
  artifactKey: Guid(2be3e9a686262204ca7db023867b9baa) Importer(815301076,1909f56bfc062723c751e8b465ee728b)
Start importing Assets/CareXR Med/Sprites/Custom GUI/Popups/popup06_h183.56.png using Guid(2be3e9a686262204ca7db023867b9baa) Importer(815301076,1909f56bfc062723c751e8b465ee728b)  -> (artifact id: '2d280ce79ec4a33d92ecf547d8975012') in 0.170426 seconds 
========================================================================
Received Import Request.
  Time since last request: 0.000017 seconds.
  path: Assets/SCI-FI GUI Pack/Resources/Sprites/Button/btn_default_02.png
  artifactKey: Guid(1d9225a6188a54d2a86a289194d89b5e) Importer(815301076,1909f56bfc062723c751e8b465ee728b)
Start importing Assets/SCI-FI GUI Pack/Resources/Sprites/Button/btn_default_02.png using Guid(1d9225a6188a54d2a86a289194d89b5e) Importer(815301076,1909f56bfc062723c751e8b465ee728b)  -> (artifact id: 'ec621ae84f340e41664abbb2974077de') in 0.016817 seconds 
========================================================================
Received Import Request.
  Time since last request: 0.000015 seconds.
  path: Packages/com.unity.probuilder/Content/Icons/Toolbar/Bezier_Aligned.png
  artifactKey: Guid(bf4846dc2a1a844a29268dbc71f1c454) Importer(815301076,1909f56bfc062723c751e8b465ee728b)
Start importing Packages/com.unity.probuilder/Content/Icons/Toolbar/Bezier_Aligned.png using Guid(bf4846dc2a1a844a29268dbc71f1c454) Importer(815301076,1909f56bfc062723c751e8b465ee728b)  -> (artifact id: '3bacafaf38dd0119aa18cff1cd7ab8e1') in 0.207784 seconds 
========================================================================
Received Import Request.
  Time since last request: 0.000020 seconds.
  path: Packages/com.unity.probuilder/Content/Icons/Tools/ShapeTool/on/Cone@2x.png
  artifactKey: Guid(41c17137b868e304685fe67fcc14947e) Importer(815301076,1909f56bfc062723c751e8b465ee728b)
Start importing Packages/com.unity.probuilder/Content/Icons/Tools/ShapeTool/on/Cone@2x.png using Guid(41c17137b868e304685fe67fcc14947e) Importer(815301076,1909f56bfc062723c751e8b465ee728b)  -> (artifact id: 'dfd89be994fcc54e9c8ed14e27907744') in 0.114435 seconds 
========================================================================
Received Prepare
Refreshing native plugins compatible for Editor in 45.31 ms, found 26 plugins.
Preloading 1 native plugins for Editor in 0.03 ms.
Unloading 248 Unused Serialized files (Serialized files now loaded: 0)
Unloading 248 unused Assets / (176.0 KB). Loaded Objects now: 7168.
Memory consumption went from 135.9 MB to 135.8 MB.
Total: 3.820400 ms (FindLiveObjects: 0.481400 ms CreateObjectMapping: 0.531100 ms MarkObjects: 2.663900 ms  DeleteObjects: 0.143400 ms)

AssetImportParameters requested are different than current active one (requested -> active):
  custom:video-decoder-ogg-theora: a1e56fd34408186e4bbccfd4996cb3dc -> 
  custom:container-muxer-webm: aa71ff27fc2769a1b78a27578f13a17b -> 
  custom:container-demuxer-webm: 4f35f7cbe854078d1ac9338744f61a02 -> 
  custom:video-encoder-webm-vp8: eb34c28f22e8b96e1ab97ce403110664 -> 
  custom:audio-encoder-webm-vorbis: bf7c407c2cedff20999df2af8eb42d56 -> 
  custom:framework-win-MediaFoundation: 216162199b28c13a410421893ffa2e32 -> 
  custom:container-demuxer-ogg: 62fdf1f143b41e24485cea50d1cbac27 -> 
  custom:video-decoder-webm-vp8: 9c59270c3fd7afecdb556c50c9e8de78 -> 
  custom:audio-decoder-ogg-vorbis: bf7c407c2cedff20999df2af8eb42d56 -> 
========================================================================
Received Prepare
Refreshing native plugins compatible for Editor in 41.33 ms, found 26 plugins.
Preloading 1 native plugins for Editor in 0.03 ms.
Unloading 248 Unused Serialized files (Serialized files now loaded: 0)
Unloading 248 unused Assets / (183.5 KB). Loaded Objects now: 7168.
Memory consumption went from 135.9 MB to 135.8 MB.
Total: 4.525800 ms (FindLiveObjects: 0.483200 ms CreateObjectMapping: 0.524200 ms MarkObjects: 3.364900 ms  DeleteObjects: 0.153100 ms)

AssetImportParameters requested are different than current active one (requested -> active):
  custom:video-decoder-ogg-theora: a1e56fd34408186e4bbccfd4996cb3dc -> 
  custom:container-muxer-webm: aa71ff27fc2769a1b78a27578f13a17b -> 
  custom:container-demuxer-webm: 4f35f7cbe854078d1ac9338744f61a02 -> 
  custom:video-encoder-webm-vp8: eb34c28f22e8b96e1ab97ce403110664 -> 
  custom:audio-encoder-webm-vorbis: bf7c407c2cedff20999df2af8eb42d56 -> 
  custom:framework-win-MediaFoundation: 216162199b28c13a410421893ffa2e32 -> 
  custom:container-demuxer-ogg: 62fdf1f143b41e24485cea50d1cbac27 -> 
  custom:video-decoder-webm-vp8: 9c59270c3fd7afecdb556c50c9e8de78 -> 
  custom:audio-decoder-ogg-vorbis: bf7c407c2cedff20999df2af8eb42d56 -> 
========================================================================
Received Prepare
Refreshing native plugins compatible for Editor in 41.93 ms, found 26 plugins.
Preloading 1 native plugins for Editor in 0.03 ms.
Unloading 248 Unused Serialized files (Serialized files now loaded: 0)
Unloading 248 unused Assets / (175.9 KB). Loaded Objects now: 7168.
Memory consumption went from 135.9 MB to 135.8 MB.
Total: 4.972100 ms (FindLiveObjects: 0.499400 ms CreateObjectMapping: 0.563500 ms MarkObjects: 3.735900 ms  DeleteObjects: 0.172600 ms)

AssetImportParameters requested are different than current active one (requested -> active):
  custom:video-decoder-ogg-theora: a1e56fd34408186e4bbccfd4996cb3dc -> 
  custom:container-muxer-webm: aa71ff27fc2769a1b78a27578f13a17b -> 
  custom:container-demuxer-webm: 4f35f7cbe854078d1ac9338744f61a02 -> 
  custom:video-encoder-webm-vp8: eb34c28f22e8b96e1ab97ce403110664 -> 
  custom:audio-encoder-webm-vorbis: bf7c407c2cedff20999df2af8eb42d56 -> 
  custom:framework-win-MediaFoundation: 216162199b28c13a410421893ffa2e32 -> 
  custom:container-demuxer-ogg: 62fdf1f143b41e24485cea50d1cbac27 -> 
  custom:video-decoder-webm-vp8: 9c59270c3fd7afecdb556c50c9e8de78 -> 
  custom:audio-decoder-ogg-vorbis: bf7c407c2cedff20999df2af8eb42d56 -> 
