Using pre-set license
Built from '2021.3/staging' branch; Version is '2021.3.16f1 (4016570cf34f) revision 4200023'; Using compiler version '192829333'; Build Type 'Release'
OS: 'Windows 10  (10.0.19044) 64bit Core' Language: 'en' Physical Memory: 32678 MB
BatchMode: 1, IsHumanControllingUs: 0, StartBugReporterOnCrash: 0, Is64bit: 1, IsPro: 1

COMMAND LINE ARGUMENTS:
C:\Program Files (x86)\ProjetoIntegrado_Multimedia_AndreMoreira\Unity Editors\2021.3.16f1\Editor\Unity.exe
-adb2
-batchMode
-noUpm
-name
AssetImportWorker7
-projectPath
D:/PC/Desktop/IP/Rep/MR_M
-logFile
Logs/AssetImportWorker7.log
-srvPort
52355
Successfully changed project path to: D:/PC/Desktop/IP/Rep/MR_M
D:/PC/Desktop/IP/Rep/MR_M
[UnityMemory] Configuration Parameters - Can be set up in boot.config
    "memorysetup-bucket-allocator-granularity=16"
    "memorysetup-bucket-allocator-bucket-count=8"
    "memorysetup-bucket-allocator-block-size=33554432"
    "memorysetup-bucket-allocator-block-count=8"
    "memorysetup-main-allocator-block-size=16777216"
    "memorysetup-thread-allocator-block-size=16777216"
    "memorysetup-gfx-main-allocator-block-size=16777216"
    "memorysetup-gfx-thread-allocator-block-size=16777216"
    "memorysetup-cache-allocator-block-size=4194304"
    "memorysetup-typetree-allocator-block-size=2097152"
    "memorysetup-profiler-bucket-allocator-granularity=16"
    "memorysetup-profiler-bucket-allocator-bucket-count=8"
    "memorysetup-profiler-bucket-allocator-block-size=33554432"
    "memorysetup-profiler-bucket-allocator-block-count=8"
    "memorysetup-profiler-allocator-block-size=16777216"
    "memorysetup-profiler-editor-allocator-block-size=1048576"
    "memorysetup-temp-allocator-size-main=16777216"
    "memorysetup-job-temp-allocator-block-size=2097152"
    "memorysetup-job-temp-allocator-block-size-background=1048576"
    "memorysetup-job-temp-allocator-reduction-small-platforms=262144"
    "memorysetup-temp-allocator-size-background-worker=32768"
    "memorysetup-temp-allocator-size-job-worker=262144"
    "memorysetup-temp-allocator-size-preload-manager=33554432"
    "memorysetup-temp-allocator-size-nav-mesh-worker=65536"
    "memorysetup-temp-allocator-size-audio-worker=65536"
    "memorysetup-temp-allocator-size-cloud-worker=32768"
    "memorysetup-temp-allocator-size-gi-baking-worker=262144"
    "memorysetup-temp-allocator-size-gfx=262144"
Player connection [33576] Host "[IP] 172.17.2.209 [Port] 0 [Flags] 2 [Guid] 212036352 [EditorId] 212036352 [Version] 1048832 [Id] WindowsEditor(7,GreenHealth) [Debug] 1 [PackageName] WindowsEditor [ProjectName] Editor" joined multi-casting on [225.0.0.222:54997]...

Player connection [33576] Host "[IP] 172.17.2.209 [Port] 0 [Flags] 2 [Guid] 212036352 [EditorId] 212036352 [Version] 1048832 [Id] WindowsEditor(7,GreenHealth) [Debug] 1 [PackageName] WindowsEditor [ProjectName] Editor" joined alternative multi-casting on [225.0.0.222:34997]...

Refreshing native plugins compatible for Editor in 153.35 ms, found 26 plugins.
Preloading 1 native plugins for Editor in 4.08 ms.
Initialize engine version: 2021.3.16f1 (4016570cf34f)
[Subsystems] Discovering subsystems at path C:/Program Files (x86)/ProjetoIntegrado_Multimedia_AndreMoreira/Unity Editors/2021.3.16f1/Editor/Data/Resources/UnitySubsystems
[Subsystems] Discovering subsystems at path D:/PC/Desktop/IP/Rep/MR_M/Assets
GfxDevice: creating device client; threaded=0; jobified=0
Direct3D:
    Version:  Direct3D 11.0 [level 11.1]
    Renderer: NVIDIA GeForce RTX 2070 SUPER (ID=0x1e84)
    Vendor:   NVIDIA
    VRAM:     8011 MB
    Driver:   27.21.14.6192
Initialize mono
Mono path[0] = 'C:/Program Files (x86)/ProjetoIntegrado_Multimedia_AndreMoreira/Unity Editors/2021.3.16f1/Editor/Data/Managed'
Mono path[1] = 'C:/Program Files (x86)/ProjetoIntegrado_Multimedia_AndreMoreira/Unity Editors/2021.3.16f1/Editor/Data/MonoBleedingEdge/lib/mono/unityjit-win32'
Mono config path = 'C:/Program Files (x86)/ProjetoIntegrado_Multimedia_AndreMoreira/Unity Editors/2021.3.16f1/Editor/Data/MonoBleedingEdge/etc'
Using monoOptions --debugger-agent=transport=dt_socket,embedding=1,server=y,suspend=n,address=127.0.0.1:56028
Begin MonoManager ReloadAssembly
Registering precompiled unity dll's ...
Register platform support module: C:/Program Files (x86)/ProjetoIntegrado_Multimedia_AndreMoreira/Unity Editors/2021.3.16f1/Editor/Data/PlaybackEngines/AndroidPlayer/UnityEditor.Android.Extensions.dll
Register platform support module: C:/Program Files (x86)/ProjetoIntegrado_Multimedia_AndreMoreira/Unity Editors/2021.3.16f1/Editor/Data/PlaybackEngines/WindowsStandaloneSupport/UnityEditor.WindowsStandalone.Extensions.dll
Register platform support module: C:/Program Files (x86)/ProjetoIntegrado_Multimedia_AndreMoreira/Unity Editors/2021.3.16f1/Editor/Data/PlaybackEngines/MetroSupport/UnityEditor.UWP.Extensions.dll
Registered in 0.007853 seconds.
Native extension for UWP target not found
Native extension for WindowsStandalone target not found
Native extension for Android target not found
Refreshing native plugins compatible for Editor in 110.48 ms, found 26 plugins.
Preloading 1 native plugins for Editor in 0.13 ms.
Mono: successfully reloaded assembly
- Completed reload, in  0.619 seconds
Domain Reload Profiling:
	ReloadAssembly (619ms)
		BeginReloadAssembly (64ms)
			ExecutionOrderSort (0ms)
			DisableScriptedObjects (0ms)
			BackupInstance (0ms)
			ReleaseScriptingObjects (0ms)
			CreateAndSetChildDomain (1ms)
		EndReloadAssembly (459ms)
			LoadAssemblies (62ms)
			RebuildTransferFunctionScriptingTraits (0ms)
			SetupTypeCache (95ms)
			ReleaseScriptCaches (0ms)
			RebuildScriptCaches (26ms)
			SetupLoadedEditorAssemblies (284ms)
				LogAssemblyErrors (0ms)
				InitializePlatformSupportModulesInManaged (53ms)
				SetLoadedEditorAssemblies (0ms)
				RefreshPlugins (111ms)
				BeforeProcessingInitializeOnLoad (1ms)
				ProcessInitializeOnLoadAttributes (82ms)
				ProcessInitializeOnLoadMethodAttributes (37ms)
				AfterProcessingInitializeOnLoad (0ms)
				EditorAssembliesLoaded (0ms)
			ExecutionOrderSort2 (0ms)
			AwakeInstancesAfterBackupRestoration (0ms)
Platform modules already initialized, skipping
Registering precompiled user dll's ...
Registered in 0.018122 seconds.
Begin MonoManager ReloadAssembly
Native extension for UWP target not found
Native extension for WindowsStandalone target not found
Native extension for Android target not found
Refreshing native plugins compatible for Editor in 105.85 ms, found 26 plugins.
Preloading 1 native plugins for Editor in 0.03 ms.
DisplayProgressbar: Restoring NuGet Packages
Added DLL directory D:\PC\Desktop\IP\Rep\MR_M\Assets\Packages\Microsoft.VCRTForwarders.140.1.0.7\Unity\x64 to the user search path.
UnityEngine.StackTraceUtility:ExtractStackTrace ()
UnityEngine.DebugLogHandler:LogFormat (UnityEngine.LogType,UnityEngine.Object,string,object[])
UnityEngine.Logger:Log (UnityEngine.LogType,object)
UnityEngine.Debug:Log (object)
InitVCRTForwarders:.cctor () (at Assets/Packages/Microsoft.VCRTForwarders.140.1.0.7/Unity/Editor/InitVCRTForwarders.cs:53)
System.Runtime.CompilerServices.RuntimeHelpers:RunClassConstructor (System.RuntimeTypeHandle)
UnityEditor.EditorAssemblies:ProcessInitializeOnLoadAttributes (System.Type[])

(Filename: Assets/Packages/Microsoft.VCRTForwarders.140.1.0.7/Unity/Editor/InitVCRTForwarders.cs Line: 53)

Package Manager log level set to [2]
Added DLL directory D:\PC\Desktop\IP\Rep\MR_M\Assets\Packages\Microsoft.MixedReality.QR.0.5.3037\Unity\x64 to the user search path.
UnityEngine.StackTraceUtility:ExtractStackTrace ()
UnityEngine.DebugLogHandler:LogFormat (UnityEngine.LogType,UnityEngine.Object,string,object[])
UnityEngine.Logger:Log (UnityEngine.LogType,object)
UnityEngine.Debug:Log (object)
Microsoft.MixedReality.QR.Init:.cctor () (at Assets/Packages/Microsoft.MixedReality.QR.0.5.3037/Unity/Editor/Microsoft.MixedReality.QR.Init.cs:60)
System.Runtime.CompilerServices.RuntimeHelpers:RunClassConstructor (System.RuntimeTypeHandle)
UnityEditor.EditorAssemblies:ProcessInitializeOnLoadAttributes (System.Type[])

(Filename: Assets/Packages/Microsoft.MixedReality.QR.0.5.3037/Unity/Editor/Microsoft.MixedReality.QR.Init.cs Line: 60)

[XR] [MROpenXR][Info   ][15:51:41.503585][tid:8328] MeshProvider_RegisterLifecycleProvider
[XR] [MROpenXR][Info   ][15:51:41.503665][tid:8328] InputProvider_RegisterLifecycleProvider
[XR] Error loading subsystem: Display (1) (header mismatch?)
[XR] [MROpenXR][Info   ][15:51:41.504754][tid:8328] OnPluginStarted UnityVersion=2021.3.16f1 OpenXRPluginVersion=1.5.3 MROpenXRPluginVersion=1.7.0.0 PartA_PrivTags=33554432
Mono: successfully reloaded assembly
- Completed reload, in  2.051 seconds
Domain Reload Profiling:
	ReloadAssembly (2052ms)
		BeginReloadAssembly (198ms)
			ExecutionOrderSort (0ms)
			DisableScriptedObjects (5ms)
			BackupInstance (0ms)
			ReleaseScriptingObjects (0ms)
			CreateAndSetChildDomain (117ms)
		EndReloadAssembly (1755ms)
			LoadAssemblies (86ms)
			RebuildTransferFunctionScriptingTraits (0ms)
			SetupTypeCache (270ms)
			ReleaseScriptCaches (1ms)
			RebuildScriptCaches (78ms)
			SetupLoadedEditorAssemblies (1277ms)
				LogAssemblyErrors (0ms)
				InitializePlatformSupportModulesInManaged (13ms)
				SetLoadedEditorAssemblies (0ms)
				RefreshPlugins (106ms)
				BeforeProcessingInitializeOnLoad (108ms)
				ProcessInitializeOnLoadAttributes (986ms)
				ProcessInitializeOnLoadMethodAttributes (55ms)
				AfterProcessingInitializeOnLoad (8ms)
				EditorAssembliesLoaded (0ms)
			ExecutionOrderSort2 (0ms)
			AwakeInstancesAfterBackupRestoration (4ms)
Platform modules already initialized, skipping
========================================================================
Worker process is ready to serve import requests
Launched and connected shader compiler UnityShaderCompiler.exe after 0.03 seconds
Refreshing native plugins compatible for Editor in 2.16 ms, found 26 plugins.
Preloading 1 native plugins for Editor in 0.03 ms.
Unloading 7048 Unused Serialized files (Serialized files now loaded: 0)
Unloading 417 unused Assets / (232.5 KB). Loaded Objects now: 7355.
Memory consumption went from 274.8 MB to 274.5 MB.
Total: 4.378400 ms (FindLiveObjects: 0.772900 ms CreateObjectMapping: 0.603000 ms MarkObjects: 2.705700 ms  DeleteObjects: 0.295900 ms)

AssetImportParameters requested are different than current active one (requested -> active):
  custom:video-decoder-ogg-theora: a1e56fd34408186e4bbccfd4996cb3dc -> 
  custom:container-muxer-webm: aa71ff27fc2769a1b78a27578f13a17b -> 
  custom:container-demuxer-webm: 4f35f7cbe854078d1ac9338744f61a02 -> 
  custom:video-encoder-webm-vp8: eb34c28f22e8b96e1ab97ce403110664 -> 
  custom:audio-encoder-webm-vorbis: bf7c407c2cedff20999df2af8eb42d56 -> 
  custom:framework-win-MediaFoundation: 216162199b28c13a410421893ffa2e32 -> 
  custom:container-demuxer-ogg: 62fdf1f143b41e24485cea50d1cbac27 -> 
  custom:video-decoder-webm-vp8: 9c59270c3fd7afecdb556c50c9e8de78 -> 
  custom:audio-decoder-ogg-vorbis: bf7c407c2cedff20999df2af8eb42d56 -> 
========================================================================
Received Import Request.
  Time since last request: 22226.330745 seconds.
  path: Assets/UnityProject/Sprites/Custom GUI/Popups/popup10_2.10.png
  artifactKey: Guid(0979c0ac2d23ea94fa430f0cc5ed19de) Importer(815301076,1909f56bfc062723c751e8b465ee728b)
Start importing Assets/UnityProject/Sprites/Custom GUI/Popups/popup10_2.10.png using Guid(0979c0ac2d23ea94fa430f0cc5ed19de) Importer(815301076,1909f56bfc062723c751e8b465ee728b)  -> (artifact id: 'a28503b66373cd75870b3c60b9dfad17') in 0.109598 seconds 
========================================================================
Received Import Request.
  Time since last request: 0.000024 seconds.
  path: Assets/UnityProject/Sprites/Custom GUI/Popups/popup10_6.10.png
  artifactKey: Guid(46524998ff166ae448897c9099421a7a) Importer(815301076,1909f56bfc062723c751e8b465ee728b)
Start importing Assets/UnityProject/Sprites/Custom GUI/Popups/popup10_6.10.png using Guid(46524998ff166ae448897c9099421a7a) Importer(815301076,1909f56bfc062723c751e8b465ee728b)  -> (artifact id: '95c528a61734b0c9ce73c9197bec8ed8') in 0.016961 seconds 
========================================================================
Received Import Request.
  Time since last request: 0.000025 seconds.
  path: Assets/UnityProject/Sprites/Custom GUI/Popups/popup10_7.10.png
  artifactKey: Guid(fef3fcefbb1506a45b2f92278557ffa6) Importer(815301076,1909f56bfc062723c751e8b465ee728b)
Start importing Assets/UnityProject/Sprites/Custom GUI/Popups/popup10_7.10.png using Guid(fef3fcefbb1506a45b2f92278557ffa6) Importer(815301076,1909f56bfc062723c751e8b465ee728b)  -> (artifact id: 'a034b95697d01675d402719edf6eb129') in 0.011397 seconds 
========================================================================
Received Import Request.
  Time since last request: 0.000025 seconds.
  path: Assets/UnityProject/Sprites/Custom GUI/Popups/popup10_10.10.png
  artifactKey: Guid(982bba82aed3c024e88f2cd733339948) Importer(815301076,1909f56bfc062723c751e8b465ee728b)
Start importing Assets/UnityProject/Sprites/Custom GUI/Popups/popup10_10.10.png using Guid(982bba82aed3c024e88f2cd733339948) Importer(815301076,1909f56bfc062723c751e8b465ee728b)  -> (artifact id: '5dbb3a4df8f16edc3cdf901264b8b90e') in 0.018365 seconds 
========================================================================
Received Import Request.
  Time since last request: 0.000021 seconds.
  path: Assets/UnityProject/Sprites/Custom GUI/Popups/popup10_9.10.png
  artifactKey: Guid(ce59ba58fac29f449bcbda7880ac6647) Importer(815301076,1909f56bfc062723c751e8b465ee728b)
Start importing Assets/UnityProject/Sprites/Custom GUI/Popups/popup10_9.10.png using Guid(ce59ba58fac29f449bcbda7880ac6647) Importer(815301076,1909f56bfc062723c751e8b465ee728b)  -> (artifact id: 'f46b331311f746e062159a3363e419b6') in 0.011908 seconds 
========================================================================
Received Import Request.
  Time since last request: 16.017199 seconds.
  path: Assets/UnityProject/Sprites/Custom GUI/Popups/popup10_4.10.png
  artifactKey: Guid(44fbf0ca15bf2a24ab4d67fb48d69d40) Importer(815301076,1909f56bfc062723c751e8b465ee728b)
Start importing Assets/UnityProject/Sprites/Custom GUI/Popups/popup10_4.10.png using Guid(44fbf0ca15bf2a24ab4d67fb48d69d40) Importer(815301076,1909f56bfc062723c751e8b465ee728b)  -> (artifact id: 'cc61a3ca6e1e8b4f3701a8da9e6a2768') in 0.112755 seconds 
========================================================================
Received Import Request.
  Time since last request: 0.000031 seconds.
  path: Assets/UnityProject/Sprites/Custom GUI/Popups/popup10_7.10.png
  artifactKey: Guid(fef3fcefbb1506a45b2f92278557ffa6) Importer(815301076,1909f56bfc062723c751e8b465ee728b)
Start importing Assets/UnityProject/Sprites/Custom GUI/Popups/popup10_7.10.png using Guid(fef3fcefbb1506a45b2f92278557ffa6) Importer(815301076,1909f56bfc062723c751e8b465ee728b)  -> (artifact id: '5f763df6f83b3716fe7b54ae837d3655') in 0.063382 seconds 
========================================================================
Received Import Request.
  Time since last request: 0.000062 seconds.
  path: Assets/UnityProject/Sprites/Custom GUI/Popups/popup10_5.10.png
  artifactKey: Guid(17ff3f49a831e0c42b3947cda68c2adf) Importer(815301076,1909f56bfc062723c751e8b465ee728b)
Start importing Assets/UnityProject/Sprites/Custom GUI/Popups/popup10_5.10.png using Guid(17ff3f49a831e0c42b3947cda68c2adf) Importer(815301076,1909f56bfc062723c751e8b465ee728b)  -> (artifact id: '2f1ba1cfe265e86a6989c1815e9c1492') in 0.059083 seconds 
========================================================================
Received Import Request.
  Time since last request: 103.138620 seconds.
  path: Assets/UnityProject/Sprites/Custom GUI/Popups/mt_popup10_2.10.mat
  artifactKey: Guid(9c6f9bd175eb2d54d9244f5ee408e294) Importer(815301076,1909f56bfc062723c751e8b465ee728b)
Start importing Assets/UnityProject/Sprites/Custom GUI/Popups/mt_popup10_2.10.mat using Guid(9c6f9bd175eb2d54d9244f5ee408e294) Importer(815301076,1909f56bfc062723c751e8b465ee728b)  -> (artifact id: '12b53c130a5824dd3bda758829f2e967') in 0.039638 seconds 
========================================================================
Received Import Request.
  Time since last request: 0.000027 seconds.
  path: Assets/UnityProject/Sprites/Custom GUI/Popups/mt_popup10_6.10.mat
  artifactKey: Guid(dac8f3bce4de50143b2341b938c9ab4f) Importer(815301076,1909f56bfc062723c751e8b465ee728b)
Start importing Assets/UnityProject/Sprites/Custom GUI/Popups/mt_popup10_6.10.mat using Guid(dac8f3bce4de50143b2341b938c9ab4f) Importer(815301076,1909f56bfc062723c751e8b465ee728b)  -> (artifact id: '21c1d3301e6b51797d20b1437af4ef6e') in 0.011491 seconds 
========================================================================
Received Import Request.
  Time since last request: 0.000028 seconds.
  path: Assets/UnityProject/Sprites/Custom GUI/Popups/mt_popup10_9.10.mat
  artifactKey: Guid(ecef0ed800cbd914a830596c8b9c715c) Importer(815301076,1909f56bfc062723c751e8b465ee728b)
Start importing Assets/UnityProject/Sprites/Custom GUI/Popups/mt_popup10_9.10.mat using Guid(ecef0ed800cbd914a830596c8b9c715c) Importer(815301076,1909f56bfc062723c751e8b465ee728b)  -> (artifact id: 'eb08ad1ee0fbc0ff68275178d6f1023f') in 0.011208 seconds 
========================================================================
Received Import Request.
  Time since last request: 0.000026 seconds.
  path: Assets/UnityProject/Sprites/Custom GUI/Popups/mt_popup10_3.10.mat
  artifactKey: Guid(a01777e4abc63a54d9c4106d0d082591) Importer(815301076,1909f56bfc062723c751e8b465ee728b)
Start importing Assets/UnityProject/Sprites/Custom GUI/Popups/mt_popup10_3.10.mat using Guid(a01777e4abc63a54d9c4106d0d082591) Importer(815301076,1909f56bfc062723c751e8b465ee728b)  -> (artifact id: '4483f2eb5c6ccd92382dc50809f0cf7c') in 0.019936 seconds 
========================================================================
Received Import Request.
  Time since last request: 32.269814 seconds.
  path: Assets/UnityProject/Sprites/Custom GUI/Popups/mt_popup10_4.10.mat
  artifactKey: Guid(a8a7fe96cf8c3264d970ff90b85c0c57) Importer(815301076,1909f56bfc062723c751e8b465ee728b)
Start importing Assets/UnityProject/Sprites/Custom GUI/Popups/mt_popup10_4.10.mat using Guid(a8a7fe96cf8c3264d970ff90b85c0c57) Importer(815301076,1909f56bfc062723c751e8b465ee728b)  -> (artifact id: '478e7f8598a714f5eb69ce275c8c0c2a') in 0.019977 seconds 
========================================================================
Received Import Request.
  Time since last request: 0.000026 seconds.
  path: Assets/UnityProject/Sprites/Custom GUI/Popups/mt_popup10_6.10.mat
  artifactKey: Guid(dac8f3bce4de50143b2341b938c9ab4f) Importer(815301076,1909f56bfc062723c751e8b465ee728b)
Start importing Assets/UnityProject/Sprites/Custom GUI/Popups/mt_popup10_6.10.mat using Guid(dac8f3bce4de50143b2341b938c9ab4f) Importer(815301076,1909f56bfc062723c751e8b465ee728b)  -> (artifact id: '338b19b573d24f1f59f79c0d35cd6d39') in 0.024362 seconds 
========================================================================
Received Import Request.
  Time since last request: 0.000021 seconds.
  path: Assets/UnityProject/Sprites/Custom GUI/Popups/mt_popup10_9.10.mat
  artifactKey: Guid(ecef0ed800cbd914a830596c8b9c715c) Importer(815301076,1909f56bfc062723c751e8b465ee728b)
Start importing Assets/UnityProject/Sprites/Custom GUI/Popups/mt_popup10_9.10.mat using Guid(ecef0ed800cbd914a830596c8b9c715c) Importer(815301076,1909f56bfc062723c751e8b465ee728b)  -> (artifact id: '502f12f42471d55f6c8abc7059e9e6cd') in 0.018630 seconds 
========================================================================
Received Import Request.
  Time since last request: 0.000021 seconds.
  path: Assets/UnityProject/Sprites/Custom GUI/Popups/mt_popup10_10.10.mat
  artifactKey: Guid(74fc2af4b97bfbd41996be2a61f07d46) Importer(815301076,1909f56bfc062723c751e8b465ee728b)
Start importing Assets/UnityProject/Sprites/Custom GUI/Popups/mt_popup10_10.10.mat using Guid(74fc2af4b97bfbd41996be2a61f07d46) Importer(815301076,1909f56bfc062723c751e8b465ee728b)  -> (artifact id: '1414824055fcf55f58360c516410c9e9') in 0.040093 seconds 
========================================================================
Received Import Request.
  Time since last request: 3245.712994 seconds.
  path: Assets/UnityProject/Sprites/Custom GUI/Popups/popup06/popup06_2.8.png
  artifactKey: Guid(3a3e5524a5c446948830b7982330918d) Importer(815301076,1909f56bfc062723c751e8b465ee728b)
Start importing Assets/UnityProject/Sprites/Custom GUI/Popups/popup06/popup06_2.8.png using Guid(3a3e5524a5c446948830b7982330918d) Importer(815301076,1909f56bfc062723c751e8b465ee728b)  -> (artifact id: '44dd33dffb17471f461fd9464916a607') in 0.012860 seconds 
========================================================================
Received Import Request.
  Time since last request: 0.003540 seconds.
  path: Assets/UnityProject/Sprites/Custom GUI/Popups/popup06/popup06_5.8.png
  artifactKey: Guid(0b503000271f3054ea6bae85a65c0945) Importer(815301076,1909f56bfc062723c751e8b465ee728b)
Start importing Assets/UnityProject/Sprites/Custom GUI/Popups/popup06/popup06_5.8.png using Guid(0b503000271f3054ea6bae85a65c0945) Importer(815301076,1909f56bfc062723c751e8b465ee728b)  -> (artifact id: '84a8edb7457aed54b8e1e0cb709e3ffe') in 0.012004 seconds 
========================================================================
Received Import Request.
  Time since last request: 0.000024 seconds.
  path: Assets/UnityProject/Sprites/Custom GUI/Popups/popup06/popup06_8.8.png
  artifactKey: Guid(c725ac982c157724085144d8334a0517) Importer(815301076,1909f56bfc062723c751e8b465ee728b)
Start importing Assets/UnityProject/Sprites/Custom GUI/Popups/popup06/popup06_8.8.png using Guid(c725ac982c157724085144d8334a0517) Importer(815301076,1909f56bfc062723c751e8b465ee728b)  -> (artifact id: '65f6c8afa1bcd4f07fbb2e1ebf40e3a4') in 0.011875 seconds 
========================================================================
Received Import Request.
  Time since last request: 0.000022 seconds.
  path: Assets/UnityProject/Sprites/Custom GUI/Popups/popup06/popup06_7.8.png
  artifactKey: Guid(a324d8dd5be3e094881932fe52d31ee1) Importer(815301076,1909f56bfc062723c751e8b465ee728b)
Start importing Assets/UnityProject/Sprites/Custom GUI/Popups/popup06/popup06_7.8.png using Guid(a324d8dd5be3e094881932fe52d31ee1) Importer(815301076,1909f56bfc062723c751e8b465ee728b)  -> (artifact id: 'b0d8d4835ed366dd8f4e35b565462fa1') in 0.010316 seconds 
========================================================================
Received Import Request.
  Time since last request: 0.000021 seconds.
  path: Assets/UnityProject/Sprites/Custom GUI/Popups/popup06/popup06_3.8.png
  artifactKey: Guid(9a8cd309579da3d4b9216b90ab5f51e0) Importer(815301076,1909f56bfc062723c751e8b465ee728b)
Start importing Assets/UnityProject/Sprites/Custom GUI/Popups/popup06/popup06_3.8.png using Guid(9a8cd309579da3d4b9216b90ab5f51e0) Importer(815301076,1909f56bfc062723c751e8b465ee728b)  -> (artifact id: '00d4abf25a7b1979c035250f9241515c') in 0.010430 seconds 
========================================================================
Received Import Request.
  Time since last request: 14.502932 seconds.
  path: Assets/UnityProject/Sprites/Custom GUI/Popups/popup06/popup06_3.8.png
  artifactKey: Guid(9a8cd309579da3d4b9216b90ab5f51e0) Importer(815301076,1909f56bfc062723c751e8b465ee728b)
Start importing Assets/UnityProject/Sprites/Custom GUI/Popups/popup06/popup06_3.8.png using Guid(9a8cd309579da3d4b9216b90ab5f51e0) Importer(815301076,1909f56bfc062723c751e8b465ee728b)  -> (artifact id: 'bd11a6aff22c8e4fab157ae333022efc') in 0.057413 seconds 
========================================================================
Received Import Request.
  Time since last request: 0.000026 seconds.
  path: Assets/UnityProject/Sprites/Custom GUI/Popups/popup06/popup06_8.8.png
  artifactKey: Guid(c725ac982c157724085144d8334a0517) Importer(815301076,1909f56bfc062723c751e8b465ee728b)
Start importing Assets/UnityProject/Sprites/Custom GUI/Popups/popup06/popup06_8.8.png using Guid(c725ac982c157724085144d8334a0517) Importer(815301076,1909f56bfc062723c751e8b465ee728b)  -> (artifact id: '87a7ba42d103553b8d75479a5bd5163e') in 0.029121 seconds 
========================================================================
Received Import Request.
  Time since last request: 0.000051 seconds.
  path: Assets/UnityProject/Sprites/Custom GUI/Popups/popup06/popup06_7.8.png
  artifactKey: Guid(a324d8dd5be3e094881932fe52d31ee1) Importer(815301076,1909f56bfc062723c751e8b465ee728b)
Start importing Assets/UnityProject/Sprites/Custom GUI/Popups/popup06/popup06_7.8.png using Guid(a324d8dd5be3e094881932fe52d31ee1) Importer(815301076,1909f56bfc062723c751e8b465ee728b)  -> (artifact id: '80623638a4da0552b2df9a2a43d7e1c4') in 0.026228 seconds 
Editor requested this worker to shutdown with reason: Scaling down because of idle timeout
AssetImportWorker is now disconnected from the server
Process exiting
Exiting without the bug reporter. Application will terminate with return code 0