Using pre-set license
Built from '2021.3/staging' branch; Version is '2021.3.16f1 (4016570cf34f) revision 4200023'; Using compiler version '192829333'; Build Type 'Release'
OS: 'Windows 10  (10.0.19044) 64bit Core' Language: 'en' Physical Memory: 32678 MB
BatchMode: 1, IsHumanControllingUs: 0, StartBugReporterOnCrash: 0, Is64bit: 1, IsPro: 1

COMMAND LINE ARGUMENTS:
C:\Program Files (x86)\ProjetoIntegrado_Multimedia_AndreMoreira\Unity Editors\2021.3.16f1\Editor\Unity.exe
-adb2
-batchMode
-noUpm
-name
AssetImportWorker17
-projectPath
D:/PC/Desktop/IP/Rep/MR_M
-logFile
Logs/AssetImportWorker17.log
-srvPort
55265
Successfully changed project path to: D:/PC/Desktop/IP/Rep/MR_M
D:/PC/Desktop/IP/Rep/MR_M
[UnityMemory] Configuration Parameters - Can be set up in boot.config
    "memorysetup-bucket-allocator-granularity=16"
    "memorysetup-bucket-allocator-bucket-count=8"
    "memorysetup-bucket-allocator-block-size=33554432"
    "memorysetup-bucket-allocator-block-count=8"
    "memorysetup-main-allocator-block-size=16777216"
    "memorysetup-thread-allocator-block-size=16777216"
    "memorysetup-gfx-main-allocator-block-size=16777216"
    "memorysetup-gfx-thread-allocator-block-size=16777216"
    "memorysetup-cache-allocator-block-size=4194304"
    "memorysetup-typetree-allocator-block-size=2097152"
    "memorysetup-profiler-bucket-allocator-granularity=16"
    "memorysetup-profiler-bucket-allocator-bucket-count=8"
    "memorysetup-profiler-bucket-allocator-block-size=33554432"
    "memorysetup-profiler-bucket-allocator-block-count=8"
    "memorysetup-profiler-allocator-block-size=16777216"
    "memorysetup-profiler-editor-allocator-block-size=1048576"
    "memorysetup-temp-allocator-size-main=16777216"
    "memorysetup-job-temp-allocator-block-size=2097152"
    "memorysetup-job-temp-allocator-block-size-background=1048576"
    "memorysetup-job-temp-allocator-reduction-small-platforms=262144"
    "memorysetup-temp-allocator-size-background-worker=32768"
    "memorysetup-temp-allocator-size-job-worker=262144"
    "memorysetup-temp-allocator-size-preload-manager=33554432"
    "memorysetup-temp-allocator-size-nav-mesh-worker=65536"
    "memorysetup-temp-allocator-size-audio-worker=65536"
    "memorysetup-temp-allocator-size-cloud-worker=32768"
    "memorysetup-temp-allocator-size-gi-baking-worker=262144"
    "memorysetup-temp-allocator-size-gfx=262144"
Player connection [2392] Host "[IP] 172.17.2.201 [Port] 0 [Flags] 2 [Guid] 2984235040 [EditorId] 2984235040 [Version] 1048832 [Id] WindowsEditor(7,GreenHealth) [Debug] 1 [PackageName] WindowsEditor [ProjectName] Editor" joined multi-casting on [225.0.0.222:54997]...

Player connection [2392] Host "[IP] 172.17.2.201 [Port] 0 [Flags] 2 [Guid] 2984235040 [EditorId] 2984235040 [Version] 1048832 [Id] WindowsEditor(7,GreenHealth) [Debug] 1 [PackageName] WindowsEditor [ProjectName] Editor" joined alternative multi-casting on [225.0.0.222:34997]...

Refreshing native plugins compatible for Editor in 170.00 ms, found 26 plugins.
Preloading 1 native plugins for Editor in 4.19 ms.
Initialize engine version: 2021.3.16f1 (4016570cf34f)
[Subsystems] Discovering subsystems at path C:/Program Files (x86)/ProjetoIntegrado_Multimedia_AndreMoreira/Unity Editors/2021.3.16f1/Editor/Data/Resources/UnitySubsystems
[Subsystems] Discovering subsystems at path D:/PC/Desktop/IP/Rep/MR_M/Assets
GfxDevice: creating device client; threaded=0; jobified=0
Direct3D:
    Version:  Direct3D 11.0 [level 11.1]
    Renderer: NVIDIA GeForce RTX 2070 SUPER (ID=0x1e84)
    Vendor:   NVIDIA
    VRAM:     8011 MB
    Driver:   27.21.14.6192
Initialize mono
Mono path[0] = 'C:/Program Files (x86)/ProjetoIntegrado_Multimedia_AndreMoreira/Unity Editors/2021.3.16f1/Editor/Data/Managed'
Mono path[1] = 'C:/Program Files (x86)/ProjetoIntegrado_Multimedia_AndreMoreira/Unity Editors/2021.3.16f1/Editor/Data/MonoBleedingEdge/lib/mono/unityjit-win32'
Mono config path = 'C:/Program Files (x86)/ProjetoIntegrado_Multimedia_AndreMoreira/Unity Editors/2021.3.16f1/Editor/Data/MonoBleedingEdge/etc'
Using monoOptions --debugger-agent=transport=dt_socket,embedding=1,server=y,suspend=n,address=127.0.0.1:56676
Begin MonoManager ReloadAssembly
Registering precompiled unity dll's ...
Register platform support module: C:/Program Files (x86)/ProjetoIntegrado_Multimedia_AndreMoreira/Unity Editors/2021.3.16f1/Editor/Data/PlaybackEngines/AndroidPlayer/UnityEditor.Android.Extensions.dll
Register platform support module: C:/Program Files (x86)/ProjetoIntegrado_Multimedia_AndreMoreira/Unity Editors/2021.3.16f1/Editor/Data/PlaybackEngines/WindowsStandaloneSupport/UnityEditor.WindowsStandalone.Extensions.dll
Register platform support module: C:/Program Files (x86)/ProjetoIntegrado_Multimedia_AndreMoreira/Unity Editors/2021.3.16f1/Editor/Data/PlaybackEngines/MetroSupport/UnityEditor.UWP.Extensions.dll
Registered in 0.009091 seconds.
Native extension for UWP target not found
Native extension for WindowsStandalone target not found
Native extension for Android target not found
Refreshing native plugins compatible for Editor in 115.20 ms, found 26 plugins.
Preloading 1 native plugins for Editor in 0.15 ms.
Mono: successfully reloaded assembly
- Completed reload, in  0.652 seconds
Domain Reload Profiling:
	ReloadAssembly (652ms)
		BeginReloadAssembly (63ms)
			ExecutionOrderSort (0ms)
			DisableScriptedObjects (0ms)
			BackupInstance (0ms)
			ReleaseScriptingObjects (0ms)
			CreateAndSetChildDomain (1ms)
		EndReloadAssembly (480ms)
			LoadAssemblies (61ms)
			RebuildTransferFunctionScriptingTraits (0ms)
			SetupTypeCache (106ms)
			ReleaseScriptCaches (0ms)
			RebuildScriptCaches (25ms)
			SetupLoadedEditorAssemblies (290ms)
				LogAssemblyErrors (0ms)
				InitializePlatformSupportModulesInManaged (52ms)
				SetLoadedEditorAssemblies (0ms)
				RefreshPlugins (115ms)
				BeforeProcessingInitializeOnLoad (1ms)
				ProcessInitializeOnLoadAttributes (83ms)
				ProcessInitializeOnLoadMethodAttributes (38ms)
				AfterProcessingInitializeOnLoad (0ms)
				EditorAssembliesLoaded (0ms)
			ExecutionOrderSort2 (0ms)
			AwakeInstancesAfterBackupRestoration (0ms)
Platform modules already initialized, skipping
Registering precompiled user dll's ...
Registered in 0.017589 seconds.
Begin MonoManager ReloadAssembly
Native extension for UWP target not found
Native extension for WindowsStandalone target not found
Native extension for Android target not found
Refreshing native plugins compatible for Editor in 108.97 ms, found 26 plugins.
Preloading 1 native plugins for Editor in 0.03 ms.
DisplayProgressbar: Restoring NuGet Packages
Added DLL directory D:\PC\Desktop\IP\Rep\MR_M\Assets\Packages\Microsoft.VCRTForwarders.140.1.0.7\Unity\x64 to the user search path.
UnityEngine.StackTraceUtility:ExtractStackTrace ()
UnityEngine.DebugLogHandler:LogFormat (UnityEngine.LogType,UnityEngine.Object,string,object[])
UnityEngine.Logger:Log (UnityEngine.LogType,object)
UnityEngine.Debug:Log (object)
InitVCRTForwarders:.cctor () (at Assets/Packages/Microsoft.VCRTForwarders.140.1.0.7/Unity/Editor/InitVCRTForwarders.cs:53)
System.Runtime.CompilerServices.RuntimeHelpers:RunClassConstructor (System.RuntimeTypeHandle)
UnityEditor.EditorAssemblies:ProcessInitializeOnLoadAttributes (System.Type[])

(Filename: Assets/Packages/Microsoft.VCRTForwarders.140.1.0.7/Unity/Editor/InitVCRTForwarders.cs Line: 53)

Package Manager log level set to [2]
Added DLL directory D:\PC\Desktop\IP\Rep\MR_M\Assets\Packages\Microsoft.MixedReality.QR.0.5.3037\Unity\x64 to the user search path.
UnityEngine.StackTraceUtility:ExtractStackTrace ()
UnityEngine.DebugLogHandler:LogFormat (UnityEngine.LogType,UnityEngine.Object,string,object[])
UnityEngine.Logger:Log (UnityEngine.LogType,object)
UnityEngine.Debug:Log (object)
Microsoft.MixedReality.QR.Init:.cctor () (at Assets/Packages/Microsoft.MixedReality.QR.0.5.3037/Unity/Editor/Microsoft.MixedReality.QR.Init.cs:60)
System.Runtime.CompilerServices.RuntimeHelpers:RunClassConstructor (System.RuntimeTypeHandle)
UnityEditor.EditorAssemblies:ProcessInitializeOnLoadAttributes (System.Type[])

(Filename: Assets/Packages/Microsoft.MixedReality.QR.0.5.3037/Unity/Editor/Microsoft.MixedReality.QR.Init.cs Line: 60)

[XR] [MROpenXR][Info   ][15:43:55.255004][tid:958] MeshProvider_RegisterLifecycleProvider
[XR] [MROpenXR][Info   ][15:43:55.255004][tid:958] MeshProvider_RegisterLifecycleProvider
[XR] [MROpenXR][Info   ][15:43:55.255068][tid:958] InputProvider_RegisterLifecycleProvider
[XR] [MROpenXR][Info   ][15:43:55.255068][tid:958] InputProvider_RegisterLifecycleProvider
[XR] Error loading subsystem: Display (1) (header mismatch?)
[XR] [MROpenXR][Info   ][15:43:55.256277][tid:958] OnPluginStarted UnityVersion=2021.3.16f1 OpenXRPluginVersion=1.5.3 MROpenXRPluginVersion=1.8.0.0 PartA_PrivTags=33554432
[XR] [MROpenXR][Info   ][15:43:55.256277][tid:958] OnPluginStarted UnityVersion=2021.3.16f1 OpenXRPluginVersion=1.5.3 MROpenXRPluginVersion=1.8.0.0 PartA_PrivTags=33554432
Mono: successfully reloaded assembly
- Completed reload, in  1.665 seconds
Domain Reload Profiling:
	ReloadAssembly (1666ms)
		BeginReloadAssembly (210ms)
			ExecutionOrderSort (0ms)
			DisableScriptedObjects (5ms)
			BackupInstance (0ms)
			ReleaseScriptingObjects (0ms)
			CreateAndSetChildDomain (130ms)
		EndReloadAssembly (1352ms)
			LoadAssemblies (91ms)
			RebuildTransferFunctionScriptingTraits (0ms)
			SetupTypeCache (309ms)
			ReleaseScriptCaches (1ms)
			RebuildScriptCaches (77ms)
			SetupLoadedEditorAssemblies (829ms)
				LogAssemblyErrors (0ms)
				InitializePlatformSupportModulesInManaged (13ms)
				SetLoadedEditorAssemblies (0ms)
				RefreshPlugins (109ms)
				BeforeProcessingInitializeOnLoad (107ms)
				ProcessInitializeOnLoadAttributes (535ms)
				ProcessInitializeOnLoadMethodAttributes (58ms)
				AfterProcessingInitializeOnLoad (8ms)
				EditorAssembliesLoaded (0ms)
			ExecutionOrderSort2 (0ms)
			AwakeInstancesAfterBackupRestoration (4ms)
Platform modules already initialized, skipping
========================================================================
Worker process is ready to serve import requests
Launched and connected shader compiler UnityShaderCompiler.exe after 0.08 seconds
Refreshing native plugins compatible for Editor in 2.64 ms, found 26 plugins.
Preloading 1 native plugins for Editor in 0.03 ms.
Unloading 7040 Unused Serialized files (Serialized files now loaded: 0)
Unloading 251 unused Assets / (196.1 KB). Loaded Objects now: 7359.
Memory consumption went from 273.5 MB to 273.3 MB.
Total: 4.311700 ms (FindLiveObjects: 0.826300 ms CreateObjectMapping: 0.751000 ms MarkObjects: 2.536100 ms  DeleteObjects: 0.197600 ms)

AssetImportParameters requested are different than current active one (requested -> active):
  custom:video-decoder-ogg-theora: a1e56fd34408186e4bbccfd4996cb3dc -> 
  custom:container-muxer-webm: aa71ff27fc2769a1b78a27578f13a17b -> 
  custom:container-demuxer-webm: 4f35f7cbe854078d1ac9338744f61a02 -> 
  custom:video-encoder-webm-vp8: eb34c28f22e8b96e1ab97ce403110664 -> 
  custom:audio-encoder-webm-vorbis: bf7c407c2cedff20999df2af8eb42d56 -> 
  custom:framework-win-MediaFoundation: 216162199b28c13a410421893ffa2e32 -> 
  custom:container-demuxer-ogg: 62fdf1f143b41e24485cea50d1cbac27 -> 
  custom:video-decoder-webm-vp8: 9c59270c3fd7afecdb556c50c9e8de78 -> 
  custom:audio-decoder-ogg-vorbis: bf7c407c2cedff20999df2af8eb42d56 -> 
========================================================================
Received Import Request.
  Time since last request: 433966.330467 seconds.
  path: Assets/UnityProject/Sprites/Custom GUI/Decoration
  artifactKey: Guid(3d6bc24e4839f18438c7c29916a35b71) Importer(815301076,1909f56bfc062723c751e8b465ee728b)
Start importing Assets/UnityProject/Sprites/Custom GUI/Decoration using Guid(3d6bc24e4839f18438c7c29916a35b71) Importer(815301076,1909f56bfc062723c751e8b465ee728b)  -> (artifact id: '67805138508589f19820f35a0fcf25f9') in 0.014076 seconds 
========================================================================
Received Import Request.
  Time since last request: 3.485034 seconds.
  path: Assets/UnityProject/Sprites/Custom GUI/Decoration/Asset 128@2x.png
  artifactKey: Guid(7c62590eb04940b42892b48668c930a6) Importer(815301076,1909f56bfc062723c751e8b465ee728b)
Start importing Assets/UnityProject/Sprites/Custom GUI/Decoration/Asset 128@2x.png using Guid(7c62590eb04940b42892b48668c930a6) Importer(815301076,1909f56bfc062723c751e8b465ee728b)  -> (artifact id: '1d595c3f58a445f8946beb8127b3e7ac') in 0.045173 seconds 
========================================================================
Received Import Request.
  Time since last request: 2.913776 seconds.
  path: Assets/UnityProject/Sprites/Custom GUI/Decoration/line.png
  artifactKey: Guid(7c62590eb04940b42892b48668c930a6) Importer(815301076,1909f56bfc062723c751e8b465ee728b)
Start importing Assets/UnityProject/Sprites/Custom GUI/Decoration/line.png using Guid(7c62590eb04940b42892b48668c930a6) Importer(815301076,1909f56bfc062723c751e8b465ee728b)  -> (artifact id: 'b8146432fea53f48a38092429ab33de1') in 0.008647 seconds 
========================================================================
Received Import Request.
  Time since last request: 9.345051 seconds.
  path: Assets/UnityProject/Sprites/Custom GUI/Decoration/line.png
  artifactKey: Guid(7c62590eb04940b42892b48668c930a6) Importer(815301076,1909f56bfc062723c751e8b465ee728b)
Start importing Assets/UnityProject/Sprites/Custom GUI/Decoration/line.png using Guid(7c62590eb04940b42892b48668c930a6) Importer(815301076,1909f56bfc062723c751e8b465ee728b)  -> (artifact id: 'd2aa318584a46566591c22af2f6fa8a3') in 0.037422 seconds 
========================================================================
Received Import Request.
  Time since last request: 44.377054 seconds.
  path: Assets/SCI-FI GUI Pack/Resources/Sprites/Deco/ico_arrow_01.png
  artifactKey: Guid(9bf12f41af2734e1280b8bbe0c66d057) Importer(815301076,1909f56bfc062723c751e8b465ee728b)
Start importing Assets/SCI-FI GUI Pack/Resources/Sprites/Deco/ico_arrow_01.png using Guid(9bf12f41af2734e1280b8bbe0c66d057) Importer(815301076,1909f56bfc062723c751e8b465ee728b)  -> (artifact id: 'fa78214d06a1acab98f57ad8cf77939b') in 0.085294 seconds 
========================================================================
Received Import Request.
  Time since last request: 0.000020 seconds.
  path: Assets/SCI-FI GUI Pack/Resources/Sprites/Deco/ico_circle_01.png
  artifactKey: Guid(ac47de75db11d4d06bf19ec4256148c1) Importer(815301076,1909f56bfc062723c751e8b465ee728b)
Start importing Assets/SCI-FI GUI Pack/Resources/Sprites/Deco/ico_circle_01.png using Guid(ac47de75db11d4d06bf19ec4256148c1) Importer(815301076,1909f56bfc062723c751e8b465ee728b)  -> (artifact id: '89580f36a0b500f683dfa53074125cbc') in 0.271965 seconds 
========================================================================
Received Import Request.
  Time since last request: 0.000027 seconds.
  path: Assets/SCI-FI GUI Pack/Resources/Sprites/Deco/img_bg_stripe_01.png
  artifactKey: Guid(ab4a2a89b457f4d3ab62aa36fa69b0a6) Importer(815301076,1909f56bfc062723c751e8b465ee728b)
Start importing Assets/SCI-FI GUI Pack/Resources/Sprites/Deco/img_bg_stripe_01.png using Guid(ab4a2a89b457f4d3ab62aa36fa69b0a6) Importer(815301076,1909f56bfc062723c751e8b465ee728b)  -> (artifact id: '8cef229953c4e8f14f9d2b1aef77daaf') in 0.219646 seconds 
========================================================================
Received Import Request.
  Time since last request: 0.000027 seconds.
  path: Assets/SCI-FI GUI Pack/Resources/Sprites/Deco/ico_point_01.png
  artifactKey: Guid(f04c3eb2f22c14d349583fb9577f20ac) Importer(815301076,1909f56bfc062723c751e8b465ee728b)
Start importing Assets/SCI-FI GUI Pack/Resources/Sprites/Deco/ico_point_01.png using Guid(f04c3eb2f22c14d349583fb9577f20ac) Importer(815301076,1909f56bfc062723c751e8b465ee728b)  -> (artifact id: '34899acde919ac04deea6bf95fdddb13') in 0.083132 seconds 
========================================================================
Received Import Request.
  Time since last request: 0.000023 seconds.
  path: Assets/SCI-FI GUI Pack/Resources/Sprites/Deco/img_line_08.png
  artifactKey: Guid(3d2525700d71f4136957d7163327367c) Importer(815301076,1909f56bfc062723c751e8b465ee728b)
Start importing Assets/SCI-FI GUI Pack/Resources/Sprites/Deco/img_line_08.png using Guid(3d2525700d71f4136957d7163327367c) Importer(815301076,1909f56bfc062723c751e8b465ee728b)  -> (artifact id: '8e4dc802c7429631a2e9a5816a79372a') in 0.093119 seconds 
========================================================================
Received Import Request.
  Time since last request: 0.000019 seconds.
  path: Assets/SCI-FI GUI Pack/Resources/Sprites/Deco/ico_point_04.png
  artifactKey: Guid(ecb93f7ff63ca44458f9f63c5c79bc69) Importer(815301076,1909f56bfc062723c751e8b465ee728b)
Start importing Assets/SCI-FI GUI Pack/Resources/Sprites/Deco/ico_point_04.png using Guid(ecb93f7ff63ca44458f9f63c5c79bc69) Importer(815301076,1909f56bfc062723c751e8b465ee728b)  -> (artifact id: '29e6b6145d517cee783d7a94fab6282e') in 0.104938 seconds 
========================================================================
Received Import Request.
  Time since last request: 0.000023 seconds.
  path: Assets/SCI-FI GUI Pack/Resources/Sprites/Deco/ico_circle_03_anchor.png
  artifactKey: Guid(2ed407fe43e674e72a9189cc9af3c119) Importer(815301076,1909f56bfc062723c751e8b465ee728b)
Start importing Assets/SCI-FI GUI Pack/Resources/Sprites/Deco/ico_circle_03_anchor.png using Guid(2ed407fe43e674e72a9189cc9af3c119) Importer(815301076,1909f56bfc062723c751e8b465ee728b)  -> (artifact id: '9fd6ff4bb807881c6a3b797eeec01f87') in 0.087600 seconds 
========================================================================
Received Import Request.
  Time since last request: 0.000034 seconds.
  path: Assets/SCI-FI GUI Pack/Resources/Sprites/Deco/ico_circle_02.png
  artifactKey: Guid(07ef568188937458ab75e470bf51fb69) Importer(815301076,1909f56bfc062723c751e8b465ee728b)
Start importing Assets/SCI-FI GUI Pack/Resources/Sprites/Deco/ico_circle_02.png using Guid(07ef568188937458ab75e470bf51fb69) Importer(815301076,1909f56bfc062723c751e8b465ee728b)  -> (artifact id: '2c17148169311cae2cf79c45d4a426ac') in 0.023220 seconds 
========================================================================
Received Import Request.
  Time since last request: 0.000019 seconds.
  path: Assets/SCI-FI GUI Pack/Resources/Sprites/Deco/ico_point_03.png
  artifactKey: Guid(1bf116ba66b3b4ebd981bc49cf83ffff) Importer(815301076,1909f56bfc062723c751e8b465ee728b)
Start importing Assets/SCI-FI GUI Pack/Resources/Sprites/Deco/ico_point_03.png using Guid(1bf116ba66b3b4ebd981bc49cf83ffff) Importer(815301076,1909f56bfc062723c751e8b465ee728b)  -> (artifact id: 'ceb19a44f1d02c54283ad3331521ca99') in 0.098154 seconds 
========================================================================
Received Import Request.
  Time since last request: 0.000024 seconds.
  path: Assets/SCI-FI GUI Pack/Resources/Sprites/Deco/ico_point_02.png
  artifactKey: Guid(b7447799293364a4da8b3a1dbedb3bf5) Importer(815301076,1909f56bfc062723c751e8b465ee728b)
Start importing Assets/SCI-FI GUI Pack/Resources/Sprites/Deco/ico_point_02.png using Guid(b7447799293364a4da8b3a1dbedb3bf5) Importer(815301076,1909f56bfc062723c751e8b465ee728b)  -> (artifact id: 'b711df156028de4cc1d4382559310b72') in 0.096049 seconds 
========================================================================
Received Import Request.
  Time since last request: 43.554706 seconds.
  path: Assets/UnityProject/Materials/MR UI/Buttons/btn_c_qrCode.mat
  artifactKey: Guid(3eb0815fa064c0547aa20d2141f8592a) Importer(815301076,1909f56bfc062723c751e8b465ee728b)
Start importing Assets/UnityProject/Materials/MR UI/Buttons/btn_c_qrCode.mat using Guid(3eb0815fa064c0547aa20d2141f8592a) Importer(815301076,1909f56bfc062723c751e8b465ee728b)  -> (artifact id: 'af6e5785ecbe7c11178973614b7e47e4') in 0.039149 seconds 
========================================================================
Received Import Request.
  Time since last request: 0.000018 seconds.
  path: Assets/UnityProject/Materials/MR UI/Buttons/mt_c_faceRecon.mat
  artifactKey: Guid(7e30626b95b949d4da65d623d53d2a96) Importer(815301076,1909f56bfc062723c751e8b465ee728b)
Start importing Assets/UnityProject/Materials/MR UI/Buttons/mt_c_faceRecon.mat using Guid(7e30626b95b949d4da65d623d53d2a96) Importer(815301076,1909f56bfc062723c751e8b465ee728b)  -> (artifact id: 'd00ee044056013d270d66235ec71c29d') in 0.011568 seconds 
========================================================================
Received Import Request.
  Time since last request: 0.000019 seconds.
  path: Assets/UnityProject/Materials/MR UI/Buttons/mt_btn_c_logout.mat
  artifactKey: Guid(18d013f1ab3dc6d47adb08007f783458) Importer(815301076,1909f56bfc062723c751e8b465ee728b)
Start importing Assets/UnityProject/Materials/MR UI/Buttons/mt_btn_c_logout.mat using Guid(18d013f1ab3dc6d47adb08007f783458) Importer(815301076,1909f56bfc062723c751e8b465ee728b)  -> (artifact id: '3da69f356aa5cceb21a3961e7e5a57d4') in 0.024436 seconds 
========================================================================
Received Import Request.
  Time since last request: 0.000023 seconds.
  path: Assets/UnityProject/Materials/MR UI/Buttons/mt_btn_c_settings.mat
  artifactKey: Guid(91fc4d0fb86adf545bdc59b131dc0900) Importer(815301076,1909f56bfc062723c751e8b465ee728b)
Start importing Assets/UnityProject/Materials/MR UI/Buttons/mt_btn_c_settings.mat using Guid(91fc4d0fb86adf545bdc59b131dc0900) Importer(815301076,1909f56bfc062723c751e8b465ee728b)  -> (artifact id: '47b748c07b03911c8641ba6c42eaed56') in 0.011122 seconds 
========================================================================
Received Import Request.
  Time since last request: 28.624921 seconds.
  path: Assets/UnityProject/Prefabs/Pointers/ConicalGrabPointer.prefab
  artifactKey: Guid(0c225d92c034a57468f691cd7555ed83) Importer(815301076,1909f56bfc062723c751e8b465ee728b)
Start importing Assets/UnityProject/Prefabs/Pointers/ConicalGrabPointer.prefab using Guid(0c225d92c034a57468f691cd7555ed83) Importer(815301076,1909f56bfc062723c751e8b465ee728b)  -> (artifact id: '1824b5800044ec1e65e5930b2cc45342') in 0.057341 seconds 
========================================================================
Received Import Request.
  Time since last request: 0.773059 seconds.
  path: Assets/UnityProject/Prefabs/GUI/Static Windows/DebugMenu.prefab
  artifactKey: Guid(6ec7018bfe7b72e4eaf78f0985078589) Importer(815301076,1909f56bfc062723c751e8b465ee728b)
Start importing Assets/UnityProject/Prefabs/GUI/Static Windows/DebugMenu.prefab using Guid(6ec7018bfe7b72e4eaf78f0985078589) Importer(815301076,1909f56bfc062723c751e8b465ee728b)  -> (artifact id: '46fb73a31d24f3a87c5d1ae6c2bb37c8') in 0.121778 seconds 
========================================================================
Received Import Request.
  Time since last request: 4.003283 seconds.
  path: Assets/UnityProject/Prefabs/GUI/Components/Buttons/ActionButton.prefab
  artifactKey: Guid(fd757292e20ac6047b22b494f353596e) Importer(815301076,1909f56bfc062723c751e8b465ee728b)
Start importing Assets/UnityProject/Prefabs/GUI/Components/Buttons/ActionButton.prefab using Guid(fd757292e20ac6047b22b494f353596e) Importer(815301076,1909f56bfc062723c751e8b465ee728b)  -> (artifact id: '9de5255d1fc406ddc88bce47cc07930a') in 0.016754 seconds 
========================================================================
Received Import Request.
  Time since last request: 1.301721 seconds.
  path: Assets/UnityProject/Prefabs/GUI/Sp_ML_E_1btn_Pacient.prefab
  artifactKey: Guid(e940e7f5a496e7d4a91da3d9a798d2d5) Importer(815301076,1909f56bfc062723c751e8b465ee728b)
Start importing Assets/UnityProject/Prefabs/GUI/Sp_ML_E_1btn_Pacient.prefab using Guid(e940e7f5a496e7d4a91da3d9a798d2d5) Importer(815301076,1909f56bfc062723c751e8b465ee728b)  -> (artifact id: '5a9c67ffa7510a51b418a5b0ac28a3ec') in 1.345603 seconds 
========================================================================
Received Import Request.
  Time since last request: 10.285310 seconds.
  path: Assets/SCI-FI GUI Pack/Resources/Sprites/Progress/progress_bar_01.png
  artifactKey: Guid(c1c8dc3975f4e43a89204d8f540d0cec) Importer(815301076,1909f56bfc062723c751e8b465ee728b)
Start importing Assets/SCI-FI GUI Pack/Resources/Sprites/Progress/progress_bar_01.png using Guid(c1c8dc3975f4e43a89204d8f540d0cec) Importer(815301076,1909f56bfc062723c751e8b465ee728b)  -> (artifact id: '1ae4d83c5e42b4f88f7b6e164ecb6ece') in 0.014683 seconds 
========================================================================
Received Import Request.
  Time since last request: 0.655518 seconds.
  path: Assets/SCI-FI GUI Pack/Resources/Sprites/Popup/popup_main_01.png
  artifactKey: Guid(34a0dd572e6bb4bd69ff9f8196c4cb55) Importer(815301076,1909f56bfc062723c751e8b465ee728b)
Start importing Assets/SCI-FI GUI Pack/Resources/Sprites/Popup/popup_main_01.png using Guid(34a0dd572e6bb4bd69ff9f8196c4cb55) Importer(815301076,1909f56bfc062723c751e8b465ee728b)  -> (artifact id: '4c18e7896421301e269f46e5568b646d') in 0.314055 seconds 
========================================================================
Received Import Request.
  Time since last request: 30.421745 seconds.
  path: Assets/SCI-FI GUI Pack/Resources/Sprites/Sliced Elements/line.png
  artifactKey: Guid(7c62590eb04940b42892b48668c930a6) Importer(815301076,1909f56bfc062723c751e8b465ee728b)
Start importing Assets/SCI-FI GUI Pack/Resources/Sprites/Sliced Elements/line.png using Guid(7c62590eb04940b42892b48668c930a6) Importer(815301076,1909f56bfc062723c751e8b465ee728b)  -> (artifact id: 'ab010f542c9ee88e6810d5a75527b27d') in 0.006359 seconds 
========================================================================
Received Import Request.
  Time since last request: 84.538776 seconds.
  path: Assets/SCI-FI GUI Pack/Resources/Sprites/Sliced Elements/line.png
  artifactKey: Guid(7c62590eb04940b42892b48668c930a6) Importer(815301076,1909f56bfc062723c751e8b465ee728b)
Start importing Assets/SCI-FI GUI Pack/Resources/Sprites/Sliced Elements/line.png using Guid(7c62590eb04940b42892b48668c930a6) Importer(815301076,1909f56bfc062723c751e8b465ee728b)  -> (artifact id: '4af78b8e16e885ae1030c37a3f832bc5') in 0.006680 seconds 
========================================================================
Received Import Request.
  Time since last request: 1706.592160 seconds.
  path: Assets/UnityProject/Materials/MR UI/test.png
  artifactKey: Guid(971f7fc31eb95df499f06d1cceb4f3bd) Importer(815301076,1909f56bfc062723c751e8b465ee728b)
Start importing Assets/UnityProject/Materials/MR UI/test.png using Guid(971f7fc31eb95df499f06d1cceb4f3bd) Importer(815301076,1909f56bfc062723c751e8b465ee728b)  -> (artifact id: '9db9a5eec55af1ecb69d9568ea5ec2ba') in 0.012465 seconds 
========================================================================
Received Import Request.
  Time since last request: 0.622439 seconds.
  path: Assets/UnityProject/Materials/MR UI
  artifactKey: Guid(33327f696d95bfd4b84b55bf0a1fbe09) Importer(815301076,1909f56bfc062723c751e8b465ee728b)
Start importing Assets/UnityProject/Materials/MR UI using Guid(33327f696d95bfd4b84b55bf0a1fbe09) Importer(815301076,1909f56bfc062723c751e8b465ee728b)  -> (artifact id: '009849828b21981bbb8ec202d2358887') in 0.005542 seconds 
========================================================================
Received Import Request.
  Time since last request: 4.661069 seconds.
  path: Assets/UnityProject/Materials/MR UI/test.mat
  artifactKey: Guid(7fa0bddfe5f295f4e8649af8fd0dc250) Importer(815301076,1909f56bfc062723c751e8b465ee728b)
Start importing Assets/UnityProject/Materials/MR UI/test.mat using Guid(7fa0bddfe5f295f4e8649af8fd0dc250) Importer(815301076,1909f56bfc062723c751e8b465ee728b)  -> (artifact id: '255121cfaac15a1b2dea533947b3567e') in 0.008655 seconds 
========================================================================
Received Import Request.
  Time since last request: 5.320401 seconds.
  path: Assets/UnityProject/Materials/MR UI/test.mat
  artifactKey: Guid(7fa0bddfe5f295f4e8649af8fd0dc250) Importer(815301076,1909f56bfc062723c751e8b465ee728b)
Start importing Assets/UnityProject/Materials/MR UI/test.mat using Guid(7fa0bddfe5f295f4e8649af8fd0dc250) Importer(815301076,1909f56bfc062723c751e8b465ee728b)  -> (artifact id: '855eecf8024dee9db857864659980768') in 0.009123 seconds 
========================================================================
Received Import Request.
  Time since last request: 31.792025 seconds.
  path: Assets/UnityProject/Materials/MR UI/test.mat
  artifactKey: Guid(7fa0bddfe5f295f4e8649af8fd0dc250) Importer(815301076,1909f56bfc062723c751e8b465ee728b)
Start importing Assets/UnityProject/Materials/MR UI/test.mat using Guid(7fa0bddfe5f295f4e8649af8fd0dc250) Importer(815301076,1909f56bfc062723c751e8b465ee728b)  -> (artifact id: 'a66cae7c7e3f28cb21b41983c495d2f2') in 0.010303 seconds 
========================================================================
Received Prepare
Registering precompiled user dll's ...
Registered in 0.018185 seconds.
Begin MonoManager ReloadAssembly
Native extension for UWP target not found
Native extension for WindowsStandalone target not found
Native extension for Android target not found
Refreshing native plugins compatible for Editor in 2.39 ms, found 26 plugins.
Preloading 1 native plugins for Editor in 0.04 ms.
Mono: successfully reloaded assembly
- Completed reload, in  1.169 seconds
Domain Reload Profiling:
	ReloadAssembly (1169ms)
		BeginReloadAssembly (129ms)
			ExecutionOrderSort (0ms)
			DisableScriptedObjects (4ms)
			BackupInstance (0ms)
			ReleaseScriptingObjects (0ms)
			CreateAndSetChildDomain (41ms)
		EndReloadAssembly (956ms)
			LoadAssemblies (89ms)
			RebuildTransferFunctionScriptingTraits (0ms)
			SetupTypeCache (294ms)
			ReleaseScriptCaches (1ms)
			RebuildScriptCaches (43ms)
			SetupLoadedEditorAssemblies (467ms)
				LogAssemblyErrors (0ms)
				InitializePlatformSupportModulesInManaged (21ms)
				SetLoadedEditorAssemblies (1ms)
				RefreshPlugins (3ms)
				BeforeProcessingInitializeOnLoad (79ms)
				ProcessInitializeOnLoadAttributes (309ms)
				ProcessInitializeOnLoadMethodAttributes (46ms)
				AfterProcessingInitializeOnLoad (8ms)
				EditorAssembliesLoaded (0ms)
			ExecutionOrderSort2 (0ms)
			AwakeInstancesAfterBackupRestoration (6ms)
Platform modules already initialized, skipping
Refreshing native plugins compatible for Editor in 23.61 ms, found 26 plugins.
Preloading 1 native plugins for Editor in 0.04 ms.
Unloading 6971 Unused Serialized files (Serialized files now loaded: 0)
Unloading 243 unused Assets / (188.1 KB). Loaded Objects now: 7430.
Memory consumption went from 272.9 MB to 272.7 MB.
Total: 4.434800 ms (FindLiveObjects: 0.529500 ms CreateObjectMapping: 0.594000 ms MarkObjects: 3.084400 ms  DeleteObjects: 0.225700 ms)

AssetImportParameters requested are different than current active one (requested -> active):
  custom:video-decoder-ogg-theora: a1e56fd34408186e4bbccfd4996cb3dc -> 
  custom:container-muxer-webm: aa71ff27fc2769a1b78a27578f13a17b -> 
  custom:container-demuxer-webm: 4f35f7cbe854078d1ac9338744f61a02 -> 
  custom:video-encoder-webm-vp8: eb34c28f22e8b96e1ab97ce403110664 -> 
  custom:audio-encoder-webm-vorbis: bf7c407c2cedff20999df2af8eb42d56 -> 
  custom:framework-win-MediaFoundation: 216162199b28c13a410421893ffa2e32 -> 
  custom:container-demuxer-ogg: 62fdf1f143b41e24485cea50d1cbac27 -> 
  custom:video-decoder-webm-vp8: 9c59270c3fd7afecdb556c50c9e8de78 -> 
  custom:audio-decoder-ogg-vorbis: bf7c407c2cedff20999df2af8eb42d56 -> 
========================================================================
Received Import Request.
  Time since last request: 358.208818 seconds.
  path: Assets/UnityProject/Materials/MR UI/Engagement@2x.png
  artifactKey: Guid(d195e00a0f39d8b488a8e42454ac2a0d) Importer(815301076,1909f56bfc062723c751e8b465ee728b)
Start importing Assets/UnityProject/Materials/MR UI/Engagement@2x.png using Guid(d195e00a0f39d8b488a8e42454ac2a0d) Importer(815301076,1909f56bfc062723c751e8b465ee728b)  -> (artifact id: 'c5eb34103715e42c912235be36fc11e6') in 0.043981 seconds 
========================================================================
Received Import Request.
  Time since last request: 12.109681 seconds.
  path: Assets/UnityProject/Materials/MR UI/Engagement@2x.png
  artifactKey: Guid(d195e00a0f39d8b488a8e42454ac2a0d) Importer(815301076,1909f56bfc062723c751e8b465ee728b)
Start importing Assets/UnityProject/Materials/MR UI/Engagement@2x.png using Guid(d195e00a0f39d8b488a8e42454ac2a0d) Importer(815301076,1909f56bfc062723c751e8b465ee728b)  -> (artifact id: '6600355111bc93147e1ca1fbf2184464') in 0.029972 seconds 
========================================================================
Received Import Request.
  Time since last request: 8.955145 seconds.
  path: Assets/UnityProject/Materials/MR UI/test.mat
  artifactKey: Guid(7fa0bddfe5f295f4e8649af8fd0dc250) Importer(815301076,1909f56bfc062723c751e8b465ee728b)
Start importing Assets/UnityProject/Materials/MR UI/test.mat using Guid(7fa0bddfe5f295f4e8649af8fd0dc250) Importer(815301076,1909f56bfc062723c751e8b465ee728b)  -> (artifact id: '886b5a9ca6e0e15146ebdf222e208d4a') in 0.032586 seconds 
========================================================================
Received Prepare
Registering precompiled user dll's ...
Registered in 0.016512 seconds.
Begin MonoManager ReloadAssembly
Native extension for UWP target not found
Native extension for WindowsStandalone target not found
Native extension for Android target not found
Refreshing native plugins compatible for Editor in 2.39 ms, found 26 plugins.
Preloading 1 native plugins for Editor in 0.04 ms.
Mono: successfully reloaded assembly
- Completed reload, in  1.108 seconds
Domain Reload Profiling:
	ReloadAssembly (1108ms)
		BeginReloadAssembly (131ms)
			ExecutionOrderSort (0ms)
			DisableScriptedObjects (3ms)
			BackupInstance (0ms)
			ReleaseScriptingObjects (0ms)
			CreateAndSetChildDomain (43ms)
		EndReloadAssembly (886ms)
			LoadAssemblies (87ms)
			RebuildTransferFunctionScriptingTraits (0ms)
			SetupTypeCache (261ms)
			ReleaseScriptCaches (1ms)
			RebuildScriptCaches (38ms)
			SetupLoadedEditorAssemblies (435ms)
				LogAssemblyErrors (0ms)
				InitializePlatformSupportModulesInManaged (20ms)
				SetLoadedEditorAssemblies (0ms)
				RefreshPlugins (2ms)
				BeforeProcessingInitializeOnLoad (71ms)
				ProcessInitializeOnLoadAttributes (282ms)
				ProcessInitializeOnLoadMethodAttributes (49ms)
				AfterProcessingInitializeOnLoad (11ms)
				EditorAssembliesLoaded (0ms)
			ExecutionOrderSort2 (0ms)
			AwakeInstancesAfterBackupRestoration (8ms)
Platform modules already initialized, skipping
Refreshing native plugins compatible for Editor in 22.60 ms, found 26 plugins.
Preloading 1 native plugins for Editor in 0.03 ms.
Unloading 6971 Unused Serialized files (Serialized files now loaded: 0)
Unloading 242 unused Assets / (179.7 KB). Loaded Objects now: 7437.
Memory consumption went from 272.9 MB to 272.7 MB.
Total: 3.738100 ms (FindLiveObjects: 0.489400 ms CreateObjectMapping: 0.528000 ms MarkObjects: 2.561000 ms  DeleteObjects: 0.158900 ms)

AssetImportParameters requested are different than current active one (requested -> active):
  custom:video-decoder-ogg-theora: a1e56fd34408186e4bbccfd4996cb3dc -> 
  custom:container-muxer-webm: aa71ff27fc2769a1b78a27578f13a17b -> 
  custom:container-demuxer-webm: 4f35f7cbe854078d1ac9338744f61a02 -> 
  custom:video-encoder-webm-vp8: eb34c28f22e8b96e1ab97ce403110664 -> 
  custom:audio-encoder-webm-vorbis: bf7c407c2cedff20999df2af8eb42d56 -> 
  custom:framework-win-MediaFoundation: 216162199b28c13a410421893ffa2e32 -> 
  custom:container-demuxer-ogg: 62fdf1f143b41e24485cea50d1cbac27 -> 
  custom:video-decoder-webm-vp8: 9c59270c3fd7afecdb556c50c9e8de78 -> 
  custom:audio-decoder-ogg-vorbis: bf7c407c2cedff20999df2af8eb42d56 -> 
========================================================================
Received Prepare
Registering precompiled user dll's ...
Registered in 0.017606 seconds.
Begin MonoManager ReloadAssembly
Native extension for UWP target not found
Native extension for WindowsStandalone target not found
Native extension for Android target not found
Refreshing native plugins compatible for Editor in 4.03 ms, found 26 plugins.
Preloading 1 native plugins for Editor in 0.06 ms.
Mono: successfully reloaded assembly
- Completed reload, in  1.157 seconds
Domain Reload Profiling:
	ReloadAssembly (1157ms)
		BeginReloadAssembly (120ms)
			ExecutionOrderSort (0ms)
			DisableScriptedObjects (4ms)
			BackupInstance (0ms)
			ReleaseScriptingObjects (0ms)
			CreateAndSetChildDomain (33ms)
		EndReloadAssembly (948ms)
			LoadAssemblies (86ms)
			RebuildTransferFunctionScriptingTraits (0ms)
			SetupTypeCache (267ms)
			ReleaseScriptCaches (1ms)
			RebuildScriptCaches (39ms)
			SetupLoadedEditorAssemblies (480ms)
				LogAssemblyErrors (0ms)
				InitializePlatformSupportModulesInManaged (22ms)
				SetLoadedEditorAssemblies (1ms)
				RefreshPlugins (4ms)
				BeforeProcessingInitializeOnLoad (73ms)
				ProcessInitializeOnLoadAttributes (330ms)
				ProcessInitializeOnLoadMethodAttributes (43ms)
				AfterProcessingInitializeOnLoad (8ms)
				EditorAssembliesLoaded (0ms)
			ExecutionOrderSort2 (0ms)
			AwakeInstancesAfterBackupRestoration (6ms)
Platform modules already initialized, skipping
Refreshing native plugins compatible for Editor in 21.01 ms, found 26 plugins.
Preloading 1 native plugins for Editor in 0.03 ms.
Unloading 6971 Unused Serialized files (Serialized files now loaded: 0)
Unloading 242 unused Assets / (179.9 KB). Loaded Objects now: 7441.
Memory consumption went from 272.9 MB to 272.7 MB.
Total: 3.976200 ms (FindLiveObjects: 0.576700 ms CreateObjectMapping: 0.609600 ms MarkObjects: 2.624900 ms  DeleteObjects: 0.164200 ms)

AssetImportParameters requested are different than current active one (requested -> active):
  custom:video-decoder-ogg-theora: a1e56fd34408186e4bbccfd4996cb3dc -> 
  custom:container-muxer-webm: aa71ff27fc2769a1b78a27578f13a17b -> 
  custom:container-demuxer-webm: 4f35f7cbe854078d1ac9338744f61a02 -> 
  custom:video-encoder-webm-vp8: eb34c28f22e8b96e1ab97ce403110664 -> 
  custom:audio-encoder-webm-vorbis: bf7c407c2cedff20999df2af8eb42d56 -> 
  custom:framework-win-MediaFoundation: 216162199b28c13a410421893ffa2e32 -> 
  custom:container-demuxer-ogg: 62fdf1f143b41e24485cea50d1cbac27 -> 
  custom:video-decoder-webm-vp8: 9c59270c3fd7afecdb556c50c9e8de78 -> 
  custom:audio-decoder-ogg-vorbis: bf7c407c2cedff20999df2af8eb42d56 -> 
========================================================================
Received Import Request.
  Time since last request: 74.634777 seconds.
  path: Assets/UnityProject/Materials/MR UI/test.mat
  artifactKey: Guid(7fa0bddfe5f295f4e8649af8fd0dc250) Importer(815301076,1909f56bfc062723c751e8b465ee728b)
Start importing Assets/UnityProject/Materials/MR UI/test.mat using Guid(7fa0bddfe5f295f4e8649af8fd0dc250) Importer(815301076,1909f56bfc062723c751e8b465ee728b)  -> (artifact id: '9c5c6a1974614ef0f6c199e54cf565c9') in 0.068594 seconds 
========================================================================
Received Import Request.
  Time since last request: 56.270230 seconds.
  path: Assets/UnityProject/Materials/MR UI/Engagement@2x.png
  artifactKey: Guid(d195e00a0f39d8b488a8e42454ac2a0d) Importer(815301076,1909f56bfc062723c751e8b465ee728b)
Start importing Assets/UnityProject/Materials/MR UI/Engagement@2x.png using Guid(d195e00a0f39d8b488a8e42454ac2a0d) Importer(815301076,1909f56bfc062723c751e8b465ee728b)  -> (artifact id: '09d5a958325f3efc2c77825fe09367f9') in 0.018713 seconds 
========================================================================
Received Import Request.
  Time since last request: 13.971263 seconds.
  path: Assets/UnityProject/Materials/MR UI/Engagement@2x.png
  artifactKey: Guid(d195e00a0f39d8b488a8e42454ac2a0d) Importer(815301076,1909f56bfc062723c751e8b465ee728b)
Start importing Assets/UnityProject/Materials/MR UI/Engagement@2x.png using Guid(d195e00a0f39d8b488a8e42454ac2a0d) Importer(815301076,1909f56bfc062723c751e8b465ee728b)  -> (artifact id: '15c2293249035fe2539bc0bf762f8f77') in 0.462946 seconds 
========================================================================
Received Prepare
Registering precompiled user dll's ...
Registered in 0.018754 seconds.
Begin MonoManager ReloadAssembly
Native extension for UWP target not found
Native extension for WindowsStandalone target not found
Native extension for Android target not found
Refreshing native plugins compatible for Editor in 2.28 ms, found 26 plugins.
Preloading 1 native plugins for Editor in 0.03 ms.
Mono: successfully reloaded assembly
- Completed reload, in  1.057 seconds
Domain Reload Profiling:
	ReloadAssembly (1058ms)
		BeginReloadAssembly (124ms)
			ExecutionOrderSort (0ms)
			DisableScriptedObjects (3ms)
			BackupInstance (0ms)
			ReleaseScriptingObjects (0ms)
			CreateAndSetChildDomain (36ms)
		EndReloadAssembly (848ms)
			LoadAssemblies (91ms)
			RebuildTransferFunctionScriptingTraits (0ms)
			SetupTypeCache (244ms)
			ReleaseScriptCaches (1ms)
			RebuildScriptCaches (37ms)
			SetupLoadedEditorAssemblies (420ms)
				LogAssemblyErrors (0ms)
				InitializePlatformSupportModulesInManaged (18ms)
				SetLoadedEditorAssemblies (0ms)
				RefreshPlugins (2ms)
				BeforeProcessingInitializeOnLoad (70ms)
				ProcessInitializeOnLoadAttributes (281ms)
				ProcessInitializeOnLoadMethodAttributes (41ms)
				AfterProcessingInitializeOnLoad (8ms)
				EditorAssembliesLoaded (0ms)
			ExecutionOrderSort2 (0ms)
			AwakeInstancesAfterBackupRestoration (6ms)
Platform modules already initialized, skipping
Refreshing native plugins compatible for Editor in 21.14 ms, found 26 plugins.
Preloading 1 native plugins for Editor in 0.03 ms.
Unloading 6971 Unused Serialized files (Serialized files now loaded: 0)
Unloading 242 unused Assets / (179.7 KB). Loaded Objects now: 7445.
Memory consumption went from 272.9 MB to 272.8 MB.
Total: 4.144000 ms (FindLiveObjects: 0.504400 ms CreateObjectMapping: 0.539600 ms MarkObjects: 2.876400 ms  DeleteObjects: 0.223100 ms)

AssetImportParameters requested are different than current active one (requested -> active):
  custom:video-decoder-ogg-theora: a1e56fd34408186e4bbccfd4996cb3dc -> 
  custom:container-muxer-webm: aa71ff27fc2769a1b78a27578f13a17b -> 
  custom:container-demuxer-webm: 4f35f7cbe854078d1ac9338744f61a02 -> 
  custom:video-encoder-webm-vp8: eb34c28f22e8b96e1ab97ce403110664 -> 
  custom:audio-encoder-webm-vorbis: bf7c407c2cedff20999df2af8eb42d56 -> 
  custom:framework-win-MediaFoundation: 216162199b28c13a410421893ffa2e32 -> 
  custom:container-demuxer-ogg: 62fdf1f143b41e24485cea50d1cbac27 -> 
  custom:video-decoder-webm-vp8: 9c59270c3fd7afecdb556c50c9e8de78 -> 
  custom:audio-decoder-ogg-vorbis: bf7c407c2cedff20999df2af8eb42d56 -> 
========================================================================
Received Import Request.
  Time since last request: 273.747248 seconds.
  path: Assets/UnityProject/Materials/MR UI/Emotions
  artifactKey: Guid(2f3d0cd4cd50f3443b804e98ec28b2c1) Importer(815301076,1909f56bfc062723c751e8b465ee728b)
Start importing Assets/UnityProject/Materials/MR UI/Emotions using Guid(2f3d0cd4cd50f3443b804e98ec28b2c1) Importer(815301076,1909f56bfc062723c751e8b465ee728b)  -> (artifact id: '0753c0c959df85838ccd933c9fe475bb') in 0.014327 seconds 
========================================================================
Received Import Request.
  Time since last request: 6.064490 seconds.
  path: Assets/UnityProject/Sprites/EMOTIC Icons/Happiness.png
  artifactKey: Guid(ef5a41a3fe17b854cadd4a76e9dcd85e) Importer(815301076,1909f56bfc062723c751e8b465ee728b)
Start importing Assets/UnityProject/Sprites/EMOTIC Icons/Happiness.png using Guid(ef5a41a3fe17b854cadd4a76e9dcd85e) Importer(815301076,1909f56bfc062723c751e8b465ee728b)  -> (artifact id: '4429b6a330aeaf6b8538d09717bf9896') in 0.079120 seconds 
========================================================================
Received Import Request.
  Time since last request: 0.000019 seconds.
  path: Assets/UnityProject/Sprites/EMOTIC Icons/Sympathy.png
  artifactKey: Guid(0c35bed25bcf3864bb902b8f1350a8e5) Importer(815301076,1909f56bfc062723c751e8b465ee728b)
Start importing Assets/UnityProject/Sprites/EMOTIC Icons/Sympathy.png using Guid(0c35bed25bcf3864bb902b8f1350a8e5) Importer(815301076,1909f56bfc062723c751e8b465ee728b)  -> (artifact id: 'ecdc180b750dfcf6cb747f83dbe77e66') in 0.024642 seconds 
========================================================================
Received Import Request.
  Time since last request: 0.000029 seconds.
  path: Assets/UnityProject/Sprites/EMOTIC Icons/Peace.png
  artifactKey: Guid(a6f02c88dc019244cacd9843f2956b53) Importer(815301076,1909f56bfc062723c751e8b465ee728b)
Start importing Assets/UnityProject/Sprites/EMOTIC Icons/Peace.png using Guid(a6f02c88dc019244cacd9843f2956b53) Importer(815301076,1909f56bfc062723c751e8b465ee728b)  -> (artifact id: 'fc7bbd5cc3f4c01d5a0e7cc5e6f464c5') in 0.018028 seconds 
========================================================================
Received Import Request.
  Time since last request: 0.000021 seconds.
  path: Assets/UnityProject/Sprites/EMOTIC Icons/Pleasure.png
  artifactKey: Guid(a6ffb64fbe9092141b3b2e45a3b6615f) Importer(815301076,1909f56bfc062723c751e8b465ee728b)
Start importing Assets/UnityProject/Sprites/EMOTIC Icons/Pleasure.png using Guid(a6ffb64fbe9092141b3b2e45a3b6615f) Importer(815301076,1909f56bfc062723c751e8b465ee728b)  -> (artifact id: '7ca0bc9c57d0d0175fe60a6ee213cc21') in 0.013080 seconds 
========================================================================
Received Import Request.
  Time since last request: 0.000027 seconds.
  path: Assets/UnityProject/Sprites/EMOTIC Icons/Sadness.png
  artifactKey: Guid(61b54c23b14d35542a943e8fa9738c16) Importer(815301076,1909f56bfc062723c751e8b465ee728b)
Start importing Assets/UnityProject/Sprites/EMOTIC Icons/Sadness.png using Guid(61b54c23b14d35542a943e8fa9738c16) Importer(815301076,1909f56bfc062723c751e8b465ee728b)  -> (artifact id: '19284c39f0eb3f3c77b84784eefec060') in 0.013834 seconds 
========================================================================
Received Import Request.
  Time since last request: 0.000024 seconds.
  path: Assets/UnityProject/Sprites/EMOTIC Icons/Suffering.png
  artifactKey: Guid(0cc2b7baba7f2324ab9d63fa05b1b2bf) Importer(815301076,1909f56bfc062723c751e8b465ee728b)
Start importing Assets/UnityProject/Sprites/EMOTIC Icons/Suffering.png using Guid(0cc2b7baba7f2324ab9d63fa05b1b2bf) Importer(815301076,1909f56bfc062723c751e8b465ee728b)  -> (artifact id: '8f9551109e0979a51a81d004fd6d91c6') in 0.061331 seconds 
Editor requested this worker to shutdown with reason: Scaling down because of idle timeout
AssetImportWorker is now disconnected from the server
Process exiting
Exiting without the bug reporter. Application will terminate with return code 0