Using pre-set license
Built from '2021.3/staging' branch; Version is '2021.3.16f1 (4016570cf34f) revision 4200023'; Using compiler version '192829333'; Build Type 'Release'
OS: 'Windows 10  (10.0.19044) 64bit Core' Language: 'en' Physical Memory: 32678 MB
BatchMode: 1, IsHumanControllingUs: 0, StartBugReporterOnCrash: 0, Is64bit: 1, IsPro: 1

COMMAND LINE ARGUMENTS:
C:\Program Files (x86)\ProjetoIntegrado_Multimedia_AndreMoreira\Unity Editors\2021.3.16f1\Editor\Unity.exe
-adb2
-batchMode
-noUpm
-name
AssetImportWorker6
-projectPath
D:/PC/Desktop/IP/Rep/MR_M
-logFile
Logs/AssetImportWorker6.log
-srvPort
52633
Successfully changed project path to: D:/PC/Desktop/IP/Rep/MR_M
D:/PC/Desktop/IP/Rep/MR_M
[UnityMemory] Configuration Parameters - Can be set up in boot.config
    "memorysetup-bucket-allocator-granularity=16"
    "memorysetup-bucket-allocator-bucket-count=8"
    "memorysetup-bucket-allocator-block-size=33554432"
    "memorysetup-bucket-allocator-block-count=8"
    "memorysetup-main-allocator-block-size=16777216"
    "memorysetup-thread-allocator-block-size=16777216"
    "memorysetup-gfx-main-allocator-block-size=16777216"
    "memorysetup-gfx-thread-allocator-block-size=16777216"
    "memorysetup-cache-allocator-block-size=4194304"
    "memorysetup-typetree-allocator-block-size=2097152"
    "memorysetup-profiler-bucket-allocator-granularity=16"
    "memorysetup-profiler-bucket-allocator-bucket-count=8"
    "memorysetup-profiler-bucket-allocator-block-size=33554432"
    "memorysetup-profiler-bucket-allocator-block-count=8"
    "memorysetup-profiler-allocator-block-size=16777216"
    "memorysetup-profiler-editor-allocator-block-size=1048576"
    "memorysetup-temp-allocator-size-main=16777216"
    "memorysetup-job-temp-allocator-block-size=2097152"
    "memorysetup-job-temp-allocator-block-size-background=1048576"
    "memorysetup-job-temp-allocator-reduction-small-platforms=262144"
    "memorysetup-temp-allocator-size-background-worker=32768"
    "memorysetup-temp-allocator-size-job-worker=262144"
    "memorysetup-temp-allocator-size-preload-manager=33554432"
    "memorysetup-temp-allocator-size-nav-mesh-worker=65536"
    "memorysetup-temp-allocator-size-audio-worker=65536"
    "memorysetup-temp-allocator-size-cloud-worker=32768"
    "memorysetup-temp-allocator-size-gi-baking-worker=262144"
    "memorysetup-temp-allocator-size-gfx=262144"
Player connection [33232] Host "[IP] 172.17.2.209 [Port] 0 [Flags] 2 [Guid] 1907953360 [EditorId] 1907953360 [Version] 1048832 [Id] WindowsEditor(7,GreenHealth) [Debug] 1 [PackageName] WindowsEditor [ProjectName] Editor" joined multi-casting on [225.0.0.222:54997]...

Player connection [33232] Host "[IP] 172.17.2.209 [Port] 0 [Flags] 2 [Guid] 1907953360 [EditorId] 1907953360 [Version] 1048832 [Id] WindowsEditor(7,GreenHealth) [Debug] 1 [PackageName] WindowsEditor [ProjectName] Editor" joined alternative multi-casting on [225.0.0.222:34997]...

Refreshing native plugins compatible for Editor in 168.09 ms, found 26 plugins.
Preloading 1 native plugins for Editor in 5.14 ms.
Initialize engine version: 2021.3.16f1 (4016570cf34f)
[Subsystems] Discovering subsystems at path C:/Program Files (x86)/ProjetoIntegrado_Multimedia_AndreMoreira/Unity Editors/2021.3.16f1/Editor/Data/Resources/UnitySubsystems
[Subsystems] Discovering subsystems at path D:/PC/Desktop/IP/Rep/MR_M/Assets
GfxDevice: creating device client; threaded=0; jobified=0
Direct3D:
    Version:  Direct3D 11.0 [level 11.1]
    Renderer: NVIDIA GeForce RTX 2070 SUPER (ID=0x1e84)
    Vendor:   NVIDIA
    VRAM:     8011 MB
    Driver:   27.21.14.6192
Initialize mono
Mono path[0] = 'C:/Program Files (x86)/ProjetoIntegrado_Multimedia_AndreMoreira/Unity Editors/2021.3.16f1/Editor/Data/Managed'
Mono path[1] = 'C:/Program Files (x86)/ProjetoIntegrado_Multimedia_AndreMoreira/Unity Editors/2021.3.16f1/Editor/Data/MonoBleedingEdge/lib/mono/unityjit-win32'
Mono config path = 'C:/Program Files (x86)/ProjetoIntegrado_Multimedia_AndreMoreira/Unity Editors/2021.3.16f1/Editor/Data/MonoBleedingEdge/etc'
Using monoOptions --debugger-agent=transport=dt_socket,embedding=1,server=y,suspend=n,address=127.0.0.1:56404
Begin MonoManager ReloadAssembly
Registering precompiled unity dll's ...
Register platform support module: C:/Program Files (x86)/ProjetoIntegrado_Multimedia_AndreMoreira/Unity Editors/2021.3.16f1/Editor/Data/PlaybackEngines/AndroidPlayer/UnityEditor.Android.Extensions.dll
Register platform support module: C:/Program Files (x86)/ProjetoIntegrado_Multimedia_AndreMoreira/Unity Editors/2021.3.16f1/Editor/Data/PlaybackEngines/WindowsStandaloneSupport/UnityEditor.WindowsStandalone.Extensions.dll
Register platform support module: C:/Program Files (x86)/ProjetoIntegrado_Multimedia_AndreMoreira/Unity Editors/2021.3.16f1/Editor/Data/PlaybackEngines/MetroSupport/UnityEditor.UWP.Extensions.dll
Registered in 0.009547 seconds.
Native extension for UWP target not found
Native extension for WindowsStandalone target not found
Native extension for Android target not found
Refreshing native plugins compatible for Editor in 135.97 ms, found 26 plugins.
Preloading 1 native plugins for Editor in 0.15 ms.
Mono: successfully reloaded assembly
- Completed reload, in  0.756 seconds
Domain Reload Profiling:
	ReloadAssembly (756ms)
		BeginReloadAssembly (75ms)
			ExecutionOrderSort (0ms)
			DisableScriptedObjects (0ms)
			BackupInstance (0ms)
			ReleaseScriptingObjects (0ms)
			CreateAndSetChildDomain (1ms)
		EndReloadAssembly (571ms)
			LoadAssemblies (73ms)
			RebuildTransferFunctionScriptingTraits (0ms)
			SetupTypeCache (123ms)
			ReleaseScriptCaches (0ms)
			RebuildScriptCaches (31ms)
			SetupLoadedEditorAssemblies (354ms)
				LogAssemblyErrors (0ms)
				InitializePlatformSupportModulesInManaged (74ms)
				SetLoadedEditorAssemblies (1ms)
				RefreshPlugins (136ms)
				BeforeProcessingInitializeOnLoad (1ms)
				ProcessInitializeOnLoadAttributes (95ms)
				ProcessInitializeOnLoadMethodAttributes (45ms)
				AfterProcessingInitializeOnLoad (0ms)
				EditorAssembliesLoaded (0ms)
			ExecutionOrderSort2 (0ms)
			AwakeInstancesAfterBackupRestoration (0ms)
Platform modules already initialized, skipping
Registering precompiled user dll's ...
Registered in 0.020429 seconds.
Begin MonoManager ReloadAssembly
Native extension for UWP target not found
Native extension for WindowsStandalone target not found
Native extension for Android target not found
Refreshing native plugins compatible for Editor in 142.11 ms, found 26 plugins.
Preloading 1 native plugins for Editor in 0.03 ms.
DisplayProgressbar: Restoring NuGet Packages
Added DLL directory D:\PC\Desktop\IP\Rep\MR_M\Assets\Packages\Microsoft.VCRTForwarders.140.1.0.7\Unity\x64 to the user search path.
UnityEngine.StackTraceUtility:ExtractStackTrace ()
UnityEngine.DebugLogHandler:LogFormat (UnityEngine.LogType,UnityEngine.Object,string,object[])
UnityEngine.Logger:Log (UnityEngine.LogType,object)
UnityEngine.Debug:Log (object)
InitVCRTForwarders:.cctor () (at Assets/Packages/Microsoft.VCRTForwarders.140.1.0.7/Unity/Editor/InitVCRTForwarders.cs:53)
System.Runtime.CompilerServices.RuntimeHelpers:RunClassConstructor (System.RuntimeTypeHandle)
UnityEditor.EditorAssemblies:ProcessInitializeOnLoadAttributes (System.Type[])

(Filename: Assets/Packages/Microsoft.VCRTForwarders.140.1.0.7/Unity/Editor/InitVCRTForwarders.cs Line: 53)

Package Manager log level set to [2]
Added DLL directory D:\PC\Desktop\IP\Rep\MR_M\Assets\Packages\Microsoft.MixedReality.QR.0.5.3037\Unity\x64 to the user search path.
UnityEngine.StackTraceUtility:ExtractStackTrace ()
UnityEngine.DebugLogHandler:LogFormat (UnityEngine.LogType,UnityEngine.Object,string,object[])
UnityEngine.Logger:Log (UnityEngine.LogType,object)
UnityEngine.Debug:Log (object)
Microsoft.MixedReality.QR.Init:.cctor () (at Assets/Packages/Microsoft.MixedReality.QR.0.5.3037/Unity/Editor/Microsoft.MixedReality.QR.Init.cs:60)
System.Runtime.CompilerServices.RuntimeHelpers:RunClassConstructor (System.RuntimeTypeHandle)
UnityEditor.EditorAssemblies:ProcessInitializeOnLoadAttributes (System.Type[])

(Filename: Assets/Packages/Microsoft.MixedReality.QR.0.5.3037/Unity/Editor/Microsoft.MixedReality.QR.Init.cs Line: 60)

[XR] [MROpenXR][Info   ][20:49:25.949031][tid:81d0] MeshProvider_RegisterLifecycleProvider
[XR] [MROpenXR][Info   ][20:49:25.949120][tid:81d0] InputProvider_RegisterLifecycleProvider
[XR] Error loading subsystem: Display (1) (header mismatch?)
[XR] [MROpenXR][Info   ][20:49:25.950387][tid:81d0] OnPluginStarted UnityVersion=2021.3.16f1 OpenXRPluginVersion=1.5.3 MROpenXRPluginVersion=1.7.0.0 PartA_PrivTags=33554432
Mono: successfully reloaded assembly
- Completed reload, in  2.440 seconds
Domain Reload Profiling:
	ReloadAssembly (2441ms)
		BeginReloadAssembly (226ms)
			ExecutionOrderSort (0ms)
			DisableScriptedObjects (7ms)
			BackupInstance (0ms)
			ReleaseScriptingObjects (0ms)
			CreateAndSetChildDomain (132ms)
		EndReloadAssembly (2094ms)
			LoadAssemblies (96ms)
			RebuildTransferFunctionScriptingTraits (0ms)
			SetupTypeCache (319ms)
			ReleaseScriptCaches (1ms)
			RebuildScriptCaches (90ms)
			SetupLoadedEditorAssemblies (1539ms)
				LogAssemblyErrors (0ms)
				InitializePlatformSupportModulesInManaged (13ms)
				SetLoadedEditorAssemblies (0ms)
				RefreshPlugins (142ms)
				BeforeProcessingInitializeOnLoad (131ms)
				ProcessInitializeOnLoadAttributes (1184ms)
				ProcessInitializeOnLoadMethodAttributes (60ms)
				AfterProcessingInitializeOnLoad (8ms)
				EditorAssembliesLoaded (0ms)
			ExecutionOrderSort2 (0ms)
			AwakeInstancesAfterBackupRestoration (4ms)
Platform modules already initialized, skipping
========================================================================
Worker process is ready to serve import requests
Launched and connected shader compiler UnityShaderCompiler.exe after 0.05 seconds
Refreshing native plugins compatible for Editor in 2.17 ms, found 26 plugins.
Preloading 1 native plugins for Editor in 0.03 ms.
Unloading 7046 Unused Serialized files (Serialized files now loaded: 0)
Unloading 418 unused Assets / (266.3 KB). Loaded Objects now: 7332.
Memory consumption went from 255.6 MB to 255.3 MB.
Total: 5.096400 ms (FindLiveObjects: 0.618200 ms CreateObjectMapping: 0.701100 ms MarkObjects: 3.378300 ms  DeleteObjects: 0.397300 ms)

AssetImportParameters requested are different than current active one (requested -> active):
  custom:video-decoder-ogg-theora: a1e56fd34408186e4bbccfd4996cb3dc -> 
  custom:container-muxer-webm: aa71ff27fc2769a1b78a27578f13a17b -> 
  custom:container-demuxer-webm: 4f35f7cbe854078d1ac9338744f61a02 -> 
  custom:video-encoder-webm-vp8: eb34c28f22e8b96e1ab97ce403110664 -> 
  custom:audio-encoder-webm-vorbis: bf7c407c2cedff20999df2af8eb42d56 -> 
  custom:framework-win-MediaFoundation: 216162199b28c13a410421893ffa2e32 -> 
  custom:container-demuxer-ogg: 62fdf1f143b41e24485cea50d1cbac27 -> 
  custom:video-decoder-webm-vp8: 9c59270c3fd7afecdb556c50c9e8de78 -> 
  custom:audio-decoder-ogg-vorbis: bf7c407c2cedff20999df2af8eb42d56 -> 
========================================================================
Received Import Request.
  Time since last request: 1135820.065893 seconds.
  path: Packages/com.microsoft.mixedreality.toolkit.foundation/SDK/StandardAssets/Materials/MRTK_PressableInteractablesButtonBox.mat
  artifactKey: Guid(38a587e9218b3284485088c9925af61f) Importer(815301076,1909f56bfc062723c751e8b465ee728b)
Start importing Packages/com.microsoft.mixedreality.toolkit.foundation/SDK/StandardAssets/Materials/MRTK_PressableInteractablesButtonBox.mat using Guid(38a587e9218b3284485088c9925af61f) Importer(815301076,1909f56bfc062723c751e8b465ee728b)  -> (artifact id: 'e50324344cd7c4662d634affe2d3b48b') in 0.123428 seconds 
========================================================================
Received Import Request.
  Time since last request: 0.000023 seconds.
  path: Packages/com.microsoft.mixedreality.toolkit.examples/Common/Prefabs/TouchSlider/Materials/MRTK_TouchSlider_Thumb.mat
  artifactKey: Guid(31435748ea5c60d4a89beef4e9c897f0) Importer(815301076,1909f56bfc062723c751e8b465ee728b)
Start importing Packages/com.microsoft.mixedreality.toolkit.examples/Common/Prefabs/TouchSlider/Materials/MRTK_TouchSlider_Thumb.mat using Guid(31435748ea5c60d4a89beef4e9c897f0) Importer(815301076,1909f56bfc062723c751e8b465ee728b)  -> (artifact id: '0e2fdea458023b840a873105e385d514') in 0.108291 seconds 
========================================================================
Received Import Request.
  Time since last request: 0.000021 seconds.
  path: Packages/com.microsoft.mixedreality.toolkit.examples/StandardAssets/Materials/ShaderBallNearPlaneFade.mat
  artifactKey: Guid(c8251da9fa544db1b2cc62bb802f4d61) Importer(815301076,1909f56bfc062723c751e8b465ee728b)
Start importing Packages/com.microsoft.mixedreality.toolkit.examples/StandardAssets/Materials/ShaderBallNearPlaneFade.mat using Guid(c8251da9fa544db1b2cc62bb802f4d61) Importer(815301076,1909f56bfc062723c751e8b465ee728b)  -> (artifact id: '280f3b6a656f9a2a7a809c85539ea1c5') in 0.254714 seconds 
========================================================================
Received Import Request.
  Time since last request: 0.000027 seconds.
  path: Packages/com.microsoft.mixedreality.toolkit.foundation/SDK/Features/UX/Interactable/Materials/HolographicButtonContent.mat
  artifactKey: Guid(1ad68daec9ac6374cb32214e55dc158e) Importer(815301076,1909f56bfc062723c751e8b465ee728b)
Start importing Packages/com.microsoft.mixedreality.toolkit.foundation/SDK/Features/UX/Interactable/Materials/HolographicButtonContent.mat using Guid(1ad68daec9ac6374cb32214e55dc158e) Importer(815301076,1909f56bfc062723c751e8b465ee728b)  -> (artifact id: '6e583e130f7ce14e72f89eb7809d700a') in 0.059950 seconds 
========================================================================
Received Import Request.
  Time since last request: 0.000025 seconds.
  path: Packages/com.microsoft.mixedreality.toolkit.standardassets/Fonts/selawksl.ttf
  artifactKey: Guid(0fd94703e1ea496bb9999216ac3ece0d) Importer(815301076,1909f56bfc062723c751e8b465ee728b)
Start importing Packages/com.microsoft.mixedreality.toolkit.standardassets/Fonts/selawksl.ttf using Guid(0fd94703e1ea496bb9999216ac3ece0d) Importer(815301076,1909f56bfc062723c751e8b465ee728b)  -> (artifact id: '40f01f89ffead8ca55221a0a2f57facd') in 0.022549 seconds 
========================================================================
Received Import Request.
  Time since last request: 0.000016 seconds.
  path: Packages/com.microsoft.mixedreality.toolkit.examples/StandardAssets/Materials/OutlineGreen.mat
  artifactKey: Guid(fc4e6f68f30a24a4694ffefbf08f75c3) Importer(815301076,1909f56bfc062723c751e8b465ee728b)
Start importing Packages/com.microsoft.mixedreality.toolkit.examples/StandardAssets/Materials/OutlineGreen.mat using Guid(fc4e6f68f30a24a4694ffefbf08f75c3) Importer(815301076,1909f56bfc062723c751e8b465ee728b)  -> (artifact id: '068c065841422bc096bca59c3368f3a7') in 0.130267 seconds 
========================================================================
Received Import Request.
  Time since last request: 0.000017 seconds.
  path: Packages/com.microsoft.mixedreality.toolkit.foundation/SDK/Features/UX/Prefabs/RiggedHandVisualizer/L_Hand_MRTK_Rig.fbx
  artifactKey: Guid(95fdbeee899cda941a9083788b822772) Importer(815301076,1909f56bfc062723c751e8b465ee728b)
Start importing Packages/com.microsoft.mixedreality.toolkit.foundation/SDK/Features/UX/Prefabs/RiggedHandVisualizer/L_Hand_MRTK_Rig.fbx using Guid(95fdbeee899cda941a9083788b822772) Importer(815301076,1909f56bfc062723c751e8b465ee728b)  -> (artifact id: 'cc958e444632d420ef0dec45bcea5133') in 0.341169 seconds 
========================================================================
Received Import Request.
  Time since last request: 0.000024 seconds.
  path: Assets/Samples/Mixed Reality Toolkit Examples/2.8.3/Experimental - HandMenuLayout/Materials/HandMenuIcon_3x1.mat
  artifactKey: Guid(5c96e89a2be098b4daa2f326b845abe8) Importer(815301076,1909f56bfc062723c751e8b465ee728b)
Start importing Assets/Samples/Mixed Reality Toolkit Examples/2.8.3/Experimental - HandMenuLayout/Materials/HandMenuIcon_3x1.mat using Guid(5c96e89a2be098b4daa2f326b845abe8) Importer(815301076,1909f56bfc062723c751e8b465ee728b)  -> (artifact id: 'b0b89247913c4dab9f573e040f9db6aa') in 0.061068 seconds 
========================================================================
Received Import Request.
  Time since last request: 0.000018 seconds.
  path: Packages/com.microsoft.mixedreality.toolkit.foundation/SDK/Features/UX/Interactable/Materials/HolographicButtonIconStar.mat
  artifactKey: Guid(6f0c1af0718ce6d4abe8b90d6e2c283f) Importer(815301076,1909f56bfc062723c751e8b465ee728b)
Start importing Packages/com.microsoft.mixedreality.toolkit.foundation/SDK/Features/UX/Interactable/Materials/HolographicButtonIconStar.mat using Guid(6f0c1af0718ce6d4abe8b90d6e2c283f) Importer(815301076,1909f56bfc062723c751e8b465ee728b)  -> (artifact id: 'ee7d998e5be1207cebb3504d5c37f84a') in 0.044811 seconds 
========================================================================
Received Import Request.
  Time since last request: 0.000028 seconds.
  path: Packages/com.microsoft.mixedreality.toolkit.foundation/SDK/Features/UX/Interactable/Materials/HolographicButtonIconAdd.mat
  artifactKey: Guid(ccf34f78a6419584fa9cea97b5e46131) Importer(815301076,1909f56bfc062723c751e8b465ee728b)
Start importing Packages/com.microsoft.mixedreality.toolkit.foundation/SDK/Features/UX/Interactable/Materials/HolographicButtonIconAdd.mat using Guid(ccf34f78a6419584fa9cea97b5e46131) Importer(815301076,1909f56bfc062723c751e8b465ee728b)  -> (artifact id: '2c1d9c7196ab5c4b2ef25692491527ce') in 0.146101 seconds 
========================================================================
Received Import Request.
  Time since last request: 0.000023 seconds.
  path: Packages/com.microsoft.mixedreality.toolkit.examples/StandardAssets/Models/EarthCore.fbm/MaterialEarth.mat
  artifactKey: Guid(a817fa37f27ca3a4fa16203c8043be4a) Importer(815301076,1909f56bfc062723c751e8b465ee728b)
Start importing Packages/com.microsoft.mixedreality.toolkit.examples/StandardAssets/Models/EarthCore.fbm/MaterialEarth.mat using Guid(a817fa37f27ca3a4fa16203c8043be4a) Importer(815301076,1909f56bfc062723c751e8b465ee728b)  -> (artifact id: 'dc3d9963d4e8de6b9beacfc21412dcfb') in 0.018913 seconds 
========================================================================
Received Import Request.
  Time since last request: 0.000020 seconds.
  path: Packages/com.microsoft.mixedreality.toolkit.examples/StandardAssets/Models/Materials/7.mat
  artifactKey: Guid(0393ac2b971eddd4785463e9f09c243c) Importer(815301076,1909f56bfc062723c751e8b465ee728b)
Start importing Packages/com.microsoft.mixedreality.toolkit.examples/StandardAssets/Models/Materials/7.mat using Guid(0393ac2b971eddd4785463e9f09c243c) Importer(815301076,1909f56bfc062723c751e8b465ee728b)  -> (artifact id: 'd94ca6e3a818232eef035091e9efb2cb') in 0.167899 seconds 
========================================================================
Received Import Request.
  Time since last request: 0.000016 seconds.
  path: Packages/com.microsoft.mixedreality.toolkit.standardassets/Materials/MRTK_Standard_Black.mat
  artifactKey: Guid(54322026142964d4084eda2478d9b1a2) Importer(815301076,1909f56bfc062723c751e8b465ee728b)
Start importing Packages/com.microsoft.mixedreality.toolkit.standardassets/Materials/MRTK_Standard_Black.mat using Guid(54322026142964d4084eda2478d9b1a2) Importer(815301076,1909f56bfc062723c751e8b465ee728b)  -> (artifact id: '95c4c84dfbf61a764fffe9a996babdf5') in 0.067370 seconds 
========================================================================
Received Import Request.
  Time since last request: 0.000019 seconds.
  path: Packages/com.microsoft.mixedreality.toolkit.examples/StandardAssets/Models/Materials/Material_56.mat
  artifactKey: Guid(27cd524eafb15f74bac1f22817647b78) Importer(815301076,1909f56bfc062723c751e8b465ee728b)
Start importing Packages/com.microsoft.mixedreality.toolkit.examples/StandardAssets/Models/Materials/Material_56.mat using Guid(27cd524eafb15f74bac1f22817647b78) Importer(815301076,1909f56bfc062723c751e8b465ee728b)  -> (artifact id: '08565975ca2e1db08497a45098d818c8') in 0.068551 seconds 
========================================================================
Received Import Request.
  Time since last request: 0.000032 seconds.
  path: Packages/com.microsoft.mixedreality.toolkit.examples/StandardAssets/Materials/MRTK_Examples_Table.mat
  artifactKey: Guid(8c8990988051a6541b4f093a93ed6f41) Importer(815301076,1909f56bfc062723c751e8b465ee728b)
Start importing Packages/com.microsoft.mixedreality.toolkit.examples/StandardAssets/Materials/MRTK_Examples_Table.mat using Guid(8c8990988051a6541b4f093a93ed6f41) Importer(815301076,1909f56bfc062723c751e8b465ee728b)  -> (artifact id: '0c6e56b1874897b269c4257257edd223') in 0.057619 seconds 
========================================================================
Received Import Request.
  Time since last request: 0.000029 seconds.
  path: Assets/Samples/Mixed Reality Toolkit Examples/2.8.3/Experimental - HandMenuLayout/Materials/HandMenuIcon_3x1_Circles.mat
  artifactKey: Guid(69c05afc3438a35418a58af01704459a) Importer(815301076,1909f56bfc062723c751e8b465ee728b)
Start importing Assets/Samples/Mixed Reality Toolkit Examples/2.8.3/Experimental - HandMenuLayout/Materials/HandMenuIcon_3x1_Circles.mat using Guid(69c05afc3438a35418a58af01704459a) Importer(815301076,1909f56bfc062723c751e8b465ee728b)  -> (artifact id: '205acc00ac09044614eeebb4f06ec421') in 0.014664 seconds 
========================================================================
Received Import Request.
  Time since last request: 0.000024 seconds.
  path: Packages/com.microsoft.mixedreality.toolkit.standardassets/Materials/MRTK_Standard_TransparentEmerald.mat
  artifactKey: Guid(ab6b5d4dc17c48bbab69426bced2d601) Importer(815301076,1909f56bfc062723c751e8b465ee728b)
Start importing Packages/com.microsoft.mixedreality.toolkit.standardassets/Materials/MRTK_Standard_TransparentEmerald.mat using Guid(ab6b5d4dc17c48bbab69426bced2d601) Importer(815301076,1909f56bfc062723c751e8b465ee728b)  -> (artifact id: '55d911b1002781ae85ad96f25519026c') in 0.037584 seconds 
========================================================================
Received Import Request.
  Time since last request: 0.000018 seconds.
  path: Packages/com.microsoft.mixedreality.toolkit.standardassets/FontsSDFTextures/DepthWriteOff/segoeuisl SDF_zwrite_off.asset
  artifactKey: Guid(d94d0d64ec3545b408d5621e7d27cf96) Importer(815301076,1909f56bfc062723c751e8b465ee728b)
Start importing Packages/com.microsoft.mixedreality.toolkit.standardassets/FontsSDFTextures/DepthWriteOff/segoeuisl SDF_zwrite_off.asset using Guid(d94d0d64ec3545b408d5621e7d27cf96) Importer(815301076,1909f56bfc062723c751e8b465ee728b)  -> (artifact id: 'cd08df020681ce6c322224eef0bbe07b') in 0.040167 seconds 
========================================================================
Received Import Request.
  Time since last request: 0.000022 seconds.
  path: Packages/com.microsoft.mixedreality.toolkit.standardassets/Fonts/selawkb.ttf
  artifactKey: Guid(a99e8b1ed1154eb58270cc6a18605657) Importer(815301076,1909f56bfc062723c751e8b465ee728b)
Start importing Packages/com.microsoft.mixedreality.toolkit.standardassets/Fonts/selawkb.ttf using Guid(a99e8b1ed1154eb58270cc6a18605657) Importer(815301076,1909f56bfc062723c751e8b465ee728b)  -> (artifact id: '38d2204fd25f158e38a538ab0b23ee48') in 0.014011 seconds 
========================================================================
Received Import Request.
  Time since last request: 0.000027 seconds.
  path: Packages/com.microsoft.mixedreality.toolkit.foundation/SDK/Features/UX/Materials/BoundingBoxHandleBlueGrabbed.mat
  artifactKey: Guid(bf37b5eab60b288498d02fd524325d10) Importer(815301076,1909f56bfc062723c751e8b465ee728b)
Start importing Packages/com.microsoft.mixedreality.toolkit.foundation/SDK/Features/UX/Materials/BoundingBoxHandleBlueGrabbed.mat using Guid(bf37b5eab60b288498d02fd524325d10) Importer(815301076,1909f56bfc062723c751e8b465ee728b)  -> (artifact id: '6e01df5b086da23165c810459bbd95af') in 0.027436 seconds 
========================================================================
Received Import Request.
  Time since last request: 0.000028 seconds.
  path: Packages/com.microsoft.mixedreality.toolkit.foundation/SDK/Features/UX/Interactable/Materials/HolographicButtonThinContent.mat
  artifactKey: Guid(2908087d837e7ab4f8bc0c2b3de90823) Importer(815301076,1909f56bfc062723c751e8b465ee728b)
Start importing Packages/com.microsoft.mixedreality.toolkit.foundation/SDK/Features/UX/Interactable/Materials/HolographicButtonThinContent.mat using Guid(2908087d837e7ab4f8bc0c2b3de90823) Importer(815301076,1909f56bfc062723c751e8b465ee728b)  -> (artifact id: '79f58049d82d501befe4a0d68b11ed8d') in 0.103062 seconds 
========================================================================
Received Import Request.
  Time since last request: 0.000014 seconds.
  path: Packages/com.microsoft.mixedreality.worldlockingtools/WorldLocking.Tools/Materials/DebugVisualizerExtrapolatedMeshMaterial.mat
  artifactKey: Guid(3cb6998e3870cb345a31ad89410518c1) Importer(815301076,1909f56bfc062723c751e8b465ee728b)
Start importing Packages/com.microsoft.mixedreality.worldlockingtools/WorldLocking.Tools/Materials/DebugVisualizerExtrapolatedMeshMaterial.mat using Guid(3cb6998e3870cb345a31ad89410518c1) Importer(815301076,1909f56bfc062723c751e8b465ee728b)  -> (artifact id: '5cf83f6b438cb63bcebcfcea47b91d73') in 0.034589 seconds 
========================================================================
Received Import Request.
  Time since last request: 0.000020 seconds.
  path: Packages/com.microsoft.mixedreality.toolkit.standardassets/Materials/MRTK_Standard_Gray.mat
  artifactKey: Guid(835cb4a58f172d7478801db95e510f56) Importer(815301076,1909f56bfc062723c751e8b465ee728b)
Start importing Packages/com.microsoft.mixedreality.toolkit.standardassets/Materials/MRTK_Standard_Gray.mat using Guid(835cb4a58f172d7478801db95e510f56) Importer(815301076,1909f56bfc062723c751e8b465ee728b)  -> (artifact id: 'dbafdbd2f5b0fdfed363ab9e9275023e') in 0.013491 seconds 
========================================================================
Received Import Request.
  Time since last request: 0.000022 seconds.
  path: Packages/com.microsoft.mixedreality.toolkit.foundation/SDK/StandardAssets/Materials/MRTK_Slider_Default.mat
  artifactKey: Guid(43ed2047eeac4e54386d3eeb3f7cba2d) Importer(815301076,1909f56bfc062723c751e8b465ee728b)
Start importing Packages/com.microsoft.mixedreality.toolkit.foundation/SDK/StandardAssets/Materials/MRTK_Slider_Default.mat using Guid(43ed2047eeac4e54386d3eeb3f7cba2d) Importer(815301076,1909f56bfc062723c751e8b465ee728b)  -> (artifact id: '08cddae146a3f37bb3b6800384b8eae7') in 0.121458 seconds 
========================================================================
Received Import Request.
  Time since last request: 0.000018 seconds.
  path: Packages/com.microsoft.mixedreality.toolkit.foundation/SDK/Features/UX/Interactable/Materials/HolographicBackPlateCircular.mat
  artifactKey: Guid(68f0ad9fadae8b3438ebd66cdba2b20f) Importer(815301076,1909f56bfc062723c751e8b465ee728b)
Start importing Packages/com.microsoft.mixedreality.toolkit.foundation/SDK/Features/UX/Interactable/Materials/HolographicBackPlateCircular.mat using Guid(68f0ad9fadae8b3438ebd66cdba2b20f) Importer(815301076,1909f56bfc062723c751e8b465ee728b)  -> (artifact id: '7d3662182f92d6419bf1504333e1de49') in 0.091211 seconds 
========================================================================
Received Import Request.
  Time since last request: 0.000019 seconds.
  path: Packages/com.unity.probuilder/Content/Resources/Materials/NoDraw.mat
  artifactKey: Guid(8cb4d6fee77fd4ee6895f08b240d625f) Importer(815301076,1909f56bfc062723c751e8b465ee728b)
Start importing Packages/com.unity.probuilder/Content/Resources/Materials/NoDraw.mat using Guid(8cb4d6fee77fd4ee6895f08b240d625f) Importer(815301076,1909f56bfc062723c751e8b465ee728b)  -> (artifact id: 'ddc8a96e6e62e22bbf4ca9e9b3d0dfce') in 0.141833 seconds 
========================================================================
Received Import Request.
  Time since last request: 0.000029 seconds.
  path: Packages/com.microsoft.mixedreality.toolkit.foundation/SDK/Features/UX/Interactable/Materials/CarryModeOutline.mat
  artifactKey: Guid(15445dbe491e8f9428ad63168cae68eb) Importer(815301076,1909f56bfc062723c751e8b465ee728b)
Start importing Packages/com.microsoft.mixedreality.toolkit.foundation/SDK/Features/UX/Interactable/Materials/CarryModeOutline.mat using Guid(15445dbe491e8f9428ad63168cae68eb) Importer(815301076,1909f56bfc062723c751e8b465ee728b)  -> (artifact id: '9b0dbd12630e89b92df98a2d05aba967') in 0.046719 seconds 
========================================================================
Received Import Request.
  Time since last request: 0.000017 seconds.
  path: Packages/com.microsoft.mixedreality.toolkit.foundation/SDK/Features/UX/Materials/ProgressIndicatorRotatingOrbsMat.mat
  artifactKey: Guid(ad63588c7e076084a90378e695622194) Importer(815301076,1909f56bfc062723c751e8b465ee728b)
Start importing Packages/com.microsoft.mixedreality.toolkit.foundation/SDK/Features/UX/Materials/ProgressIndicatorRotatingOrbsMat.mat using Guid(ad63588c7e076084a90378e695622194) Importer(815301076,1909f56bfc062723c751e8b465ee728b)  -> (artifact id: 'a717eae4512e4b2a24cd587ab1584a62') in 0.072944 seconds 
========================================================================
Received Import Request.
  Time since last request: 0.000021 seconds.
  path: Packages/com.microsoft.mixedreality.toolkit.foundation/SDK/Features/UX/Interactable/Materials/HolographicBackPlateGrabbableProximity.mat
  artifactKey: Guid(7bb46fe0291383e41b1cd86f2a9b2479) Importer(815301076,1909f56bfc062723c751e8b465ee728b)
Start importing Packages/com.microsoft.mixedreality.toolkit.foundation/SDK/Features/UX/Interactable/Materials/HolographicBackPlateGrabbableProximity.mat using Guid(7bb46fe0291383e41b1cd86f2a9b2479) Importer(815301076,1909f56bfc062723c751e8b465ee728b)  -> (artifact id: '2be0283383bddd5327f8cfead8309561') in 2.947903 seconds 
========================================================================
Received Import Request.
  Time since last request: 0.000020 seconds.
  path: Packages/com.microsoft.mixedreality.toolkit.examples/StandardAssets/Materials/CubeOpaqueBorder.mat
  artifactKey: Guid(9846ae30ab91499fa97b4533cd15b970) Importer(815301076,1909f56bfc062723c751e8b465ee728b)
Start importing Packages/com.microsoft.mixedreality.toolkit.examples/StandardAssets/Materials/CubeOpaqueBorder.mat using Guid(9846ae30ab91499fa97b4533cd15b970) Importer(815301076,1909f56bfc062723c751e8b465ee728b)  -> (artifact id: '379e59a7a4b1de7867a7599587282f96') in 0.325890 seconds 
========================================================================
Received Import Request.
  Time since last request: 0.000022 seconds.
  path: Packages/com.microsoft.mixedreality.toolkit.examples/StandardAssets/Materials/ShaderBallClippingPlane.mat
  artifactKey: Guid(72beba80472642299b6651a33cc160df) Importer(815301076,1909f56bfc062723c751e8b465ee728b)
Start importing Packages/com.microsoft.mixedreality.toolkit.examples/StandardAssets/Materials/ShaderBallClippingPlane.mat using Guid(72beba80472642299b6651a33cc160df) Importer(815301076,1909f56bfc062723c751e8b465ee728b)  -> (artifact id: '2f83c22e443dbdfeb5704016ddbc2cca') in 0.395920 seconds 
========================================================================
Received Import Request.
  Time since last request: 0.000016 seconds.
  path: Packages/com.microsoft.mixedreality.toolkit.standardassets/Materials/MRTK_WireframeBlue.mat
  artifactKey: Guid(a923a5d1aebc7fe449b4ab3289da537b) Importer(815301076,1909f56bfc062723c751e8b465ee728b)
Start importing Packages/com.microsoft.mixedreality.toolkit.standardassets/Materials/MRTK_WireframeBlue.mat using Guid(a923a5d1aebc7fe449b4ab3289da537b) Importer(815301076,1909f56bfc062723c751e8b465ee728b)  -> (artifact id: 'f5101d4c54c1aeff42bd658d4586ee90') in 0.323854 seconds 
========================================================================
Received Import Request.
  Time since last request: 0.000035 seconds.
  path: Packages/com.microsoft.mixedreality.toolkit.examples/StandardAssets/Materials/PanelBorderRoundedEdgeSmoothing.mat
  artifactKey: Guid(5d79f299e233cb24d996bba4dbdcebb9) Importer(815301076,1909f56bfc062723c751e8b465ee728b)
Start importing Packages/com.microsoft.mixedreality.toolkit.examples/StandardAssets/Materials/PanelBorderRoundedEdgeSmoothing.mat using Guid(5d79f299e233cb24d996bba4dbdcebb9) Importer(815301076,1909f56bfc062723c751e8b465ee728b)  -> (artifact id: 'ac694e6c02179456abbef3dcef323ca2') in 0.172909 seconds 
========================================================================
Received Prepare
Registering precompiled user dll's ...
Registered in 0.017241 seconds.
Begin MonoManager ReloadAssembly
Native extension for UWP target not found
Native extension for WindowsStandalone target not found
Native extension for Android target not found
Refreshing native plugins compatible for Editor in 2.65 ms, found 26 plugins.
Preloading 1 native plugins for Editor in 0.04 ms.
Warning: Annotation not found!
UnityEngine.StackTraceUtility:ExtractStackTrace ()
UnityEditor.ProBuilder.EditorUtility:SetGizmoIconEnabled (System.Type,bool) (at Library/PackageCache/com.unity.probuilder@5.0.3/Editor/EditorCore/EditorUtility.cs:575)
UnityEditor.ProBuilder.HierarchyListener:.cctor () (at Library/PackageCache/com.unity.probuilder@5.0.3/Editor/EditorCore/HierarchyListener.cs:21)
System.Runtime.CompilerServices.RuntimeHelpers:RunClassConstructor (System.RuntimeTypeHandle)
UnityEditor.EditorAssemblies:ProcessInitializeOnLoadAttributes (System.Type[])

[Library/PackageCache/com.unity.probuilder@5.0.3/Editor/EditorCore/EditorUtility.cs line 575]

Mono: successfully reloaded assembly
- Completed reload, in  1.237 seconds
Domain Reload Profiling:
	ReloadAssembly (1238ms)
		BeginReloadAssembly (139ms)
			ExecutionOrderSort (0ms)
			DisableScriptedObjects (4ms)
			BackupInstance (0ms)
			ReleaseScriptingObjects (0ms)
			CreateAndSetChildDomain (45ms)
		EndReloadAssembly (1011ms)
			LoadAssemblies (103ms)
			RebuildTransferFunctionScriptingTraits (0ms)
			SetupTypeCache (269ms)
			ReleaseScriptCaches (1ms)
			RebuildScriptCaches (55ms)
			SetupLoadedEditorAssemblies (514ms)
				LogAssemblyErrors (0ms)
				InitializePlatformSupportModulesInManaged (26ms)
				SetLoadedEditorAssemblies (0ms)
				RefreshPlugins (3ms)
				BeforeProcessingInitializeOnLoad (93ms)
				ProcessInitializeOnLoadAttributes (333ms)
				ProcessInitializeOnLoadMethodAttributes (49ms)
				AfterProcessingInitializeOnLoad (8ms)
				EditorAssembliesLoaded (0ms)
			ExecutionOrderSort2 (0ms)
			AwakeInstancesAfterBackupRestoration (6ms)
Platform modules already initialized, skipping
Refreshing native plugins compatible for Editor in 33.25 ms, found 26 plugins.
Preloading 1 native plugins for Editor in 0.04 ms.
Unloading 6963 Unused Serialized files (Serialized files now loaded: 0)
Unloading 242 unused Assets / (171.6 KB). Loaded Objects now: 7384.
Memory consumption went from 253.4 MB to 253.3 MB.
Total: 3.902200 ms (FindLiveObjects: 0.480100 ms CreateObjectMapping: 0.531200 ms MarkObjects: 2.722900 ms  DeleteObjects: 0.167300 ms)

AssetImportParameters requested are different than current active one (requested -> active):
  custom:video-decoder-ogg-theora: a1e56fd34408186e4bbccfd4996cb3dc -> 
  custom:container-muxer-webm: aa71ff27fc2769a1b78a27578f13a17b -> 
  custom:container-demuxer-webm: 4f35f7cbe854078d1ac9338744f61a02 -> 
  custom:video-encoder-webm-vp8: eb34c28f22e8b96e1ab97ce403110664 -> 
  custom:audio-encoder-webm-vorbis: bf7c407c2cedff20999df2af8eb42d56 -> 
  custom:framework-win-MediaFoundation: 216162199b28c13a410421893ffa2e32 -> 
  custom:container-demuxer-ogg: 62fdf1f143b41e24485cea50d1cbac27 -> 
  custom:video-decoder-webm-vp8: 9c59270c3fd7afecdb556c50c9e8de78 -> 
  custom:audio-decoder-ogg-vorbis: bf7c407c2cedff20999df2af8eb42d56 -> 
Editor requested this worker to shutdown with reason: Scaling down because of idle timeout
AssetImportWorker is now disconnected from the server
Process exiting
Exiting without the bug reporter. Application will terminate with return code 0