Using pre-set license
Built from '2021.3/staging' branch; Version is '2021.3.16f1 (4016570cf34f) revision 4200023'; Using compiler version '192829333'; Build Type 'Release'
OS: 'Windows 10  (10.0.19044) 64bit Core' Language: 'en' Physical Memory: 32678 MB
BatchMode: 1, IsHumanControllingUs: 0, StartBugReporterOnCrash: 0, Is64bit: 1, IsPro: 1

COMMAND LINE ARGUMENTS:
C:\Program Files (x86)\ProjetoIntegrado_Multimedia_AndreMoreira\Unity Editors\2021.3.16f1\Editor\Unity.exe
-adb2
-batchMode
-noUpm
-name
AssetImportWorker18
-projectPath
D:/PC/Desktop/IP/Rep/MR_M
-logFile
Logs/AssetImportWorker18.log
-srvPort
55265
Successfully changed project path to: D:/PC/Desktop/IP/Rep/MR_M
D:/PC/Desktop/IP/Rep/MR_M
[UnityMemory] Configuration Parameters - Can be set up in boot.config
    "memorysetup-bucket-allocator-granularity=16"
    "memorysetup-bucket-allocator-bucket-count=8"
    "memorysetup-bucket-allocator-block-size=33554432"
    "memorysetup-bucket-allocator-block-count=8"
    "memorysetup-main-allocator-block-size=16777216"
    "memorysetup-thread-allocator-block-size=16777216"
    "memorysetup-gfx-main-allocator-block-size=16777216"
    "memorysetup-gfx-thread-allocator-block-size=16777216"
    "memorysetup-cache-allocator-block-size=4194304"
    "memorysetup-typetree-allocator-block-size=2097152"
    "memorysetup-profiler-bucket-allocator-granularity=16"
    "memorysetup-profiler-bucket-allocator-bucket-count=8"
    "memorysetup-profiler-bucket-allocator-block-size=33554432"
    "memorysetup-profiler-bucket-allocator-block-count=8"
    "memorysetup-profiler-allocator-block-size=16777216"
    "memorysetup-profiler-editor-allocator-block-size=1048576"
    "memorysetup-temp-allocator-size-main=16777216"
    "memorysetup-job-temp-allocator-block-size=2097152"
    "memorysetup-job-temp-allocator-block-size-background=1048576"
    "memorysetup-job-temp-allocator-reduction-small-platforms=262144"
    "memorysetup-temp-allocator-size-background-worker=32768"
    "memorysetup-temp-allocator-size-job-worker=262144"
    "memorysetup-temp-allocator-size-preload-manager=33554432"
    "memorysetup-temp-allocator-size-nav-mesh-worker=65536"
    "memorysetup-temp-allocator-size-audio-worker=65536"
    "memorysetup-temp-allocator-size-cloud-worker=32768"
    "memorysetup-temp-allocator-size-gi-baking-worker=262144"
    "memorysetup-temp-allocator-size-gfx=262144"
Player connection [13308] Host "[IP] 172.17.2.201 [Port] 0 [Flags] 2 [Guid] 2662286947 [EditorId] 2662286947 [Version] 1048832 [Id] WindowsEditor(7,GreenHealth) [Debug] 1 [PackageName] WindowsEditor [ProjectName] Editor" joined multi-casting on [225.0.0.222:54997]...

Player connection [13308] Host "[IP] 172.17.2.201 [Port] 0 [Flags] 2 [Guid] 2662286947 [EditorId] 2662286947 [Version] 1048832 [Id] WindowsEditor(7,GreenHealth) [Debug] 1 [PackageName] WindowsEditor [ProjectName] Editor" joined alternative multi-casting on [225.0.0.222:34997]...

Refreshing native plugins compatible for Editor in 171.97 ms, found 26 plugins.
Preloading 1 native plugins for Editor in 4.35 ms.
Initialize engine version: 2021.3.16f1 (4016570cf34f)
[Subsystems] Discovering subsystems at path C:/Program Files (x86)/ProjetoIntegrado_Multimedia_AndreMoreira/Unity Editors/2021.3.16f1/Editor/Data/Resources/UnitySubsystems
[Subsystems] Discovering subsystems at path D:/PC/Desktop/IP/Rep/MR_M/Assets
GfxDevice: creating device client; threaded=0; jobified=0
Direct3D:
    Version:  Direct3D 11.0 [level 11.1]
    Renderer: NVIDIA GeForce RTX 2070 SUPER (ID=0x1e84)
    Vendor:   NVIDIA
    VRAM:     8011 MB
    Driver:   27.21.14.6192
Initialize mono
Mono path[0] = 'C:/Program Files (x86)/ProjetoIntegrado_Multimedia_AndreMoreira/Unity Editors/2021.3.16f1/Editor/Data/Managed'
Mono path[1] = 'C:/Program Files (x86)/ProjetoIntegrado_Multimedia_AndreMoreira/Unity Editors/2021.3.16f1/Editor/Data/MonoBleedingEdge/lib/mono/unityjit-win32'
Mono config path = 'C:/Program Files (x86)/ProjetoIntegrado_Multimedia_AndreMoreira/Unity Editors/2021.3.16f1/Editor/Data/MonoBleedingEdge/etc'
Using monoOptions --debugger-agent=transport=dt_socket,embedding=1,server=y,suspend=n,address=127.0.0.1:56108
Begin MonoManager ReloadAssembly
Registering precompiled unity dll's ...
Register platform support module: C:/Program Files (x86)/ProjetoIntegrado_Multimedia_AndreMoreira/Unity Editors/2021.3.16f1/Editor/Data/PlaybackEngines/AndroidPlayer/UnityEditor.Android.Extensions.dll
Register platform support module: C:/Program Files (x86)/ProjetoIntegrado_Multimedia_AndreMoreira/Unity Editors/2021.3.16f1/Editor/Data/PlaybackEngines/WindowsStandaloneSupport/UnityEditor.WindowsStandalone.Extensions.dll
Register platform support module: C:/Program Files (x86)/ProjetoIntegrado_Multimedia_AndreMoreira/Unity Editors/2021.3.16f1/Editor/Data/PlaybackEngines/MetroSupport/UnityEditor.UWP.Extensions.dll
Registered in 0.009027 seconds.
Native extension for UWP target not found
Native extension for WindowsStandalone target not found
Native extension for Android target not found
Refreshing native plugins compatible for Editor in 131.58 ms, found 26 plugins.
Preloading 1 native plugins for Editor in 0.16 ms.
Mono: successfully reloaded assembly
- Completed reload, in  0.663 seconds
Domain Reload Profiling:
	ReloadAssembly (663ms)
		BeginReloadAssembly (70ms)
			ExecutionOrderSort (0ms)
			DisableScriptedObjects (0ms)
			BackupInstance (0ms)
			ReleaseScriptingObjects (0ms)
			CreateAndSetChildDomain (1ms)
		EndReloadAssembly (488ms)
			LoadAssemblies (67ms)
			RebuildTransferFunctionScriptingTraits (0ms)
			SetupTypeCache (96ms)
			ReleaseScriptCaches (0ms)
			RebuildScriptCaches (24ms)
			SetupLoadedEditorAssemblies (317ms)
				LogAssemblyErrors (0ms)
				InitializePlatformSupportModulesInManaged (54ms)
				SetLoadedEditorAssemblies (0ms)
				RefreshPlugins (132ms)
				BeforeProcessingInitializeOnLoad (1ms)
				ProcessInitializeOnLoadAttributes (89ms)
				ProcessInitializeOnLoadMethodAttributes (41ms)
				AfterProcessingInitializeOnLoad (0ms)
				EditorAssembliesLoaded (0ms)
			ExecutionOrderSort2 (0ms)
			AwakeInstancesAfterBackupRestoration (0ms)
Platform modules already initialized, skipping
Registering precompiled user dll's ...
Registered in 0.018271 seconds.
Begin MonoManager ReloadAssembly
Native extension for UWP target not found
Native extension for WindowsStandalone target not found
Native extension for Android target not found
Refreshing native plugins compatible for Editor in 109.61 ms, found 26 plugins.
Preloading 1 native plugins for Editor in 0.03 ms.
DisplayProgressbar: Restoring NuGet Packages
Added DLL directory D:\PC\Desktop\IP\Rep\MR_M\Assets\Packages\Microsoft.VCRTForwarders.140.1.0.7\Unity\x64 to the user search path.
UnityEngine.StackTraceUtility:ExtractStackTrace ()
UnityEngine.DebugLogHandler:LogFormat (UnityEngine.LogType,UnityEngine.Object,string,object[])
UnityEngine.Logger:Log (UnityEngine.LogType,object)
UnityEngine.Debug:Log (object)
InitVCRTForwarders:.cctor () (at Assets/Packages/Microsoft.VCRTForwarders.140.1.0.7/Unity/Editor/InitVCRTForwarders.cs:53)
System.Runtime.CompilerServices.RuntimeHelpers:RunClassConstructor (System.RuntimeTypeHandle)
UnityEditor.EditorAssemblies:ProcessInitializeOnLoadAttributes (System.Type[])

(Filename: Assets/Packages/Microsoft.VCRTForwarders.140.1.0.7/Unity/Editor/InitVCRTForwarders.cs Line: 53)

Package Manager log level set to [2]
Added DLL directory D:\PC\Desktop\IP\Rep\MR_M\Assets\Packages\Microsoft.MixedReality.QR.0.5.3037\Unity\x64 to the user search path.
UnityEngine.StackTraceUtility:ExtractStackTrace ()
UnityEngine.DebugLogHandler:LogFormat (UnityEngine.LogType,UnityEngine.Object,string,object[])
UnityEngine.Logger:Log (UnityEngine.LogType,object)
UnityEngine.Debug:Log (object)
Microsoft.MixedReality.QR.Init:.cctor () (at Assets/Packages/Microsoft.MixedReality.QR.0.5.3037/Unity/Editor/Microsoft.MixedReality.QR.Init.cs:60)
System.Runtime.CompilerServices.RuntimeHelpers:RunClassConstructor (System.RuntimeTypeHandle)
UnityEditor.EditorAssemblies:ProcessInitializeOnLoadAttributes (System.Type[])

(Filename: Assets/Packages/Microsoft.MixedReality.QR.0.5.3037/Unity/Editor/Microsoft.MixedReality.QR.Init.cs Line: 60)

[XR] [MROpenXR][Info   ][15:43:55.236750][tid:33fc] MeshProvider_RegisterLifecycleProvider
[XR] [MROpenXR][Info   ][15:43:55.236750][tid:33fc] MeshProvider_RegisterLifecycleProvider
[XR] [MROpenXR][Info   ][15:43:55.236812][tid:33fc] InputProvider_RegisterLifecycleProvider
[XR] [MROpenXR][Info   ][15:43:55.236812][tid:33fc] InputProvider_RegisterLifecycleProvider
[XR] Error loading subsystem: Display (1) (header mismatch?)
[XR] [MROpenXR][Info   ][15:43:55.237939][tid:33fc] OnPluginStarted UnityVersion=2021.3.16f1 OpenXRPluginVersion=1.5.3 MROpenXRPluginVersion=1.8.0.0 PartA_PrivTags=33554432
[XR] [MROpenXR][Info   ][15:43:55.237939][tid:33fc] OnPluginStarted UnityVersion=2021.3.16f1 OpenXRPluginVersion=1.5.3 MROpenXRPluginVersion=1.8.0.0 PartA_PrivTags=33554432
Mono: successfully reloaded assembly
- Completed reload, in  1.708 seconds
Domain Reload Profiling:
	ReloadAssembly (1709ms)
		BeginReloadAssembly (212ms)
			ExecutionOrderSort (0ms)
			DisableScriptedObjects (5ms)
			BackupInstance (0ms)
			ReleaseScriptingObjects (0ms)
			CreateAndSetChildDomain (127ms)
		EndReloadAssembly (1395ms)
			LoadAssemblies (95ms)
			RebuildTransferFunctionScriptingTraits (0ms)
			SetupTypeCache (312ms)
			ReleaseScriptCaches (1ms)
			RebuildScriptCaches (81ms)
			SetupLoadedEditorAssemblies (865ms)
				LogAssemblyErrors (0ms)
				InitializePlatformSupportModulesInManaged (13ms)
				SetLoadedEditorAssemblies (0ms)
				RefreshPlugins (110ms)
				BeforeProcessingInitializeOnLoad (107ms)
				ProcessInitializeOnLoadAttributes (570ms)
				ProcessInitializeOnLoadMethodAttributes (57ms)
				AfterProcessingInitializeOnLoad (8ms)
				EditorAssembliesLoaded (0ms)
			ExecutionOrderSort2 (0ms)
			AwakeInstancesAfterBackupRestoration (4ms)
Platform modules already initialized, skipping
========================================================================
Worker process is ready to serve import requests
Launched and connected shader compiler UnityShaderCompiler.exe after 0.06 seconds
Refreshing native plugins compatible for Editor in 2.42 ms, found 26 plugins.
Preloading 1 native plugins for Editor in 0.03 ms.
Unloading 7040 Unused Serialized files (Serialized files now loaded: 0)
Unloading 251 unused Assets / (196.1 KB). Loaded Objects now: 7359.
Memory consumption went from 273.5 MB to 273.3 MB.
Total: 4.208700 ms (FindLiveObjects: 0.810700 ms CreateObjectMapping: 0.667500 ms MarkObjects: 2.534200 ms  DeleteObjects: 0.195600 ms)

AssetImportParameters requested are different than current active one (requested -> active):
  custom:video-decoder-ogg-theora: a1e56fd34408186e4bbccfd4996cb3dc -> 
  custom:container-muxer-webm: aa71ff27fc2769a1b78a27578f13a17b -> 
  custom:container-demuxer-webm: 4f35f7cbe854078d1ac9338744f61a02 -> 
  custom:video-encoder-webm-vp8: eb34c28f22e8b96e1ab97ce403110664 -> 
  custom:audio-encoder-webm-vorbis: bf7c407c2cedff20999df2af8eb42d56 -> 
  custom:framework-win-MediaFoundation: 216162199b28c13a410421893ffa2e32 -> 
  custom:container-demuxer-ogg: 62fdf1f143b41e24485cea50d1cbac27 -> 
  custom:video-decoder-webm-vp8: 9c59270c3fd7afecdb556c50c9e8de78 -> 
  custom:audio-decoder-ogg-vorbis: bf7c407c2cedff20999df2af8eb42d56 -> 
========================================================================
Received Import Request.
  Time since last request: 434027.267416 seconds.
  path: Assets/SCI-FI GUI Pack/Resources/Sprites/Deco/ico_arrow_02.png
  artifactKey: Guid(c9e5ad260b3ed452fb744e3e47f6c0eb) Importer(815301076,1909f56bfc062723c751e8b465ee728b)
Start importing Assets/SCI-FI GUI Pack/Resources/Sprites/Deco/ico_arrow_02.png using Guid(c9e5ad260b3ed452fb744e3e47f6c0eb) Importer(815301076,1909f56bfc062723c751e8b465ee728b)  -> (artifact id: '5dfa3907fb7d131dbf285b421cfcc6be') in 0.170329 seconds 
========================================================================
Received Import Request.
  Time since last request: 0.000018 seconds.
  path: Assets/SCI-FI GUI Pack/Resources/Sprites/Deco/ico_earth_01.png
  artifactKey: Guid(9380a38b75e9848fd8d27a90f2c0ecfa) Importer(815301076,1909f56bfc062723c751e8b465ee728b)
Start importing Assets/SCI-FI GUI Pack/Resources/Sprites/Deco/ico_earth_01.png using Guid(9380a38b75e9848fd8d27a90f2c0ecfa) Importer(815301076,1909f56bfc062723c751e8b465ee728b)  -> (artifact id: 'bb4632fcba4ca95b0ee5ac1719a4f07b') in 0.186963 seconds 
========================================================================
Received Import Request.
  Time since last request: 0.000030 seconds.
  path: Assets/SCI-FI GUI Pack/Resources/Sprites/Deco/img_line_10.png
  artifactKey: Guid(30a6e423e6528428f8c1abf42814b139) Importer(815301076,1909f56bfc062723c751e8b465ee728b)
Start importing Assets/SCI-FI GUI Pack/Resources/Sprites/Deco/img_line_10.png using Guid(30a6e423e6528428f8c1abf42814b139) Importer(815301076,1909f56bfc062723c751e8b465ee728b)  -> (artifact id: 'ff66bbc3cf29d13fb0cd944ee0b6d52c') in 0.147238 seconds 
========================================================================
Received Import Request.
  Time since last request: 0.000016 seconds.
  path: Assets/SCI-FI GUI Pack/Resources/Sprites/Deco/ico_circle_05.png
  artifactKey: Guid(18780c1adaaf64a1590a0e27906ed89a) Importer(815301076,1909f56bfc062723c751e8b465ee728b)
Start importing Assets/SCI-FI GUI Pack/Resources/Sprites/Deco/ico_circle_05.png using Guid(18780c1adaaf64a1590a0e27906ed89a) Importer(815301076,1909f56bfc062723c751e8b465ee728b)  -> (artifact id: '27403d01a0fef9d9d9743a927e2ef970') in 0.103215 seconds 
========================================================================
Received Import Request.
  Time since last request: 0.000026 seconds.
  path: Assets/SCI-FI GUI Pack/Resources/Sprites/Deco/ico_circle_03_bg.png
  artifactKey: Guid(8b0144a5af74643978f15c4132c20b47) Importer(815301076,1909f56bfc062723c751e8b465ee728b)
Start importing Assets/SCI-FI GUI Pack/Resources/Sprites/Deco/ico_circle_03_bg.png using Guid(8b0144a5af74643978f15c4132c20b47) Importer(815301076,1909f56bfc062723c751e8b465ee728b)  -> (artifact id: 'db1e9cbd46c5b876f0af73594ac94414') in 0.123135 seconds 
========================================================================
Received Import Request.
  Time since last request: 0.000036 seconds.
  path: Assets/SCI-FI GUI Pack/Resources/Sprites/Deco/ico_circle_04.png
  artifactKey: Guid(1bef2d59071be49248ec357d104035d6) Importer(815301076,1909f56bfc062723c751e8b465ee728b)
Start importing Assets/SCI-FI GUI Pack/Resources/Sprites/Deco/ico_circle_04.png using Guid(1bef2d59071be49248ec357d104035d6) Importer(815301076,1909f56bfc062723c751e8b465ee728b)  -> (artifact id: 'f3bcbd07bc71859bcad618fa1cd085a8') in 0.088702 seconds 
========================================================================
Received Import Request.
  Time since last request: 0.000033 seconds.
  path: Assets/SCI-FI GUI Pack/Resources/Sprites/Deco/ico_arrow_03.png
  artifactKey: Guid(71e22ba35303f4b05b525be208c6a719) Importer(815301076,1909f56bfc062723c751e8b465ee728b)
Start importing Assets/SCI-FI GUI Pack/Resources/Sprites/Deco/ico_arrow_03.png using Guid(71e22ba35303f4b05b525be208c6a719) Importer(815301076,1909f56bfc062723c751e8b465ee728b)  -> (artifact id: '9062456ed3db2ead26c932d82ae60697') in 0.079119 seconds 
========================================================================
Received Import Request.
  Time since last request: 0.000017 seconds.
  path: Assets/SCI-FI GUI Pack/Resources/Sprites/Deco/img_line_09.png
  artifactKey: Guid(38c3aeba9e53c45759c154c267e64e3b) Importer(815301076,1909f56bfc062723c751e8b465ee728b)
Start importing Assets/SCI-FI GUI Pack/Resources/Sprites/Deco/img_line_09.png using Guid(38c3aeba9e53c45759c154c267e64e3b) Importer(815301076,1909f56bfc062723c751e8b465ee728b)  -> (artifact id: 'a7e1f7f8347ac4f66badaf9d6f39ba4e') in 0.215235 seconds 
========================================================================
Received Import Request.
  Time since last request: 43.532706 seconds.
  path: Assets/UnityProject/Materials/MR UI/Buttons/mt_btn_c_back.mat
  artifactKey: Guid(f942c3ccee5e62c4faf03236279db38e) Importer(815301076,1909f56bfc062723c751e8b465ee728b)
Start importing Assets/UnityProject/Materials/MR UI/Buttons/mt_btn_c_back.mat using Guid(f942c3ccee5e62c4faf03236279db38e) Importer(815301076,1909f56bfc062723c751e8b465ee728b)  -> (artifact id: 'df3386ff07aa63adf737a2b4a1f1170f') in 0.036564 seconds 
========================================================================
Received Import Request.
  Time since last request: 0.000020 seconds.
  path: Assets/UnityProject/Materials/MR UI/Buttons/mt_btn_c_list.mat
  artifactKey: Guid(d0f7c576c37f7bb468cb595d532fa5a9) Importer(815301076,1909f56bfc062723c751e8b465ee728b)
Start importing Assets/UnityProject/Materials/MR UI/Buttons/mt_btn_c_list.mat using Guid(d0f7c576c37f7bb468cb595d532fa5a9) Importer(815301076,1909f56bfc062723c751e8b465ee728b)  -> (artifact id: 'a55b3202435bfffa0179f6529283d6b2') in 0.012500 seconds 
========================================================================
Received Import Request.
  Time since last request: 0.000019 seconds.
  path: Assets/UnityProject/Materials/MR UI/Buttons/mt_btn_c_debug.mat
  artifactKey: Guid(cfd17e4e472fd8e43b07f5852dea2d7e) Importer(815301076,1909f56bfc062723c751e8b465ee728b)
Start importing Assets/UnityProject/Materials/MR UI/Buttons/mt_btn_c_debug.mat using Guid(cfd17e4e472fd8e43b07f5852dea2d7e) Importer(815301076,1909f56bfc062723c751e8b465ee728b)  -> (artifact id: 'c5b0d252b38da0685c5d06f0d6a17efa') in 0.025462 seconds 
========================================================================
Received Import Request.
  Time since last request: 0.000023 seconds.
  path: Assets/UnityProject/Materials/MR UI/Buttons/mt_btn_c_profile.mat
  artifactKey: Guid(ff666563b8337f14f8e5d8cb19fbe734) Importer(815301076,1909f56bfc062723c751e8b465ee728b)
Start importing Assets/UnityProject/Materials/MR UI/Buttons/mt_btn_c_profile.mat using Guid(ff666563b8337f14f8e5d8cb19fbe734) Importer(815301076,1909f56bfc062723c751e8b465ee728b)  -> (artifact id: '904fc904aeed27cd9d623f1521944c8c') in 0.010411 seconds 
========================================================================
Received Import Request.
  Time since last request: 0.000018 seconds.
  path: Assets/UnityProject/Materials/MR UI/Buttons/mt_btn_c_shutdown.mat
  artifactKey: Guid(6a995381f4f38e84db0b8798370c7f78) Importer(815301076,1909f56bfc062723c751e8b465ee728b)
Start importing Assets/UnityProject/Materials/MR UI/Buttons/mt_btn_c_shutdown.mat using Guid(6a995381f4f38e84db0b8798370c7f78) Importer(815301076,1909f56bfc062723c751e8b465ee728b)  -> (artifact id: '285cc0347766cf0a1a820f291f93d9fc') in 0.010840 seconds 
========================================================================
Received Import Request.
  Time since last request: 29.445434 seconds.
  path: Assets/UnityProject/Prefabs/GUI/Static Windows/QRCodeMenu.prefab
  artifactKey: Guid(fb1e68c237edd354fb3ee5582bd2b2b6) Importer(815301076,1909f56bfc062723c751e8b465ee728b)
Start importing Assets/UnityProject/Prefabs/GUI/Static Windows/QRCodeMenu.prefab using Guid(fb1e68c237edd354fb3ee5582bd2b2b6) Importer(815301076,1909f56bfc062723c751e8b465ee728b)  -> (artifact id: '1c4af20c5d89e3deee49bb08d1e3b43d') in 0.112070 seconds 
========================================================================
Received Import Request.
  Time since last request: 16.981466 seconds.
  path: Assets/SCI-FI GUI Pack/Resources/Sprites/Progress/progress_bg_02.png
  artifactKey: Guid(a5cbb9cec61b447e2988e3a47a1b6ef1) Importer(815301076,1909f56bfc062723c751e8b465ee728b)
Start importing Assets/SCI-FI GUI Pack/Resources/Sprites/Progress/progress_bg_02.png using Guid(a5cbb9cec61b447e2988e3a47a1b6ef1) Importer(815301076,1909f56bfc062723c751e8b465ee728b)  -> (artifact id: '27479e5ca525f7b9c1bc8d5de4fd75fc') in 0.159359 seconds 
Editor requested this worker to shutdown with reason: Scaling down because of idle timeout
AssetImportWorker is now disconnected from the server
Process exiting
Exiting without the bug reporter. Application will terminate with return code 0