Using pre-set license
Built from '2021.3/release' branch; Version is '2021.3.27f1 (ca3ffb99bcc6) revision 13254651'; Using compiler version '192829333'; Build Type 'Release'
OS: 'Windows 10  (10.0.19044) 64bit Core' Language: 'en' Physical Memory: 32678 MB
BatchMode: 1, IsHumanControllingUs: 0, StartBugReporterOnCrash: 0, Is64bit: 1, IsPro: 1

COMMAND LINE ARGUMENTS:
C:\Program Files (x86)\ProjetoIntegrado_Multimedia_AndreMoreira\Unity Editors\2021.3.27f1\Editor\Unity.exe
-adb2
-batchMode
-noUpm
-name
AssetImportWorker39
-projectPath
D:/PC/Desktop/IP/Rep/MR_M
-logFile
Logs/AssetImportWorker39.log
-srvPort
59537
Successfully changed project path to: D:/PC/Desktop/IP/Rep/MR_M
D:/PC/Desktop/IP/Rep/MR_M
[UnityMemory] Configuration Parameters - Can be set up in boot.config
    "memorysetup-bucket-allocator-granularity=16"
    "memorysetup-bucket-allocator-bucket-count=8"
    "memorysetup-bucket-allocator-block-size=33554432"
    "memorysetup-bucket-allocator-block-count=8"
    "memorysetup-main-allocator-block-size=16777216"
    "memorysetup-thread-allocator-block-size=16777216"
    "memorysetup-gfx-main-allocator-block-size=16777216"
    "memorysetup-gfx-thread-allocator-block-size=16777216"
    "memorysetup-cache-allocator-block-size=4194304"
    "memorysetup-typetree-allocator-block-size=2097152"
    "memorysetup-profiler-bucket-allocator-granularity=16"
    "memorysetup-profiler-bucket-allocator-bucket-count=8"
    "memorysetup-profiler-bucket-allocator-block-size=33554432"
    "memorysetup-profiler-bucket-allocator-block-count=8"
    "memorysetup-profiler-allocator-block-size=16777216"
    "memorysetup-profiler-editor-allocator-block-size=1048576"
    "memorysetup-temp-allocator-size-main=16777216"
    "memorysetup-job-temp-allocator-block-size=2097152"
    "memorysetup-job-temp-allocator-block-size-background=1048576"
    "memorysetup-job-temp-allocator-reduction-small-platforms=262144"
    "memorysetup-temp-allocator-size-background-worker=32768"
    "memorysetup-temp-allocator-size-job-worker=262144"
    "memorysetup-temp-allocator-size-preload-manager=33554432"
    "memorysetup-temp-allocator-size-nav-mesh-worker=65536"
    "memorysetup-temp-allocator-size-audio-worker=65536"
    "memorysetup-temp-allocator-size-cloud-worker=32768"
    "memorysetup-temp-allocator-size-gi-baking-worker=262144"
    "memorysetup-temp-allocator-size-gfx=262144"
Player connection [2380] Host "[IP] 172.17.2.232 [Port] 0 [Flags] 2 [Guid] 1678862434 [EditorId] 1678862434 [Version] 1048832 [Id] WindowsEditor(7,GreenHealth) [Debug] 1 [PackageName] WindowsEditor [ProjectName] Editor" joined multi-casting on [225.0.0.222:54997]...

Player connection [2380] Host "[IP] 172.17.2.232 [Port] 0 [Flags] 2 [Guid] 1678862434 [EditorId] 1678862434 [Version] 1048832 [Id] WindowsEditor(7,GreenHealth) [Debug] 1 [PackageName] WindowsEditor [ProjectName] Editor" joined alternative multi-casting on [225.0.0.222:34997]...

Refreshing native plugins compatible for Editor in 152.72 ms, found 26 plugins.
Preloading 1 native plugins for Editor in 4.46 ms.
Initialize engine version: 2021.3.27f1 (ca3ffb99bcc6)
[Subsystems] Discovering subsystems at path C:/Program Files (x86)/ProjetoIntegrado_Multimedia_AndreMoreira/Unity Editors/2021.3.27f1/Editor/Data/Resources/UnitySubsystems
[Subsystems] Discovering subsystems at path D:/PC/Desktop/IP/Rep/MR_M/Assets
GfxDevice: creating device client; threaded=0; jobified=0
Direct3D:
    Version:  Direct3D 11.0 [level 11.1]
    Renderer: NVIDIA GeForce RTX 2070 SUPER (ID=0x1e84)
    Vendor:   NVIDIA
    VRAM:     8011 MB
    Driver:   27.21.14.6192
Initialize mono
Mono path[0] = 'C:/Program Files (x86)/ProjetoIntegrado_Multimedia_AndreMoreira/Unity Editors/2021.3.27f1/Editor/Data/Managed'
Mono path[1] = 'C:/Program Files (x86)/ProjetoIntegrado_Multimedia_AndreMoreira/Unity Editors/2021.3.27f1/Editor/Data/MonoBleedingEdge/lib/mono/unityjit-win32'
Mono config path = 'C:/Program Files (x86)/ProjetoIntegrado_Multimedia_AndreMoreira/Unity Editors/2021.3.27f1/Editor/Data/MonoBleedingEdge/etc'
Using monoOptions --debugger-agent=transport=dt_socket,embedding=1,server=y,suspend=n,address=127.0.0.1:56892
Begin MonoManager ReloadAssembly
Registering precompiled unity dll's ...
Register platform support module: C:/Program Files (x86)/ProjetoIntegrado_Multimedia_AndreMoreira/Unity Editors/2021.3.27f1/Editor/Data/PlaybackEngines/AndroidPlayer/UnityEditor.Android.Extensions.dll
Register platform support module: C:/Program Files (x86)/ProjetoIntegrado_Multimedia_AndreMoreira/Unity Editors/2021.3.27f1/Editor/Data/PlaybackEngines/WindowsStandaloneSupport/UnityEditor.WindowsStandalone.Extensions.dll
Register platform support module: C:/Program Files (x86)/ProjetoIntegrado_Multimedia_AndreMoreira/Unity Editors/2021.3.27f1/Editor/Data/PlaybackEngines/MetroSupport/UnityEditor.UWP.Extensions.dll
Registered in 0.008103 seconds.
Native extension for UWP target not found
Native extension for WindowsStandalone target not found
Native extension for Android target not found
Android Extension - Scanning For ADB Devices 253 ms
Refreshing native plugins compatible for Editor in 82.89 ms, found 26 plugins.
Preloading 1 native plugins for Editor in 0.04 ms.
Mono: successfully reloaded assembly
- Completed reload, in  0.897 seconds
Domain Reload Profiling:
	ReloadAssembly (898ms)
		BeginReloadAssembly (93ms)
			ExecutionOrderSort (0ms)
			DisableScriptedObjects (0ms)
			BackupInstance (0ms)
			ReleaseScriptingObjects (0ms)
			CreateAndSetChildDomain (1ms)
		EndReloadAssembly (710ms)
			LoadAssemblies (91ms)
			RebuildTransferFunctionScriptingTraits (0ms)
			SetupTypeCache (95ms)
			ReleaseScriptCaches (0ms)
			RebuildScriptCaches (23ms)
			SetupLoadedEditorAssemblies (542ms)
				LogAssemblyErrors (0ms)
				InitializePlatformSupportModulesInManaged (347ms)
				SetLoadedEditorAssemblies (0ms)
				RefreshPlugins (83ms)
				BeforeProcessingInitializeOnLoad (1ms)
				ProcessInitializeOnLoadAttributes (72ms)
				ProcessInitializeOnLoadMethodAttributes (38ms)
				AfterProcessingInitializeOnLoad (0ms)
				EditorAssembliesLoaded (0ms)
			ExecutionOrderSort2 (0ms)
			AwakeInstancesAfterBackupRestoration (0ms)
Platform modules already initialized, skipping
Registering precompiled user dll's ...
Registered in 0.018156 seconds.
Begin MonoManager ReloadAssembly
Native extension for UWP target not found
Native extension for WindowsStandalone target not found
Native extension for Android target not found
Refreshing native plugins compatible for Editor in 81.55 ms, found 26 plugins.
Preloading 1 native plugins for Editor in 0.05 ms.
DisplayProgressbar: Restoring NuGet Packages
Added DLL directory D:\PC\Desktop\IP\Rep\MR_M\Assets\Packages\Microsoft.VCRTForwarders.140.1.0.7\Unity\x64 to the user search path.
UnityEngine.StackTraceUtility:ExtractStackTrace ()
UnityEngine.DebugLogHandler:LogFormat (UnityEngine.LogType,UnityEngine.Object,string,object[])
UnityEngine.Logger:Log (UnityEngine.LogType,object)
UnityEngine.Debug:Log (object)
InitVCRTForwarders:.cctor () (at Assets/Packages/Microsoft.VCRTForwarders.140.1.0.7/Unity/Editor/InitVCRTForwarders.cs:53)
System.Runtime.CompilerServices.RuntimeHelpers:RunClassConstructor (System.RuntimeTypeHandle)
UnityEditor.EditorAssemblies:ProcessInitializeOnLoadAttributes (System.Type[])

(Filename: Assets/Packages/Microsoft.VCRTForwarders.140.1.0.7/Unity/Editor/InitVCRTForwarders.cs Line: 53)

Package Manager log level set to [2]
Added DLL directory D:\PC\Desktop\IP\Rep\MR_M\Assets\Packages\Microsoft.MixedReality.QR.0.5.3037\Unity\x64 to the user search path.
UnityEngine.StackTraceUtility:ExtractStackTrace ()
UnityEngine.DebugLogHandler:LogFormat (UnityEngine.LogType,UnityEngine.Object,string,object[])
UnityEngine.Logger:Log (UnityEngine.LogType,object)
UnityEngine.Debug:Log (object)
Microsoft.MixedReality.QR.Init:.cctor () (at Assets/Packages/Microsoft.MixedReality.QR.0.5.3037/Unity/Editor/Microsoft.MixedReality.QR.Init.cs:60)
System.Runtime.CompilerServices.RuntimeHelpers:RunClassConstructor (System.RuntimeTypeHandle)
UnityEditor.EditorAssemblies:ProcessInitializeOnLoadAttributes (System.Type[])

(Filename: Assets/Packages/Microsoft.MixedReality.QR.0.5.3037/Unity/Editor/Microsoft.MixedReality.QR.Init.cs Line: 60)

[XR] [MROpenXR][Info   ][17:49:47.261748][tid:94c] MeshProvider_RegisterLifecycleProvider
[XR] [MROpenXR][Info   ][17:49:47.261748][tid:94c] MeshProvider_RegisterLifecycleProvider
[XR] [MROpenXR][Info   ][17:49:47.261964][tid:94c] InputProvider_RegisterLifecycleProvider
[XR] [MROpenXR][Info   ][17:49:47.261964][tid:94c] InputProvider_RegisterLifecycleProvider
[XR] Error loading subsystem: Display (1) (header mismatch?)
[XR] [MROpenXR][Info   ][17:49:47.278401][tid:94c] OnPluginStarted UnityVersion=2021.3.27f1 OpenXRPluginVersion=1.7.0 MROpenXRPluginVersion=1.8.0.0 PartA_PrivTags=33554432
[XR] [MROpenXR][Info   ][17:49:47.278401][tid:94c] OnPluginStarted UnityVersion=2021.3.27f1 OpenXRPluginVersion=1.7.0 MROpenXRPluginVersion=1.8.0.0 PartA_PrivTags=33554432
Mono: successfully reloaded assembly
- Completed reload, in  3.855 seconds
Domain Reload Profiling:
	ReloadAssembly (3856ms)
		BeginReloadAssembly (106ms)
			ExecutionOrderSort (0ms)
			DisableScriptedObjects (5ms)
			BackupInstance (0ms)
			ReleaseScriptingObjects (0ms)
			CreateAndSetChildDomain (16ms)
		EndReloadAssembly (3651ms)
			LoadAssemblies (94ms)
			RebuildTransferFunctionScriptingTraits (0ms)
			SetupTypeCache (263ms)
			ReleaseScriptCaches (1ms)
			RebuildScriptCaches (87ms)
			SetupLoadedEditorAssemblies (3151ms)
				LogAssemblyErrors (0ms)
				InitializePlatformSupportModulesInManaged (19ms)
				SetLoadedEditorAssemblies (0ms)
				RefreshPlugins (82ms)
				BeforeProcessingInitializeOnLoad (111ms)
				ProcessInitializeOnLoadAttributes (2715ms)
				ProcessInitializeOnLoadMethodAttributes (214ms)
				AfterProcessingInitializeOnLoad (9ms)
				EditorAssembliesLoaded (0ms)
			ExecutionOrderSort2 (0ms)
			AwakeInstancesAfterBackupRestoration (4ms)
Platform modules already initialized, skipping
========================================================================
Worker process is ready to serve import requests
Launched and connected shader compiler UnityShaderCompiler.exe after 0.03 seconds
Refreshing native plugins compatible for Editor in 2.19 ms, found 26 plugins.
Preloading 1 native plugins for Editor in 0.03 ms.
Unloading 6788 Unused Serialized files (Serialized files now loaded: 0)
Unloading 257 unused Assets / (167.8 KB). Loaded Objects now: 7108.
Memory consumption went from 272.3 MB to 272.1 MB.
Total: 4.321700 ms (FindLiveObjects: 0.536100 ms CreateObjectMapping: 0.620700 ms MarkObjects: 2.909500 ms  DeleteObjects: 0.254800 ms)

AssetImportParameters requested are different than current active one (requested -> active):
  custom:video-decoder-ogg-theora: a1e56fd34408186e4bbccfd4996cb3dc -> 
  custom:container-muxer-webm: aa71ff27fc2769a1b78a27578f13a17b -> 
  custom:container-demuxer-webm: 4f35f7cbe854078d1ac9338744f61a02 -> 
  custom:video-encoder-webm-vp8: eb34c28f22e8b96e1ab97ce403110664 -> 
  custom:audio-encoder-webm-vorbis: bf7c407c2cedff20999df2af8eb42d56 -> 
  custom:framework-win-MediaFoundation: 216162199b28c13a410421893ffa2e32 -> 
  custom:container-demuxer-ogg: 62fdf1f143b41e24485cea50d1cbac27 -> 
  custom:video-decoder-webm-vp8: 9c59270c3fd7afecdb556c50c9e8de78 -> 
  custom:audio-decoder-ogg-vorbis: bf7c407c2cedff20999df2af8eb42d56 -> 
========================================================================
Received Import Request.
  Time since last request: 359767.144444 seconds.
  path: Packages/com.unity.inputsystem/InputSystem/Editor/Icons/d_Dpad@2x.png
  artifactKey: Guid(ab9b5824ece1d443aa1f3a5672d9da86) Importer(815301076,1909f56bfc062723c751e8b465ee728b)
Start importing Packages/com.unity.inputsystem/InputSystem/Editor/Icons/d_Dpad@2x.png using Guid(ab9b5824ece1d443aa1f3a5672d9da86) Importer(815301076,1909f56bfc062723c751e8b465ee728b)  -> (artifact id: 'cc30fc24f24bb7121a1a5b9e1e4759fd') in 0.312260 seconds 
========================================================================
Received Import Request.
  Time since last request: 0.000019 seconds.
  path: Packages/com.unity.probuilder/Content/Icons/Toolbar/Background/AccentBar_Bottom.png
  artifactKey: Guid(19fabf6370255433fa736008910e1bf2) Importer(815301076,1909f56bfc062723c751e8b465ee728b)
Start importing Packages/com.unity.probuilder/Content/Icons/Toolbar/Background/AccentBar_Bottom.png using Guid(19fabf6370255433fa736008910e1bf2) Importer(815301076,1909f56bfc062723c751e8b465ee728b)  -> (artifact id: '7ca2f05b68162c9698d9e4ee6c916602') in 0.056169 seconds 
========================================================================
Received Import Request.
  Time since last request: 0.000021 seconds.
  path: Assets/SCI-FI GUI Pack/Resources/Sprites/Sliced Elements/ico_arrow_04.png
  artifactKey: Guid(3f9d5cda30b02481cb28c757461e8b9b) Importer(815301076,1909f56bfc062723c751e8b465ee728b)
Start importing Assets/SCI-FI GUI Pack/Resources/Sprites/Sliced Elements/ico_arrow_04.png using Guid(3f9d5cda30b02481cb28c757461e8b9b) Importer(815301076,1909f56bfc062723c751e8b465ee728b)  -> (artifact id: 'df46ff58ec4f48f02bd9c11f46efd623') in 0.029707 seconds 
========================================================================
Received Import Request.
  Time since last request: 0.000014 seconds.
  path: Assets/Samples/Mixed Reality Toolkit Examples/2.8.3/Demos - EyeTracking/DemoTargetSelections/Textures/notification_box_5x1.psd
  artifactKey: Guid(f4e134493897b014da71a44287f51520) Importer(815301076,1909f56bfc062723c751e8b465ee728b)
Start importing Assets/Samples/Mixed Reality Toolkit Examples/2.8.3/Demos - EyeTracking/DemoTargetSelections/Textures/notification_box_5x1.psd using Guid(f4e134493897b014da71a44287f51520) Importer(815301076,1909f56bfc062723c751e8b465ee728b)  -> (artifact id: '5c830b9ad4e94894a18b726accd5adf4') in 0.220573 seconds 
========================================================================
Received Import Request.
  Time since last request: 0.000014 seconds.
  path: Assets/CareXR Med/Sprites/Custom GUI/Buttons/btn_c_exception_inactive.png
  artifactKey: Guid(eda8bc8362da4284a993469809a457d7) Importer(815301076,1909f56bfc062723c751e8b465ee728b)
Start importing Assets/CareXR Med/Sprites/Custom GUI/Buttons/btn_c_exception_inactive.png using Guid(eda8bc8362da4284a993469809a457d7) Importer(815301076,1909f56bfc062723c751e8b465ee728b)  -> (artifact id: '72304ec1c4c2ec0bd4df24cca2e0d8f4') in 0.082305 seconds 
========================================================================
Received Import Request.
  Time since last request: 0.000019 seconds.
  path: Assets/CareXR Med/Sprites/Custom GUI/Buttons/btn_c_list.png
  artifactKey: Guid(d409e289d0a8cfd4580314a791273352) Importer(815301076,1909f56bfc062723c751e8b465ee728b)
Start importing Assets/CareXR Med/Sprites/Custom GUI/Buttons/btn_c_list.png using Guid(d409e289d0a8cfd4580314a791273352) Importer(815301076,1909f56bfc062723c751e8b465ee728b)  -> (artifact id: '4481c0082b5a06789105e55b2aaec326') in 0.021385 seconds 
========================================================================
Received Import Request.
  Time since last request: 0.000018 seconds.
  path: Packages/com.unity.inputsystem/InputSystem/Editor/Icons/Position@4x.png
  artifactKey: Guid(c998b283038914e699477f514ecb31ac) Importer(815301076,1909f56bfc062723c751e8b465ee728b)
Start importing Packages/com.unity.inputsystem/InputSystem/Editor/Icons/Position@4x.png using Guid(c998b283038914e699477f514ecb31ac) Importer(815301076,1909f56bfc062723c751e8b465ee728b)  -> (artifact id: '62a19bf3ff025c54a020a50723c943d3') in 0.372933 seconds 
========================================================================
Received Import Request.
  Time since last request: 0.000021 seconds.
  path: Packages/com.unity.inputsystem/InputSystem/Editor/Icons/d_Gamepad@3x.png
  artifactKey: Guid(9e882b58df0964f5b90ff99cb481ee79) Importer(815301076,1909f56bfc062723c751e8b465ee728b)
Start importing Packages/com.unity.inputsystem/InputSystem/Editor/Icons/d_Gamepad@3x.png using Guid(9e882b58df0964f5b90ff99cb481ee79) Importer(815301076,1909f56bfc062723c751e8b465ee728b)  -> (artifact id: '5b9566f37541c501e75de2600e4d6f6d') in 0.189721 seconds 
========================================================================
Received Import Request.
  Time since last request: 0.000016 seconds.
  path: Packages/com.unity.probuilder/Content/Icons/Tools/EditShape@2x.png
  artifactKey: Guid(762f5fc6dfcf7f647a93ab888150c530) Importer(815301076,1909f56bfc062723c751e8b465ee728b)
Start importing Packages/com.unity.probuilder/Content/Icons/Tools/EditShape@2x.png using Guid(762f5fc6dfcf7f647a93ab888150c530) Importer(815301076,1909f56bfc062723c751e8b465ee728b)  -> (artifact id: '8aa1b763fcea81a47ae879b27510ae2f') in 0.215374 seconds 
========================================================================
Received Import Request.
  Time since last request: 0.000021 seconds.
  path: Assets/SCI-FI GUI Pack/Resources/Sprites/Button/btn_help_01.png
  artifactKey: Guid(155560ff528e2423c8e04131bb271bbc) Importer(815301076,1909f56bfc062723c751e8b465ee728b)
Start importing Assets/SCI-FI GUI Pack/Resources/Sprites/Button/btn_help_01.png using Guid(155560ff528e2423c8e04131bb271bbc) Importer(815301076,1909f56bfc062723c751e8b465ee728b)  -> (artifact id: '68b303b724b8f73c11cae8da0f6406d7') in 0.023698 seconds 
========================================================================
Received Import Request.
  Time since last request: 0.000013 seconds.
  path: Assets/SCI-FI GUI Pack/Resources/Sprites/Deco/ico_circle_02.png
  artifactKey: Guid(07ef568188937458ab75e470bf51fb69) Importer(815301076,1909f56bfc062723c751e8b465ee728b)
Start importing Assets/SCI-FI GUI Pack/Resources/Sprites/Deco/ico_circle_02.png using Guid(07ef568188937458ab75e470bf51fb69) Importer(815301076,1909f56bfc062723c751e8b465ee728b)  -> (artifact id: '3bc3c2f746a557166ec13a55caa1e32f') in 0.030624 seconds 
========================================================================
Received Import Request.
  Time since last request: 0.000018 seconds.
  path: Packages/com.unity.textmeshpro/Editor Resources/Textures/btn_AlignMiddle.psd
  artifactKey: Guid(41b96614b2e6494ba995ddcd252d11ae) Importer(815301076,1909f56bfc062723c751e8b465ee728b)
Start importing Packages/com.unity.textmeshpro/Editor Resources/Textures/btn_AlignMiddle.psd using Guid(41b96614b2e6494ba995ddcd252d11ae) Importer(815301076,1909f56bfc062723c751e8b465ee728b)  -> (artifact id: '0040b23f63793ecaf6f95529b782dadc') in 0.226624 seconds 
========================================================================
Received Import Request.
  Time since last request: 0.000016 seconds.
  path: Packages/com.unity.probuilder/Content/Icons/Tools/ShapeTool/Cylinder@2x.png
  artifactKey: Guid(3f384a15fc89c75489084a15fb091900) Importer(815301076,1909f56bfc062723c751e8b465ee728b)
Start importing Packages/com.unity.probuilder/Content/Icons/Tools/ShapeTool/Cylinder@2x.png using Guid(3f384a15fc89c75489084a15fb091900) Importer(815301076,1909f56bfc062723c751e8b465ee728b)  -> (artifact id: 'd8e62281b4b5514434dd88735f757c6b') in 0.407706 seconds 
========================================================================
Received Import Request.
  Time since last request: 0.000020 seconds.
  path: Assets/Samples/Mixed Reality Toolkit Examples/2.8.3/Experimental - HandMenuLayout/Textures/HandMenu_Icon_3x6.png
  artifactKey: Guid(fbba9b51fdcba4f45bd5774112f3f555) Importer(815301076,1909f56bfc062723c751e8b465ee728b)
Start importing Assets/Samples/Mixed Reality Toolkit Examples/2.8.3/Experimental - HandMenuLayout/Textures/HandMenu_Icon_3x6.png using Guid(fbba9b51fdcba4f45bd5774112f3f555) Importer(815301076,1909f56bfc062723c751e8b465ee728b)  -> (artifact id: '6ba73722f50c8b0a44f44547a775660d') in 0.501253 seconds 
========================================================================
Received Import Request.
  Time since last request: 0.000021 seconds.
  path: Assets/SCI-FI GUI Pack/Resources/Sprites/Button/btn_back_01.png
  artifactKey: Guid(4f13389c95d014e1a83c492ddf55b1b8) Importer(815301076,1909f56bfc062723c751e8b465ee728b)
Start importing Assets/SCI-FI GUI Pack/Resources/Sprites/Button/btn_back_01.png using Guid(4f13389c95d014e1a83c492ddf55b1b8) Importer(815301076,1909f56bfc062723c751e8b465ee728b)  -> (artifact id: 'a0a4388cf528d2028f370703c6a0ddf6') in 0.019451 seconds 
========================================================================
Received Import Request.
  Time since last request: 0.000020 seconds.
  path: Packages/com.unity.timeline/Editor/StyleSheets/Images/Icons/d_TrackMuteButtonDisabled@2x.png
  artifactKey: Guid(9c706019afb28944eb19b500ea0da38c) Importer(815301076,1909f56bfc062723c751e8b465ee728b)
Start importing Packages/com.unity.timeline/Editor/StyleSheets/Images/Icons/d_TrackMuteButtonDisabled@2x.png using Guid(9c706019afb28944eb19b500ea0da38c) Importer(815301076,1909f56bfc062723c751e8b465ee728b)  -> (artifact id: '42e9215a642ec3abe85f1963aa806d1e') in 0.109667 seconds 
========================================================================
Received Import Request.
  Time since last request: 0.000015 seconds.
  path: Assets/CareXR Med/Sprites/Custom GUI/Buttons/btn_c_qrCode.png
  artifactKey: Guid(ec6be599b029b3545b85f5f19fb76edc) Importer(815301076,1909f56bfc062723c751e8b465ee728b)
Start importing Assets/CareXR Med/Sprites/Custom GUI/Buttons/btn_c_qrCode.png using Guid(ec6be599b029b3545b85f5f19fb76edc) Importer(815301076,1909f56bfc062723c751e8b465ee728b)  -> (artifact id: 'ace1fb00f7d17bdbdfe9447cb15df225') in 0.066116 seconds 
========================================================================
Received Import Request.
  Time since last request: 0.000020 seconds.
  path: Assets/SCI-FI GUI Pack/Resources/Sprites/Progress/progress_bar_01.png
  artifactKey: Guid(c1c8dc3975f4e43a89204d8f540d0cec) Importer(815301076,1909f56bfc062723c751e8b465ee728b)
Start importing Assets/SCI-FI GUI Pack/Resources/Sprites/Progress/progress_bar_01.png using Guid(c1c8dc3975f4e43a89204d8f540d0cec) Importer(815301076,1909f56bfc062723c751e8b465ee728b)  -> (artifact id: 'b52e7022be683ee9a481f1fbc986c74f') in 0.016835 seconds 
========================================================================
Received Import Request.
  Time since last request: 0.000016 seconds.
  path: Packages/com.unity.probuilder/Content/Icons/Tools/ShapeTool/Cone@2x_Light.png
  artifactKey: Guid(054a9ce2ee90b9145a0ddb851aec900f) Importer(815301076,1909f56bfc062723c751e8b465ee728b)
Start importing Packages/com.unity.probuilder/Content/Icons/Tools/ShapeTool/Cone@2x_Light.png using Guid(054a9ce2ee90b9145a0ddb851aec900f) Importer(815301076,1909f56bfc062723c751e8b465ee728b)  -> (artifact id: '71902dcc601ef66829ebf91f0bb4a44d') in 0.154358 seconds 
========================================================================
Received Import Request.
  Time since last request: 0.000023 seconds.
  path: Packages/com.unity.textmeshpro/Editor Resources/Textures/btn_AlignTop.psd
  artifactKey: Guid(48d034c499ee4697af9dd6e327110249) Importer(815301076,1909f56bfc062723c751e8b465ee728b)
Start importing Packages/com.unity.textmeshpro/Editor Resources/Textures/btn_AlignTop.psd using Guid(48d034c499ee4697af9dd6e327110249) Importer(815301076,1909f56bfc062723c751e8b465ee728b)  -> (artifact id: '5a6b8f73a818b47423e458dc725a615b') in 0.117779 seconds 
========================================================================
Received Import Request.
  Time since last request: 0.000018 seconds.
  path: Assets/SCI-FI GUI Pack/Resources/Sprites/Sliced Elements/img_line_07.png
  artifactKey: Guid(4be30477168f44292bfb9eb2762e3092) Importer(815301076,1909f56bfc062723c751e8b465ee728b)
Start importing Assets/SCI-FI GUI Pack/Resources/Sprites/Sliced Elements/img_line_07.png using Guid(4be30477168f44292bfb9eb2762e3092) Importer(815301076,1909f56bfc062723c751e8b465ee728b)  -> (artifact id: '024a4ec095e4fa28f1be644c40378b41') in 0.016446 seconds 
========================================================================
Received Import Request.
  Time since last request: 0.000021 seconds.
  path: Packages/com.unity.inputsystem/InputSystem/Editor/Icons/InputSystemUIInputModule@64.png
  artifactKey: Guid(3028dc075ba8c584d9bc7d1e0255e038) Importer(815301076,1909f56bfc062723c751e8b465ee728b)
Start importing Packages/com.unity.inputsystem/InputSystem/Editor/Icons/InputSystemUIInputModule@64.png using Guid(3028dc075ba8c584d9bc7d1e0255e038) Importer(815301076,1909f56bfc062723c751e8b465ee728b)  -> (artifact id: '8d1373d33694b1f1d20700372835da52') in 0.012007 seconds 
========================================================================
Received Import Request.
  Time since last request: 0.000015 seconds.
  path: Packages/com.unity.probuilder/Content/Icons/Tools/ShapeTool/Cube@2x.png
  artifactKey: Guid(bb9671d6267e3e344915d8ec1a48c043) Importer(815301076,1909f56bfc062723c751e8b465ee728b)
Start importing Packages/com.unity.probuilder/Content/Icons/Tools/ShapeTool/Cube@2x.png using Guid(bb9671d6267e3e344915d8ec1a48c043) Importer(815301076,1909f56bfc062723c751e8b465ee728b)  -> (artifact id: '5ddc7ea1d94a630a9cfaefc33a35c61e') in 0.129869 seconds 
========================================================================
Received Import Request.
  Time since last request: 0.000017 seconds.
  path: Packages/com.unity.collab-proxy/Editor/PlasticSCM/Assets/Images/d_iconoutofsyncoverlay@2x.png
  artifactKey: Guid(4d7e6e570e9d65a4c9a994783a0652e2) Importer(815301076,1909f56bfc062723c751e8b465ee728b)
Start importing Packages/com.unity.collab-proxy/Editor/PlasticSCM/Assets/Images/d_iconoutofsyncoverlay@2x.png using Guid(4d7e6e570e9d65a4c9a994783a0652e2) Importer(815301076,1909f56bfc062723c751e8b465ee728b)  -> (artifact id: 'e15977d6181c8fb54c023ca39f369558') in 0.114252 seconds 
========================================================================
Received Import Request.
  Time since last request: 0.000020 seconds.
  path: Packages/com.unity.inputsystem/InputSystem/Editor/Icons/d_Axis@4x.png
  artifactKey: Guid(e01ab4b854c6d4fa3a8d869b67ecd643) Importer(815301076,1909f56bfc062723c751e8b465ee728b)
Start importing Packages/com.unity.inputsystem/InputSystem/Editor/Icons/d_Axis@4x.png using Guid(e01ab4b854c6d4fa3a8d869b67ecd643) Importer(815301076,1909f56bfc062723c751e8b465ee728b)  -> (artifact id: '3d7001b41381b88c0ed899c00c910556') in 0.103048 seconds 
========================================================================
Received Import Request.
  Time since last request: 0.000017 seconds.
  path: Packages/com.unity.collab-proxy/Editor/PlasticSCM/Assets/Images/iconbranch@2x.png
  artifactKey: Guid(e45389a8a97044d4caf408f252370632) Importer(815301076,1909f56bfc062723c751e8b465ee728b)
Start importing Packages/com.unity.collab-proxy/Editor/PlasticSCM/Assets/Images/iconbranch@2x.png using Guid(e45389a8a97044d4caf408f252370632) Importer(815301076,1909f56bfc062723c751e8b465ee728b)  -> (artifact id: '3c9f0bedb1a282ac5e21b209ee8eb272') in 0.110746 seconds 
========================================================================
Received Import Request.
  Time since last request: 0.000015 seconds.
  path: Packages/com.unity.probuilder/Content/Icons/Tools/ShapeTool/Cube@2x_Light.png
  artifactKey: Guid(600565ccff86b4848a776b21335d2cfd) Importer(815301076,1909f56bfc062723c751e8b465ee728b)
Start importing Packages/com.unity.probuilder/Content/Icons/Tools/ShapeTool/Cube@2x_Light.png using Guid(600565ccff86b4848a776b21335d2cfd) Importer(815301076,1909f56bfc062723c751e8b465ee728b)  -> (artifact id: 'ea8cd5ea5fe1bd2c1e73b7b809128d35') in 0.107032 seconds 
========================================================================
Received Import Request.
  Time since last request: 0.000026 seconds.
  path: Packages/com.unity.collab-proxy/Editor/PlasticSCM/Assets/Images/d_iconaddedlocal@2x.png
  artifactKey: Guid(02800fb9cff14da47a04572790384d8b) Importer(815301076,1909f56bfc062723c751e8b465ee728b)
Start importing Packages/com.unity.collab-proxy/Editor/PlasticSCM/Assets/Images/d_iconaddedlocal@2x.png using Guid(02800fb9cff14da47a04572790384d8b) Importer(815301076,1909f56bfc062723c751e8b465ee728b)  -> (artifact id: '94118f1e720a6b2a30216377a6789769') in 0.096799 seconds 
========================================================================
Received Import Request.
  Time since last request: 0.000023 seconds.
  path: Packages/com.unity.collab-proxy/Editor/PlasticSCM/Assets/Images/d_iconplasticview@2x.png
  artifactKey: Guid(3168140d6f409d0448447f18568d9482) Importer(815301076,1909f56bfc062723c751e8b465ee728b)
Start importing Packages/com.unity.collab-proxy/Editor/PlasticSCM/Assets/Images/d_iconplasticview@2x.png using Guid(3168140d6f409d0448447f18568d9482) Importer(815301076,1909f56bfc062723c751e8b465ee728b)  -> (artifact id: 'de3eb99f3741040a3bcb563dcf228267') in 0.189649 seconds 
========================================================================
Received Import Request.
  Time since last request: 0.000028 seconds.
  path: Packages/com.unity.textmeshpro/Editor Resources/Textures/btn_AlignJustified.psd
  artifactKey: Guid(92027f7f8cfc4feaa477da0dc38d3d46) Importer(815301076,1909f56bfc062723c751e8b465ee728b)
Start importing Packages/com.unity.textmeshpro/Editor Resources/Textures/btn_AlignJustified.psd using Guid(92027f7f8cfc4feaa477da0dc38d3d46) Importer(815301076,1909f56bfc062723c751e8b465ee728b)  -> (artifact id: '1fba2d35ede556625359d62e67bd8e59') in 0.050470 seconds 
========================================================================
Received Import Request.
  Time since last request: 0.000013 seconds.
  path: Assets/CareXR Med/Sprites/Custom GUI/Buttons/btn_r_next.png
  artifactKey: Guid(a83ac30656c8ce14a90eb499b54a681d) Importer(815301076,1909f56bfc062723c751e8b465ee728b)
Start importing Assets/CareXR Med/Sprites/Custom GUI/Buttons/btn_r_next.png using Guid(a83ac30656c8ce14a90eb499b54a681d) Importer(815301076,1909f56bfc062723c751e8b465ee728b)  -> (artifact id: '5237cddedb7fc090520ef97e48d04dcb') in 0.019488 seconds 
========================================================================
Received Import Request.
  Time since last request: 0.000016 seconds.
  path: Packages/com.unity.collab-proxy/Editor/PlasticSCM/Assets/Images/icondeletedlocaloverlay@2x.png
  artifactKey: Guid(a3e491f99ea3ad74f8731ca93e84c497) Importer(815301076,1909f56bfc062723c751e8b465ee728b)
Start importing Packages/com.unity.collab-proxy/Editor/PlasticSCM/Assets/Images/icondeletedlocaloverlay@2x.png using Guid(a3e491f99ea3ad74f8731ca93e84c497) Importer(815301076,1909f56bfc062723c751e8b465ee728b)  -> (artifact id: 'fb707ec801ba1cdffaea5b1c53ff51be') in 0.196904 seconds 
========================================================================
Received Import Request.
  Time since last request: 0.000019 seconds.
  path: Packages/com.unity.inputsystem/InputSystem/Editor/Icons/d_Keyboard@2x.png
  artifactKey: Guid(f14e3a4027f834f16b235498ac15bb3f) Importer(815301076,1909f56bfc062723c751e8b465ee728b)
Start importing Packages/com.unity.inputsystem/InputSystem/Editor/Icons/d_Keyboard@2x.png using Guid(f14e3a4027f834f16b235498ac15bb3f) Importer(815301076,1909f56bfc062723c751e8b465ee728b)  -> (artifact id: '59a85cec70a8b55c7edc2c074411d0fa') in 0.324413 seconds 
========================================================================
Received Import Request.
  Time since last request: 0.000017 seconds.
  path: Packages/com.unity.collab-proxy/Editor/PlasticSCM/Assets/Images/d_iconaddedoverlay@2x.png
  artifactKey: Guid(a6fbd5a181bc51e42a61a73fe8d727c8) Importer(815301076,1909f56bfc062723c751e8b465ee728b)
Start importing Packages/com.unity.collab-proxy/Editor/PlasticSCM/Assets/Images/d_iconaddedoverlay@2x.png using Guid(a6fbd5a181bc51e42a61a73fe8d727c8) Importer(815301076,1909f56bfc062723c751e8b465ee728b)  -> (artifact id: 'da77212282242fc77361033bad84f524') in 0.380910 seconds 
========================================================================
Received Import Request.
  Time since last request: 0.000020 seconds.
  path: Packages/com.unity.inputsystem/InputSystem/Editor/Icons/d_Mouse@3x.png
  artifactKey: Guid(6164e492ad3164525ab8ecd9968c3a64) Importer(815301076,1909f56bfc062723c751e8b465ee728b)
Start importing Packages/com.unity.inputsystem/InputSystem/Editor/Icons/d_Mouse@3x.png using Guid(6164e492ad3164525ab8ecd9968c3a64) Importer(815301076,1909f56bfc062723c751e8b465ee728b)  -> (artifact id: 'ba714c773e8ff50ad7dd30aefddd4857') in 0.046575 seconds 
========================================================================
Received Import Request.
  Time since last request: 0.000020 seconds.
  path: Packages/com.unity.inputsystem/InputSystem/Editor/Icons/Axis.png
  artifactKey: Guid(7e853779c8fed4ebf917a0de21c79602) Importer(815301076,1909f56bfc062723c751e8b465ee728b)
Start importing Packages/com.unity.inputsystem/InputSystem/Editor/Icons/Axis.png using Guid(7e853779c8fed4ebf917a0de21c79602) Importer(815301076,1909f56bfc062723c751e8b465ee728b)  -> (artifact id: '55ea81903cdec9cd8d298ff1005d870e') in 0.073598 seconds 
========================================================================
Received Import Request.
  Time since last request: 0.000022 seconds.
  path: Packages/com.unity.probuilder/Content/Icons/Toolbar/Background/Circle-22px_Hover.png
  artifactKey: Guid(72e91a236e4c6407ea89236b576032a5) Importer(815301076,1909f56bfc062723c751e8b465ee728b)
Start importing Packages/com.unity.probuilder/Content/Icons/Toolbar/Background/Circle-22px_Hover.png using Guid(72e91a236e4c6407ea89236b576032a5) Importer(815301076,1909f56bfc062723c751e8b465ee728b)  -> (artifact id: '071f44de35adf71b007b9655f10397ab') in 0.097594 seconds 
========================================================================
Received Import Request.
  Time since last request: 0.000020 seconds.
  path: Packages/com.unity.collab-proxy/Editor/PlasticSCM/Assets/Images/d_step1.png
  artifactKey: Guid(38236a82ff44aaa4b972248479d5f970) Importer(815301076,1909f56bfc062723c751e8b465ee728b)
Start importing Packages/com.unity.collab-proxy/Editor/PlasticSCM/Assets/Images/d_step1.png using Guid(38236a82ff44aaa4b972248479d5f970) Importer(815301076,1909f56bfc062723c751e8b465ee728b)  -> (artifact id: 'f0fefa772f3625e18c68034f11295a88') in 0.066095 seconds 
========================================================================
Received Import Request.
  Time since last request: 0.000015 seconds.
  path: Packages/com.unity.textmeshpro/Editor Resources/Textures/btn_AlignRight.psd
  artifactKey: Guid(342a0f8aca7f4f0691338912faec0494) Importer(815301076,1909f56bfc062723c751e8b465ee728b)
Start importing Packages/com.unity.textmeshpro/Editor Resources/Textures/btn_AlignRight.psd using Guid(342a0f8aca7f4f0691338912faec0494) Importer(815301076,1909f56bfc062723c751e8b465ee728b)  -> (artifact id: '3213376b0ed28a01f4c4d8459207ce89') in 0.107203 seconds 
========================================================================
Received Import Request.
  Time since last request: 0.000014 seconds.
  path: Packages/com.unity.probuilder/Content/Icons/Tools/ShapeTool/Arch.png
  artifactKey: Guid(daaddaa51d20cb14a971727d2576c391) Importer(815301076,1909f56bfc062723c751e8b465ee728b)
Start importing Packages/com.unity.probuilder/Content/Icons/Tools/ShapeTool/Arch.png using Guid(daaddaa51d20cb14a971727d2576c391) Importer(815301076,1909f56bfc062723c751e8b465ee728b)  -> (artifact id: 'da639d051037bbc9956460d8e49843a1') in 0.033956 seconds 
========================================================================
Received Import Request.
  Time since last request: 0.000025 seconds.
  path: Packages/com.unity.inputsystem/InputSystem/Editor/Icons/d_Gamepad@4x.png
  artifactKey: Guid(83438053370c84456a73f7f95ef821fb) Importer(815301076,1909f56bfc062723c751e8b465ee728b)
Start importing Packages/com.unity.inputsystem/InputSystem/Editor/Icons/d_Gamepad@4x.png using Guid(83438053370c84456a73f7f95ef821fb) Importer(815301076,1909f56bfc062723c751e8b465ee728b)  -> (artifact id: 'b751e6eb4635667dd9a211267de851e8') in 0.157560 seconds 
========================================================================
Received Import Request.
  Time since last request: 0.000017 seconds.
  path: Assets/SCI-FI GUI Pack/Resources/Sprites/Deco/ico_earth_01.png
  artifactKey: Guid(9380a38b75e9848fd8d27a90f2c0ecfa) Importer(815301076,1909f56bfc062723c751e8b465ee728b)
Start importing Assets/SCI-FI GUI Pack/Resources/Sprites/Deco/ico_earth_01.png using Guid(9380a38b75e9848fd8d27a90f2c0ecfa) Importer(815301076,1909f56bfc062723c751e8b465ee728b)  -> (artifact id: 'fd17574d24a4e8125c7cbfc9a1f6cd08') in 0.018326 seconds 
========================================================================
Received Import Request.
  Time since last request: 0.000024 seconds.
  path: Packages/com.unity.collab-proxy/Editor/PlasticSCM/Assets/Images/d_icondeletedlocaloverlay@2x.png
  artifactKey: Guid(92b204cca46037444ab18ba6701f86f7) Importer(815301076,1909f56bfc062723c751e8b465ee728b)
Start importing Packages/com.unity.collab-proxy/Editor/PlasticSCM/Assets/Images/d_icondeletedlocaloverlay@2x.png using Guid(92b204cca46037444ab18ba6701f86f7) Importer(815301076,1909f56bfc062723c751e8b465ee728b)  -> (artifact id: '6b95dba043fcf7eece6eb2f5a4fb6b62') in 0.112293 seconds 
========================================================================
Received Import Request.
  Time since last request: 0.000016 seconds.
  path: Packages/com.unity.inputsystem/InputSystem/Editor/Icons/Add Binding@3x.png
  artifactKey: Guid(8be1fbf4b24de44c99840805bdae9e40) Importer(815301076,1909f56bfc062723c751e8b465ee728b)
Start importing Packages/com.unity.inputsystem/InputSystem/Editor/Icons/Add Binding@3x.png using Guid(8be1fbf4b24de44c99840805bdae9e40) Importer(815301076,1909f56bfc062723c751e8b465ee728b)  -> (artifact id: 'ba979b30c617892bbaca392ec99c3508') in 0.224580 seconds 
========================================================================
Received Import Request.
  Time since last request: 0.000021 seconds.
  path: Assets/CareXR Med/Sprites/Custom GUI/Popups/popup12.png
  artifactKey: Guid(81c828ac04b360f45a0b897bc97f2f86) Importer(815301076,1909f56bfc062723c751e8b465ee728b)
Start importing Assets/CareXR Med/Sprites/Custom GUI/Popups/popup12.png using Guid(81c828ac04b360f45a0b897bc97f2f86) Importer(815301076,1909f56bfc062723c751e8b465ee728b)  -> (artifact id: '4b1cb1e0b3fea62e730d170372e54dfb') in 0.140722 seconds 
========================================================================
Received Import Request.
  Time since last request: 0.000017 seconds.
  path: Packages/com.unity.collab-proxy/Editor/PlasticSCM/Assets/Images/step1@2x.png
  artifactKey: Guid(affeade9874cf2347abb155e8d0db4d8) Importer(815301076,1909f56bfc062723c751e8b465ee728b)
Start importing Packages/com.unity.collab-proxy/Editor/PlasticSCM/Assets/Images/step1@2x.png using Guid(affeade9874cf2347abb155e8d0db4d8) Importer(815301076,1909f56bfc062723c751e8b465ee728b)  -> (artifact id: '3fd494c0352f1db39cf92a5e363f44eb') in 0.117759 seconds 
========================================================================
Received Import Request.
  Time since last request: 0.000025 seconds.
  path: Packages/com.unity.inputsystem/InputSystem/Editor/Icons/Interactive Binding@3x.png
  artifactKey: Guid(cac8742b1b72b44699fd1663287ca47d) Importer(815301076,1909f56bfc062723c751e8b465ee728b)
Start importing Packages/com.unity.inputsystem/InputSystem/Editor/Icons/Interactive Binding@3x.png using Guid(cac8742b1b72b44699fd1663287ca47d) Importer(815301076,1909f56bfc062723c751e8b465ee728b)  -> (artifact id: 'b7bcde1e56eb4564c9afaabbde60908b') in 0.064532 seconds 
========================================================================
Received Import Request.
  Time since last request: 0.000016 seconds.
  path: Assets/SCI-FI GUI Pack/Resources/Sprites/Title/title_05.png
  artifactKey: Guid(0f8050559bb3f4bda9acad31f99daffc) Importer(815301076,1909f56bfc062723c751e8b465ee728b)
Start importing Assets/SCI-FI GUI Pack/Resources/Sprites/Title/title_05.png using Guid(0f8050559bb3f4bda9acad31f99daffc) Importer(815301076,1909f56bfc062723c751e8b465ee728b)  -> (artifact id: '2e3bc4824c1235550e737c5b23688792') in 0.020167 seconds 
========================================================================
Received Import Request.
  Time since last request: 0.000023 seconds.
  path: Packages/com.unity.textmeshpro/Editor Resources/Textures/btn_AlignFlush.psd
  artifactKey: Guid(691475c57a824010be0c6f474caeb7e1) Importer(815301076,1909f56bfc062723c751e8b465ee728b)
Start importing Packages/com.unity.textmeshpro/Editor Resources/Textures/btn_AlignFlush.psd using Guid(691475c57a824010be0c6f474caeb7e1) Importer(815301076,1909f56bfc062723c751e8b465ee728b)  -> (artifact id: '633c758684bdb377ba1d928fad83d456') in 0.093150 seconds 
========================================================================
Received Import Request.
  Time since last request: 0.000015 seconds.
  path: Packages/com.unity.inputsystem/InputSystem/Editor/Icons/d_Dpad@4x.png
  artifactKey: Guid(41edf25d451a744e6ad1172a677603bd) Importer(815301076,1909f56bfc062723c751e8b465ee728b)
Start importing Packages/com.unity.inputsystem/InputSystem/Editor/Icons/d_Dpad@4x.png using Guid(41edf25d451a744e6ad1172a677603bd) Importer(815301076,1909f56bfc062723c751e8b465ee728b)  -> (artifact id: 'fb9e0e8dc761837dbd914d5dfa74351b') in 0.177347 seconds 
========================================================================
Received Import Request.
  Time since last request: 0.000014 seconds.
  path: Packages/com.unity.inputsystem/InputSystem/Editor/Icons/d_InputControl@4x.png
  artifactKey: Guid(e2078613efd9e410c8771cbd2717f4e7) Importer(815301076,1909f56bfc062723c751e8b465ee728b)
Start importing Packages/com.unity.inputsystem/InputSystem/Editor/Icons/d_InputControl@4x.png using Guid(e2078613efd9e410c8771cbd2717f4e7) Importer(815301076,1909f56bfc062723c751e8b465ee728b)  -> (artifact id: '234a02ed4d7d19cb7ff95b3c59e2bf0a') in 0.103762 seconds 
========================================================================
Received Import Request.
  Time since last request: 0.000027 seconds.
  path: Packages/com.unity.collab-proxy/Editor/PlasticSCM/Assets/Images/iconconflicted@2x.png
  artifactKey: Guid(f95f697d66d238446b1ab717def09945) Importer(815301076,1909f56bfc062723c751e8b465ee728b)
Start importing Packages/com.unity.collab-proxy/Editor/PlasticSCM/Assets/Images/iconconflicted@2x.png using Guid(f95f697d66d238446b1ab717def09945) Importer(815301076,1909f56bfc062723c751e8b465ee728b)  -> (artifact id: '625ab085d40134deeb8b7ce2230acdc8') in 0.053448 seconds 
========================================================================
Received Import Request.
  Time since last request: 0.000015 seconds.
  path: Packages/com.unity.inputsystem/InputSystem/Editor/Icons/Stick@4x.png
  artifactKey: Guid(f5ace3d653812436a812bebfe7f9a242) Importer(815301076,1909f56bfc062723c751e8b465ee728b)
Start importing Packages/com.unity.inputsystem/InputSystem/Editor/Icons/Stick@4x.png using Guid(f5ace3d653812436a812bebfe7f9a242) Importer(815301076,1909f56bfc062723c751e8b465ee728b)  -> (artifact id: 'e530a938e3800d26a3b0563d37c0ed5f') in 0.103994 seconds 
========================================================================
Received Import Request.
  Time since last request: 0.000014 seconds.
  path: Packages/com.unity.inputsystem/InputSystem/Editor/AssetEditor/Resources/personal/actionTreeBackground.png
  artifactKey: Guid(ce5f11cd993284c4f9c54f854bdc8c9c) Importer(815301076,1909f56bfc062723c751e8b465ee728b)
Start importing Packages/com.unity.inputsystem/InputSystem/Editor/AssetEditor/Resources/personal/actionTreeBackground.png using Guid(ce5f11cd993284c4f9c54f854bdc8c9c) Importer(815301076,1909f56bfc062723c751e8b465ee728b)  -> (artifact id: 'b4e5b7abcb33bf79c738c0ec0604bc14') in 0.216509 seconds 
========================================================================
Received Import Request.
  Time since last request: 0.000020 seconds.
  path: Assets/CareXR Med/Sprites/Custom GUI/Buttons/btn_normal_inactive.png
  artifactKey: Guid(85043b29e82c6f44482beb70f55008cb) Importer(815301076,1909f56bfc062723c751e8b465ee728b)
Start importing Assets/CareXR Med/Sprites/Custom GUI/Buttons/btn_normal_inactive.png using Guid(85043b29e82c6f44482beb70f55008cb) Importer(815301076,1909f56bfc062723c751e8b465ee728b)  -> (artifact id: '9a18eba7cb0afef351e90255768881a2') in 0.032189 seconds 
========================================================================
Received Import Request.
  Time since last request: 0.000015 seconds.
  path: Packages/com.unity.collab-proxy/Editor/PlasticSCM/Assets/Images/d_iconprivateoverlay@2x.png
  artifactKey: Guid(7f854f490da24e54f9e8383e446b5d81) Importer(815301076,1909f56bfc062723c751e8b465ee728b)
Start importing Packages/com.unity.collab-proxy/Editor/PlasticSCM/Assets/Images/d_iconprivateoverlay@2x.png using Guid(7f854f490da24e54f9e8383e446b5d81) Importer(815301076,1909f56bfc062723c751e8b465ee728b)  -> (artifact id: '127b0a2341bbe56cd151cb461477b29b') in 0.127082 seconds 
========================================================================
Received Import Request.
  Time since last request: 0.000019 seconds.
  path: Assets/CareXR Med/Sprites/Custom GUI/Buttons/btn_c_shutdown.png
  artifactKey: Guid(7dde7073f4d46bf4bb8cb1c106dffb53) Importer(815301076,1909f56bfc062723c751e8b465ee728b)
Start importing Assets/CareXR Med/Sprites/Custom GUI/Buttons/btn_c_shutdown.png using Guid(7dde7073f4d46bf4bb8cb1c106dffb53) Importer(815301076,1909f56bfc062723c751e8b465ee728b)  -> (artifact id: 'f43e034bb2c47b1b01cc049b0cfd5869') in 0.030709 seconds 
========================================================================
Received Import Request.
  Time since last request: 0.000017 seconds.
  path: Assets/CareXR Med/Sprites/Custom GUI/Popups/popup10.png
  artifactKey: Guid(43c9a901dac94094cabde065cb729f70) Importer(815301076,1909f56bfc062723c751e8b465ee728b)
Start importing Assets/CareXR Med/Sprites/Custom GUI/Popups/popup10.png using Guid(43c9a901dac94094cabde065cb729f70) Importer(815301076,1909f56bfc062723c751e8b465ee728b)  -> (artifact id: '97909df70f8d08d833d5a7ca05bc414e') in 0.233967 seconds 
========================================================================
Received Import Request.
  Time since last request: 0.000025 seconds.
  path: Packages/com.unity.collab-proxy/Editor/PlasticSCM/Assets/Images/d_iconclosebutton@2x.png
  artifactKey: Guid(0525793900d728a42936791a8a6de63b) Importer(815301076,1909f56bfc062723c751e8b465ee728b)
Start importing Packages/com.unity.collab-proxy/Editor/PlasticSCM/Assets/Images/d_iconclosebutton@2x.png using Guid(0525793900d728a42936791a8a6de63b) Importer(815301076,1909f56bfc062723c751e8b465ee728b)  -> (artifact id: '43daa2b7741e75edfc1808c001335865') in 0.174539 seconds 
========================================================================
Received Import Request.
  Time since last request: 0.000019 seconds.
  path: Packages/com.unity.xr.arfoundation/Editor/Icons/d_ARVR@4x.png
  artifactKey: Guid(8236c695e72414e7889fb3f4d8226fde) Importer(815301076,1909f56bfc062723c751e8b465ee728b)
Start importing Packages/com.unity.xr.arfoundation/Editor/Icons/d_ARVR@4x.png using Guid(8236c695e72414e7889fb3f4d8226fde) Importer(815301076,1909f56bfc062723c751e8b465ee728b)  -> (artifact id: '626eca89d60fd2411470975e4a04ea08') in 0.073787 seconds 
========================================================================
Received Import Request.
  Time since last request: 0.000018 seconds.
  path: Assets/CareXR Med/Sprites/Custom GUI/Buttons/btn_c_profile.png
  artifactKey: Guid(cfd0b345e9b2b8046b12e0a7068fa14e) Importer(815301076,1909f56bfc062723c751e8b465ee728b)
Start importing Assets/CareXR Med/Sprites/Custom GUI/Buttons/btn_c_profile.png using Guid(cfd0b345e9b2b8046b12e0a7068fa14e) Importer(815301076,1909f56bfc062723c751e8b465ee728b)  -> (artifact id: '7ac2c36f4ea9cd42f4bafdfdf5a94ddd') in 0.019546 seconds 
========================================================================
Received Import Request.
  Time since last request: 0.000022 seconds.
  path: Packages/com.unity.inputsystem/InputSystem/Editor/Icons/d_Gamepad@2x.png
  artifactKey: Guid(bed935caee9524e6780614c2055bfd35) Importer(815301076,1909f56bfc062723c751e8b465ee728b)
Start importing Packages/com.unity.inputsystem/InputSystem/Editor/Icons/d_Gamepad@2x.png using Guid(bed935caee9524e6780614c2055bfd35) Importer(815301076,1909f56bfc062723c751e8b465ee728b)  -> (artifact id: '70f81fae7065ca8e1a6b018e86b816b7') in 0.175200 seconds 
========================================================================
Received Import Request.
  Time since last request: 0.000026 seconds.
  path: Assets/SCI-FI GUI Pack/Resources/Sprites/Button/btn_stop_02.png
  artifactKey: Guid(9451015c04a9f4d0099b9c86636df9b5) Importer(815301076,1909f56bfc062723c751e8b465ee728b)
Start importing Assets/SCI-FI GUI Pack/Resources/Sprites/Button/btn_stop_02.png using Guid(9451015c04a9f4d0099b9c86636df9b5) Importer(815301076,1909f56bfc062723c751e8b465ee728b)  -> (artifact id: 'ceb5b8a89ee4191bb4889cd25129fb49') in 0.016534 seconds 
========================================================================
Received Import Request.
  Time since last request: 0.000015 seconds.
  path: Assets/CareXR Med/Sprites/Custom GUI/Buttons/btn_c_logout.png
  artifactKey: Guid(2b81c623e32a91f4481b2c8ee3e06785) Importer(815301076,1909f56bfc062723c751e8b465ee728b)
Start importing Assets/CareXR Med/Sprites/Custom GUI/Buttons/btn_c_logout.png using Guid(2b81c623e32a91f4481b2c8ee3e06785) Importer(815301076,1909f56bfc062723c751e8b465ee728b)  -> (artifact id: '14cbe053b0a1265afa636f2b5a7ff48c') in 0.018441 seconds 
========================================================================
Received Import Request.
  Time since last request: 0.000015 seconds.
  path: Packages/com.unity.collab-proxy/Editor/PlasticSCM/Assets/Images/d_iconconflictedoverlay@2x.png
  artifactKey: Guid(a3ced8f7044b9de4787602a9e9b20ea7) Importer(815301076,1909f56bfc062723c751e8b465ee728b)
Start importing Packages/com.unity.collab-proxy/Editor/PlasticSCM/Assets/Images/d_iconconflictedoverlay@2x.png using Guid(a3ced8f7044b9de4787602a9e9b20ea7) Importer(815301076,1909f56bfc062723c751e8b465ee728b)  -> (artifact id: 'cda9ae8527a516d2a90ca05978216718') in 0.117289 seconds 
========================================================================
Received Import Request.
  Time since last request: 0.000022 seconds.
  path: Packages/com.unity.inputsystem/InputSystem/Editor/Icons/Add Binding@4x.png
  artifactKey: Guid(862c5ca31844d4a6d9aa804af982ce65) Importer(815301076,1909f56bfc062723c751e8b465ee728b)
Start importing Packages/com.unity.inputsystem/InputSystem/Editor/Icons/Add Binding@4x.png using Guid(862c5ca31844d4a6d9aa804af982ce65) Importer(815301076,1909f56bfc062723c751e8b465ee728b)  -> (artifact id: '7474d33963cbf97f1259cffd18eda61d') in 0.201149 seconds 
========================================================================
Received Import Request.
  Time since last request: 0.000035 seconds.
  path: Assets/SCI-FI GUI Pack/Resources/Sprites/Title/title_01.png
  artifactKey: Guid(781ad2859131a4faaa40f2345d0fa325) Importer(815301076,1909f56bfc062723c751e8b465ee728b)
Start importing Assets/SCI-FI GUI Pack/Resources/Sprites/Title/title_01.png using Guid(781ad2859131a4faaa40f2345d0fa325) Importer(815301076,1909f56bfc062723c751e8b465ee728b)  -> (artifact id: 'db67792d3ed9a9d1f3a012adf113d82b') in 0.016304 seconds 
========================================================================
Received Import Request.
  Time since last request: 0.000019 seconds.
  path: Packages/com.unity.inputsystem/InputSystem/Editor/Icons/Pen@4x.png
  artifactKey: Guid(acf10446fff184bb98db6350c2c43148) Importer(815301076,1909f56bfc062723c751e8b465ee728b)
Start importing Packages/com.unity.inputsystem/InputSystem/Editor/Icons/Pen@4x.png using Guid(acf10446fff184bb98db6350c2c43148) Importer(815301076,1909f56bfc062723c751e8b465ee728b)  -> (artifact id: 'f4c8af4cbf5b29a41b495f8e24325b55') in 0.211320 seconds 
========================================================================
Received Import Request.
  Time since last request: 0.000015 seconds.
  path: Packages/com.unity.inputsystem/InputSystem/Editor/Icons/Mouse@3x.png
  artifactKey: Guid(05bbafd21bf3c4cca93cb8ddfbbd4070) Importer(815301076,1909f56bfc062723c751e8b465ee728b)
Start importing Packages/com.unity.inputsystem/InputSystem/Editor/Icons/Mouse@3x.png using Guid(05bbafd21bf3c4cca93cb8ddfbbd4070) Importer(815301076,1909f56bfc062723c751e8b465ee728b)  -> (artifact id: '090452a072a972ac9ad6bdaf0afebcec') in 0.087580 seconds 
========================================================================
Received Import Request.
  Time since last request: 0.000022 seconds.
  path: Packages/com.unity.textmeshpro/Editor Resources/Textures/btn_AlignBaseLine.psd
  artifactKey: Guid(8bc445bb79654bf496c92d0407840a92) Importer(815301076,1909f56bfc062723c751e8b465ee728b)
Start importing Packages/com.unity.textmeshpro/Editor Resources/Textures/btn_AlignBaseLine.psd using Guid(8bc445bb79654bf496c92d0407840a92) Importer(815301076,1909f56bfc062723c751e8b465ee728b)  -> (artifact id: 'e914d1a614e091e1545734405a9f59da') in 0.043661 seconds 
========================================================================
Received Import Request.
  Time since last request: 0.000015 seconds.
  path: Packages/com.unity.collab-proxy/Editor/PlasticSCM/Assets/Images/iconconflictedoverlay@2x.png
  artifactKey: Guid(5679a74364f6b4440ab7e7aed55cd95e) Importer(815301076,1909f56bfc062723c751e8b465ee728b)
Start importing Packages/com.unity.collab-proxy/Editor/PlasticSCM/Assets/Images/iconconflictedoverlay@2x.png using Guid(5679a74364f6b4440ab7e7aed55cd95e) Importer(815301076,1909f56bfc062723c751e8b465ee728b)  -> (artifact id: '899d7e2574d13130319501a9bd1cbdb8') in 0.121444 seconds 
========================================================================
Received Import Request.
  Time since last request: 0.000017 seconds.
  path: Assets/SCI-FI GUI Pack/Resources/Sprites/Button/btn_play_01.png
  artifactKey: Guid(70c999c8e399c486c8d24262ea4d3cce) Importer(815301076,1909f56bfc062723c751e8b465ee728b)
Start importing Assets/SCI-FI GUI Pack/Resources/Sprites/Button/btn_play_01.png using Guid(70c999c8e399c486c8d24262ea4d3cce) Importer(815301076,1909f56bfc062723c751e8b465ee728b)  -> (artifact id: '5e2c2eeb665313571281f3c53187597c') in 0.018152 seconds 
========================================================================
Received Import Request.
  Time since last request: 0.000020 seconds.
  path: Packages/com.unity.textmeshpro/Editor Resources/Textures/btn_AlignMidLine.psd
  artifactKey: Guid(c2f7f6a88b4c4f20a53deb72f3d9144c) Importer(815301076,1909f56bfc062723c751e8b465ee728b)
Start importing Packages/com.unity.textmeshpro/Editor Resources/Textures/btn_AlignMidLine.psd using Guid(c2f7f6a88b4c4f20a53deb72f3d9144c) Importer(815301076,1909f56bfc062723c751e8b465ee728b)  -> (artifact id: '647269ffbe7ab04258aea10f36c1c59d') in 0.082771 seconds 
========================================================================
Received Import Request.
  Time since last request: 0.000020 seconds.
  path: Packages/com.unity.inputsystem/InputSystem/Editor/Icons/Orientation@4x.png
  artifactKey: Guid(1c751eb104ad5407992e614361d5f81e) Importer(815301076,1909f56bfc062723c751e8b465ee728b)
Start importing Packages/com.unity.inputsystem/InputSystem/Editor/Icons/Orientation@4x.png using Guid(1c751eb104ad5407992e614361d5f81e) Importer(815301076,1909f56bfc062723c751e8b465ee728b)  -> (artifact id: '188731e569235877d4ea32ae971131cd') in 0.242705 seconds 
========================================================================
Received Import Request.
  Time since last request: 0.000021 seconds.
  path: Assets/SCI-FI GUI Pack/Resources/Sprites/Progress/progress_bg_01.png
  artifactKey: Guid(681fe9d2ac9eb4333a6599fe6a3fb0b0) Importer(815301076,1909f56bfc062723c751e8b465ee728b)
Start importing Assets/SCI-FI GUI Pack/Resources/Sprites/Progress/progress_bg_01.png using Guid(681fe9d2ac9eb4333a6599fe6a3fb0b0) Importer(815301076,1909f56bfc062723c751e8b465ee728b)  -> (artifact id: 'efe92883f13efe77ea3b3384294ca55c') in 0.017952 seconds 
========================================================================
Received Import Request.
  Time since last request: 0.000014 seconds.
  path: Assets/SCI-FI GUI Pack/Resources/Sprites/Deco/ico_circle_01.png
  artifactKey: Guid(ac47de75db11d4d06bf19ec4256148c1) Importer(815301076,1909f56bfc062723c751e8b465ee728b)
Start importing Assets/SCI-FI GUI Pack/Resources/Sprites/Deco/ico_circle_01.png using Guid(ac47de75db11d4d06bf19ec4256148c1) Importer(815301076,1909f56bfc062723c751e8b465ee728b)  -> (artifact id: '41a4d94c037a4765cc64a57b364cea00') in 0.021975 seconds 
========================================================================
Received Import Request.
  Time since last request: 0.000017 seconds.
  path: Assets/SCI-FI GUI Pack/Resources/Sprites/9sliced/popup_07.png
  artifactKey: Guid(5fd70f2eee1964d4d934f0cae5318a25) Importer(815301076,1909f56bfc062723c751e8b465ee728b)
Start importing Assets/SCI-FI GUI Pack/Resources/Sprites/9sliced/popup_07.png using Guid(5fd70f2eee1964d4d934f0cae5318a25) Importer(815301076,1909f56bfc062723c751e8b465ee728b)  -> (artifact id: 'e5c55d05cea0c1ba7d863c06e349254f') in 0.018494 seconds 
========================================================================
Received Import Request.
  Time since last request: 0.000018 seconds.
  path: Assets/SCI-FI GUI Pack/Resources/Sprites/Button/btn_settings_01.png
  artifactKey: Guid(a897aa1213cea4ef9a3e03a1e7f72256) Importer(815301076,1909f56bfc062723c751e8b465ee728b)
Start importing Assets/SCI-FI GUI Pack/Resources/Sprites/Button/btn_settings_01.png using Guid(a897aa1213cea4ef9a3e03a1e7f72256) Importer(815301076,1909f56bfc062723c751e8b465ee728b)  -> (artifact id: '9896f045f40c6cd9c51a9f2f3e8fbed6') in 0.015968 seconds 
========================================================================
Received Import Request.
  Time since last request: 0.000015 seconds.
  path: Assets/SCI-FI GUI Pack/Resources/Sprites/Bg/bg_01.png
  artifactKey: Guid(2bfebdefc19b94479b3952b888de1222) Importer(815301076,1909f56bfc062723c751e8b465ee728b)
Start importing Assets/SCI-FI GUI Pack/Resources/Sprites/Bg/bg_01.png using Guid(2bfebdefc19b94479b3952b888de1222) Importer(815301076,1909f56bfc062723c751e8b465ee728b)  -> (artifact id: '166227745cbd03ae892f20a71e4260e9') in 0.151032 seconds 
========================================================================
Received Import Request.
  Time since last request: 0.000021 seconds.
  path: Assets/CareXR Med/Sprites/Custom GUI/Buttons/btn_c_info_inactive.png
  artifactKey: Guid(3be413deeb43f4f4dad18ab7caf35e02) Importer(815301076,1909f56bfc062723c751e8b465ee728b)
Start importing Assets/CareXR Med/Sprites/Custom GUI/Buttons/btn_c_info_inactive.png using Guid(3be413deeb43f4f4dad18ab7caf35e02) Importer(815301076,1909f56bfc062723c751e8b465ee728b)  -> (artifact id: '8ddbb420b06af97aa075ab8ec6cac213') in 0.020756 seconds 
========================================================================
Received Import Request.
  Time since last request: 0.000013 seconds.
  path: Packages/com.unity.probuilder/Content/Icons/Toolbar/Face_FlipNormals_3D.png
  artifactKey: Guid(6e1f06572201e4182b190d4afb94b36a) Importer(815301076,1909f56bfc062723c751e8b465ee728b)
Start importing Packages/com.unity.probuilder/Content/Icons/Toolbar/Face_FlipNormals_3D.png using Guid(6e1f06572201e4182b190d4afb94b36a) Importer(815301076,1909f56bfc062723c751e8b465ee728b)  -> (artifact id: '886602e59c5b92626cc2ac5341828027') in 0.101814 seconds 
========================================================================
Received Import Request.
  Time since last request: 0.000015 seconds.
  path: Packages/com.unity.collab-proxy/Editor/PlasticSCM/Assets/Images/d_buttonssosigninemail@2x.png
  artifactKey: Guid(144aa74618b85974a9a50f612c2fa8fd) Importer(815301076,1909f56bfc062723c751e8b465ee728b)
Start importing Packages/com.unity.collab-proxy/Editor/PlasticSCM/Assets/Images/d_buttonssosigninemail@2x.png using Guid(144aa74618b85974a9a50f612c2fa8fd) Importer(815301076,1909f56bfc062723c751e8b465ee728b)  -> (artifact id: '96ca732fbcdbf288d2fbf9e8a2e25afa') in 0.093287 seconds 
========================================================================
Received Import Request.
  Time since last request: 0.000026 seconds.
  path: Packages/com.unity.textmeshpro/Editor Resources/Textures/btn_AlignRight_Light.psd
  artifactKey: Guid(e05ace3bd15740cda0bad60d89092a5b) Importer(815301076,1909f56bfc062723c751e8b465ee728b)
Start importing Packages/com.unity.textmeshpro/Editor Resources/Textures/btn_AlignRight_Light.psd using Guid(e05ace3bd15740cda0bad60d89092a5b) Importer(815301076,1909f56bfc062723c751e8b465ee728b)  -> (artifact id: '896d54e48132602af310ca05d4cb24bc') in 0.039011 seconds 
========================================================================
Received Import Request.
  Time since last request: 0.000014 seconds.
  path: Packages/com.unity.inputsystem/InputSystem/Editor/Icons/d_Pen@2x.png
  artifactKey: Guid(96f7582a52a6843c09e0c71617e94f2d) Importer(815301076,1909f56bfc062723c751e8b465ee728b)
Start importing Packages/com.unity.inputsystem/InputSystem/Editor/Icons/d_Pen@2x.png using Guid(96f7582a52a6843c09e0c71617e94f2d) Importer(815301076,1909f56bfc062723c751e8b465ee728b)  -> (artifact id: '9851320fa210eab35dad561010adfdd4') in 0.175493 seconds 
========================================================================
Received Import Request.
  Time since last request: 0.000016 seconds.
  path: Packages/com.unity.probuilder/Content/Icons/Tools/EditShape@2x_Light.png
  artifactKey: Guid(f9e53e1abda9c694cb99330284e02017) Importer(815301076,1909f56bfc062723c751e8b465ee728b)
Start importing Packages/com.unity.probuilder/Content/Icons/Tools/EditShape@2x_Light.png using Guid(f9e53e1abda9c694cb99330284e02017) Importer(815301076,1909f56bfc062723c751e8b465ee728b)  -> (artifact id: '096acdecfb435c44ac3ed3a7373fe7a4') in 0.117832 seconds 
========================================================================
Received Import Request.
  Time since last request: 0.000019 seconds.
  path: Packages/com.unity.probuilder/Content/Icons/Toolbar/AltButton_Normal.png
  artifactKey: Guid(c175d9b0ccfa2428ea936c9c6b654bd1) Importer(815301076,1909f56bfc062723c751e8b465ee728b)
Start importing Packages/com.unity.probuilder/Content/Icons/Toolbar/AltButton_Normal.png using Guid(c175d9b0ccfa2428ea936c9c6b654bd1) Importer(815301076,1909f56bfc062723c751e8b465ee728b)  -> (artifact id: 'b0f7edd443c36db183a0df3a5ee4ec79') in 0.152576 seconds 
Editor requested this worker to shutdown with reason: Scaling down because of idle timeout
AssetImportWorker is now disconnected from the server
Process exiting
Exiting without the bug reporter. Application will terminate with return code 0