Using pre-set license
Built from '2021.3/staging' branch; Version is '2021.3.16f1 (4016570cf34f) revision 4200023'; Using compiler version '192829333'; Build Type 'Release'
OS: 'Windows 10  (10.0.19044) 64bit Core' Language: 'en' Physical Memory: 32678 MB
BatchMode: 1, IsHumanControllingUs: 0, StartBugReporterOnCrash: 0, Is64bit: 1, IsPro: 1

COMMAND LINE ARGUMENTS:
C:\Program Files (x86)\ProjetoIntegrado_Multimedia_AndreMoreira\Unity Editors\2021.3.16f1\Editor\Unity.exe
-adb2
-batchMode
-noUpm
-name
AssetImportWorker15
-projectPath
D:/PC/Desktop/IP/Rep/MR_M
-logFile
Logs/AssetImportWorker15.log
-srvPort
55265
Successfully changed project path to: D:/PC/Desktop/IP/Rep/MR_M
D:/PC/Desktop/IP/Rep/MR_M
[UnityMemory] Configuration Parameters - Can be set up in boot.config
    "memorysetup-bucket-allocator-granularity=16"
    "memorysetup-bucket-allocator-bucket-count=8"
    "memorysetup-bucket-allocator-block-size=33554432"
    "memorysetup-bucket-allocator-block-count=8"
    "memorysetup-main-allocator-block-size=16777216"
    "memorysetup-thread-allocator-block-size=16777216"
    "memorysetup-gfx-main-allocator-block-size=16777216"
    "memorysetup-gfx-thread-allocator-block-size=16777216"
    "memorysetup-cache-allocator-block-size=4194304"
    "memorysetup-typetree-allocator-block-size=2097152"
    "memorysetup-profiler-bucket-allocator-granularity=16"
    "memorysetup-profiler-bucket-allocator-bucket-count=8"
    "memorysetup-profiler-bucket-allocator-block-size=33554432"
    "memorysetup-profiler-bucket-allocator-block-count=8"
    "memorysetup-profiler-allocator-block-size=16777216"
    "memorysetup-profiler-editor-allocator-block-size=1048576"
    "memorysetup-temp-allocator-size-main=16777216"
    "memorysetup-job-temp-allocator-block-size=2097152"
    "memorysetup-job-temp-allocator-block-size-background=1048576"
    "memorysetup-job-temp-allocator-reduction-small-platforms=262144"
    "memorysetup-temp-allocator-size-background-worker=32768"
    "memorysetup-temp-allocator-size-job-worker=262144"
    "memorysetup-temp-allocator-size-preload-manager=33554432"
    "memorysetup-temp-allocator-size-nav-mesh-worker=65536"
    "memorysetup-temp-allocator-size-audio-worker=65536"
    "memorysetup-temp-allocator-size-cloud-worker=32768"
    "memorysetup-temp-allocator-size-gi-baking-worker=262144"
    "memorysetup-temp-allocator-size-gfx=262144"
Player connection [37536] Host "[IP] 172.17.2.201 [Port] 0 [Flags] 2 [Guid] 1428840964 [EditorId] 1428840964 [Version] 1048832 [Id] WindowsEditor(7,GreenHealth) [Debug] 1 [PackageName] WindowsEditor [ProjectName] Editor" joined multi-casting on [225.0.0.222:54997]...

Player connection [37536] Host "[IP] 172.17.2.201 [Port] 0 [Flags] 2 [Guid] 1428840964 [EditorId] 1428840964 [Version] 1048832 [Id] WindowsEditor(7,GreenHealth) [Debug] 1 [PackageName] WindowsEditor [ProjectName] Editor" joined alternative multi-casting on [225.0.0.222:34997]...

Refreshing native plugins compatible for Editor in 155.00 ms, found 26 plugins.
Preloading 1 native plugins for Editor in 4.16 ms.
Initialize engine version: 2021.3.16f1 (4016570cf34f)
[Subsystems] Discovering subsystems at path C:/Program Files (x86)/ProjetoIntegrado_Multimedia_AndreMoreira/Unity Editors/2021.3.16f1/Editor/Data/Resources/UnitySubsystems
[Subsystems] Discovering subsystems at path D:/PC/Desktop/IP/Rep/MR_M/Assets
GfxDevice: creating device client; threaded=0; jobified=0
Direct3D:
    Version:  Direct3D 11.0 [level 11.1]
    Renderer: NVIDIA GeForce RTX 2070 SUPER (ID=0x1e84)
    Vendor:   NVIDIA
    VRAM:     8011 MB
    Driver:   27.21.14.6192
Initialize mono
Mono path[0] = 'C:/Program Files (x86)/ProjetoIntegrado_Multimedia_AndreMoreira/Unity Editors/2021.3.16f1/Editor/Data/Managed'
Mono path[1] = 'C:/Program Files (x86)/ProjetoIntegrado_Multimedia_AndreMoreira/Unity Editors/2021.3.16f1/Editor/Data/MonoBleedingEdge/lib/mono/unityjit-win32'
Mono config path = 'C:/Program Files (x86)/ProjetoIntegrado_Multimedia_AndreMoreira/Unity Editors/2021.3.16f1/Editor/Data/MonoBleedingEdge/etc'
Using monoOptions --debugger-agent=transport=dt_socket,embedding=1,server=y,suspend=n,address=127.0.0.1:56244
Begin MonoManager ReloadAssembly
Registering precompiled unity dll's ...
Register platform support module: C:/Program Files (x86)/ProjetoIntegrado_Multimedia_AndreMoreira/Unity Editors/2021.3.16f1/Editor/Data/PlaybackEngines/AndroidPlayer/UnityEditor.Android.Extensions.dll
Register platform support module: C:/Program Files (x86)/ProjetoIntegrado_Multimedia_AndreMoreira/Unity Editors/2021.3.16f1/Editor/Data/PlaybackEngines/WindowsStandaloneSupport/UnityEditor.WindowsStandalone.Extensions.dll
Register platform support module: C:/Program Files (x86)/ProjetoIntegrado_Multimedia_AndreMoreira/Unity Editors/2021.3.16f1/Editor/Data/PlaybackEngines/MetroSupport/UnityEditor.UWP.Extensions.dll
Registered in 0.008615 seconds.
Native extension for UWP target not found
Native extension for WindowsStandalone target not found
Native extension for Android target not found
Refreshing native plugins compatible for Editor in 111.77 ms, found 26 plugins.
Preloading 1 native plugins for Editor in 0.16 ms.
Mono: successfully reloaded assembly
- Completed reload, in  0.619 seconds
Domain Reload Profiling:
	ReloadAssembly (619ms)
		BeginReloadAssembly (65ms)
			ExecutionOrderSort (0ms)
			DisableScriptedObjects (0ms)
			BackupInstance (0ms)
			ReleaseScriptingObjects (0ms)
			CreateAndSetChildDomain (1ms)
		EndReloadAssembly (452ms)
			LoadAssemblies (63ms)
			RebuildTransferFunctionScriptingTraits (0ms)
			SetupTypeCache (95ms)
			ReleaseScriptCaches (0ms)
			RebuildScriptCaches (23ms)
			SetupLoadedEditorAssemblies (283ms)
				LogAssemblyErrors (0ms)
				InitializePlatformSupportModulesInManaged (51ms)
				SetLoadedEditorAssemblies (0ms)
				RefreshPlugins (112ms)
				BeforeProcessingInitializeOnLoad (1ms)
				ProcessInitializeOnLoadAttributes (81ms)
				ProcessInitializeOnLoadMethodAttributes (37ms)
				AfterProcessingInitializeOnLoad (0ms)
				EditorAssembliesLoaded (0ms)
			ExecutionOrderSort2 (0ms)
			AwakeInstancesAfterBackupRestoration (0ms)
Platform modules already initialized, skipping
Registering precompiled user dll's ...
Registered in 0.018212 seconds.
Begin MonoManager ReloadAssembly
Native extension for UWP target not found
Native extension for WindowsStandalone target not found
Native extension for Android target not found
Refreshing native plugins compatible for Editor in 109.25 ms, found 26 plugins.
Preloading 1 native plugins for Editor in 0.03 ms.
DisplayProgressbar: Restoring NuGet Packages
Added DLL directory D:\PC\Desktop\IP\Rep\MR_M\Assets\Packages\Microsoft.VCRTForwarders.140.1.0.7\Unity\x64 to the user search path.
UnityEngine.StackTraceUtility:ExtractStackTrace ()
UnityEngine.DebugLogHandler:LogFormat (UnityEngine.LogType,UnityEngine.Object,string,object[])
UnityEngine.Logger:Log (UnityEngine.LogType,object)
UnityEngine.Debug:Log (object)
InitVCRTForwarders:.cctor () (at Assets/Packages/Microsoft.VCRTForwarders.140.1.0.7/Unity/Editor/InitVCRTForwarders.cs:53)
System.Runtime.CompilerServices.RuntimeHelpers:RunClassConstructor (System.RuntimeTypeHandle)
UnityEditor.EditorAssemblies:ProcessInitializeOnLoadAttributes (System.Type[])

(Filename: Assets/Packages/Microsoft.VCRTForwarders.140.1.0.7/Unity/Editor/InitVCRTForwarders.cs Line: 53)

Package Manager log level set to [2]
Added DLL directory D:\PC\Desktop\IP\Rep\MR_M\Assets\Packages\Microsoft.MixedReality.QR.0.5.3037\Unity\x64 to the user search path.
UnityEngine.StackTraceUtility:ExtractStackTrace ()
UnityEngine.DebugLogHandler:LogFormat (UnityEngine.LogType,UnityEngine.Object,string,object[])
UnityEngine.Logger:Log (UnityEngine.LogType,object)
UnityEngine.Debug:Log (object)
Microsoft.MixedReality.QR.Init:.cctor () (at Assets/Packages/Microsoft.MixedReality.QR.0.5.3037/Unity/Editor/Microsoft.MixedReality.QR.Init.cs:60)
System.Runtime.CompilerServices.RuntimeHelpers:RunClassConstructor (System.RuntimeTypeHandle)
UnityEditor.EditorAssemblies:ProcessInitializeOnLoadAttributes (System.Type[])

(Filename: Assets/Packages/Microsoft.MixedReality.QR.0.5.3037/Unity/Editor/Microsoft.MixedReality.QR.Init.cs Line: 60)

[XR] [MROpenXR][Info   ][14:14:05.466488][tid:92a0] MeshProvider_RegisterLifecycleProvider
[XR] [MROpenXR][Info   ][14:14:05.466488][tid:92a0] MeshProvider_RegisterLifecycleProvider
[XR] [MROpenXR][Info   ][14:14:05.466629][tid:92a0] InputProvider_RegisterLifecycleProvider
[XR] [MROpenXR][Info   ][14:14:05.466629][tid:92a0] InputProvider_RegisterLifecycleProvider
[XR] Error loading subsystem: Display (1) (header mismatch?)
[XR] [MROpenXR][Info   ][14:14:05.467859][tid:92a0] OnPluginStarted UnityVersion=2021.3.16f1 OpenXRPluginVersion=1.5.3 MROpenXRPluginVersion=1.8.0.0 PartA_PrivTags=33554432
[XR] [MROpenXR][Info   ][14:14:05.467859][tid:92a0] OnPluginStarted UnityVersion=2021.3.16f1 OpenXRPluginVersion=1.5.3 MROpenXRPluginVersion=1.8.0.0 PartA_PrivTags=33554432
Mono: successfully reloaded assembly
- Completed reload, in  1.583 seconds
Domain Reload Profiling:
	ReloadAssembly (1584ms)
		BeginReloadAssembly (204ms)
			ExecutionOrderSort (0ms)
			DisableScriptedObjects (5ms)
			BackupInstance (0ms)
			ReleaseScriptingObjects (0ms)
			CreateAndSetChildDomain (125ms)
		EndReloadAssembly (1277ms)
			LoadAssemblies (89ms)
			RebuildTransferFunctionScriptingTraits (0ms)
			SetupTypeCache (261ms)
			ReleaseScriptCaches (1ms)
			RebuildScriptCaches (76ms)
			SetupLoadedEditorAssemblies (807ms)
				LogAssemblyErrors (0ms)
				InitializePlatformSupportModulesInManaged (13ms)
				SetLoadedEditorAssemblies (0ms)
				RefreshPlugins (109ms)
				BeforeProcessingInitializeOnLoad (109ms)
				ProcessInitializeOnLoadAttributes (513ms)
				ProcessInitializeOnLoadMethodAttributes (54ms)
				AfterProcessingInitializeOnLoad (8ms)
				EditorAssembliesLoaded (0ms)
			ExecutionOrderSort2 (0ms)
			AwakeInstancesAfterBackupRestoration (4ms)
Platform modules already initialized, skipping
========================================================================
Worker process is ready to serve import requests
Launched and connected shader compiler UnityShaderCompiler.exe after 0.06 seconds
Refreshing native plugins compatible for Editor in 2.17 ms, found 26 plugins.
Preloading 1 native plugins for Editor in 0.03 ms.
Unloading 7040 Unused Serialized files (Serialized files now loaded: 0)
Unloading 251 unused Assets / (196.1 KB). Loaded Objects now: 7359.
Memory consumption went from 273.5 MB to 273.3 MB.
Total: 3.900000 ms (FindLiveObjects: 0.474500 ms CreateObjectMapping: 0.539200 ms MarkObjects: 2.716500 ms  DeleteObjects: 0.169400 ms)

AssetImportParameters requested are different than current active one (requested -> active):
  custom:video-decoder-ogg-theora: a1e56fd34408186e4bbccfd4996cb3dc -> 
  custom:container-muxer-webm: aa71ff27fc2769a1b78a27578f13a17b -> 
  custom:container-demuxer-webm: 4f35f7cbe854078d1ac9338744f61a02 -> 
  custom:video-encoder-webm-vp8: eb34c28f22e8b96e1ab97ce403110664 -> 
  custom:audio-encoder-webm-vorbis: bf7c407c2cedff20999df2af8eb42d56 -> 
  custom:framework-win-MediaFoundation: 216162199b28c13a410421893ffa2e32 -> 
  custom:container-demuxer-ogg: 62fdf1f143b41e24485cea50d1cbac27 -> 
  custom:video-decoder-webm-vp8: 9c59270c3fd7afecdb556c50c9e8de78 -> 
  custom:audio-decoder-ogg-vorbis: bf7c407c2cedff20999df2af8eb42d56 -> 
========================================================================
Received Import Request.
  Time since last request: 428521.389965 seconds.
  path: Assets/UnityProject/Materials/MR UI/Popups/mt_popup10_w208.681_h477.879.mat
  artifactKey: Guid(e77d007323c044f4ea2bea2f0a10513b) Importer(815301076,1909f56bfc062723c751e8b465ee728b)
Start importing Assets/UnityProject/Materials/MR UI/Popups/mt_popup10_w208.681_h477.879.mat using Guid(e77d007323c044f4ea2bea2f0a10513b) Importer(815301076,1909f56bfc062723c751e8b465ee728b)  -> (artifact id: '59ed47e2a3be3a3bf7d3632e02bdcbdf') in 0.087291 seconds 
========================================================================
Received Import Request.
  Time since last request: 367.042654 seconds.
  path: Assets/UnityProject/Sprites/Custom GUI/Buttons/btn_c_back.png
  artifactKey: Guid(ac995bb951a80df49a36e0213d478616) Importer(815301076,1909f56bfc062723c751e8b465ee728b)
Start importing Assets/UnityProject/Sprites/Custom GUI/Buttons/btn_c_back.png using Guid(ac995bb951a80df49a36e0213d478616) Importer(815301076,1909f56bfc062723c751e8b465ee728b)  -> (artifact id: '8be9eacee215ee9035fe388dc49046ad') in 0.184497 seconds 
========================================================================
Received Import Request.
  Time since last request: 0.000029 seconds.
  path: Assets/UnityProject/Sprites/Custom GUI/Buttons/btn_c_home.png
  artifactKey: Guid(3398b1ac84d914b46a6586a588fe73df) Importer(815301076,1909f56bfc062723c751e8b465ee728b)
Start importing Assets/UnityProject/Sprites/Custom GUI/Buttons/btn_c_home.png using Guid(3398b1ac84d914b46a6586a588fe73df) Importer(815301076,1909f56bfc062723c751e8b465ee728b)  -> (artifact id: 'f3a6c1c014ee9a6619a79a1f8fda191e') in 0.023517 seconds 
========================================================================
Received Import Request.
  Time since last request: 17.355632 seconds.
  path: Assets/UnityProject/Sprites/Custom GUI/Buttons/btn_c_logout.png
  artifactKey: Guid(2b81c623e32a91f4481b2c8ee3e06785) Importer(815301076,1909f56bfc062723c751e8b465ee728b)
Start importing Assets/UnityProject/Sprites/Custom GUI/Buttons/btn_c_logout.png using Guid(2b81c623e32a91f4481b2c8ee3e06785) Importer(815301076,1909f56bfc062723c751e8b465ee728b)  -> (artifact id: '52bd1bb9f069459577d161e128a99391') in 0.026153 seconds 
========================================================================
Received Import Request.
  Time since last request: 0.000030 seconds.
  path: Assets/UnityProject/Sprites/Custom GUI/Buttons/btn_c_help.png
  artifactKey: Guid(de8f8acab0ad9bf4ca3db6c35c174148) Importer(815301076,1909f56bfc062723c751e8b465ee728b)
Start importing Assets/UnityProject/Sprites/Custom GUI/Buttons/btn_c_help.png using Guid(de8f8acab0ad9bf4ca3db6c35c174148) Importer(815301076,1909f56bfc062723c751e8b465ee728b)  -> (artifact id: '14d7f1e1fa90a4d637572e9480c57ee3') in 0.022073 seconds 
========================================================================
Received Import Request.
  Time since last request: 0.000019 seconds.
  path: Assets/UnityProject/Sprites/Custom GUI/Buttons/btn_c_shutdown.png
  artifactKey: Guid(7dde7073f4d46bf4bb8cb1c106dffb53) Importer(815301076,1909f56bfc062723c751e8b465ee728b)
Start importing Assets/UnityProject/Sprites/Custom GUI/Buttons/btn_c_shutdown.png using Guid(7dde7073f4d46bf4bb8cb1c106dffb53) Importer(815301076,1909f56bfc062723c751e8b465ee728b)  -> (artifact id: '36ae9b1eaa02e01fbf754f8e4ed1187d') in 0.022929 seconds 
========================================================================
Received Import Request.
  Time since last request: 172.029660 seconds.
  path: Assets/UnityProject/Sprites/Custom GUI/Buttons/btn_c_empty.png
  artifactKey: Guid(9b6b944c39943604c99086e719a06ffc) Importer(815301076,1909f56bfc062723c751e8b465ee728b)
Start importing Assets/UnityProject/Sprites/Custom GUI/Buttons/btn_c_empty.png using Guid(9b6b944c39943604c99086e719a06ffc) Importer(815301076,1909f56bfc062723c751e8b465ee728b)  -> (artifact id: 'ef037076f842445c4e68801bb821ba4b') in 0.014996 seconds 
========================================================================
Received Import Request.
  Time since last request: 100.614328 seconds.
  path: Assets/UnityProject/Sprites/Custom GUI/Buttons/btn_c_empty.png
  artifactKey: Guid(9b6b944c39943604c99086e719a06ffc) Importer(815301076,1909f56bfc062723c751e8b465ee728b)
Start importing Assets/UnityProject/Sprites/Custom GUI/Buttons/btn_c_empty.png using Guid(9b6b944c39943604c99086e719a06ffc) Importer(815301076,1909f56bfc062723c751e8b465ee728b)  -> (artifact id: '44083f62e26a45868295becd57e0953f') in 0.299439 seconds 
========================================================================
Received Import Request.
  Time since last request: 114.520015 seconds.
  path: Assets/UnityProject/Sprites/Custom GUI/Buttons/btn_c_debug.png
  artifactKey: Guid(2e232056e4bd98c4b9a4b7f2ddd2921c) Importer(815301076,1909f56bfc062723c751e8b465ee728b)
Start importing Assets/UnityProject/Sprites/Custom GUI/Buttons/btn_c_debug.png using Guid(2e232056e4bd98c4b9a4b7f2ddd2921c) Importer(815301076,1909f56bfc062723c751e8b465ee728b)  -> (artifact id: 'f3de7a1cc0d5c9b33e91e3bc48fefe81') in 0.016482 seconds 
========================================================================
Received Import Request.
  Time since last request: 149.707586 seconds.
  path: Assets/UnityProject/Sprites/Custom GUI/Buttons/btn_c_faceRecon.png
  artifactKey: Guid(b878ad46f9ef36d4185c0a894259f422) Importer(815301076,1909f56bfc062723c751e8b465ee728b)
Start importing Assets/UnityProject/Sprites/Custom GUI/Buttons/btn_c_faceRecon.png using Guid(b878ad46f9ef36d4185c0a894259f422) Importer(815301076,1909f56bfc062723c751e8b465ee728b)  -> (artifact id: '6feee10336bb9e858df27da68ab15e6a') in 0.009612 seconds 
========================================================================
Received Import Request.
  Time since last request: 13.434475 seconds.
  path: Assets/UnityProject/Sprites/Custom GUI/Buttons/btn_c_debug.png
  artifactKey: Guid(2e232056e4bd98c4b9a4b7f2ddd2921c) Importer(815301076,1909f56bfc062723c751e8b465ee728b)
Start importing Assets/UnityProject/Sprites/Custom GUI/Buttons/btn_c_debug.png using Guid(2e232056e4bd98c4b9a4b7f2ddd2921c) Importer(815301076,1909f56bfc062723c751e8b465ee728b)  -> (artifact id: '05f0c40ffba3b925aa0446acc7217e52') in 0.958472 seconds 
========================================================================
Received Import Request.
  Time since last request: 116.897247 seconds.
  path: Assets/UnityProject/Sprites/Custom GUI/Buttons/btn_c_list.png
  artifactKey: Guid(d409e289d0a8cfd4580314a791273352) Importer(815301076,1909f56bfc062723c751e8b465ee728b)
Start importing Assets/UnityProject/Sprites/Custom GUI/Buttons/btn_c_list.png using Guid(d409e289d0a8cfd4580314a791273352) Importer(815301076,1909f56bfc062723c751e8b465ee728b)  -> (artifact id: 'a52fe608335bdcd44bb3a62b84be32c3') in 0.015875 seconds 
========================================================================
Received Import Request.
  Time since last request: 13.506115 seconds.
  path: Assets/UnityProject/Sprites/Custom GUI/Buttons/btn_c_list.png
  artifactKey: Guid(d409e289d0a8cfd4580314a791273352) Importer(815301076,1909f56bfc062723c751e8b465ee728b)
Start importing Assets/UnityProject/Sprites/Custom GUI/Buttons/btn_c_list.png using Guid(d409e289d0a8cfd4580314a791273352) Importer(815301076,1909f56bfc062723c751e8b465ee728b)  -> (artifact id: '578d0a157750e482c67acbc6ebff05c6') in 0.018427 seconds 
========================================================================
Received Import Request.
  Time since last request: 160.182265 seconds.
  path: Assets/UnityProject/Sprites/Custom GUI/Buttons/btn_c_profile.png
  artifactKey: Guid(cfd0b345e9b2b8046b12e0a7068fa14e) Importer(815301076,1909f56bfc062723c751e8b465ee728b)
Start importing Assets/UnityProject/Sprites/Custom GUI/Buttons/btn_c_profile.png using Guid(cfd0b345e9b2b8046b12e0a7068fa14e) Importer(815301076,1909f56bfc062723c751e8b465ee728b)  -> (artifact id: '592af263f933379d2c78f1b51a59c239') in 0.009760 seconds 
========================================================================
Received Import Request.
  Time since last request: 136.875597 seconds.
  path: Assets/UnityProject/Sprites/Custom GUI/Buttons/btn_c_qrCode.png
  artifactKey: Guid(ec6be599b029b3545b85f5f19fb76edc) Importer(815301076,1909f56bfc062723c751e8b465ee728b)
Start importing Assets/UnityProject/Sprites/Custom GUI/Buttons/btn_c_qrCode.png using Guid(ec6be599b029b3545b85f5f19fb76edc) Importer(815301076,1909f56bfc062723c751e8b465ee728b)  -> (artifact id: '2e8e5eb06be5c7112e1782c392990161') in 0.010954 seconds 
========================================================================
Received Import Request.
  Time since last request: 140.241483 seconds.
  path: Assets/UnityProject/Sprites/Custom GUI/Buttons/btn_c_search.png
  artifactKey: Guid(f821f31db0a7c5f4bac5321fde0938f5) Importer(815301076,1909f56bfc062723c751e8b465ee728b)
Start importing Assets/UnityProject/Sprites/Custom GUI/Buttons/btn_c_search.png using Guid(f821f31db0a7c5f4bac5321fde0938f5) Importer(815301076,1909f56bfc062723c751e8b465ee728b)  -> (artifact id: '1032d2b77583cffffa3d2fd6499826ce') in 0.014819 seconds 
========================================================================
Received Import Request.
  Time since last request: 121.718801 seconds.
  path: Assets/UnityProject/Sprites/Custom GUI/Buttons/btn_c_settings.png
  artifactKey: Guid(7bc3a1c07ba0a264db37f1be97e14bdb) Importer(815301076,1909f56bfc062723c751e8b465ee728b)
Start importing Assets/UnityProject/Sprites/Custom GUI/Buttons/btn_c_settings.png using Guid(7bc3a1c07ba0a264db37f1be97e14bdb) Importer(815301076,1909f56bfc062723c751e8b465ee728b)  -> (artifact id: '6f9fd3dadfd56387192e2e7179df1f8d') in 0.017635 seconds 
========================================================================
Received Import Request.
  Time since last request: 15.238597 seconds.
  path: Assets/UnityProject/Sprites/Custom GUI/Buttons/btn_c_profile.png
  artifactKey: Guid(cfd0b345e9b2b8046b12e0a7068fa14e) Importer(815301076,1909f56bfc062723c751e8b465ee728b)
Start importing Assets/UnityProject/Sprites/Custom GUI/Buttons/btn_c_profile.png using Guid(cfd0b345e9b2b8046b12e0a7068fa14e) Importer(815301076,1909f56bfc062723c751e8b465ee728b)  -> (artifact id: '7eb43d1f0eccaeff41591a19cb49a929') in 0.020802 seconds 
========================================================================
Received Import Request.
  Time since last request: 0.000021 seconds.
  path: Assets/UnityProject/Sprites/Custom GUI/Buttons/btn_c_search.png
  artifactKey: Guid(f821f31db0a7c5f4bac5321fde0938f5) Importer(815301076,1909f56bfc062723c751e8b465ee728b)
Start importing Assets/UnityProject/Sprites/Custom GUI/Buttons/btn_c_search.png using Guid(f821f31db0a7c5f4bac5321fde0938f5) Importer(815301076,1909f56bfc062723c751e8b465ee728b)  -> (artifact id: '396e9884924a1ba2a5c2cc4ebea1fac2') in 0.022597 seconds 
========================================================================
Received Prepare
Registering precompiled user dll's ...
Registered in 0.017461 seconds.
Begin MonoManager ReloadAssembly
Native extension for UWP target not found
Native extension for WindowsStandalone target not found
Native extension for Android target not found
Refreshing native plugins compatible for Editor in 2.17 ms, found 26 plugins.
Preloading 1 native plugins for Editor in 0.03 ms.
Mono: successfully reloaded assembly
- Completed reload, in  1.086 seconds
Domain Reload Profiling:
	ReloadAssembly (1087ms)
		BeginReloadAssembly (126ms)
			ExecutionOrderSort (0ms)
			DisableScriptedObjects (4ms)
			BackupInstance (0ms)
			ReleaseScriptingObjects (0ms)
			CreateAndSetChildDomain (38ms)
		EndReloadAssembly (876ms)
			LoadAssemblies (86ms)
			RebuildTransferFunctionScriptingTraits (0ms)
			SetupTypeCache (257ms)
			ReleaseScriptCaches (1ms)
			RebuildScriptCaches (39ms)
			SetupLoadedEditorAssemblies (428ms)
				LogAssemblyErrors (0ms)
				InitializePlatformSupportModulesInManaged (18ms)
				SetLoadedEditorAssemblies (0ms)
				RefreshPlugins (2ms)
				BeforeProcessingInitializeOnLoad (71ms)
				ProcessInitializeOnLoadAttributes (285ms)
				ProcessInitializeOnLoadMethodAttributes (42ms)
				AfterProcessingInitializeOnLoad (9ms)
				EditorAssembliesLoaded (0ms)
			ExecutionOrderSort2 (0ms)
			AwakeInstancesAfterBackupRestoration (6ms)
Platform modules already initialized, skipping
Refreshing native plugins compatible for Editor in 28.61 ms, found 26 plugins.
Preloading 1 native plugins for Editor in 0.03 ms.
Unloading 6971 Unused Serialized files (Serialized files now loaded: 0)
Unloading 242 unused Assets / (179.7 KB). Loaded Objects now: 7407.
Memory consumption went from 272.6 MB to 272.4 MB.
Total: 3.872700 ms (FindLiveObjects: 0.500500 ms CreateObjectMapping: 0.541900 ms MarkObjects: 2.638200 ms  DeleteObjects: 0.191400 ms)

AssetImportParameters requested are different than current active one (requested -> active):
  custom:video-decoder-ogg-theora: a1e56fd34408186e4bbccfd4996cb3dc -> 
  custom:container-muxer-webm: aa71ff27fc2769a1b78a27578f13a17b -> 
  custom:container-demuxer-webm: 4f35f7cbe854078d1ac9338744f61a02 -> 
  custom:video-encoder-webm-vp8: eb34c28f22e8b96e1ab97ce403110664 -> 
  custom:audio-encoder-webm-vorbis: bf7c407c2cedff20999df2af8eb42d56 -> 
  custom:framework-win-MediaFoundation: 216162199b28c13a410421893ffa2e32 -> 
  custom:container-demuxer-ogg: 62fdf1f143b41e24485cea50d1cbac27 -> 
  custom:video-decoder-webm-vp8: 9c59270c3fd7afecdb556c50c9e8de78 -> 
  custom:audio-decoder-ogg-vorbis: bf7c407c2cedff20999df2af8eb42d56 -> 
========================================================================
Received Import Request.
  Time since last request: 432.679616 seconds.
  path: Assets/UnityProject/Sprites/Custom GUI/Popups/popup12.png
  artifactKey: Guid(81c828ac04b360f45a0b897bc97f2f86) Importer(815301076,1909f56bfc062723c751e8b465ee728b)
Start importing Assets/UnityProject/Sprites/Custom GUI/Popups/popup12.png using Guid(81c828ac04b360f45a0b897bc97f2f86) Importer(815301076,1909f56bfc062723c751e8b465ee728b)  -> (artifact id: '59bfb2fbec5ee689d7e48365815cb442') in 0.045595 seconds 
========================================================================
Received Prepare
Registering precompiled user dll's ...
Registered in 0.016761 seconds.
Begin MonoManager ReloadAssembly
Native extension for UWP target not found
Native extension for WindowsStandalone target not found
Native extension for Android target not found
Refreshing native plugins compatible for Editor in 2.25 ms, found 26 plugins.
Preloading 1 native plugins for Editor in 0.04 ms.
Mono: successfully reloaded assembly
- Completed reload, in  1.069 seconds
Domain Reload Profiling:
	ReloadAssembly (1070ms)
		BeginReloadAssembly (125ms)
			ExecutionOrderSort (0ms)
			DisableScriptedObjects (3ms)
			BackupInstance (0ms)
			ReleaseScriptingObjects (0ms)
			CreateAndSetChildDomain (37ms)
		EndReloadAssembly (860ms)
			LoadAssemblies (87ms)
			RebuildTransferFunctionScriptingTraits (0ms)
			SetupTypeCache (246ms)
			ReleaseScriptCaches (1ms)
			RebuildScriptCaches (38ms)
			SetupLoadedEditorAssemblies (431ms)
				LogAssemblyErrors (0ms)
				InitializePlatformSupportModulesInManaged (21ms)
				SetLoadedEditorAssemblies (0ms)
				RefreshPlugins (2ms)
				BeforeProcessingInitializeOnLoad (70ms)
				ProcessInitializeOnLoadAttributes (284ms)
				ProcessInitializeOnLoadMethodAttributes (43ms)
				AfterProcessingInitializeOnLoad (9ms)
				EditorAssembliesLoaded (0ms)
			ExecutionOrderSort2 (0ms)
			AwakeInstancesAfterBackupRestoration (7ms)
Platform modules already initialized, skipping
Refreshing native plugins compatible for Editor in 21.69 ms, found 26 plugins.
Preloading 1 native plugins for Editor in 0.03 ms.
Unloading 6971 Unused Serialized files (Serialized files now loaded: 0)
Unloading 242 unused Assets / (164.1 KB). Loaded Objects now: 7412.
Memory consumption went from 272.6 MB to 272.4 MB.
Total: 4.434600 ms (FindLiveObjects: 0.569300 ms CreateObjectMapping: 0.731900 ms MarkObjects: 2.951900 ms  DeleteObjects: 0.180700 ms)

AssetImportParameters requested are different than current active one (requested -> active):
  custom:video-decoder-ogg-theora: a1e56fd34408186e4bbccfd4996cb3dc -> 
  custom:container-muxer-webm: aa71ff27fc2769a1b78a27578f13a17b -> 
  custom:container-demuxer-webm: 4f35f7cbe854078d1ac9338744f61a02 -> 
  custom:video-encoder-webm-vp8: eb34c28f22e8b96e1ab97ce403110664 -> 
  custom:audio-encoder-webm-vorbis: bf7c407c2cedff20999df2af8eb42d56 -> 
  custom:framework-win-MediaFoundation: 216162199b28c13a410421893ffa2e32 -> 
  custom:container-demuxer-ogg: 62fdf1f143b41e24485cea50d1cbac27 -> 
  custom:video-decoder-webm-vp8: 9c59270c3fd7afecdb556c50c9e8de78 -> 
  custom:audio-decoder-ogg-vorbis: bf7c407c2cedff20999df2af8eb42d56 -> 
========================================================================
Received Prepare
Registering precompiled user dll's ...
Registered in 0.019074 seconds.
Begin MonoManager ReloadAssembly
Native extension for UWP target not found
Native extension for WindowsStandalone target not found
Native extension for Android target not found
Refreshing native plugins compatible for Editor in 2.32 ms, found 26 plugins.
Preloading 1 native plugins for Editor in 0.03 ms.
Mono: successfully reloaded assembly
- Completed reload, in  1.058 seconds
Domain Reload Profiling:
	ReloadAssembly (1058ms)
		BeginReloadAssembly (120ms)
			ExecutionOrderSort (0ms)
			DisableScriptedObjects (4ms)
			BackupInstance (0ms)
			ReleaseScriptingObjects (0ms)
			CreateAndSetChildDomain (33ms)
		EndReloadAssembly (852ms)
			LoadAssemblies (89ms)
			RebuildTransferFunctionScriptingTraits (0ms)
			SetupTypeCache (239ms)
			ReleaseScriptCaches (1ms)
			RebuildScriptCaches (39ms)
			SetupLoadedEditorAssemblies (427ms)
				LogAssemblyErrors (0ms)
				InitializePlatformSupportModulesInManaged (18ms)
				SetLoadedEditorAssemblies (0ms)
				RefreshPlugins (2ms)
				BeforeProcessingInitializeOnLoad (71ms)
				ProcessInitializeOnLoadAttributes (285ms)
				ProcessInitializeOnLoadMethodAttributes (40ms)
				AfterProcessingInitializeOnLoad (9ms)
				EditorAssembliesLoaded (0ms)
			ExecutionOrderSort2 (0ms)
			AwakeInstancesAfterBackupRestoration (6ms)
Platform modules already initialized, skipping
Refreshing native plugins compatible for Editor in 26.80 ms, found 26 plugins.
Preloading 1 native plugins for Editor in 0.03 ms.
Unloading 6971 Unused Serialized files (Serialized files now loaded: 0)
Unloading 242 unused Assets / (187.8 KB). Loaded Objects now: 7416.
Memory consumption went from 272.6 MB to 272.5 MB.
Total: 4.268400 ms (FindLiveObjects: 0.531900 ms CreateObjectMapping: 0.650600 ms MarkObjects: 2.865800 ms  DeleteObjects: 0.219200 ms)

AssetImportParameters requested are different than current active one (requested -> active):
  custom:video-decoder-ogg-theora: a1e56fd34408186e4bbccfd4996cb3dc -> 
  custom:container-muxer-webm: aa71ff27fc2769a1b78a27578f13a17b -> 
  custom:container-demuxer-webm: 4f35f7cbe854078d1ac9338744f61a02 -> 
  custom:video-encoder-webm-vp8: eb34c28f22e8b96e1ab97ce403110664 -> 
  custom:audio-encoder-webm-vorbis: bf7c407c2cedff20999df2af8eb42d56 -> 
  custom:framework-win-MediaFoundation: 216162199b28c13a410421893ffa2e32 -> 
  custom:container-demuxer-ogg: 62fdf1f143b41e24485cea50d1cbac27 -> 
  custom:video-decoder-webm-vp8: 9c59270c3fd7afecdb556c50c9e8de78 -> 
  custom:audio-decoder-ogg-vorbis: bf7c407c2cedff20999df2af8eb42d56 -> 
========================================================================
Received Prepare
Registering precompiled user dll's ...
Registered in 0.016769 seconds.
Begin MonoManager ReloadAssembly
Native extension for UWP target not found
Native extension for WindowsStandalone target not found
Native extension for Android target not found
Refreshing native plugins compatible for Editor in 2.29 ms, found 26 plugins.
Preloading 1 native plugins for Editor in 0.03 ms.
Mono: successfully reloaded assembly
- Completed reload, in  1.076 seconds
Domain Reload Profiling:
	ReloadAssembly (1077ms)
		BeginReloadAssembly (124ms)
			ExecutionOrderSort (0ms)
			DisableScriptedObjects (3ms)
			BackupInstance (0ms)
			ReleaseScriptingObjects (0ms)
			CreateAndSetChildDomain (35ms)
		EndReloadAssembly (869ms)
			LoadAssemblies (90ms)
			RebuildTransferFunctionScriptingTraits (0ms)
			SetupTypeCache (249ms)
			ReleaseScriptCaches (1ms)
			RebuildScriptCaches (38ms)
			SetupLoadedEditorAssemblies (432ms)
				LogAssemblyErrors (0ms)
				InitializePlatformSupportModulesInManaged (20ms)
				SetLoadedEditorAssemblies (0ms)
				RefreshPlugins (2ms)
				BeforeProcessingInitializeOnLoad (71ms)
				ProcessInitializeOnLoadAttributes (287ms)
				ProcessInitializeOnLoadMethodAttributes (42ms)
				AfterProcessingInitializeOnLoad (8ms)
				EditorAssembliesLoaded (0ms)
			ExecutionOrderSort2 (0ms)
			AwakeInstancesAfterBackupRestoration (7ms)
Platform modules already initialized, skipping
Refreshing native plugins compatible for Editor in 22.13 ms, found 26 plugins.
Preloading 1 native plugins for Editor in 0.04 ms.
Unloading 6971 Unused Serialized files (Serialized files now loaded: 0)
Unloading 242 unused Assets / (179.6 KB). Loaded Objects now: 7420.
Memory consumption went from 272.6 MB to 272.5 MB.
Total: 3.957700 ms (FindLiveObjects: 0.468500 ms CreateObjectMapping: 0.594300 ms MarkObjects: 2.725400 ms  DeleteObjects: 0.168700 ms)

AssetImportParameters requested are different than current active one (requested -> active):
  custom:video-decoder-ogg-theora: a1e56fd34408186e4bbccfd4996cb3dc -> 
  custom:container-muxer-webm: aa71ff27fc2769a1b78a27578f13a17b -> 
  custom:container-demuxer-webm: 4f35f7cbe854078d1ac9338744f61a02 -> 
  custom:video-encoder-webm-vp8: eb34c28f22e8b96e1ab97ce403110664 -> 
  custom:audio-encoder-webm-vorbis: bf7c407c2cedff20999df2af8eb42d56 -> 
  custom:framework-win-MediaFoundation: 216162199b28c13a410421893ffa2e32 -> 
  custom:container-demuxer-ogg: 62fdf1f143b41e24485cea50d1cbac27 -> 
  custom:video-decoder-webm-vp8: 9c59270c3fd7afecdb556c50c9e8de78 -> 
  custom:audio-decoder-ogg-vorbis: bf7c407c2cedff20999df2af8eb42d56 -> 
========================================================================
Received Prepare
Registering precompiled user dll's ...
Registered in 0.018738 seconds.
Begin MonoManager ReloadAssembly
Native extension for UWP target not found
Native extension for WindowsStandalone target not found
Native extension for Android target not found
Refreshing native plugins compatible for Editor in 2.37 ms, found 26 plugins.
Preloading 1 native plugins for Editor in 0.04 ms.
Mono: successfully reloaded assembly
- Completed reload, in  1.059 seconds
Domain Reload Profiling:
	ReloadAssembly (1059ms)
		BeginReloadAssembly (120ms)
			ExecutionOrderSort (0ms)
			DisableScriptedObjects (3ms)
			BackupInstance (0ms)
			ReleaseScriptingObjects (0ms)
			CreateAndSetChildDomain (34ms)
		EndReloadAssembly (853ms)
			LoadAssemblies (88ms)
			RebuildTransferFunctionScriptingTraits (0ms)
			SetupTypeCache (239ms)
			ReleaseScriptCaches (1ms)
			RebuildScriptCaches (38ms)
			SetupLoadedEditorAssemblies (430ms)
				LogAssemblyErrors (0ms)
				InitializePlatformSupportModulesInManaged (19ms)
				SetLoadedEditorAssemblies (0ms)
				RefreshPlugins (2ms)
				BeforeProcessingInitializeOnLoad (70ms)
				ProcessInitializeOnLoadAttributes (289ms)
				ProcessInitializeOnLoadMethodAttributes (41ms)
				AfterProcessingInitializeOnLoad (9ms)
				EditorAssembliesLoaded (0ms)
			ExecutionOrderSort2 (0ms)
			AwakeInstancesAfterBackupRestoration (6ms)
Platform modules already initialized, skipping
Refreshing native plugins compatible for Editor in 22.03 ms, found 26 plugins.
Preloading 1 native plugins for Editor in 0.03 ms.
Unloading 6971 Unused Serialized files (Serialized files now loaded: 0)
Unloading 242 unused Assets / (187.5 KB). Loaded Objects now: 7424.
Memory consumption went from 272.7 MB to 272.5 MB.
Total: 4.218700 ms (FindLiveObjects: 0.536700 ms CreateObjectMapping: 0.574000 ms MarkObjects: 2.883500 ms  DeleteObjects: 0.223700 ms)

AssetImportParameters requested are different than current active one (requested -> active):
  custom:video-decoder-ogg-theora: a1e56fd34408186e4bbccfd4996cb3dc -> 
  custom:container-muxer-webm: aa71ff27fc2769a1b78a27578f13a17b -> 
  custom:container-demuxer-webm: 4f35f7cbe854078d1ac9338744f61a02 -> 
  custom:video-encoder-webm-vp8: eb34c28f22e8b96e1ab97ce403110664 -> 
  custom:audio-encoder-webm-vorbis: bf7c407c2cedff20999df2af8eb42d56 -> 
  custom:framework-win-MediaFoundation: 216162199b28c13a410421893ffa2e32 -> 
  custom:container-demuxer-ogg: 62fdf1f143b41e24485cea50d1cbac27 -> 
  custom:video-decoder-webm-vp8: 9c59270c3fd7afecdb556c50c9e8de78 -> 
  custom:audio-decoder-ogg-vorbis: bf7c407c2cedff20999df2af8eb42d56 -> 
========================================================================
Received Import Request.
  Time since last request: 298.492600 seconds.
  path: Assets/UnityProject/Sprites/Custom GUI/Popups/popup12.png
  artifactKey: Guid(81c828ac04b360f45a0b897bc97f2f86) Importer(815301076,1909f56bfc062723c751e8b465ee728b)
Start importing Assets/UnityProject/Sprites/Custom GUI/Popups/popup12.png using Guid(81c828ac04b360f45a0b897bc97f2f86) Importer(815301076,1909f56bfc062723c751e8b465ee728b)  -> (artifact id: '55667a2a723b2aa5690a384cb8437d05') in 0.181547 seconds 
========================================================================
Received Prepare
Registering precompiled user dll's ...
Registered in 0.017081 seconds.
Begin MonoManager ReloadAssembly
Native extension for UWP target not found
Native extension for WindowsStandalone target not found
Native extension for Android target not found
Refreshing native plugins compatible for Editor in 2.31 ms, found 26 plugins.
Preloading 1 native plugins for Editor in 0.04 ms.
Mono: successfully reloaded assembly
- Completed reload, in  1.078 seconds
Domain Reload Profiling:
	ReloadAssembly (1079ms)
		BeginReloadAssembly (133ms)
			ExecutionOrderSort (0ms)
			DisableScriptedObjects (3ms)
			BackupInstance (0ms)
			ReleaseScriptingObjects (0ms)
			CreateAndSetChildDomain (46ms)
		EndReloadAssembly (862ms)
			LoadAssemblies (89ms)
			RebuildTransferFunctionScriptingTraits (0ms)
			SetupTypeCache (241ms)
			ReleaseScriptCaches (1ms)
			RebuildScriptCaches (38ms)
			SetupLoadedEditorAssemblies (435ms)
				LogAssemblyErrors (0ms)
				InitializePlatformSupportModulesInManaged (19ms)
				SetLoadedEditorAssemblies (0ms)
				RefreshPlugins (2ms)
				BeforeProcessingInitializeOnLoad (72ms)
				ProcessInitializeOnLoadAttributes (286ms)
				ProcessInitializeOnLoadMethodAttributes (46ms)
				AfterProcessingInitializeOnLoad (9ms)
				EditorAssembliesLoaded (0ms)
			ExecutionOrderSort2 (0ms)
			AwakeInstancesAfterBackupRestoration (6ms)
Platform modules already initialized, skipping
Refreshing native plugins compatible for Editor in 22.28 ms, found 26 plugins.
Preloading 1 native plugins for Editor in 0.03 ms.
Unloading 6971 Unused Serialized files (Serialized files now loaded: 0)
Unloading 242 unused Assets / (187.7 KB). Loaded Objects now: 7431.
Memory consumption went from 272.7 MB to 272.5 MB.
Total: 3.706000 ms (FindLiveObjects: 0.485700 ms CreateObjectMapping: 0.550000 ms MarkObjects: 2.494700 ms  DeleteObjects: 0.174800 ms)

AssetImportParameters requested are different than current active one (requested -> active):
  custom:video-decoder-ogg-theora: a1e56fd34408186e4bbccfd4996cb3dc -> 
  custom:container-muxer-webm: aa71ff27fc2769a1b78a27578f13a17b -> 
  custom:container-demuxer-webm: 4f35f7cbe854078d1ac9338744f61a02 -> 
  custom:video-encoder-webm-vp8: eb34c28f22e8b96e1ab97ce403110664 -> 
  custom:audio-encoder-webm-vorbis: bf7c407c2cedff20999df2af8eb42d56 -> 
  custom:framework-win-MediaFoundation: 216162199b28c13a410421893ffa2e32 -> 
  custom:container-demuxer-ogg: 62fdf1f143b41e24485cea50d1cbac27 -> 
  custom:video-decoder-webm-vp8: 9c59270c3fd7afecdb556c50c9e8de78 -> 
  custom:audio-decoder-ogg-vorbis: bf7c407c2cedff20999df2af8eb42d56 -> 
========================================================================
Received Import Request.
  Time since last request: 130.616411 seconds.
  path: Assets/Samples/Mixed Reality Toolkit Examples/2.8.3/Demos - UX/ManipulationHandler/Scenes
  artifactKey: Guid(36d33bbb667bd0745868a4e21fc6cd97) Importer(815301076,1909f56bfc062723c751e8b465ee728b)
Start importing Assets/Samples/Mixed Reality Toolkit Examples/2.8.3/Demos - UX/ManipulationHandler/Scenes using Guid(36d33bbb667bd0745868a4e21fc6cd97) Importer(815301076,1909f56bfc062723c751e8b465ee728b)  -> (artifact id: '3fa97b7caafdcb2587678960716d550f') in 0.013980 seconds 
========================================================================
Received Import Request.
  Time since last request: 0.772424 seconds.
  path: Assets/Samples/Mixed Reality Toolkit Examples/2.8.3/Demos - UX/ManipulationHandler/Scenes/ManipulationHandlerExample.unity
  artifactKey: Guid(3d74027e06372354b9e26c9d79b20d83) Importer(815301076,1909f56bfc062723c751e8b465ee728b)
Start importing Assets/Samples/Mixed Reality Toolkit Examples/2.8.3/Demos - UX/ManipulationHandler/Scenes/ManipulationHandlerExample.unity using Guid(3d74027e06372354b9e26c9d79b20d83) Importer(815301076,1909f56bfc062723c751e8b465ee728b)  -> (artifact id: 'b7713fa3719389a9e3322c96ee12983c') in 0.005647 seconds 
========================================================================
Received Import Request.
  Time since last request: 10.907243 seconds.
  path: Assets/Samples/Mixed Reality Toolkit Examples/2.8.3/Demos - UX/ObjectManipulator/Scenes
  artifactKey: Guid(eb82403b0c763d949ace1c2aad693fe1) Importer(815301076,1909f56bfc062723c751e8b465ee728b)
Start importing Assets/Samples/Mixed Reality Toolkit Examples/2.8.3/Demos - UX/ObjectManipulator/Scenes using Guid(eb82403b0c763d949ace1c2aad693fe1) Importer(815301076,1909f56bfc062723c751e8b465ee728b)  -> (artifact id: '64b5e704b8e12fc3b8130ebdca2e995e') in 0.001821 seconds 
========================================================================
Received Import Request.
  Time since last request: 0.869447 seconds.
  path: Assets/Samples/Mixed Reality Toolkit Examples/2.8.3/Demos - UX/ObjectManipulator/Scenes/ObjectManipulatorExample.unity
  artifactKey: Guid(e6b9c2a97e9efe14190d15e2542a8b96) Importer(815301076,1909f56bfc062723c751e8b465ee728b)
Start importing Assets/Samples/Mixed Reality Toolkit Examples/2.8.3/Demos - UX/ObjectManipulator/Scenes/ObjectManipulatorExample.unity using Guid(e6b9c2a97e9efe14190d15e2542a8b96) Importer(815301076,1909f56bfc062723c751e8b465ee728b)  -> (artifact id: '3569b49e5f62531e16b2ec41e74b42db') in 0.005330 seconds 
========================================================================
Received Import Request.
  Time since last request: 1.410567 seconds.
  path: Assets/Samples/Mixed Reality Toolkit Examples/2.8.3/Demos - UX/ObjectManipulator/Scenes/ObjectManipulatorExamplePhysics.unity
  artifactKey: Guid(6c36a60f1bc438d43ba73f6732c44f10) Importer(815301076,1909f56bfc062723c751e8b465ee728b)
Start importing Assets/Samples/Mixed Reality Toolkit Examples/2.8.3/Demos - UX/ObjectManipulator/Scenes/ObjectManipulatorExamplePhysics.unity using Guid(6c36a60f1bc438d43ba73f6732c44f10) Importer(815301076,1909f56bfc062723c751e8b465ee728b)  -> (artifact id: '99f9e707da3482fdc17581e7a1fc56d0') in 0.005195 seconds 
========================================================================
Received Import Request.
  Time since last request: 20.659283 seconds.
  path: Assets/Samples/Mixed Reality Toolkit Examples/2.8.3/Demos - UX/Interactables/Scenes/InteractablesExamples.unity
  artifactKey: Guid(3cfba91e4f501d048bd6014bb47c4e4c) Importer(815301076,1909f56bfc062723c751e8b465ee728b)
Start importing Assets/Samples/Mixed Reality Toolkit Examples/2.8.3/Demos - UX/Interactables/Scenes/InteractablesExamples.unity using Guid(3cfba91e4f501d048bd6014bb47c4e4c) Importer(815301076,1909f56bfc062723c751e8b465ee728b)  -> (artifact id: '4a65936a19839e2af4d20954cce123ca') in 0.005607 seconds 
========================================================================
Received Import Request.
  Time since last request: 35.946894 seconds.
  path: Assets/Samples/Mixed Reality Toolkit Examples/2.8.3/Demos - UX/BoundsControl/Scenes/BoundsControlRuntimeExample.unity
  artifactKey: Guid(17af63fd0345a35438ae25ed53401ba1) Importer(815301076,1909f56bfc062723c751e8b465ee728b)
Start importing Assets/Samples/Mixed Reality Toolkit Examples/2.8.3/Demos - UX/BoundsControl/Scenes/BoundsControlRuntimeExample.unity using Guid(17af63fd0345a35438ae25ed53401ba1) Importer(815301076,1909f56bfc062723c751e8b465ee728b)  -> (artifact id: '84a796945e45fb76096e26b23dba2a6d') in 0.005345 seconds 
========================================================================
Received Import Request.
  Time since last request: 8.482550 seconds.
  path: Assets/Samples/Mixed Reality Toolkit Examples/2.8.3/Demos - UX/BoundsControl/Scenes/BoundsControlExamples.unity
  artifactKey: Guid(1e660854cfb3955469bbe155141377b3) Importer(815301076,1909f56bfc062723c751e8b465ee728b)
Start importing Assets/Samples/Mixed Reality Toolkit Examples/2.8.3/Demos - UX/BoundsControl/Scenes/BoundsControlExamples.unity using Guid(1e660854cfb3955469bbe155141377b3) Importer(815301076,1909f56bfc062723c751e8b465ee728b)  -> (artifact id: '34a90daac551d01f748507d6fab93e24') in 0.005357 seconds 
========================================================================
Received Import Request.
  Time since last request: 12.521982 seconds.
  path: Assets/Samples/Mixed Reality Toolkit Examples/2.8.3/Demos - UX/BoundsControl/Scenes/BoundsControlConfigs
  artifactKey: Guid(bb4a1c0ade8a37b469dc224fa5ccca0b) Importer(815301076,1909f56bfc062723c751e8b465ee728b)
Start importing Assets/Samples/Mixed Reality Toolkit Examples/2.8.3/Demos - UX/BoundsControl/Scenes/BoundsControlConfigs using Guid(bb4a1c0ade8a37b469dc224fa5ccca0b) Importer(815301076,1909f56bfc062723c751e8b465ee728b)  -> (artifact id: 'd0f63b99862931dc8f81f8acd8c76063') in 0.005395 seconds 
========================================================================
Received Import Request.
  Time since last request: 0.059742 seconds.
  path: Assets/Samples/Mixed Reality Toolkit Examples/2.8.3/Demos - UX/BoundsControl/Scenes/BoundsControlConfigs/CoffeeCupTranslateHandlesConfiguration.asset
  artifactKey: Guid(fe5a4765d0bf1eb4080d8383440eb2fb) Importer(815301076,1909f56bfc062723c751e8b465ee728b)
Start importing Assets/Samples/Mixed Reality Toolkit Examples/2.8.3/Demos - UX/BoundsControl/Scenes/BoundsControlConfigs/CoffeeCupTranslateHandlesConfiguration.asset using Guid(fe5a4765d0bf1eb4080d8383440eb2fb) Importer(815301076,1909f56bfc062723c751e8b465ee728b)  -> (artifact id: '9dc1200e039343ca2a4ae38c96583a15') in 0.256700 seconds 
========================================================================
Received Import Request.
  Time since last request: 17.454341 seconds.
  path: Assets/Samples/Mixed Reality Toolkit Examples/2.8.2/Experimental - MixedRealityKeyboard/Scenes
  artifactKey: Guid(30e1d1024ec342e4d8675df40456d2ba) Importer(815301076,1909f56bfc062723c751e8b465ee728b)
Start importing Assets/Samples/Mixed Reality Toolkit Examples/2.8.2/Experimental - MixedRealityKeyboard/Scenes using Guid(30e1d1024ec342e4d8675df40456d2ba) Importer(815301076,1909f56bfc062723c751e8b465ee728b)  -> (artifact id: '7a9bce604de4d03a03bab5e9c5cf94ae') in 0.001756 seconds 
========================================================================
Received Import Request.
  Time since last request: 0.598519 seconds.
  path: Assets/Samples/Mixed Reality Toolkit Examples/2.8.2/Experimental - MixedRealityKeyboard/Scenes/MixedRealityKeyboardExample.unity
  artifactKey: Guid(b21a91f417fdc7b41b531772ff092fcb) Importer(815301076,1909f56bfc062723c751e8b465ee728b)
Start importing Assets/Samples/Mixed Reality Toolkit Examples/2.8.2/Experimental - MixedRealityKeyboard/Scenes/MixedRealityKeyboardExample.unity using Guid(b21a91f417fdc7b41b531772ff092fcb) Importer(815301076,1909f56bfc062723c751e8b465ee728b)  -> (artifact id: '7558704e8e049f6d873ab33ae24fdd2f') in 0.005724 seconds 
========================================================================
Received Import Request.
  Time since last request: 5.298426 seconds.
  path: Assets/Samples/Mixed Reality Toolkit Examples/2.8.2/Experimental - NonNativeKeyboard/Scenes
  artifactKey: Guid(9de9be0e159651347a2e62bcbd5f47c6) Importer(815301076,1909f56bfc062723c751e8b465ee728b)
Start importing Assets/Samples/Mixed Reality Toolkit Examples/2.8.2/Experimental - NonNativeKeyboard/Scenes using Guid(9de9be0e159651347a2e62bcbd5f47c6) Importer(815301076,1909f56bfc062723c751e8b465ee728b)  -> (artifact id: '3c9904c5c73236520ffaa27cc94b9817') in 0.009882 seconds 
========================================================================
Received Import Request.
  Time since last request: 0.622439 seconds.
  path: Assets/Samples/Mixed Reality Toolkit Examples/2.8.2/Experimental - NonNativeKeyboard/Scenes/NonNativeKeyboardExample.unity
  artifactKey: Guid(5bbd1461a38725245a0eabe0fad1b477) Importer(815301076,1909f56bfc062723c751e8b465ee728b)
Start importing Assets/Samples/Mixed Reality Toolkit Examples/2.8.2/Experimental - NonNativeKeyboard/Scenes/NonNativeKeyboardExample.unity using Guid(5bbd1461a38725245a0eabe0fad1b477) Importer(815301076,1909f56bfc062723c751e8b465ee728b)  -> (artifact id: 'c27d760482f6eb3db58099a005ea99de') in 0.005626 seconds 
========================================================================
Received Import Request.
  Time since last request: 6.339333 seconds.
  path: Assets/Samples/Mixed Reality Toolkit Examples/2.8.2/Demos - Utilities/Scenes/MixedRealityCapabilityDemo.unity
  artifactKey: Guid(171fd198b95646a4689f47634d578899) Importer(815301076,1909f56bfc062723c751e8b465ee728b)
Start importing Assets/Samples/Mixed Reality Toolkit Examples/2.8.2/Demos - Utilities/Scenes/MixedRealityCapabilityDemo.unity using Guid(171fd198b95646a4689f47634d578899) Importer(815301076,1909f56bfc062723c751e8b465ee728b)  -> (artifact id: 'f013b90a0135a54764f74ba03d7952a3') in 0.005407 seconds 
========================================================================
Received Import Request.
  Time since last request: 23.265656 seconds.
  path: Assets/Samples/Mixed Reality Toolkit Examples/2.8.3/Demos - UX/Dwell/DwellExample.unity
  artifactKey: Guid(214a3eff40efe654484f95e0bcb7d473) Importer(815301076,1909f56bfc062723c751e8b465ee728b)
Start importing Assets/Samples/Mixed Reality Toolkit Examples/2.8.3/Demos - UX/Dwell/DwellExample.unity using Guid(214a3eff40efe654484f95e0bcb7d473) Importer(815301076,1909f56bfc062723c751e8b465ee728b)  -> (artifact id: '8b9f6ee81e9d4a07f1a6ab55a190d2c7') in 0.005367 seconds 
========================================================================
Received Import Request.
  Time since last request: 16.187499 seconds.
  path: Assets/Samples/Mixed Reality Toolkit Examples/2.8.3/Demos - UX/Lines/Scenes
  artifactKey: Guid(92f70fdbeed046bcb64f114ad34d2f2f) Importer(815301076,1909f56bfc062723c751e8b465ee728b)
Start importing Assets/Samples/Mixed Reality Toolkit Examples/2.8.3/Demos - UX/Lines/Scenes using Guid(92f70fdbeed046bcb64f114ad34d2f2f) Importer(815301076,1909f56bfc062723c751e8b465ee728b)  -> (artifact id: 'bac40a2c94422a6acb46f5307d1a0000') in 0.002079 seconds 
========================================================================
Received Import Request.
  Time since last request: 0.677893 seconds.
  path: Assets/Samples/Mixed Reality Toolkit Examples/2.8.3/Demos - UX/Lines/Scenes/LineExamples.unity
  artifactKey: Guid(195db5215d5947f8888e1168ad5e3337) Importer(815301076,1909f56bfc062723c751e8b465ee728b)
Start importing Assets/Samples/Mixed Reality Toolkit Examples/2.8.3/Demos - UX/Lines/Scenes/LineExamples.unity using Guid(195db5215d5947f8888e1168ad5e3337) Importer(815301076,1909f56bfc062723c751e8b465ee728b)  -> (artifact id: '99d3117342c957c87e8f37233217c15f') in 0.006102 seconds 
========================================================================
Received Import Request.
  Time since last request: 39.202289 seconds.
  path: Assets/Samples/Mixed Reality Toolkit Examples/2.8.3/Demos - UX/Slate/SlateExample.unity
  artifactKey: Guid(86e8b0c6246dbb74aa04ecd40a57d89c) Importer(815301076,1909f56bfc062723c751e8b465ee728b)
Start importing Assets/Samples/Mixed Reality Toolkit Examples/2.8.3/Demos - UX/Slate/SlateExample.unity using Guid(86e8b0c6246dbb74aa04ecd40a57d89c) Importer(815301076,1909f56bfc062723c751e8b465ee728b)  -> (artifact id: 'be89fadd0951f46580f034cbbddcd897') in 0.005212 seconds 
========================================================================
Received Import Request.
  Time since last request: 11.681880 seconds.
  path: Assets/Samples/Mixed Reality Toolkit Examples/2.8.3/Demos - UX/Slider/Scenes
  artifactKey: Guid(aaaa3256dcb697343aeea83feadd92ba) Importer(815301076,1909f56bfc062723c751e8b465ee728b)
Start importing Assets/Samples/Mixed Reality Toolkit Examples/2.8.3/Demos - UX/Slider/Scenes using Guid(aaaa3256dcb697343aeea83feadd92ba) Importer(815301076,1909f56bfc062723c751e8b465ee728b)  -> (artifact id: 'e55480d5caea0b7884ad2bd9a9f8fbca') in 0.001961 seconds 
========================================================================
Received Import Request.
  Time since last request: 0.646108 seconds.
  path: Assets/Samples/Mixed Reality Toolkit Examples/2.8.3/Demos - UX/Slider/Scenes/SliderExample.unity
  artifactKey: Guid(086aad2912678d04e968264b2398004b) Importer(815301076,1909f56bfc062723c751e8b465ee728b)
Start importing Assets/Samples/Mixed Reality Toolkit Examples/2.8.3/Demos - UX/Slider/Scenes/SliderExample.unity using Guid(086aad2912678d04e968264b2398004b) Importer(815301076,1909f56bfc062723c751e8b465ee728b)  -> (artifact id: 'd4148b36f50bb94171e64bddc9a128e0') in 0.005093 seconds 
========================================================================
Received Import Request.
  Time since last request: 65.875946 seconds.
  path: Assets/UnityProject/Scenes/UI Factory.unity
  artifactKey: Guid(78663ceee6a8b0a4194036af357260ad) Importer(815301076,1909f56bfc062723c751e8b465ee728b)
Start importing Assets/UnityProject/Scenes/UI Factory.unity using Guid(78663ceee6a8b0a4194036af357260ad) Importer(815301076,1909f56bfc062723c751e8b465ee728b)  -> (artifact id: '2b0373cae05c52c9b796aa85f5c5bbd7') in 0.006089 seconds 
========================================================================
Received Prepare
Registering precompiled user dll's ...
Registered in 0.017554 seconds.
Begin MonoManager ReloadAssembly
Native extension for UWP target not found
Native extension for WindowsStandalone target not found
Native extension for Android target not found
Refreshing native plugins compatible for Editor in 2.34 ms, found 26 plugins.
Preloading 1 native plugins for Editor in 0.03 ms.
Mono: successfully reloaded assembly
- Completed reload, in  1.102 seconds
Domain Reload Profiling:
	ReloadAssembly (1103ms)
		BeginReloadAssembly (129ms)
			ExecutionOrderSort (0ms)
			DisableScriptedObjects (4ms)
			BackupInstance (0ms)
			ReleaseScriptingObjects (0ms)
			CreateAndSetChildDomain (35ms)
		EndReloadAssembly (890ms)
			LoadAssemblies (95ms)
			RebuildTransferFunctionScriptingTraits (0ms)
			SetupTypeCache (245ms)
			ReleaseScriptCaches (1ms)
			RebuildScriptCaches (37ms)
			SetupLoadedEditorAssemblies (450ms)
				LogAssemblyErrors (0ms)
				InitializePlatformSupportModulesInManaged (23ms)
				SetLoadedEditorAssemblies (0ms)
				RefreshPlugins (2ms)
				BeforeProcessingInitializeOnLoad (75ms)
				ProcessInitializeOnLoadAttributes (294ms)
				ProcessInitializeOnLoadMethodAttributes (46ms)
				AfterProcessingInitializeOnLoad (8ms)
				EditorAssembliesLoaded (0ms)
			ExecutionOrderSort2 (0ms)
			AwakeInstancesAfterBackupRestoration (6ms)
Platform modules already initialized, skipping
Refreshing native plugins compatible for Editor in 21.60 ms, found 26 plugins.
Preloading 1 native plugins for Editor in 0.03 ms.
Unloading 6971 Unused Serialized files (Serialized files now loaded: 0)
Unloading 242 unused Assets / (164.2 KB). Loaded Objects now: 7435.
Memory consumption went from 272.7 MB to 272.5 MB.
Total: 3.933200 ms (FindLiveObjects: 0.509200 ms CreateObjectMapping: 0.471800 ms MarkObjects: 2.781900 ms  DeleteObjects: 0.169500 ms)

AssetImportParameters requested are different than current active one (requested -> active):
  custom:video-decoder-ogg-theora: a1e56fd34408186e4bbccfd4996cb3dc -> 
  custom:container-muxer-webm: aa71ff27fc2769a1b78a27578f13a17b -> 
  custom:container-demuxer-webm: 4f35f7cbe854078d1ac9338744f61a02 -> 
  custom:video-encoder-webm-vp8: eb34c28f22e8b96e1ab97ce403110664 -> 
  custom:audio-encoder-webm-vorbis: bf7c407c2cedff20999df2af8eb42d56 -> 
  custom:framework-win-MediaFoundation: 216162199b28c13a410421893ffa2e32 -> 
  custom:container-demuxer-ogg: 62fdf1f143b41e24485cea50d1cbac27 -> 
  custom:video-decoder-webm-vp8: 9c59270c3fd7afecdb556c50c9e8de78 -> 
  custom:audio-decoder-ogg-vorbis: bf7c407c2cedff20999df2af8eb42d56 -> 
========================================================================
Received Prepare
Registering precompiled user dll's ...
Registered in 0.016967 seconds.
Begin MonoManager ReloadAssembly
Native extension for UWP target not found
Native extension for WindowsStandalone target not found
Native extension for Android target not found
Refreshing native plugins compatible for Editor in 2.34 ms, found 26 plugins.
Preloading 1 native plugins for Editor in 0.03 ms.
Mono: successfully reloaded assembly
- Completed reload, in  1.101 seconds
Domain Reload Profiling:
	ReloadAssembly (1101ms)
		BeginReloadAssembly (126ms)
			ExecutionOrderSort (0ms)
			DisableScriptedObjects (4ms)
			BackupInstance (0ms)
			ReleaseScriptingObjects (0ms)
			CreateAndSetChildDomain (35ms)
		EndReloadAssembly (887ms)
			LoadAssemblies (93ms)
			RebuildTransferFunctionScriptingTraits (0ms)
			SetupTypeCache (245ms)
			ReleaseScriptCaches (1ms)
			RebuildScriptCaches (47ms)
			SetupLoadedEditorAssemblies (440ms)
				LogAssemblyErrors (0ms)
				InitializePlatformSupportModulesInManaged (19ms)
				SetLoadedEditorAssemblies (0ms)
				RefreshPlugins (2ms)
				BeforeProcessingInitializeOnLoad (71ms)
				ProcessInitializeOnLoadAttributes (294ms)
				ProcessInitializeOnLoadMethodAttributes (43ms)
				AfterProcessingInitializeOnLoad (9ms)
				EditorAssembliesLoaded (0ms)
			ExecutionOrderSort2 (0ms)
			AwakeInstancesAfterBackupRestoration (6ms)
Platform modules already initialized, skipping
Refreshing native plugins compatible for Editor in 22.45 ms, found 26 plugins.
Preloading 1 native plugins for Editor in 0.03 ms.
Unloading 6971 Unused Serialized files (Serialized files now loaded: 0)
Unloading 242 unused Assets / (179.8 KB). Loaded Objects now: 7439.
Memory consumption went from 272.7 MB to 272.6 MB.
Total: 3.851200 ms (FindLiveObjects: 0.501400 ms CreateObjectMapping: 0.488700 ms MarkObjects: 2.680200 ms  DeleteObjects: 0.180000 ms)

AssetImportParameters requested are different than current active one (requested -> active):
  custom:video-decoder-ogg-theora: a1e56fd34408186e4bbccfd4996cb3dc -> 
  custom:container-muxer-webm: aa71ff27fc2769a1b78a27578f13a17b -> 
  custom:container-demuxer-webm: 4f35f7cbe854078d1ac9338744f61a02 -> 
  custom:video-encoder-webm-vp8: eb34c28f22e8b96e1ab97ce403110664 -> 
  custom:audio-encoder-webm-vorbis: bf7c407c2cedff20999df2af8eb42d56 -> 
  custom:framework-win-MediaFoundation: 216162199b28c13a410421893ffa2e32 -> 
  custom:container-demuxer-ogg: 62fdf1f143b41e24485cea50d1cbac27 -> 
  custom:video-decoder-webm-vp8: 9c59270c3fd7afecdb556c50c9e8de78 -> 
  custom:audio-decoder-ogg-vorbis: bf7c407c2cedff20999df2af8eb42d56 -> 
========================================================================
Received Prepare
Registering precompiled user dll's ...
Registered in 0.018492 seconds.
Begin MonoManager ReloadAssembly
Native extension for UWP target not found
Native extension for WindowsStandalone target not found
Native extension for Android target not found
Refreshing native plugins compatible for Editor in 2.33 ms, found 26 plugins.
Preloading 1 native plugins for Editor in 0.04 ms.
Mono: successfully reloaded assembly
- Completed reload, in  1.085 seconds
Domain Reload Profiling:
	ReloadAssembly (1085ms)
		BeginReloadAssembly (125ms)
			ExecutionOrderSort (0ms)
			DisableScriptedObjects (3ms)
			BackupInstance (0ms)
			ReleaseScriptingObjects (0ms)
			CreateAndSetChildDomain (36ms)
		EndReloadAssembly (874ms)
			LoadAssemblies (93ms)
			RebuildTransferFunctionScriptingTraits (0ms)
			SetupTypeCache (254ms)
			ReleaseScriptCaches (1ms)
			RebuildScriptCaches (38ms)
			SetupLoadedEditorAssemblies (431ms)
				LogAssemblyErrors (0ms)
				InitializePlatformSupportModulesInManaged (25ms)
				SetLoadedEditorAssemblies (0ms)
				RefreshPlugins (2ms)
				BeforeProcessingInitializeOnLoad (71ms)
				ProcessInitializeOnLoadAttributes (282ms)
				ProcessInitializeOnLoadMethodAttributes (41ms)
				AfterProcessingInitializeOnLoad (8ms)
				EditorAssembliesLoaded (0ms)
			ExecutionOrderSort2 (0ms)
			AwakeInstancesAfterBackupRestoration (6ms)
Platform modules already initialized, skipping
Refreshing native plugins compatible for Editor in 22.67 ms, found 26 plugins.
Preloading 1 native plugins for Editor in 0.03 ms.
Unloading 6971 Unused Serialized files (Serialized files now loaded: 0)
Unloading 242 unused Assets / (172.2 KB). Loaded Objects now: 7443.
Memory consumption went from 272.7 MB to 272.6 MB.
Total: 3.680100 ms (FindLiveObjects: 0.544000 ms CreateObjectMapping: 0.578600 ms MarkObjects: 2.384200 ms  DeleteObjects: 0.172600 ms)

AssetImportParameters requested are different than current active one (requested -> active):
  custom:video-decoder-ogg-theora: a1e56fd34408186e4bbccfd4996cb3dc -> 
  custom:container-muxer-webm: aa71ff27fc2769a1b78a27578f13a17b -> 
  custom:container-demuxer-webm: 4f35f7cbe854078d1ac9338744f61a02 -> 
  custom:video-encoder-webm-vp8: eb34c28f22e8b96e1ab97ce403110664 -> 
  custom:audio-encoder-webm-vorbis: bf7c407c2cedff20999df2af8eb42d56 -> 
  custom:framework-win-MediaFoundation: 216162199b28c13a410421893ffa2e32 -> 
  custom:container-demuxer-ogg: 62fdf1f143b41e24485cea50d1cbac27 -> 
  custom:video-decoder-webm-vp8: 9c59270c3fd7afecdb556c50c9e8de78 -> 
  custom:audio-decoder-ogg-vorbis: bf7c407c2cedff20999df2af8eb42d56 -> 
========================================================================
Received Prepare
Registering precompiled user dll's ...
Registered in 0.017008 seconds.
Begin MonoManager ReloadAssembly
Native extension for UWP target not found
Native extension for WindowsStandalone target not found
Native extension for Android target not found
Refreshing native plugins compatible for Editor in 2.35 ms, found 26 plugins.
Preloading 1 native plugins for Editor in 0.04 ms.
Mono: successfully reloaded assembly
- Completed reload, in  1.090 seconds
Domain Reload Profiling:
	ReloadAssembly (1090ms)
		BeginReloadAssembly (122ms)
			ExecutionOrderSort (0ms)
			DisableScriptedObjects (4ms)
			BackupInstance (0ms)
			ReleaseScriptingObjects (0ms)
			CreateAndSetChildDomain (33ms)
		EndReloadAssembly (879ms)
			LoadAssemblies (93ms)
			RebuildTransferFunctionScriptingTraits (0ms)
			SetupTypeCache (249ms)
			ReleaseScriptCaches (1ms)
			RebuildScriptCaches (43ms)
			SetupLoadedEditorAssemblies (437ms)
				LogAssemblyErrors (0ms)
				InitializePlatformSupportModulesInManaged (19ms)
				SetLoadedEditorAssemblies (0ms)
				RefreshPlugins (2ms)
				BeforeProcessingInitializeOnLoad (73ms)
				ProcessInitializeOnLoadAttributes (291ms)
				ProcessInitializeOnLoadMethodAttributes (42ms)
				AfterProcessingInitializeOnLoad (8ms)
				EditorAssembliesLoaded (0ms)
			ExecutionOrderSort2 (0ms)
			AwakeInstancesAfterBackupRestoration (6ms)
Platform modules already initialized, skipping
Refreshing native plugins compatible for Editor in 23.13 ms, found 26 plugins.
Preloading 1 native plugins for Editor in 0.03 ms.
Unloading 6971 Unused Serialized files (Serialized files now loaded: 0)
Unloading 242 unused Assets / (187.5 KB). Loaded Objects now: 7447.
Memory consumption went from 272.8 MB to 272.6 MB.
Total: 4.038400 ms (FindLiveObjects: 0.523800 ms CreateObjectMapping: 0.496200 ms MarkObjects: 2.827500 ms  DeleteObjects: 0.190100 ms)

AssetImportParameters requested are different than current active one (requested -> active):
  custom:video-decoder-ogg-theora: a1e56fd34408186e4bbccfd4996cb3dc -> 
  custom:container-muxer-webm: aa71ff27fc2769a1b78a27578f13a17b -> 
  custom:container-demuxer-webm: 4f35f7cbe854078d1ac9338744f61a02 -> 
  custom:video-encoder-webm-vp8: eb34c28f22e8b96e1ab97ce403110664 -> 
  custom:audio-encoder-webm-vorbis: bf7c407c2cedff20999df2af8eb42d56 -> 
  custom:framework-win-MediaFoundation: 216162199b28c13a410421893ffa2e32 -> 
  custom:container-demuxer-ogg: 62fdf1f143b41e24485cea50d1cbac27 -> 
  custom:video-decoder-webm-vp8: 9c59270c3fd7afecdb556c50c9e8de78 -> 
  custom:audio-decoder-ogg-vorbis: bf7c407c2cedff20999df2af8eb42d56 -> 
========================================================================
Received Prepare
Registering precompiled user dll's ...
Registered in 0.017313 seconds.
Begin MonoManager ReloadAssembly
Native extension for UWP target not found
Native extension for WindowsStandalone target not found
Native extension for Android target not found
Refreshing native plugins compatible for Editor in 2.27 ms, found 26 plugins.
Preloading 1 native plugins for Editor in 0.03 ms.
Mono: successfully reloaded assembly
- Completed reload, in  1.077 seconds
Domain Reload Profiling:
	ReloadAssembly (1078ms)
		BeginReloadAssembly (123ms)
			ExecutionOrderSort (0ms)
			DisableScriptedObjects (5ms)
			BackupInstance (0ms)
			ReleaseScriptingObjects (0ms)
			CreateAndSetChildDomain (32ms)
		EndReloadAssembly (868ms)
			LoadAssemblies (90ms)
			RebuildTransferFunctionScriptingTraits (0ms)
			SetupTypeCache (244ms)
			ReleaseScriptCaches (1ms)
			RebuildScriptCaches (39ms)
			SetupLoadedEditorAssemblies (435ms)
				LogAssemblyErrors (0ms)
				InitializePlatformSupportModulesInManaged (24ms)
				SetLoadedEditorAssemblies (0ms)
				RefreshPlugins (2ms)
				BeforeProcessingInitializeOnLoad (70ms)
				ProcessInitializeOnLoadAttributes (286ms)
				ProcessInitializeOnLoadMethodAttributes (43ms)
				AfterProcessingInitializeOnLoad (9ms)
				EditorAssembliesLoaded (0ms)
			ExecutionOrderSort2 (0ms)
			AwakeInstancesAfterBackupRestoration (7ms)
Platform modules already initialized, skipping
Refreshing native plugins compatible for Editor in 22.53 ms, found 26 plugins.
Preloading 1 native plugins for Editor in 0.03 ms.
Unloading 6971 Unused Serialized files (Serialized files now loaded: 0)
Unloading 242 unused Assets / (179.6 KB). Loaded Objects now: 7451.
Memory consumption went from 272.8 MB to 272.6 MB.
Total: 3.759000 ms (FindLiveObjects: 0.492600 ms CreateObjectMapping: 0.502300 ms MarkObjects: 2.573400 ms  DeleteObjects: 0.189900 ms)

AssetImportParameters requested are different than current active one (requested -> active):
  custom:video-decoder-ogg-theora: a1e56fd34408186e4bbccfd4996cb3dc -> 
  custom:container-muxer-webm: aa71ff27fc2769a1b78a27578f13a17b -> 
  custom:container-demuxer-webm: 4f35f7cbe854078d1ac9338744f61a02 -> 
  custom:video-encoder-webm-vp8: eb34c28f22e8b96e1ab97ce403110664 -> 
  custom:audio-encoder-webm-vorbis: bf7c407c2cedff20999df2af8eb42d56 -> 
  custom:framework-win-MediaFoundation: 216162199b28c13a410421893ffa2e32 -> 
  custom:container-demuxer-ogg: 62fdf1f143b41e24485cea50d1cbac27 -> 
  custom:video-decoder-webm-vp8: 9c59270c3fd7afecdb556c50c9e8de78 -> 
  custom:audio-decoder-ogg-vorbis: bf7c407c2cedff20999df2af8eb42d56 -> 
========================================================================
Received Prepare
Registering precompiled user dll's ...
Registered in 0.017351 seconds.
Begin MonoManager ReloadAssembly
Native extension for UWP target not found
Native extension for WindowsStandalone target not found
Native extension for Android target not found
Refreshing native plugins compatible for Editor in 2.30 ms, found 26 plugins.
Preloading 1 native plugins for Editor in 0.04 ms.
Mono: successfully reloaded assembly
- Completed reload, in  1.105 seconds
Domain Reload Profiling:
	ReloadAssembly (1105ms)
		BeginReloadAssembly (120ms)
			ExecutionOrderSort (0ms)
			DisableScriptedObjects (4ms)
			BackupInstance (0ms)
			ReleaseScriptingObjects (0ms)
			CreateAndSetChildDomain (34ms)
		EndReloadAssembly (901ms)
			LoadAssemblies (87ms)
			RebuildTransferFunctionScriptingTraits (0ms)
			SetupTypeCache (254ms)
			ReleaseScriptCaches (1ms)
			RebuildScriptCaches (38ms)
			SetupLoadedEditorAssemblies (457ms)
				LogAssemblyErrors (0ms)
				InitializePlatformSupportModulesInManaged (24ms)
				SetLoadedEditorAssemblies (0ms)
				RefreshPlugins (2ms)
				BeforeProcessingInitializeOnLoad (77ms)
				ProcessInitializeOnLoadAttributes (298ms)
				ProcessInitializeOnLoadMethodAttributes (46ms)
				AfterProcessingInitializeOnLoad (10ms)
				EditorAssembliesLoaded (0ms)
			ExecutionOrderSort2 (0ms)
			AwakeInstancesAfterBackupRestoration (8ms)
Platform modules already initialized, skipping
Refreshing native plugins compatible for Editor in 21.87 ms, found 26 plugins.
Preloading 1 native plugins for Editor in 0.03 ms.
Unloading 6971 Unused Serialized files (Serialized files now loaded: 0)
Unloading 242 unused Assets / (172.1 KB). Loaded Objects now: 7455.
Memory consumption went from 272.8 MB to 272.6 MB.
Total: 4.694500 ms (FindLiveObjects: 0.741700 ms CreateObjectMapping: 0.844400 ms MarkObjects: 2.923000 ms  DeleteObjects: 0.184800 ms)

AssetImportParameters requested are different than current active one (requested -> active):
  custom:video-decoder-ogg-theora: a1e56fd34408186e4bbccfd4996cb3dc -> 
  custom:container-muxer-webm: aa71ff27fc2769a1b78a27578f13a17b -> 
  custom:container-demuxer-webm: 4f35f7cbe854078d1ac9338744f61a02 -> 
  custom:video-encoder-webm-vp8: eb34c28f22e8b96e1ab97ce403110664 -> 
  custom:audio-encoder-webm-vorbis: bf7c407c2cedff20999df2af8eb42d56 -> 
  custom:framework-win-MediaFoundation: 216162199b28c13a410421893ffa2e32 -> 
  custom:container-demuxer-ogg: 62fdf1f143b41e24485cea50d1cbac27 -> 
  custom:video-decoder-webm-vp8: 9c59270c3fd7afecdb556c50c9e8de78 -> 
  custom:audio-decoder-ogg-vorbis: bf7c407c2cedff20999df2af8eb42d56 -> 
========================================================================
Received Prepare
Registering precompiled user dll's ...
Registered in 0.018015 seconds.
Begin MonoManager ReloadAssembly
Native extension for UWP target not found
Native extension for WindowsStandalone target not found
Native extension for Android target not found
Refreshing native plugins compatible for Editor in 2.24 ms, found 26 plugins.
Preloading 1 native plugins for Editor in 0.03 ms.
Mono: successfully reloaded assembly
- Completed reload, in  1.079 seconds
Domain Reload Profiling:
	ReloadAssembly (1080ms)
		BeginReloadAssembly (123ms)
			ExecutionOrderSort (0ms)
			DisableScriptedObjects (4ms)
			BackupInstance (0ms)
			ReleaseScriptingObjects (0ms)
			CreateAndSetChildDomain (34ms)
		EndReloadAssembly (866ms)
			LoadAssemblies (89ms)
			RebuildTransferFunctionScriptingTraits (0ms)
			SetupTypeCache (245ms)
			ReleaseScriptCaches (1ms)
			RebuildScriptCaches (37ms)
			SetupLoadedEditorAssemblies (431ms)
				LogAssemblyErrors (0ms)
				InitializePlatformSupportModulesInManaged (22ms)
				SetLoadedEditorAssemblies (0ms)
				RefreshPlugins (2ms)
				BeforeProcessingInitializeOnLoad (71ms)
				ProcessInitializeOnLoadAttributes (283ms)
				ProcessInitializeOnLoadMethodAttributes (43ms)
				AfterProcessingInitializeOnLoad (9ms)
				EditorAssembliesLoaded (0ms)
			ExecutionOrderSort2 (0ms)
			AwakeInstancesAfterBackupRestoration (6ms)
Platform modules already initialized, skipping
Refreshing native plugins compatible for Editor in 23.85 ms, found 26 plugins.
Preloading 1 native plugins for Editor in 0.03 ms.
Unloading 6971 Unused Serialized files (Serialized files now loaded: 0)
Unloading 242 unused Assets / (172.0 KB). Loaded Objects now: 7459.
Memory consumption went from 272.8 MB to 272.6 MB.
Total: 3.624200 ms (FindLiveObjects: 0.490100 ms CreateObjectMapping: 0.491900 ms MarkObjects: 2.460300 ms  DeleteObjects: 0.181200 ms)

AssetImportParameters requested are different than current active one (requested -> active):
  custom:video-decoder-ogg-theora: a1e56fd34408186e4bbccfd4996cb3dc -> 
  custom:container-muxer-webm: aa71ff27fc2769a1b78a27578f13a17b -> 
  custom:container-demuxer-webm: 4f35f7cbe854078d1ac9338744f61a02 -> 
  custom:video-encoder-webm-vp8: eb34c28f22e8b96e1ab97ce403110664 -> 
  custom:audio-encoder-webm-vorbis: bf7c407c2cedff20999df2af8eb42d56 -> 
  custom:framework-win-MediaFoundation: 216162199b28c13a410421893ffa2e32 -> 
  custom:container-demuxer-ogg: 62fdf1f143b41e24485cea50d1cbac27 -> 
  custom:video-decoder-webm-vp8: 9c59270c3fd7afecdb556c50c9e8de78 -> 
  custom:audio-decoder-ogg-vorbis: bf7c407c2cedff20999df2af8eb42d56 -> 
========================================================================
Received Prepare
Registering precompiled user dll's ...
Registered in 0.019068 seconds.
Begin MonoManager ReloadAssembly
Native extension for UWP target not found
Native extension for WindowsStandalone target not found
Native extension for Android target not found
Refreshing native plugins compatible for Editor in 2.36 ms, found 26 plugins.
Preloading 1 native plugins for Editor in 0.04 ms.
Mono: successfully reloaded assembly
- Completed reload, in  1.078 seconds
Domain Reload Profiling:
	ReloadAssembly (1079ms)
		BeginReloadAssembly (126ms)
			ExecutionOrderSort (0ms)
			DisableScriptedObjects (4ms)
			BackupInstance (0ms)
			ReleaseScriptingObjects (0ms)
			CreateAndSetChildDomain (39ms)
		EndReloadAssembly (864ms)
			LoadAssemblies (94ms)
			RebuildTransferFunctionScriptingTraits (0ms)
			SetupTypeCache (244ms)
			ReleaseScriptCaches (1ms)
			RebuildScriptCaches (37ms)
			SetupLoadedEditorAssemblies (429ms)
				LogAssemblyErrors (0ms)
				InitializePlatformSupportModulesInManaged (19ms)
				SetLoadedEditorAssemblies (0ms)
				RefreshPlugins (2ms)
				BeforeProcessingInitializeOnLoad (72ms)
				ProcessInitializeOnLoadAttributes (285ms)
				ProcessInitializeOnLoadMethodAttributes (42ms)
				AfterProcessingInitializeOnLoad (9ms)
				EditorAssembliesLoaded (0ms)
			ExecutionOrderSort2 (0ms)
			AwakeInstancesAfterBackupRestoration (6ms)
Platform modules already initialized, skipping
Refreshing native plugins compatible for Editor in 21.94 ms, found 26 plugins.
Preloading 1 native plugins for Editor in 0.03 ms.
Unloading 6971 Unused Serialized files (Serialized files now loaded: 0)
Unloading 242 unused Assets / (179.8 KB). Loaded Objects now: 7463.
Memory consumption went from 272.8 MB to 272.6 MB.
Total: 3.744600 ms (FindLiveObjects: 0.491000 ms CreateObjectMapping: 0.533900 ms MarkObjects: 2.545200 ms  DeleteObjects: 0.173900 ms)

AssetImportParameters requested are different than current active one (requested -> active):
  custom:video-decoder-ogg-theora: a1e56fd34408186e4bbccfd4996cb3dc -> 
  custom:container-muxer-webm: aa71ff27fc2769a1b78a27578f13a17b -> 
  custom:container-demuxer-webm: 4f35f7cbe854078d1ac9338744f61a02 -> 
  custom:video-encoder-webm-vp8: eb34c28f22e8b96e1ab97ce403110664 -> 
  custom:audio-encoder-webm-vorbis: bf7c407c2cedff20999df2af8eb42d56 -> 
  custom:framework-win-MediaFoundation: 216162199b28c13a410421893ffa2e32 -> 
  custom:container-demuxer-ogg: 62fdf1f143b41e24485cea50d1cbac27 -> 
  custom:video-decoder-webm-vp8: 9c59270c3fd7afecdb556c50c9e8de78 -> 
  custom:audio-decoder-ogg-vorbis: bf7c407c2cedff20999df2af8eb42d56 -> 
========================================================================
Received Prepare
Registering precompiled user dll's ...
Registered in 0.017595 seconds.
Begin MonoManager ReloadAssembly
Native extension for UWP target not found
Native extension for WindowsStandalone target not found
Native extension for Android target not found
Refreshing native plugins compatible for Editor in 2.46 ms, found 26 plugins.
Preloading 1 native plugins for Editor in 0.04 ms.
Mono: successfully reloaded assembly
- Completed reload, in  1.282 seconds
Domain Reload Profiling:
	ReloadAssembly (1283ms)
		BeginReloadAssembly (121ms)
			ExecutionOrderSort (0ms)
			DisableScriptedObjects (4ms)
			BackupInstance (0ms)
			ReleaseScriptingObjects (0ms)
			CreateAndSetChildDomain (33ms)
		EndReloadAssembly (1078ms)
			LoadAssemblies (84ms)
			RebuildTransferFunctionScriptingTraits (0ms)
			SetupTypeCache (248ms)
			ReleaseScriptCaches (1ms)
			RebuildScriptCaches (39ms)
			SetupLoadedEditorAssemblies (647ms)
				LogAssemblyErrors (0ms)
				InitializePlatformSupportModulesInManaged (19ms)
				SetLoadedEditorAssemblies (0ms)
				RefreshPlugins (3ms)
				BeforeProcessingInitializeOnLoad (69ms)
				ProcessInitializeOnLoadAttributes (294ms)
				ProcessInitializeOnLoadMethodAttributes (253ms)
				AfterProcessingInitializeOnLoad (9ms)
				EditorAssembliesLoaded (0ms)
			ExecutionOrderSort2 (0ms)
			AwakeInstancesAfterBackupRestoration (6ms)
Platform modules already initialized, skipping
Refreshing native plugins compatible for Editor in 21.26 ms, found 26 plugins.
Preloading 1 native plugins for Editor in 0.03 ms.
Unloading 6971 Unused Serialized files (Serialized files now loaded: 0)
Unloading 242 unused Assets / (187.5 KB). Loaded Objects now: 7467.
Memory consumption went from 272.8 MB to 272.7 MB.
Total: 3.676500 ms (FindLiveObjects: 0.476400 ms CreateObjectMapping: 0.525600 ms MarkObjects: 2.512600 ms  DeleteObjects: 0.161200 ms)

AssetImportParameters requested are different than current active one (requested -> active):
  custom:video-decoder-ogg-theora: a1e56fd34408186e4bbccfd4996cb3dc -> 
  custom:container-muxer-webm: aa71ff27fc2769a1b78a27578f13a17b -> 
  custom:container-demuxer-webm: 4f35f7cbe854078d1ac9338744f61a02 -> 
  custom:video-encoder-webm-vp8: eb34c28f22e8b96e1ab97ce403110664 -> 
  custom:audio-encoder-webm-vorbis: bf7c407c2cedff20999df2af8eb42d56 -> 
  custom:framework-win-MediaFoundation: 216162199b28c13a410421893ffa2e32 -> 
  custom:container-demuxer-ogg: 62fdf1f143b41e24485cea50d1cbac27 -> 
  custom:video-decoder-webm-vp8: 9c59270c3fd7afecdb556c50c9e8de78 -> 
  custom:audio-decoder-ogg-vorbis: bf7c407c2cedff20999df2af8eb42d56 -> 
========================================================================
Received Prepare
Registering precompiled user dll's ...
Registered in 0.017737 seconds.
Begin MonoManager ReloadAssembly
Native extension for UWP target not found
Native extension for WindowsStandalone target not found
Native extension for Android target not found
Refreshing native plugins compatible for Editor in 2.29 ms, found 26 plugins.
Preloading 1 native plugins for Editor in 0.03 ms.
Mono: successfully reloaded assembly
- Completed reload, in  1.084 seconds
Domain Reload Profiling:
	ReloadAssembly (1085ms)
		BeginReloadAssembly (122ms)
			ExecutionOrderSort (0ms)
			DisableScriptedObjects (3ms)
			BackupInstance (0ms)
			ReleaseScriptingObjects (0ms)
			CreateAndSetChildDomain (33ms)
		EndReloadAssembly (874ms)
			LoadAssemblies (87ms)
			RebuildTransferFunctionScriptingTraits (0ms)
			SetupTypeCache (255ms)
			ReleaseScriptCaches (1ms)
			RebuildScriptCaches (38ms)
			SetupLoadedEditorAssemblies (431ms)
				LogAssemblyErrors (0ms)
				InitializePlatformSupportModulesInManaged (19ms)
				SetLoadedEditorAssemblies (0ms)
				RefreshPlugins (2ms)
				BeforeProcessingInitializeOnLoad (75ms)
				ProcessInitializeOnLoadAttributes (284ms)
				ProcessInitializeOnLoadMethodAttributes (42ms)
				AfterProcessingInitializeOnLoad (9ms)
				EditorAssembliesLoaded (0ms)
			ExecutionOrderSort2 (0ms)
			AwakeInstancesAfterBackupRestoration (6ms)
Platform modules already initialized, skipping
Refreshing native plugins compatible for Editor in 23.19 ms, found 26 plugins.
Preloading 1 native plugins for Editor in 0.03 ms.
Unloading 6971 Unused Serialized files (Serialized files now loaded: 0)
Unloading 242 unused Assets / (187.6 KB). Loaded Objects now: 7471.
Memory consumption went from 272.9 MB to 272.7 MB.
Total: 4.342100 ms (FindLiveObjects: 0.685900 ms CreateObjectMapping: 0.815600 ms MarkObjects: 2.665700 ms  DeleteObjects: 0.174300 ms)

AssetImportParameters requested are different than current active one (requested -> active):
  custom:video-decoder-ogg-theora: a1e56fd34408186e4bbccfd4996cb3dc -> 
  custom:container-muxer-webm: aa71ff27fc2769a1b78a27578f13a17b -> 
  custom:container-demuxer-webm: 4f35f7cbe854078d1ac9338744f61a02 -> 
  custom:video-encoder-webm-vp8: eb34c28f22e8b96e1ab97ce403110664 -> 
  custom:audio-encoder-webm-vorbis: bf7c407c2cedff20999df2af8eb42d56 -> 
  custom:framework-win-MediaFoundation: 216162199b28c13a410421893ffa2e32 -> 
  custom:container-demuxer-ogg: 62fdf1f143b41e24485cea50d1cbac27 -> 
  custom:video-decoder-webm-vp8: 9c59270c3fd7afecdb556c50c9e8de78 -> 
  custom:audio-decoder-ogg-vorbis: bf7c407c2cedff20999df2af8eb42d56 -> 
========================================================================
Received Prepare
Registering precompiled user dll's ...
Registered in 0.017266 seconds.
Begin MonoManager ReloadAssembly
Native extension for UWP target not found
Native extension for WindowsStandalone target not found
Native extension for Android target not found
Refreshing native plugins compatible for Editor in 2.36 ms, found 26 plugins.
Preloading 1 native plugins for Editor in 0.03 ms.
Mono: successfully reloaded assembly
- Completed reload, in  1.101 seconds
Domain Reload Profiling:
	ReloadAssembly (1101ms)
		BeginReloadAssembly (122ms)
			ExecutionOrderSort (0ms)
			DisableScriptedObjects (4ms)
			BackupInstance (0ms)
			ReleaseScriptingObjects (0ms)
			CreateAndSetChildDomain (35ms)
		EndReloadAssembly (887ms)
			LoadAssemblies (91ms)
			RebuildTransferFunctionScriptingTraits (0ms)
			SetupTypeCache (252ms)
			ReleaseScriptCaches (1ms)
			RebuildScriptCaches (41ms)
			SetupLoadedEditorAssemblies (437ms)
				LogAssemblyErrors (0ms)
				InitializePlatformSupportModulesInManaged (19ms)
				SetLoadedEditorAssemblies (0ms)
				RefreshPlugins (2ms)
				BeforeProcessingInitializeOnLoad (70ms)
				ProcessInitializeOnLoadAttributes (291ms)
				ProcessInitializeOnLoadMethodAttributes (46ms)
				AfterProcessingInitializeOnLoad (8ms)
				EditorAssembliesLoaded (0ms)
			ExecutionOrderSort2 (0ms)
			AwakeInstancesAfterBackupRestoration (7ms)
Platform modules already initialized, skipping
Refreshing native plugins compatible for Editor in 21.72 ms, found 26 plugins.
Preloading 1 native plugins for Editor in 0.03 ms.
Unloading 6971 Unused Serialized files (Serialized files now loaded: 0)
Unloading 242 unused Assets / (179.9 KB). Loaded Objects now: 7475.
Memory consumption went from 272.9 MB to 272.7 MB.
Total: 3.677100 ms (FindLiveObjects: 0.497100 ms CreateObjectMapping: 0.493900 ms MarkObjects: 2.529200 ms  DeleteObjects: 0.156300 ms)

AssetImportParameters requested are different than current active one (requested -> active):
  custom:video-decoder-ogg-theora: a1e56fd34408186e4bbccfd4996cb3dc -> 
  custom:container-muxer-webm: aa71ff27fc2769a1b78a27578f13a17b -> 
  custom:container-demuxer-webm: 4f35f7cbe854078d1ac9338744f61a02 -> 
  custom:video-encoder-webm-vp8: eb34c28f22e8b96e1ab97ce403110664 -> 
  custom:audio-encoder-webm-vorbis: bf7c407c2cedff20999df2af8eb42d56 -> 
  custom:framework-win-MediaFoundation: 216162199b28c13a410421893ffa2e32 -> 
  custom:container-demuxer-ogg: 62fdf1f143b41e24485cea50d1cbac27 -> 
  custom:video-decoder-webm-vp8: 9c59270c3fd7afecdb556c50c9e8de78 -> 
  custom:audio-decoder-ogg-vorbis: bf7c407c2cedff20999df2af8eb42d56 -> 
========================================================================
Received Import Request.
  Time since last request: 1062.005630 seconds.
  path: Assets/UnityProject/Materials/MR UI/Popups/mt_popup10_w208.681_h477.879.mat
  artifactKey: Guid(e77d007323c044f4ea2bea2f0a10513b) Importer(815301076,1909f56bfc062723c751e8b465ee728b)
Start importing Assets/UnityProject/Materials/MR UI/Popups/mt_popup10_w208.681_h477.879.mat using Guid(e77d007323c044f4ea2bea2f0a10513b) Importer(815301076,1909f56bfc062723c751e8b465ee728b)  -> (artifact id: '13e5d7d404d2738b63f5771e687268d4') in 0.079987 seconds 
========================================================================
Received Import Request.
  Time since last request: 83.520018 seconds.
  path: Assets/UnityProject/Sprites/Custom GUI/Popups/popup09.png
  artifactKey: Guid(6a15c51f9f5a1454290a618b42d9a938) Importer(815301076,1909f56bfc062723c751e8b465ee728b)
Start importing Assets/UnityProject/Sprites/Custom GUI/Popups/popup09.png using Guid(6a15c51f9f5a1454290a618b42d9a938) Importer(815301076,1909f56bfc062723c751e8b465ee728b)  -> (artifact id: '09b7966e260ee9a16fef697e91f8dedd') in 0.013323 seconds 
========================================================================
Received Import Request.
  Time since last request: 15.520367 seconds.
  path: Assets/UnityProject/Sprites/Custom GUI/Popups/popup09.png
  artifactKey: Guid(6a15c51f9f5a1454290a618b42d9a938) Importer(815301076,1909f56bfc062723c751e8b465ee728b)
Start importing Assets/UnityProject/Sprites/Custom GUI/Popups/popup09.png using Guid(6a15c51f9f5a1454290a618b42d9a938) Importer(815301076,1909f56bfc062723c751e8b465ee728b)  -> (artifact id: 'c9edec52e0de4989a4d32114be71186b') in 0.270307 seconds 
========================================================================
Received Import Request.
  Time since last request: 154.395537 seconds.
  path: Assets/UnityProject/Sprites/Custom GUI/Popups/popup03.png
  artifactKey: Guid(4c4b349e2994f1348ba6406d2e035edf) Importer(815301076,1909f56bfc062723c751e8b465ee728b)
Start importing Assets/UnityProject/Sprites/Custom GUI/Popups/popup03.png using Guid(4c4b349e2994f1348ba6406d2e035edf) Importer(815301076,1909f56bfc062723c751e8b465ee728b)  -> (artifact id: '2491e85dcce90a2f56347a8ec1192184') in 0.011121 seconds 
========================================================================
Received Import Request.
  Time since last request: 12.989888 seconds.
  path: Assets/UnityProject/Sprites/Custom GUI/Popups/popup03.png
  artifactKey: Guid(4c4b349e2994f1348ba6406d2e035edf) Importer(815301076,1909f56bfc062723c751e8b465ee728b)
Start importing Assets/UnityProject/Sprites/Custom GUI/Popups/popup03.png using Guid(4c4b349e2994f1348ba6406d2e035edf) Importer(815301076,1909f56bfc062723c751e8b465ee728b)  -> (artifact id: '45e1961239a33df89a9ae9129ceb35c1') in 0.026140 seconds 
========================================================================
Received Import Request.
  Time since last request: 28.146581 seconds.
  path: Assets/UnityProject/Materials/MR UI/Popups/mt_popup03.mat
  artifactKey: Guid(8a766814948263a48beda3c88500ea77) Importer(815301076,1909f56bfc062723c751e8b465ee728b)
Start importing Assets/UnityProject/Materials/MR UI/Popups/mt_popup03.mat using Guid(8a766814948263a48beda3c88500ea77) Importer(815301076,1909f56bfc062723c751e8b465ee728b)  -> (artifact id: 'a65e0efd54299d8485a02bb373b578f8') in 0.046113 seconds 
========================================================================
Received Import Request.
  Time since last request: 1175.722272 seconds.
  path: Assets/UnityProject/Sprites/Custom GUI/Toggle/btn_r_toggle_l.png
  artifactKey: Guid(1b60ebc7427a1b8448a7336952c7c534) Importer(815301076,1909f56bfc062723c751e8b465ee728b)
Start importing Assets/UnityProject/Sprites/Custom GUI/Toggle/btn_r_toggle_l.png using Guid(1b60ebc7427a1b8448a7336952c7c534) Importer(815301076,1909f56bfc062723c751e8b465ee728b)  -> (artifact id: 'b49739009be252b29ce44563f5700715') in 0.012721 seconds 
========================================================================
Received Import Request.
  Time since last request: 0.000022 seconds.
  path: Assets/UnityProject/Sprites/Custom GUI/Toggle/btn_r_toggleBG_r.png
  artifactKey: Guid(45890a9afedf4c94aab0b7f0234a1403) Importer(815301076,1909f56bfc062723c751e8b465ee728b)
Start importing Assets/UnityProject/Sprites/Custom GUI/Toggle/btn_r_toggleBG_r.png using Guid(45890a9afedf4c94aab0b7f0234a1403) Importer(815301076,1909f56bfc062723c751e8b465ee728b)  -> (artifact id: '5ce69453f99bdf2c46c03e207889f8d8') in 0.008829 seconds 
========================================================================
Received Import Request.
  Time since last request: 14.860242 seconds.
  path: Assets/UnityProject/Sprites/Custom GUI/Toggle/btn_r_toggle_l.png
  artifactKey: Guid(1b60ebc7427a1b8448a7336952c7c534) Importer(815301076,1909f56bfc062723c751e8b465ee728b)
Start importing Assets/UnityProject/Sprites/Custom GUI/Toggle/btn_r_toggle_l.png using Guid(1b60ebc7427a1b8448a7336952c7c534) Importer(815301076,1909f56bfc062723c751e8b465ee728b)  -> (artifact id: 'e7e8320c218985a7baee4709a85997fe') in 0.018861 seconds 
========================================================================
Received Import Request.
  Time since last request: 0.000040 seconds.
  path: Assets/UnityProject/Sprites/Custom GUI/Toggle/btn_r_toggleBG_r.png
  artifactKey: Guid(45890a9afedf4c94aab0b7f0234a1403) Importer(815301076,1909f56bfc062723c751e8b465ee728b)
Start importing Assets/UnityProject/Sprites/Custom GUI/Toggle/btn_r_toggleBG_r.png using Guid(45890a9afedf4c94aab0b7f0234a1403) Importer(815301076,1909f56bfc062723c751e8b465ee728b)  -> (artifact id: 'c45dbe2cafc68662605e0593964afa22') in 0.015730 seconds 
========================================================================
Received Import Request.
  Time since last request: 32.894651 seconds.
  path: Assets/SCI-FI GUI Pack/Resources/Sprites/Sliced Elements/ico_arrow_04.png
  artifactKey: Guid(3f9d5cda30b02481cb28c757461e8b9b) Importer(815301076,1909f56bfc062723c751e8b465ee728b)
Start importing Assets/SCI-FI GUI Pack/Resources/Sprites/Sliced Elements/ico_arrow_04.png using Guid(3f9d5cda30b02481cb28c757461e8b9b) Importer(815301076,1909f56bfc062723c751e8b465ee728b)  -> (artifact id: 'f88d7e81acb3c42493741888c76d5276') in 0.100083 seconds 
========================================================================
Received Import Request.
  Time since last request: 0.000022 seconds.
  path: Assets/SCI-FI GUI Pack/Resources/Sprites/Sliced Elements/img_line_05.png
  artifactKey: Guid(bf6be5baf7bb042d89401f936202ae0c) Importer(815301076,1909f56bfc062723c751e8b465ee728b)
Start importing Assets/SCI-FI GUI Pack/Resources/Sprites/Sliced Elements/img_line_05.png using Guid(bf6be5baf7bb042d89401f936202ae0c) Importer(815301076,1909f56bfc062723c751e8b465ee728b)  -> (artifact id: '75ae262a77164a06d10a9d5914e0a628') in 0.110635 seconds 
========================================================================
Received Import Request.
  Time since last request: 0.000029 seconds.
  path: Assets/SCI-FI GUI Pack/Resources/Sprites/Sliced Elements/scroll_btn_01.png
  artifactKey: Guid(45fe6df9131434423a5577eba4dc8217) Importer(815301076,1909f56bfc062723c751e8b465ee728b)
Start importing Assets/SCI-FI GUI Pack/Resources/Sprites/Sliced Elements/scroll_btn_01.png using Guid(45fe6df9131434423a5577eba4dc8217) Importer(815301076,1909f56bfc062723c751e8b465ee728b)  -> (artifact id: '01a3b7f9721c0fa15a124d73e92060b4') in 0.177783 seconds 
========================================================================
Received Import Request.
  Time since last request: 0.000018 seconds.
  path: Assets/SCI-FI GUI Pack/Resources/Sprites/Sliced Elements/img_line_04.png
  artifactKey: Guid(1a9a0a5d7e9444e80ac1510765fe7f39) Importer(815301076,1909f56bfc062723c751e8b465ee728b)
Start importing Assets/SCI-FI GUI Pack/Resources/Sprites/Sliced Elements/img_line_04.png using Guid(1a9a0a5d7e9444e80ac1510765fe7f39) Importer(815301076,1909f56bfc062723c751e8b465ee728b)  -> (artifact id: '6656cfc34dbc87bbcbae13ccfdc66cf0') in 0.077000 seconds 
========================================================================
Received Import Request.
  Time since last request: 0.000021 seconds.
  path: Assets/SCI-FI GUI Pack/Resources/Sprites/Sliced Elements/img_line_02.png
  artifactKey: Guid(bf1657691c3014e85a6529539bb47b79) Importer(815301076,1909f56bfc062723c751e8b465ee728b)
Start importing Assets/SCI-FI GUI Pack/Resources/Sprites/Sliced Elements/img_line_02.png using Guid(bf1657691c3014e85a6529539bb47b79) Importer(815301076,1909f56bfc062723c751e8b465ee728b)  -> (artifact id: 'bcead7f9d18fefecb98348ea1f505955') in 0.130982 seconds 
========================================================================
Received Import Request.
  Time since last request: 0.000031 seconds.
  path: Assets/SCI-FI GUI Pack/Resources/Sprites/Sliced Elements/img_line_11.png
  artifactKey: Guid(f7c6bd3e4f5384496a27c4d3d3d7add5) Importer(815301076,1909f56bfc062723c751e8b465ee728b)
Start importing Assets/SCI-FI GUI Pack/Resources/Sprites/Sliced Elements/img_line_11.png using Guid(f7c6bd3e4f5384496a27c4d3d3d7add5) Importer(815301076,1909f56bfc062723c751e8b465ee728b)  -> (artifact id: 'c2d79a9b0214c50a8cbd90de399513ac') in 0.078084 seconds 
Editor requested this worker to shutdown with reason: Scaling down because of idle timeout
AssetImportWorker is now disconnected from the server
Process exiting
Exiting without the bug reporter. Application will terminate with return code 0