Using pre-set license
Built from '2021.3/staging' branch; Version is '2021.3.16f1 (4016570cf34f) revision 4200023'; Using compiler version '192829333'; Build Type 'Release'
OS: 'Windows 10  (10.0.19044) 64bit Core' Language: 'en' Physical Memory: 32678 MB
BatchMode: 1, IsHumanControllingUs: 0, StartBugReporterOnCrash: 0, Is64bit: 1, IsPro: 1

COMMAND LINE ARGUMENTS:
C:\Program Files (x86)\ProjetoIntegrado_Multimedia_AndreMoreira\Unity Editors\2021.3.16f1\Editor\Unity.exe
-adb2
-batchMode
-noUpm
-name
AssetImportWorker21
-projectPath
D:/PC/Desktop/IP/Rep/MR_M
-logFile
Logs/AssetImportWorker21.log
-srvPort
55265
Successfully changed project path to: D:/PC/Desktop/IP/Rep/MR_M
D:/PC/Desktop/IP/Rep/MR_M
[UnityMemory] Configuration Parameters - Can be set up in boot.config
    "memorysetup-bucket-allocator-granularity=16"
    "memorysetup-bucket-allocator-bucket-count=8"
    "memorysetup-bucket-allocator-block-size=33554432"
    "memorysetup-bucket-allocator-block-count=8"
    "memorysetup-main-allocator-block-size=16777216"
    "memorysetup-thread-allocator-block-size=16777216"
    "memorysetup-gfx-main-allocator-block-size=16777216"
    "memorysetup-gfx-thread-allocator-block-size=16777216"
    "memorysetup-cache-allocator-block-size=4194304"
    "memorysetup-typetree-allocator-block-size=2097152"
    "memorysetup-profiler-bucket-allocator-granularity=16"
    "memorysetup-profiler-bucket-allocator-bucket-count=8"
    "memorysetup-profiler-bucket-allocator-block-size=33554432"
    "memorysetup-profiler-bucket-allocator-block-count=8"
    "memorysetup-profiler-allocator-block-size=16777216"
    "memorysetup-profiler-editor-allocator-block-size=1048576"
    "memorysetup-temp-allocator-size-main=16777216"
    "memorysetup-job-temp-allocator-block-size=2097152"
    "memorysetup-job-temp-allocator-block-size-background=1048576"
    "memorysetup-job-temp-allocator-reduction-small-platforms=262144"
    "memorysetup-temp-allocator-size-background-worker=32768"
    "memorysetup-temp-allocator-size-job-worker=262144"
    "memorysetup-temp-allocator-size-preload-manager=33554432"
    "memorysetup-temp-allocator-size-nav-mesh-worker=65536"
    "memorysetup-temp-allocator-size-audio-worker=65536"
    "memorysetup-temp-allocator-size-cloud-worker=32768"
    "memorysetup-temp-allocator-size-gi-baking-worker=262144"
    "memorysetup-temp-allocator-size-gfx=262144"
Player connection [30696] Host "[IP] 172.17.2.201 [Port] 0 [Flags] 2 [Guid] 1236427544 [EditorId] 1236427544 [Version] 1048832 [Id] WindowsEditor(7,GreenHealth) [Debug] 1 [PackageName] WindowsEditor [ProjectName] Editor" joined multi-casting on [225.0.0.222:54997]...

Player connection [30696] Host "[IP] 172.17.2.201 [Port] 0 [Flags] 2 [Guid] 1236427544 [EditorId] 1236427544 [Version] 1048832 [Id] WindowsEditor(7,GreenHealth) [Debug] 1 [PackageName] WindowsEditor [ProjectName] Editor" joined alternative multi-casting on [225.0.0.222:34997]...

Refreshing native plugins compatible for Editor in 160.24 ms, found 26 plugins.
Preloading 1 native plugins for Editor in 3.95 ms.
Initialize engine version: 2021.3.16f1 (4016570cf34f)
[Subsystems] Discovering subsystems at path C:/Program Files (x86)/ProjetoIntegrado_Multimedia_AndreMoreira/Unity Editors/2021.3.16f1/Editor/Data/Resources/UnitySubsystems
[Subsystems] Discovering subsystems at path D:/PC/Desktop/IP/Rep/MR_M/Assets
GfxDevice: creating device client; threaded=0; jobified=0
Direct3D:
    Version:  Direct3D 11.0 [level 11.1]
    Renderer: NVIDIA GeForce RTX 2070 SUPER (ID=0x1e84)
    Vendor:   NVIDIA
    VRAM:     8011 MB
    Driver:   27.21.14.6192
Initialize mono
Mono path[0] = 'C:/Program Files (x86)/ProjetoIntegrado_Multimedia_AndreMoreira/Unity Editors/2021.3.16f1/Editor/Data/Managed'
Mono path[1] = 'C:/Program Files (x86)/ProjetoIntegrado_Multimedia_AndreMoreira/Unity Editors/2021.3.16f1/Editor/Data/MonoBleedingEdge/lib/mono/unityjit-win32'
Mono config path = 'C:/Program Files (x86)/ProjetoIntegrado_Multimedia_AndreMoreira/Unity Editors/2021.3.16f1/Editor/Data/MonoBleedingEdge/etc'
Using monoOptions --debugger-agent=transport=dt_socket,embedding=1,server=y,suspend=n,address=127.0.0.1:56032
Begin MonoManager ReloadAssembly
Registering precompiled unity dll's ...
Register platform support module: C:/Program Files (x86)/ProjetoIntegrado_Multimedia_AndreMoreira/Unity Editors/2021.3.16f1/Editor/Data/PlaybackEngines/AndroidPlayer/UnityEditor.Android.Extensions.dll
Register platform support module: C:/Program Files (x86)/ProjetoIntegrado_Multimedia_AndreMoreira/Unity Editors/2021.3.16f1/Editor/Data/PlaybackEngines/WindowsStandaloneSupport/UnityEditor.WindowsStandalone.Extensions.dll
Register platform support module: C:/Program Files (x86)/ProjetoIntegrado_Multimedia_AndreMoreira/Unity Editors/2021.3.16f1/Editor/Data/PlaybackEngines/MetroSupport/UnityEditor.UWP.Extensions.dll
Registered in 0.009142 seconds.
Native extension for UWP target not found
Native extension for WindowsStandalone target not found
Native extension for Android target not found
Refreshing native plugins compatible for Editor in 117.78 ms, found 26 plugins.
Preloading 1 native plugins for Editor in 0.14 ms.
Mono: successfully reloaded assembly
- Completed reload, in  0.615 seconds
Domain Reload Profiling:
	ReloadAssembly (616ms)
		BeginReloadAssembly (64ms)
			ExecutionOrderSort (0ms)
			DisableScriptedObjects (0ms)
			BackupInstance (0ms)
			ReleaseScriptingObjects (0ms)
			CreateAndSetChildDomain (1ms)
		EndReloadAssembly (451ms)
			LoadAssemblies (62ms)
			RebuildTransferFunctionScriptingTraits (0ms)
			SetupTypeCache (91ms)
			ReleaseScriptCaches (0ms)
			RebuildScriptCaches (23ms)
			SetupLoadedEditorAssemblies (288ms)
				LogAssemblyErrors (0ms)
				InitializePlatformSupportModulesInManaged (48ms)
				SetLoadedEditorAssemblies (0ms)
				RefreshPlugins (118ms)
				BeforeProcessingInitializeOnLoad (1ms)
				ProcessInitializeOnLoadAttributes (84ms)
				ProcessInitializeOnLoadMethodAttributes (37ms)
				AfterProcessingInitializeOnLoad (0ms)
				EditorAssembliesLoaded (0ms)
			ExecutionOrderSort2 (0ms)
			AwakeInstancesAfterBackupRestoration (0ms)
Platform modules already initialized, skipping
Registering precompiled user dll's ...
Registered in 0.017834 seconds.
Begin MonoManager ReloadAssembly
Native extension for UWP target not found
Native extension for WindowsStandalone target not found
Native extension for Android target not found
Refreshing native plugins compatible for Editor in 114.52 ms, found 26 plugins.
Preloading 1 native plugins for Editor in 0.03 ms.
DisplayProgressbar: Restoring NuGet Packages
Added DLL directory D:\PC\Desktop\IP\Rep\MR_M\Assets\Packages\Microsoft.VCRTForwarders.140.1.0.7\Unity\x64 to the user search path.
UnityEngine.StackTraceUtility:ExtractStackTrace ()
UnityEngine.DebugLogHandler:LogFormat (UnityEngine.LogType,UnityEngine.Object,string,object[])
UnityEngine.Logger:Log (UnityEngine.LogType,object)
UnityEngine.Debug:Log (object)
InitVCRTForwarders:.cctor () (at Assets/Packages/Microsoft.VCRTForwarders.140.1.0.7/Unity/Editor/InitVCRTForwarders.cs:53)
System.Runtime.CompilerServices.RuntimeHelpers:RunClassConstructor (System.RuntimeTypeHandle)
UnityEditor.EditorAssemblies:ProcessInitializeOnLoadAttributes (System.Type[])

(Filename: Assets/Packages/Microsoft.VCRTForwarders.140.1.0.7/Unity/Editor/InitVCRTForwarders.cs Line: 53)

Package Manager log level set to [2]
Added DLL directory D:\PC\Desktop\IP\Rep\MR_M\Assets\Packages\Microsoft.MixedReality.QR.0.5.3037\Unity\x64 to the user search path.
UnityEngine.StackTraceUtility:ExtractStackTrace ()
UnityEngine.DebugLogHandler:LogFormat (UnityEngine.LogType,UnityEngine.Object,string,object[])
UnityEngine.Logger:Log (UnityEngine.LogType,object)
UnityEngine.Debug:Log (object)
Microsoft.MixedReality.QR.Init:.cctor () (at Assets/Packages/Microsoft.MixedReality.QR.0.5.3037/Unity/Editor/Microsoft.MixedReality.QR.Init.cs:60)
System.Runtime.CompilerServices.RuntimeHelpers:RunClassConstructor (System.RuntimeTypeHandle)
UnityEditor.EditorAssemblies:ProcessInitializeOnLoadAttributes (System.Type[])

(Filename: Assets/Packages/Microsoft.MixedReality.QR.0.5.3037/Unity/Editor/Microsoft.MixedReality.QR.Init.cs Line: 60)

[XR] [MROpenXR][Info   ][16:32:18.315732][tid:77e8] MeshProvider_RegisterLifecycleProvider
[XR] [MROpenXR][Info   ][16:32:18.315732][tid:77e8] MeshProvider_RegisterLifecycleProvider
[XR] [MROpenXR][Info   ][16:32:18.315806][tid:77e8] InputProvider_RegisterLifecycleProvider
[XR] [MROpenXR][Info   ][16:32:18.315806][tid:77e8] InputProvider_RegisterLifecycleProvider
[XR] Error loading subsystem: Display (1) (header mismatch?)
[XR] [MROpenXR][Info   ][16:32:18.317004][tid:77e8] OnPluginStarted UnityVersion=2021.3.16f1 OpenXRPluginVersion=1.5.3 MROpenXRPluginVersion=1.8.0.0 PartA_PrivTags=33554432
[XR] [MROpenXR][Info   ][16:32:18.317004][tid:77e8] OnPluginStarted UnityVersion=2021.3.16f1 OpenXRPluginVersion=1.5.3 MROpenXRPluginVersion=1.8.0.0 PartA_PrivTags=33554432
Mono: successfully reloaded assembly
- Completed reload, in  1.619 seconds
Domain Reload Profiling:
	ReloadAssembly (1620ms)
		BeginReloadAssembly (196ms)
			ExecutionOrderSort (0ms)
			DisableScriptedObjects (5ms)
			BackupInstance (0ms)
			ReleaseScriptingObjects (0ms)
			CreateAndSetChildDomain (117ms)
		EndReloadAssembly (1325ms)
			LoadAssemblies (88ms)
			RebuildTransferFunctionScriptingTraits (0ms)
			SetupTypeCache (264ms)
			ReleaseScriptCaches (1ms)
			RebuildScriptCaches (75ms)
			SetupLoadedEditorAssemblies (854ms)
				LogAssemblyErrors (0ms)
				InitializePlatformSupportModulesInManaged (13ms)
				SetLoadedEditorAssemblies (0ms)
				RefreshPlugins (115ms)
				BeforeProcessingInitializeOnLoad (126ms)
				ProcessInitializeOnLoadAttributes (535ms)
				ProcessInitializeOnLoadMethodAttributes (57ms)
				AfterProcessingInitializeOnLoad (9ms)
				EditorAssembliesLoaded (0ms)
			ExecutionOrderSort2 (0ms)
			AwakeInstancesAfterBackupRestoration (4ms)
Platform modules already initialized, skipping
========================================================================
Worker process is ready to serve import requests
Launched and connected shader compiler UnityShaderCompiler.exe after 0.04 seconds
Refreshing native plugins compatible for Editor in 2.16 ms, found 26 plugins.
Preloading 1 native plugins for Editor in 0.03 ms.
Unloading 7040 Unused Serialized files (Serialized files now loaded: 0)
Unloading 251 unused Assets / (196.1 KB). Loaded Objects now: 7359.
Memory consumption went from 273.5 MB to 273.3 MB.
Total: 3.909100 ms (FindLiveObjects: 0.503800 ms CreateObjectMapping: 0.516100 ms MarkObjects: 2.711900 ms  DeleteObjects: 0.176400 ms)

AssetImportParameters requested are different than current active one (requested -> active):
  custom:video-decoder-ogg-theora: a1e56fd34408186e4bbccfd4996cb3dc -> 
  custom:container-muxer-webm: aa71ff27fc2769a1b78a27578f13a17b -> 
  custom:container-demuxer-webm: 4f35f7cbe854078d1ac9338744f61a02 -> 
  custom:video-encoder-webm-vp8: eb34c28f22e8b96e1ab97ce403110664 -> 
  custom:audio-encoder-webm-vorbis: bf7c407c2cedff20999df2af8eb42d56 -> 
  custom:framework-win-MediaFoundation: 216162199b28c13a410421893ffa2e32 -> 
  custom:container-demuxer-ogg: 62fdf1f143b41e24485cea50d1cbac27 -> 
  custom:video-decoder-webm-vp8: 9c59270c3fd7afecdb556c50c9e8de78 -> 
  custom:audio-decoder-ogg-vorbis: bf7c407c2cedff20999df2af8eb42d56 -> 
========================================================================
Received Import Request.
  Time since last request: 438099.086296 seconds.
  path: Assets/UnityProject/Sprites/EMOTIC Icons/Anger.png
  artifactKey: Guid(be74b6984e65a2e419010137390912dd) Importer(815301076,1909f56bfc062723c751e8b465ee728b)
Start importing Assets/UnityProject/Sprites/EMOTIC Icons/Anger.png using Guid(be74b6984e65a2e419010137390912dd) Importer(815301076,1909f56bfc062723c751e8b465ee728b)  -> (artifact id: '852e91b49119a1a0628a543f9cf7f86c') in 0.064251 seconds 
========================================================================
Received Import Request.
  Time since last request: 0.000025 seconds.
  path: Assets/UnityProject/Sprites/EMOTIC Icons/Sympathy.png
  artifactKey: Guid(0c35bed25bcf3864bb902b8f1350a8e5) Importer(815301076,1909f56bfc062723c751e8b465ee728b)
Start importing Assets/UnityProject/Sprites/EMOTIC Icons/Sympathy.png using Guid(0c35bed25bcf3864bb902b8f1350a8e5) Importer(815301076,1909f56bfc062723c751e8b465ee728b)  -> (artifact id: '442c481f9f4894d185f8ccec2bbe5633') in 0.010853 seconds 
========================================================================
Received Import Request.
  Time since last request: 0.000031 seconds.
  path: Assets/UnityProject/Sprites/EMOTIC Icons/Fatigue.png
  artifactKey: Guid(903d7054808b643488b2fd21d32bf954) Importer(815301076,1909f56bfc062723c751e8b465ee728b)
Start importing Assets/UnityProject/Sprites/EMOTIC Icons/Fatigue.png using Guid(903d7054808b643488b2fd21d32bf954) Importer(815301076,1909f56bfc062723c751e8b465ee728b)  -> (artifact id: 'c87c3b3f1c3d2ab7f4f31536c02759bf') in 0.010659 seconds 
========================================================================
Received Import Request.
  Time since last request: 0.000023 seconds.
  path: Assets/UnityProject/Sprites/EMOTIC Icons/Aversion.png
  artifactKey: Guid(ff862e86826d13b4db9ef235b7882aa3) Importer(815301076,1909f56bfc062723c751e8b465ee728b)
Start importing Assets/UnityProject/Sprites/EMOTIC Icons/Aversion.png using Guid(ff862e86826d13b4db9ef235b7882aa3) Importer(815301076,1909f56bfc062723c751e8b465ee728b)  -> (artifact id: '087a6c85307bc8db406ce02dcdbab505') in 0.010658 seconds 
========================================================================
Received Import Request.
  Time since last request: 0.000043 seconds.
  path: Assets/UnityProject/Sprites/EMOTIC Icons/Esteem.png
  artifactKey: Guid(17319e07580a03d4cabb9eb3e876b509) Importer(815301076,1909f56bfc062723c751e8b465ee728b)
Start importing Assets/UnityProject/Sprites/EMOTIC Icons/Esteem.png using Guid(17319e07580a03d4cabb9eb3e876b509) Importer(815301076,1909f56bfc062723c751e8b465ee728b)  -> (artifact id: 'cb6ecaa066ec5b6c528fdc48d39f99da') in 0.009773 seconds 
========================================================================
Received Import Request.
  Time since last request: 0.000041 seconds.
  path: Assets/UnityProject/Sprites/EMOTIC Icons/Pleasure.png
  artifactKey: Guid(a6ffb64fbe9092141b3b2e45a3b6615f) Importer(815301076,1909f56bfc062723c751e8b465ee728b)
Start importing Assets/UnityProject/Sprites/EMOTIC Icons/Pleasure.png using Guid(a6ffb64fbe9092141b3b2e45a3b6615f) Importer(815301076,1909f56bfc062723c751e8b465ee728b)  -> (artifact id: '9a9a3176ad8ebb05aac648f686657010') in 0.009650 seconds 
========================================================================
Received Import Request.
  Time since last request: 0.000028 seconds.
  path: Assets/UnityProject/Sprites/EMOTIC Icons/Excitement.png
  artifactKey: Guid(4713071da74d5c8478100468ce68244f) Importer(815301076,1909f56bfc062723c751e8b465ee728b)
Start importing Assets/UnityProject/Sprites/EMOTIC Icons/Excitement.png using Guid(4713071da74d5c8478100468ce68244f) Importer(815301076,1909f56bfc062723c751e8b465ee728b)  -> (artifact id: 'd8c220b88d0a97b739a64643381ac84e') in 0.011870 seconds 
========================================================================
Received Import Request.
  Time since last request: 0.000027 seconds.
  path: Assets/UnityProject/Sprites/EMOTIC Icons/Sensivity.png
  artifactKey: Guid(f24c5a35225c35e419083aa811dedf08) Importer(815301076,1909f56bfc062723c751e8b465ee728b)
Start importing Assets/UnityProject/Sprites/EMOTIC Icons/Sensivity.png using Guid(f24c5a35225c35e419083aa811dedf08) Importer(815301076,1909f56bfc062723c751e8b465ee728b)  -> (artifact id: 'b28d0830b494a119c825c5be82974332') in 0.009941 seconds 
========================================================================
Received Import Request.
  Time since last request: 0.000030 seconds.
  path: Assets/UnityProject/Sprites/EMOTIC Icons/Disquietment.png
  artifactKey: Guid(b41bc0c1cc3d4574a95c88a394d214bf) Importer(815301076,1909f56bfc062723c751e8b465ee728b)
Start importing Assets/UnityProject/Sprites/EMOTIC Icons/Disquietment.png using Guid(b41bc0c1cc3d4574a95c88a394d214bf) Importer(815301076,1909f56bfc062723c751e8b465ee728b)  -> (artifact id: '1a4c8cae334a25d72751f92095b1cf36') in 0.010082 seconds 
========================================================================
Received Import Request.
  Time since last request: 0.000029 seconds.
  path: Assets/UnityProject/Sprites/EMOTIC Icons/Disconnection.png
  artifactKey: Guid(2c4535e7ee5c31645a03caeccb946187) Importer(815301076,1909f56bfc062723c751e8b465ee728b)
Start importing Assets/UnityProject/Sprites/EMOTIC Icons/Disconnection.png using Guid(2c4535e7ee5c31645a03caeccb946187) Importer(815301076,1909f56bfc062723c751e8b465ee728b)  -> (artifact id: 'd7a2c951785eced2fb344944ad3a05e5') in 0.010530 seconds 
========================================================================
Received Import Request.
  Time since last request: 0.000021 seconds.
  path: Assets/UnityProject/Sprites/EMOTIC Icons/Doub-Confusion.png
  artifactKey: Guid(e39608a6616b0c247b47c7c736af8d83) Importer(815301076,1909f56bfc062723c751e8b465ee728b)
Start importing Assets/UnityProject/Sprites/EMOTIC Icons/Doub-Confusion.png using Guid(e39608a6616b0c247b47c7c736af8d83) Importer(815301076,1909f56bfc062723c751e8b465ee728b)  -> (artifact id: 'ce6be21357f05e14d144fac1269fa6d9') in 0.010986 seconds 
========================================================================
Received Import Request.
  Time since last request: 0.000022 seconds.
  path: Assets/UnityProject/Sprites/EMOTIC Icons/Happiness.png
  artifactKey: Guid(ef5a41a3fe17b854cadd4a76e9dcd85e) Importer(815301076,1909f56bfc062723c751e8b465ee728b)
Start importing Assets/UnityProject/Sprites/EMOTIC Icons/Happiness.png using Guid(ef5a41a3fe17b854cadd4a76e9dcd85e) Importer(815301076,1909f56bfc062723c751e8b465ee728b)  -> (artifact id: 'd3ad6625fab03a6f7b62d6bd35109036') in 0.009445 seconds 
========================================================================
Received Import Request.
  Time since last request: 0.000033 seconds.
  path: Assets/UnityProject/Sprites/EMOTIC Icons/Suffering.png
  artifactKey: Guid(0cc2b7baba7f2324ab9d63fa05b1b2bf) Importer(815301076,1909f56bfc062723c751e8b465ee728b)
Start importing Assets/UnityProject/Sprites/EMOTIC Icons/Suffering.png using Guid(0cc2b7baba7f2324ab9d63fa05b1b2bf) Importer(815301076,1909f56bfc062723c751e8b465ee728b)  -> (artifact id: '449ddade6b8edadd03fda97f20bbf1c1') in 0.008081 seconds 
========================================================================
Received Import Request.
  Time since last request: 15.445405 seconds.
  path: Assets/UnityProject/Sprites/EMOTIC Icons/Annoyance.png
  artifactKey: Guid(97e9f8ac40abe1d42bf4ccf193003836) Importer(815301076,1909f56bfc062723c751e8b465ee728b)
Start importing Assets/UnityProject/Sprites/EMOTIC Icons/Annoyance.png using Guid(97e9f8ac40abe1d42bf4ccf193003836) Importer(815301076,1909f56bfc062723c751e8b465ee728b)  -> (artifact id: '8330efd270906809dd8835ffb8d4045e') in 0.063346 seconds 
========================================================================
Received Import Request.
  Time since last request: 0.000032 seconds.
  path: Assets/UnityProject/Sprites/EMOTIC Icons/Peace.png
  artifactKey: Guid(a6f02c88dc019244cacd9843f2956b53) Importer(815301076,1909f56bfc062723c751e8b465ee728b)
Start importing Assets/UnityProject/Sprites/EMOTIC Icons/Peace.png using Guid(a6f02c88dc019244cacd9843f2956b53) Importer(815301076,1909f56bfc062723c751e8b465ee728b)  -> (artifact id: 'a82136d263e797c38f583a53493b9612') in 0.025380 seconds 
========================================================================
Received Import Request.
  Time since last request: 0.000035 seconds.
  path: Assets/UnityProject/Sprites/EMOTIC Icons/Engagement.png
  artifactKey: Guid(0da26fd496d51424990cb6c2c448b04c) Importer(815301076,1909f56bfc062723c751e8b465ee728b)
Start importing Assets/UnityProject/Sprites/EMOTIC Icons/Engagement.png using Guid(0da26fd496d51424990cb6c2c448b04c) Importer(815301076,1909f56bfc062723c751e8b465ee728b)  -> (artifact id: '907cadcd0a15f648e3cbcbb5e2c5f999') in 0.023543 seconds 
========================================================================
Received Import Request.
  Time since last request: 0.000029 seconds.
  path: Assets/UnityProject/Sprites/EMOTIC Icons/Surprise.png
  artifactKey: Guid(695c1510097a7ab40b5a2053f4726704) Importer(815301076,1909f56bfc062723c751e8b465ee728b)
Start importing Assets/UnityProject/Sprites/EMOTIC Icons/Surprise.png using Guid(695c1510097a7ab40b5a2053f4726704) Importer(815301076,1909f56bfc062723c751e8b465ee728b)  -> (artifact id: '90f53e3ff7f59dcc6910af3712c8684c') in 0.019867 seconds 
========================================================================
Received Import Request.
  Time since last request: 0.000022 seconds.
  path: Assets/UnityProject/Sprites/EMOTIC Icons/Sadness.png
  artifactKey: Guid(61b54c23b14d35542a943e8fa9738c16) Importer(815301076,1909f56bfc062723c751e8b465ee728b)
Start importing Assets/UnityProject/Sprites/EMOTIC Icons/Sadness.png using Guid(61b54c23b14d35542a943e8fa9738c16) Importer(815301076,1909f56bfc062723c751e8b465ee728b)  -> (artifact id: '8400294354c38af318068290f5ac7629') in 0.021437 seconds 
========================================================================
Received Import Request.
  Time since last request: 0.000027 seconds.
  path: Assets/UnityProject/Sprites/EMOTIC Icons/Disquietment.png
  artifactKey: Guid(b41bc0c1cc3d4574a95c88a394d214bf) Importer(815301076,1909f56bfc062723c751e8b465ee728b)
Start importing Assets/UnityProject/Sprites/EMOTIC Icons/Disquietment.png using Guid(b41bc0c1cc3d4574a95c88a394d214bf) Importer(815301076,1909f56bfc062723c751e8b465ee728b)  -> (artifact id: '97b8f9c3687f0ef323315b4648f36c9c') in 0.028819 seconds 
========================================================================
Received Import Request.
  Time since last request: 0.000033 seconds.
  path: Assets/UnityProject/Sprites/EMOTIC Icons/Doub-Confusion.png
  artifactKey: Guid(e39608a6616b0c247b47c7c736af8d83) Importer(815301076,1909f56bfc062723c751e8b465ee728b)
Start importing Assets/UnityProject/Sprites/EMOTIC Icons/Doub-Confusion.png using Guid(e39608a6616b0c247b47c7c736af8d83) Importer(815301076,1909f56bfc062723c751e8b465ee728b)  -> (artifact id: '87c95dd9c4d2d3071ad1fd709d60f6ad') in 0.018568 seconds 
========================================================================
Received Import Request.
  Time since last request: 6.343569 seconds.
  path: Assets/UnityProject/Materials/MR UI/Emotions/mt_annoyance.mat
  artifactKey: Guid(b50b5a009ecb5e54ea2a3aec10ed8866) Importer(815301076,1909f56bfc062723c751e8b465ee728b)
Start importing Assets/UnityProject/Materials/MR UI/Emotions/mt_annoyance.mat using Guid(b50b5a009ecb5e54ea2a3aec10ed8866) Importer(815301076,1909f56bfc062723c751e8b465ee728b)  -> (artifact id: 'b60070005266282c48b4d373d83ff8e9') in 0.143938 seconds 
========================================================================
Received Import Request.
  Time since last request: 0.000024 seconds.
  path: Assets/UnityProject/Materials/MR UI/Emotions/mt_confidence.mat
  artifactKey: Guid(75955bade66ca3645aeb6153a2d2cd38) Importer(815301076,1909f56bfc062723c751e8b465ee728b)
Start importing Assets/UnityProject/Materials/MR UI/Emotions/mt_confidence.mat using Guid(75955bade66ca3645aeb6153a2d2cd38) Importer(815301076,1909f56bfc062723c751e8b465ee728b)  -> (artifact id: '6736e18ab044b8b4bacf635d86646c1a') in 0.037416 seconds 
========================================================================
Received Import Request.
  Time since last request: 2.330502 seconds.
  path: Assets/UnityProject/Materials/MR UI/Emotions/mt_peace.mat
  artifactKey: Guid(2c7544b60e3d03648b35033f1fece984) Importer(815301076,1909f56bfc062723c751e8b465ee728b)
Start importing Assets/UnityProject/Materials/MR UI/Emotions/mt_peace.mat using Guid(2c7544b60e3d03648b35033f1fece984) Importer(815301076,1909f56bfc062723c751e8b465ee728b)  -> (artifact id: '1ae68042a16c11e4031e0ae832714dae') in 0.012546 seconds 
========================================================================
Received Prepare
Registering precompiled user dll's ...
Registered in 0.017672 seconds.
Begin MonoManager ReloadAssembly
Native extension for UWP target not found
Native extension for WindowsStandalone target not found
Native extension for Android target not found
Refreshing native plugins compatible for Editor in 2.27 ms, found 26 plugins.
Preloading 1 native plugins for Editor in 0.03 ms.
Mono: successfully reloaded assembly
- Completed reload, in  1.134 seconds
Domain Reload Profiling:
	ReloadAssembly (1135ms)
		BeginReloadAssembly (136ms)
			ExecutionOrderSort (0ms)
			DisableScriptedObjects (3ms)
			BackupInstance (0ms)
			ReleaseScriptingObjects (0ms)
			CreateAndSetChildDomain (40ms)
		EndReloadAssembly (906ms)
			LoadAssemblies (94ms)
			RebuildTransferFunctionScriptingTraits (0ms)
			SetupTypeCache (259ms)
			ReleaseScriptCaches (1ms)
			RebuildScriptCaches (41ms)
			SetupLoadedEditorAssemblies (455ms)
				LogAssemblyErrors (0ms)
				InitializePlatformSupportModulesInManaged (19ms)
				SetLoadedEditorAssemblies (0ms)
				RefreshPlugins (2ms)
				BeforeProcessingInitializeOnLoad (79ms)
				ProcessInitializeOnLoadAttributes (301ms)
				ProcessInitializeOnLoadMethodAttributes (44ms)
				AfterProcessingInitializeOnLoad (9ms)
				EditorAssembliesLoaded (0ms)
			ExecutionOrderSort2 (0ms)
			AwakeInstancesAfterBackupRestoration (8ms)
Platform modules already initialized, skipping
Refreshing native plugins compatible for Editor in 23.57 ms, found 26 plugins.
Preloading 1 native plugins for Editor in 0.03 ms.
Unloading 6971 Unused Serialized files (Serialized files now loaded: 0)
Unloading 242 unused Assets / (164.3 KB). Loaded Objects now: 7423.
Memory consumption went from 272.6 MB to 272.5 MB.
Total: 3.679700 ms (FindLiveObjects: 0.514400 ms CreateObjectMapping: 0.535000 ms MarkObjects: 2.456000 ms  DeleteObjects: 0.173500 ms)

AssetImportParameters requested are different than current active one (requested -> active):
  custom:video-decoder-ogg-theora: a1e56fd34408186e4bbccfd4996cb3dc -> 
  custom:container-muxer-webm: aa71ff27fc2769a1b78a27578f13a17b -> 
  custom:container-demuxer-webm: 4f35f7cbe854078d1ac9338744f61a02 -> 
  custom:video-encoder-webm-vp8: eb34c28f22e8b96e1ab97ce403110664 -> 
  custom:audio-encoder-webm-vorbis: bf7c407c2cedff20999df2af8eb42d56 -> 
  custom:framework-win-MediaFoundation: 216162199b28c13a410421893ffa2e32 -> 
  custom:container-demuxer-ogg: 62fdf1f143b41e24485cea50d1cbac27 -> 
  custom:video-decoder-webm-vp8: 9c59270c3fd7afecdb556c50c9e8de78 -> 
  custom:audio-decoder-ogg-vorbis: bf7c407c2cedff20999df2af8eb42d56 -> 
========================================================================
Received Prepare
Registering precompiled user dll's ...
Registered in 0.017523 seconds.
Begin MonoManager ReloadAssembly
Native extension for UWP target not found
Native extension for WindowsStandalone target not found
Native extension for Android target not found
Refreshing native plugins compatible for Editor in 2.21 ms, found 26 plugins.
Preloading 1 native plugins for Editor in 0.03 ms.
Mono: successfully reloaded assembly
- Completed reload, in  1.061 seconds
Domain Reload Profiling:
	ReloadAssembly (1062ms)
		BeginReloadAssembly (126ms)
			ExecutionOrderSort (0ms)
			DisableScriptedObjects (4ms)
			BackupInstance (0ms)
			ReleaseScriptingObjects (0ms)
			CreateAndSetChildDomain (37ms)
		EndReloadAssembly (851ms)
			LoadAssemblies (87ms)
			RebuildTransferFunctionScriptingTraits (0ms)
			SetupTypeCache (243ms)
			ReleaseScriptCaches (1ms)
			RebuildScriptCaches (38ms)
			SetupLoadedEditorAssemblies (421ms)
				LogAssemblyErrors (0ms)
				InitializePlatformSupportModulesInManaged (19ms)
				SetLoadedEditorAssemblies (0ms)
				RefreshPlugins (2ms)
				BeforeProcessingInitializeOnLoad (71ms)
				ProcessInitializeOnLoadAttributes (278ms)
				ProcessInitializeOnLoadMethodAttributes (41ms)
				AfterProcessingInitializeOnLoad (9ms)
				EditorAssembliesLoaded (0ms)
			ExecutionOrderSort2 (0ms)
			AwakeInstancesAfterBackupRestoration (7ms)
Platform modules already initialized, skipping
Refreshing native plugins compatible for Editor in 23.04 ms, found 26 plugins.
Preloading 1 native plugins for Editor in 0.03 ms.
Unloading 6971 Unused Serialized files (Serialized files now loaded: 0)
Unloading 242 unused Assets / (179.7 KB). Loaded Objects now: 7427.
Memory consumption went from 272.6 MB to 272.5 MB.
Total: 3.473200 ms (FindLiveObjects: 0.488000 ms CreateObjectMapping: 0.502000 ms MarkObjects: 2.314000 ms  DeleteObjects: 0.168500 ms)

AssetImportParameters requested are different than current active one (requested -> active):
  custom:video-decoder-ogg-theora: a1e56fd34408186e4bbccfd4996cb3dc -> 
  custom:container-muxer-webm: aa71ff27fc2769a1b78a27578f13a17b -> 
  custom:container-demuxer-webm: 4f35f7cbe854078d1ac9338744f61a02 -> 
  custom:video-encoder-webm-vp8: eb34c28f22e8b96e1ab97ce403110664 -> 
  custom:audio-encoder-webm-vorbis: bf7c407c2cedff20999df2af8eb42d56 -> 
  custom:framework-win-MediaFoundation: 216162199b28c13a410421893ffa2e32 -> 
  custom:container-demuxer-ogg: 62fdf1f143b41e24485cea50d1cbac27 -> 
  custom:video-decoder-webm-vp8: 9c59270c3fd7afecdb556c50c9e8de78 -> 
  custom:audio-decoder-ogg-vorbis: bf7c407c2cedff20999df2af8eb42d56 -> 
========================================================================
Received Prepare
Registering precompiled user dll's ...
Registered in 0.018971 seconds.
Begin MonoManager ReloadAssembly
Native extension for UWP target not found
Native extension for WindowsStandalone target not found
Native extension for Android target not found
Refreshing native plugins compatible for Editor in 3.71 ms, found 26 plugins.
Preloading 1 native plugins for Editor in 0.04 ms.
Mono: successfully reloaded assembly
- Completed reload, in  1.086 seconds
Domain Reload Profiling:
	ReloadAssembly (1087ms)
		BeginReloadAssembly (132ms)
			ExecutionOrderSort (0ms)
			DisableScriptedObjects (4ms)
			BackupInstance (0ms)
			ReleaseScriptingObjects (0ms)
			CreateAndSetChildDomain (37ms)
		EndReloadAssembly (865ms)
			LoadAssemblies (97ms)
			RebuildTransferFunctionScriptingTraits (0ms)
			SetupTypeCache (251ms)
			ReleaseScriptCaches (1ms)
			RebuildScriptCaches (38ms)
			SetupLoadedEditorAssemblies (425ms)
				LogAssemblyErrors (0ms)
				InitializePlatformSupportModulesInManaged (18ms)
				SetLoadedEditorAssemblies (1ms)
				RefreshPlugins (4ms)
				BeforeProcessingInitializeOnLoad (70ms)
				ProcessInitializeOnLoadAttributes (278ms)
				ProcessInitializeOnLoadMethodAttributes (45ms)
				AfterProcessingInitializeOnLoad (9ms)
				EditorAssembliesLoaded (0ms)
			ExecutionOrderSort2 (0ms)
			AwakeInstancesAfterBackupRestoration (6ms)
Platform modules already initialized, skipping
Refreshing native plugins compatible for Editor in 21.31 ms, found 26 plugins.
Preloading 1 native plugins for Editor in 0.03 ms.
Unloading 6971 Unused Serialized files (Serialized files now loaded: 0)
Unloading 242 unused Assets / (171.8 KB). Loaded Objects now: 7431.
Memory consumption went from 272.7 MB to 272.5 MB.
Total: 3.741100 ms (FindLiveObjects: 0.480200 ms CreateObjectMapping: 0.479500 ms MarkObjects: 2.618000 ms  DeleteObjects: 0.162400 ms)

AssetImportParameters requested are different than current active one (requested -> active):
  custom:video-decoder-ogg-theora: a1e56fd34408186e4bbccfd4996cb3dc -> 
  custom:container-muxer-webm: aa71ff27fc2769a1b78a27578f13a17b -> 
  custom:container-demuxer-webm: 4f35f7cbe854078d1ac9338744f61a02 -> 
  custom:video-encoder-webm-vp8: eb34c28f22e8b96e1ab97ce403110664 -> 
  custom:audio-encoder-webm-vorbis: bf7c407c2cedff20999df2af8eb42d56 -> 
  custom:framework-win-MediaFoundation: 216162199b28c13a410421893ffa2e32 -> 
  custom:container-demuxer-ogg: 62fdf1f143b41e24485cea50d1cbac27 -> 
  custom:video-decoder-webm-vp8: 9c59270c3fd7afecdb556c50c9e8de78 -> 
  custom:audio-decoder-ogg-vorbis: bf7c407c2cedff20999df2af8eb42d56 -> 
