Using pre-set license
Built from '2021.3/staging' branch; Version is '2021.3.16f1 (4016570cf34f) revision 4200023'; Using compiler version '192829333'; Build Type 'Release'
OS: 'Windows 10  (10.0.19044) 64bit Core' Language: 'en' Physical Memory: 32678 MB
BatchMode: 1, IsHumanControllingUs: 0, StartBugReporterOnCrash: 0, Is64bit: 1, IsPro: 1

COMMAND LINE ARGUMENTS:
C:\Program Files (x86)\ProjetoIntegrado_Multimedia_AndreMoreira\Unity Editors\2021.3.16f1\Editor\Unity.exe
-adb2
-batchMode
-noUpm
-name
AssetImportWorker22
-projectPath
D:/PC/Desktop/IP/Rep/MR_M
-logFile
Logs/AssetImportWorker22.log
-srvPort
55265
Successfully changed project path to: D:/PC/Desktop/IP/Rep/MR_M
D:/PC/Desktop/IP/Rep/MR_M
[UnityMemory] Configuration Parameters - Can be set up in boot.config
    "memorysetup-bucket-allocator-granularity=16"
    "memorysetup-bucket-allocator-bucket-count=8"
    "memorysetup-bucket-allocator-block-size=33554432"
    "memorysetup-bucket-allocator-block-count=8"
    "memorysetup-main-allocator-block-size=16777216"
    "memorysetup-thread-allocator-block-size=16777216"
    "memorysetup-gfx-main-allocator-block-size=16777216"
    "memorysetup-gfx-thread-allocator-block-size=16777216"
    "memorysetup-cache-allocator-block-size=4194304"
    "memorysetup-typetree-allocator-block-size=2097152"
    "memorysetup-profiler-bucket-allocator-granularity=16"
    "memorysetup-profiler-bucket-allocator-bucket-count=8"
    "memorysetup-profiler-bucket-allocator-block-size=33554432"
    "memorysetup-profiler-bucket-allocator-block-count=8"
    "memorysetup-profiler-allocator-block-size=16777216"
    "memorysetup-profiler-editor-allocator-block-size=1048576"
    "memorysetup-temp-allocator-size-main=16777216"
    "memorysetup-job-temp-allocator-block-size=2097152"
    "memorysetup-job-temp-allocator-block-size-background=1048576"
    "memorysetup-job-temp-allocator-reduction-small-platforms=262144"
    "memorysetup-temp-allocator-size-background-worker=32768"
    "memorysetup-temp-allocator-size-job-worker=262144"
    "memorysetup-temp-allocator-size-preload-manager=33554432"
    "memorysetup-temp-allocator-size-nav-mesh-worker=65536"
    "memorysetup-temp-allocator-size-audio-worker=65536"
    "memorysetup-temp-allocator-size-cloud-worker=32768"
    "memorysetup-temp-allocator-size-gi-baking-worker=262144"
    "memorysetup-temp-allocator-size-gfx=262144"
Player connection [9264] Host "[IP] 172.17.2.201 [Port] 0 [Flags] 2 [Guid] 1263658408 [EditorId] 1263658408 [Version] 1048832 [Id] WindowsEditor(7,GreenHealth) [Debug] 1 [PackageName] WindowsEditor [ProjectName] Editor" joined multi-casting on [225.0.0.222:54997]...

Player connection [9264] Host "[IP] 172.17.2.201 [Port] 0 [Flags] 2 [Guid] 1263658408 [EditorId] 1263658408 [Version] 1048832 [Id] WindowsEditor(7,GreenHealth) [Debug] 1 [PackageName] WindowsEditor [ProjectName] Editor" joined alternative multi-casting on [225.0.0.222:34997]...

Refreshing native plugins compatible for Editor in 158.12 ms, found 26 plugins.
Preloading 1 native plugins for Editor in 4.30 ms.
Initialize engine version: 2021.3.16f1 (4016570cf34f)
[Subsystems] Discovering subsystems at path C:/Program Files (x86)/ProjetoIntegrado_Multimedia_AndreMoreira/Unity Editors/2021.3.16f1/Editor/Data/Resources/UnitySubsystems
[Subsystems] Discovering subsystems at path D:/PC/Desktop/IP/Rep/MR_M/Assets
GfxDevice: creating device client; threaded=0; jobified=0
Direct3D:
    Version:  Direct3D 11.0 [level 11.1]
    Renderer: NVIDIA GeForce RTX 2070 SUPER (ID=0x1e84)
    Vendor:   NVIDIA
    VRAM:     8011 MB
    Driver:   27.21.14.6192
Initialize mono
Mono path[0] = 'C:/Program Files (x86)/ProjetoIntegrado_Multimedia_AndreMoreira/Unity Editors/2021.3.16f1/Editor/Data/Managed'
Mono path[1] = 'C:/Program Files (x86)/ProjetoIntegrado_Multimedia_AndreMoreira/Unity Editors/2021.3.16f1/Editor/Data/MonoBleedingEdge/lib/mono/unityjit-win32'
Mono config path = 'C:/Program Files (x86)/ProjetoIntegrado_Multimedia_AndreMoreira/Unity Editors/2021.3.16f1/Editor/Data/MonoBleedingEdge/etc'
Using monoOptions --debugger-agent=transport=dt_socket,embedding=1,server=y,suspend=n,address=127.0.0.1:56456
Begin MonoManager ReloadAssembly
Registering precompiled unity dll's ...
Register platform support module: C:/Program Files (x86)/ProjetoIntegrado_Multimedia_AndreMoreira/Unity Editors/2021.3.16f1/Editor/Data/PlaybackEngines/AndroidPlayer/UnityEditor.Android.Extensions.dll
Register platform support module: C:/Program Files (x86)/ProjetoIntegrado_Multimedia_AndreMoreira/Unity Editors/2021.3.16f1/Editor/Data/PlaybackEngines/WindowsStandaloneSupport/UnityEditor.WindowsStandalone.Extensions.dll
Register platform support module: C:/Program Files (x86)/ProjetoIntegrado_Multimedia_AndreMoreira/Unity Editors/2021.3.16f1/Editor/Data/PlaybackEngines/MetroSupport/UnityEditor.UWP.Extensions.dll
Registered in 0.008766 seconds.
Native extension for UWP target not found
Native extension for WindowsStandalone target not found
Native extension for Android target not found
Refreshing native plugins compatible for Editor in 118.46 ms, found 26 plugins.
Preloading 1 native plugins for Editor in 0.12 ms.
Mono: successfully reloaded assembly
- Completed reload, in  0.617 seconds
Domain Reload Profiling:
	ReloadAssembly (617ms)
		BeginReloadAssembly (66ms)
			ExecutionOrderSort (0ms)
			DisableScriptedObjects (0ms)
			BackupInstance (0ms)
			ReleaseScriptingObjects (0ms)
			CreateAndSetChildDomain (1ms)
		EndReloadAssembly (451ms)
			LoadAssemblies (64ms)
			RebuildTransferFunctionScriptingTraits (0ms)
			SetupTypeCache (90ms)
			ReleaseScriptCaches (0ms)
			RebuildScriptCaches (23ms)
			SetupLoadedEditorAssemblies (289ms)
				LogAssemblyErrors (0ms)
				InitializePlatformSupportModulesInManaged (49ms)
				SetLoadedEditorAssemblies (0ms)
				RefreshPlugins (119ms)
				BeforeProcessingInitializeOnLoad (1ms)
				ProcessInitializeOnLoadAttributes (84ms)
				ProcessInitializeOnLoadMethodAttributes (37ms)
				AfterProcessingInitializeOnLoad (0ms)
				EditorAssembliesLoaded (0ms)
			ExecutionOrderSort2 (0ms)
			AwakeInstancesAfterBackupRestoration (0ms)
Platform modules already initialized, skipping
Registering precompiled user dll's ...
Registered in 0.017712 seconds.
Begin MonoManager ReloadAssembly
Native extension for UWP target not found
Native extension for WindowsStandalone target not found
Native extension for Android target not found
Refreshing native plugins compatible for Editor in 113.52 ms, found 26 plugins.
Preloading 1 native plugins for Editor in 0.03 ms.
DisplayProgressbar: Restoring NuGet Packages
Added DLL directory D:\PC\Desktop\IP\Rep\MR_M\Assets\Packages\Microsoft.VCRTForwarders.140.1.0.7\Unity\x64 to the user search path.
UnityEngine.StackTraceUtility:ExtractStackTrace ()
UnityEngine.DebugLogHandler:LogFormat (UnityEngine.LogType,UnityEngine.Object,string,object[])
UnityEngine.Logger:Log (UnityEngine.LogType,object)
UnityEngine.Debug:Log (object)
InitVCRTForwarders:.cctor () (at Assets/Packages/Microsoft.VCRTForwarders.140.1.0.7/Unity/Editor/InitVCRTForwarders.cs:53)
System.Runtime.CompilerServices.RuntimeHelpers:RunClassConstructor (System.RuntimeTypeHandle)
UnityEditor.EditorAssemblies:ProcessInitializeOnLoadAttributes (System.Type[])

(Filename: Assets/Packages/Microsoft.VCRTForwarders.140.1.0.7/Unity/Editor/InitVCRTForwarders.cs Line: 53)

Package Manager log level set to [2]
Added DLL directory D:\PC\Desktop\IP\Rep\MR_M\Assets\Packages\Microsoft.MixedReality.QR.0.5.3037\Unity\x64 to the user search path.
UnityEngine.StackTraceUtility:ExtractStackTrace ()
UnityEngine.DebugLogHandler:LogFormat (UnityEngine.LogType,UnityEngine.Object,string,object[])
UnityEngine.Logger:Log (UnityEngine.LogType,object)
UnityEngine.Debug:Log (object)
Microsoft.MixedReality.QR.Init:.cctor () (at Assets/Packages/Microsoft.MixedReality.QR.0.5.3037/Unity/Editor/Microsoft.MixedReality.QR.Init.cs:60)
System.Runtime.CompilerServices.RuntimeHelpers:RunClassConstructor (System.RuntimeTypeHandle)
UnityEditor.EditorAssemblies:ProcessInitializeOnLoadAttributes (System.Type[])

(Filename: Assets/Packages/Microsoft.MixedReality.QR.0.5.3037/Unity/Editor/Microsoft.MixedReality.QR.Init.cs Line: 60)

[XR] [MROpenXR][Info   ][16:32:18.315732][tid:2430] MeshProvider_RegisterLifecycleProvider
[XR] [MROpenXR][Info   ][16:32:18.315732][tid:2430] MeshProvider_RegisterLifecycleProvider
[XR] [MROpenXR][Info   ][16:32:18.315798][tid:2430] InputProvider_RegisterLifecycleProvider
[XR] [MROpenXR][Info   ][16:32:18.315798][tid:2430] InputProvider_RegisterLifecycleProvider
[XR] Error loading subsystem: Display (1) (header mismatch?)
[XR] [MROpenXR][Info   ][16:32:18.317005][tid:2430] OnPluginStarted UnityVersion=2021.3.16f1 OpenXRPluginVersion=1.5.3 MROpenXRPluginVersion=1.8.0.0 PartA_PrivTags=33554432
[XR] [MROpenXR][Info   ][16:32:18.317005][tid:2430] OnPluginStarted UnityVersion=2021.3.16f1 OpenXRPluginVersion=1.5.3 MROpenXRPluginVersion=1.8.0.0 PartA_PrivTags=33554432
Mono: successfully reloaded assembly
- Completed reload, in  1.619 seconds
Domain Reload Profiling:
	ReloadAssembly (1620ms)
		BeginReloadAssembly (209ms)
			ExecutionOrderSort (0ms)
			DisableScriptedObjects (5ms)
			BackupInstance (0ms)
			ReleaseScriptingObjects (0ms)
			CreateAndSetChildDomain (128ms)
		EndReloadAssembly (1313ms)
			LoadAssemblies (87ms)
			RebuildTransferFunctionScriptingTraits (0ms)
			SetupTypeCache (260ms)
			ReleaseScriptCaches (1ms)
			RebuildScriptCaches (74ms)
			SetupLoadedEditorAssemblies (847ms)
				LogAssemblyErrors (0ms)
				InitializePlatformSupportModulesInManaged (13ms)
				SetLoadedEditorAssemblies (0ms)
				RefreshPlugins (114ms)
				BeforeProcessingInitializeOnLoad (113ms)
				ProcessInitializeOnLoadAttributes (539ms)
				ProcessInitializeOnLoadMethodAttributes (59ms)
				AfterProcessingInitializeOnLoad (9ms)
				EditorAssembliesLoaded (0ms)
			ExecutionOrderSort2 (0ms)
			AwakeInstancesAfterBackupRestoration (4ms)
Platform modules already initialized, skipping
========================================================================
Worker process is ready to serve import requests
Launched and connected shader compiler UnityShaderCompiler.exe after 0.04 seconds
Refreshing native plugins compatible for Editor in 2.12 ms, found 26 plugins.
Preloading 1 native plugins for Editor in 0.03 ms.
Unloading 7040 Unused Serialized files (Serialized files now loaded: 0)
Unloading 251 unused Assets / (196.1 KB). Loaded Objects now: 7359.
Memory consumption went from 273.5 MB to 273.3 MB.
Total: 4.147000 ms (FindLiveObjects: 0.498900 ms CreateObjectMapping: 0.554300 ms MarkObjects: 2.902600 ms  DeleteObjects: 0.190200 ms)

AssetImportParameters requested are different than current active one (requested -> active):
  custom:video-decoder-ogg-theora: a1e56fd34408186e4bbccfd4996cb3dc -> 
  custom:container-muxer-webm: aa71ff27fc2769a1b78a27578f13a17b -> 
  custom:container-demuxer-webm: 4f35f7cbe854078d1ac9338744f61a02 -> 
  custom:video-encoder-webm-vp8: eb34c28f22e8b96e1ab97ce403110664 -> 
  custom:audio-encoder-webm-vorbis: bf7c407c2cedff20999df2af8eb42d56 -> 
  custom:framework-win-MediaFoundation: 216162199b28c13a410421893ffa2e32 -> 
  custom:container-demuxer-ogg: 62fdf1f143b41e24485cea50d1cbac27 -> 
  custom:video-decoder-webm-vp8: 9c59270c3fd7afecdb556c50c9e8de78 -> 
  custom:audio-decoder-ogg-vorbis: bf7c407c2cedff20999df2af8eb42d56 -> 
========================================================================
Received Import Request.
  Time since last request: 437759.323021 seconds.
  path: Assets/UnityProject/Sprites/EMOTIC Icons
  artifactKey: Guid(2dbf0faeabcb85f4daef8fcdc4a1f1d6) Importer(815301076,1909f56bfc062723c751e8b465ee728b)
Start importing Assets/UnityProject/Sprites/EMOTIC Icons using Guid(2dbf0faeabcb85f4daef8fcdc4a1f1d6) Importer(815301076,1909f56bfc062723c751e8b465ee728b)  -> (artifact id: 'dd38fb8019912b0aac140d4831e7176a') in 0.133650 seconds 
========================================================================
Received Import Request.
  Time since last request: 339.502231 seconds.
  path: Assets/UnityProject/Sprites/EMOTIC Icons/Affection.png
  artifactKey: Guid(4995b41db556d87409d4375eceb8950b) Importer(815301076,1909f56bfc062723c751e8b465ee728b)
Start importing Assets/UnityProject/Sprites/EMOTIC Icons/Affection.png using Guid(4995b41db556d87409d4375eceb8950b) Importer(815301076,1909f56bfc062723c751e8b465ee728b)  -> (artifact id: '00702ca115a576d07f58ff2421173ee3') in 0.055566 seconds 
========================================================================
Received Import Request.
  Time since last request: 0.000027 seconds.
  path: Assets/UnityProject/Sprites/EMOTIC Icons/Anticipation.png
  artifactKey: Guid(404e6a746e75e9447b0ec33bb7f69de2) Importer(815301076,1909f56bfc062723c751e8b465ee728b)
Start importing Assets/UnityProject/Sprites/EMOTIC Icons/Anticipation.png using Guid(404e6a746e75e9447b0ec33bb7f69de2) Importer(815301076,1909f56bfc062723c751e8b465ee728b)  -> (artifact id: 'ed8e5230dcc9b7d7091db267e40411bd') in 0.011269 seconds 
========================================================================
Received Import Request.
  Time since last request: 0.000036 seconds.
  path: Assets/UnityProject/Sprites/EMOTIC Icons/Peace.png
  artifactKey: Guid(a6f02c88dc019244cacd9843f2956b53) Importer(815301076,1909f56bfc062723c751e8b465ee728b)
Start importing Assets/UnityProject/Sprites/EMOTIC Icons/Peace.png using Guid(a6f02c88dc019244cacd9843f2956b53) Importer(815301076,1909f56bfc062723c751e8b465ee728b)  -> (artifact id: '4f66c3898f9c3ce6a5120ad8e2576525') in 0.010758 seconds 
========================================================================
Received Import Request.
  Time since last request: 0.000026 seconds.
  path: Assets/UnityProject/Sprites/EMOTIC Icons/Engagement.png
  artifactKey: Guid(0da26fd496d51424990cb6c2c448b04c) Importer(815301076,1909f56bfc062723c751e8b465ee728b)
Start importing Assets/UnityProject/Sprites/EMOTIC Icons/Engagement.png using Guid(0da26fd496d51424990cb6c2c448b04c) Importer(815301076,1909f56bfc062723c751e8b465ee728b)  -> (artifact id: '408ab8791f040d5687025118cc307e08') in 0.009491 seconds 
========================================================================
Received Import Request.
  Time since last request: 0.000030 seconds.
  path: Assets/UnityProject/Sprites/EMOTIC Icons/Yearning.png
  artifactKey: Guid(3b91a4872a95292449c0b067f1dfb72d) Importer(815301076,1909f56bfc062723c751e8b465ee728b)
Start importing Assets/UnityProject/Sprites/EMOTIC Icons/Yearning.png using Guid(3b91a4872a95292449c0b067f1dfb72d) Importer(815301076,1909f56bfc062723c751e8b465ee728b)  -> (artifact id: '2e03ab34b54775298d4622aba7182342') in 0.009861 seconds 
========================================================================
Received Import Request.
  Time since last request: 0.000030 seconds.
  path: Assets/UnityProject/Sprites/EMOTIC Icons/Surprise.png
  artifactKey: Guid(695c1510097a7ab40b5a2053f4726704) Importer(815301076,1909f56bfc062723c751e8b465ee728b)
Start importing Assets/UnityProject/Sprites/EMOTIC Icons/Surprise.png using Guid(695c1510097a7ab40b5a2053f4726704) Importer(815301076,1909f56bfc062723c751e8b465ee728b)  -> (artifact id: '8742c5d981a0fd49e485164031b6707c') in 0.012616 seconds 
========================================================================
Received Import Request.
  Time since last request: 0.000021 seconds.
  path: Assets/UnityProject/Sprites/EMOTIC Icons/Disapproval.png
  artifactKey: Guid(ebb618be18286d24e807f69b056754cc) Importer(815301076,1909f56bfc062723c751e8b465ee728b)
Start importing Assets/UnityProject/Sprites/EMOTIC Icons/Disapproval.png using Guid(ebb618be18286d24e807f69b056754cc) Importer(815301076,1909f56bfc062723c751e8b465ee728b)  -> (artifact id: '6792e04dfac367075081f402d3ec2bae') in 0.010307 seconds 
========================================================================
Received Import Request.
  Time since last request: 0.000029 seconds.
  path: Assets/UnityProject/Sprites/EMOTIC Icons/Sadness.png
  artifactKey: Guid(61b54c23b14d35542a943e8fa9738c16) Importer(815301076,1909f56bfc062723c751e8b465ee728b)
Start importing Assets/UnityProject/Sprites/EMOTIC Icons/Sadness.png using Guid(61b54c23b14d35542a943e8fa9738c16) Importer(815301076,1909f56bfc062723c751e8b465ee728b)  -> (artifact id: '3364cb3af87d06d293d2f383393c2636') in 0.009983 seconds 
========================================================================
Received Import Request.
  Time since last request: 0.000025 seconds.
  path: Assets/UnityProject/Sprites/EMOTIC Icons/Confidence.png
  artifactKey: Guid(6aac3da1146468348955abcb5ddf1eb4) Importer(815301076,1909f56bfc062723c751e8b465ee728b)
Start importing Assets/UnityProject/Sprites/EMOTIC Icons/Confidence.png using Guid(6aac3da1146468348955abcb5ddf1eb4) Importer(815301076,1909f56bfc062723c751e8b465ee728b)  -> (artifact id: '1960aa98dbc71e078f4ac12a424d6180') in 0.011130 seconds 
========================================================================
Received Import Request.
  Time since last request: 0.000024 seconds.
  path: Assets/UnityProject/Sprites/EMOTIC Icons/Pain.png
  artifactKey: Guid(42eb00ce193f6334db60a8e234da68b1) Importer(815301076,1909f56bfc062723c751e8b465ee728b)
Start importing Assets/UnityProject/Sprites/EMOTIC Icons/Pain.png using Guid(42eb00ce193f6334db60a8e234da68b1) Importer(815301076,1909f56bfc062723c751e8b465ee728b)  -> (artifact id: '1fa7c5623a1c4e32f55df31084b1a33d') in 0.010168 seconds 
========================================================================
Received Import Request.
  Time since last request: 0.000022 seconds.
  path: Assets/UnityProject/Sprites/EMOTIC Icons/Embarassment.png
  artifactKey: Guid(56d6ab538baebe54a9c0de501bb4e72b) Importer(815301076,1909f56bfc062723c751e8b465ee728b)
Start importing Assets/UnityProject/Sprites/EMOTIC Icons/Embarassment.png using Guid(56d6ab538baebe54a9c0de501bb4e72b) Importer(815301076,1909f56bfc062723c751e8b465ee728b)  -> (artifact id: '40f397f9adfc9c026c5282fd00a957c5') in 0.011015 seconds 
========================================================================
Received Import Request.
  Time since last request: 0.000021 seconds.
  path: Assets/UnityProject/Sprites/EMOTIC Icons/Fear.png
  artifactKey: Guid(d7bbf9ac1bf209c468039f8249af6ad9) Importer(815301076,1909f56bfc062723c751e8b465ee728b)
Start importing Assets/UnityProject/Sprites/EMOTIC Icons/Fear.png using Guid(d7bbf9ac1bf209c468039f8249af6ad9) Importer(815301076,1909f56bfc062723c751e8b465ee728b)  -> (artifact id: '317ac70a2e4ce51d9c3c0764444e2642') in 0.009699 seconds 
========================================================================
Received Import Request.
  Time since last request: 0.000022 seconds.
  path: Assets/UnityProject/Sprites/EMOTIC Icons/Annoyance.png
  artifactKey: Guid(97e9f8ac40abe1d42bf4ccf193003836) Importer(815301076,1909f56bfc062723c751e8b465ee728b)
Start importing Assets/UnityProject/Sprites/EMOTIC Icons/Annoyance.png using Guid(97e9f8ac40abe1d42bf4ccf193003836) Importer(815301076,1909f56bfc062723c751e8b465ee728b)  -> (artifact id: 'cecddc526a1584f97c8c190845248bd4') in 0.009018 seconds 
========================================================================
Received Import Request.
  Time since last request: 15.462086 seconds.
  path: Assets/UnityProject/Sprites/EMOTIC Icons/Affection.png
  artifactKey: Guid(4995b41db556d87409d4375eceb8950b) Importer(815301076,1909f56bfc062723c751e8b465ee728b)
Start importing Assets/UnityProject/Sprites/EMOTIC Icons/Affection.png using Guid(4995b41db556d87409d4375eceb8950b) Importer(815301076,1909f56bfc062723c751e8b465ee728b)  -> (artifact id: 'ccf0b9c23130294c588b006ab7c665d0') in 0.058571 seconds 
========================================================================
Received Import Request.
  Time since last request: 0.000027 seconds.
  path: Assets/UnityProject/Sprites/EMOTIC Icons/Sympathy.png
  artifactKey: Guid(0c35bed25bcf3864bb902b8f1350a8e5) Importer(815301076,1909f56bfc062723c751e8b465ee728b)
Start importing Assets/UnityProject/Sprites/EMOTIC Icons/Sympathy.png using Guid(0c35bed25bcf3864bb902b8f1350a8e5) Importer(815301076,1909f56bfc062723c751e8b465ee728b)  -> (artifact id: '5cab6cf00c7962a14b1f6cef0c391428') in 0.023821 seconds 
========================================================================
Received Import Request.
  Time since last request: 0.000030 seconds.
  path: Assets/UnityProject/Sprites/EMOTIC Icons/Fatigue.png
  artifactKey: Guid(903d7054808b643488b2fd21d32bf954) Importer(815301076,1909f56bfc062723c751e8b465ee728b)
Start importing Assets/UnityProject/Sprites/EMOTIC Icons/Fatigue.png using Guid(903d7054808b643488b2fd21d32bf954) Importer(815301076,1909f56bfc062723c751e8b465ee728b)  -> (artifact id: 'af944efdf7055001d8adaa0cfbf23443') in 0.019680 seconds 
========================================================================
Received Import Request.
  Time since last request: 0.000038 seconds.
  path: Assets/UnityProject/Sprites/EMOTIC Icons/Esteem.png
  artifactKey: Guid(17319e07580a03d4cabb9eb3e876b509) Importer(815301076,1909f56bfc062723c751e8b465ee728b)
Start importing Assets/UnityProject/Sprites/EMOTIC Icons/Esteem.png using Guid(17319e07580a03d4cabb9eb3e876b509) Importer(815301076,1909f56bfc062723c751e8b465ee728b)  -> (artifact id: '1bb89992078519f5d1224f5fd25ff0ca') in 0.024051 seconds 
========================================================================
Received Import Request.
  Time since last request: 0.000022 seconds.
  path: Assets/UnityProject/Sprites/EMOTIC Icons/Excitement.png
  artifactKey: Guid(4713071da74d5c8478100468ce68244f) Importer(815301076,1909f56bfc062723c751e8b465ee728b)
Start importing Assets/UnityProject/Sprites/EMOTIC Icons/Excitement.png using Guid(4713071da74d5c8478100468ce68244f) Importer(815301076,1909f56bfc062723c751e8b465ee728b)  -> (artifact id: 'a3983c71b1af42520ed68839b64aa690') in 0.026077 seconds 
========================================================================
Received Import Request.
  Time since last request: 0.000022 seconds.
  path: Assets/UnityProject/Sprites/EMOTIC Icons/Pain.png
  artifactKey: Guid(42eb00ce193f6334db60a8e234da68b1) Importer(815301076,1909f56bfc062723c751e8b465ee728b)
Start importing Assets/UnityProject/Sprites/EMOTIC Icons/Pain.png using Guid(42eb00ce193f6334db60a8e234da68b1) Importer(815301076,1909f56bfc062723c751e8b465ee728b)  -> (artifact id: 'c7869b4272aa62656516263ccd54d30e') in 0.026329 seconds 
========================================================================
Received Import Request.
  Time since last request: 0.000024 seconds.
  path: Assets/UnityProject/Sprites/EMOTIC Icons/Fear.png
  artifactKey: Guid(d7bbf9ac1bf209c468039f8249af6ad9) Importer(815301076,1909f56bfc062723c751e8b465ee728b)
Start importing Assets/UnityProject/Sprites/EMOTIC Icons/Fear.png using Guid(d7bbf9ac1bf209c468039f8249af6ad9) Importer(815301076,1909f56bfc062723c751e8b465ee728b)  -> (artifact id: 'ae5c1f80d5af71de514b385a29057448') in 0.019267 seconds 
========================================================================
Received Import Request.
  Time since last request: 6.341227 seconds.
  path: Assets/UnityProject/Materials/MR UI/Emotions/mt_affection.mat
  artifactKey: Guid(1cc8374bcbc1db846bb8224a0ec86c4a) Importer(815301076,1909f56bfc062723c751e8b465ee728b)
Start importing Assets/UnityProject/Materials/MR UI/Emotions/mt_affection.mat using Guid(1cc8374bcbc1db846bb8224a0ec86c4a) Importer(815301076,1909f56bfc062723c751e8b465ee728b)  -> (artifact id: '909542f50d6553fc4a6d3833e35c2def') in 0.143391 seconds 
========================================================================
Received Import Request.
  Time since last request: 0.000017 seconds.
  path: Assets/UnityProject/Materials/MR UI/Emotions/mt_disapproval.mat
  artifactKey: Guid(a9f93bd5046b80442b09bc056faa4173) Importer(815301076,1909f56bfc062723c751e8b465ee728b)
Start importing Assets/UnityProject/Materials/MR UI/Emotions/mt_disapproval.mat using Guid(a9f93bd5046b80442b09bc056faa4173) Importer(815301076,1909f56bfc062723c751e8b465ee728b)  -> (artifact id: '3445923818138f418cec33a89586f906') in 0.037298 seconds 
========================================================================
Received Import Request.
  Time since last request: 2.329174 seconds.
  path: Assets/UnityProject/Materials/MR UI/Emotions/mt_doubtConfusion.mat
  artifactKey: Guid(620670fcf71fe034a819a5fff917e925) Importer(815301076,1909f56bfc062723c751e8b465ee728b)
Start importing Assets/UnityProject/Materials/MR UI/Emotions/mt_doubtConfusion.mat using Guid(620670fcf71fe034a819a5fff917e925) Importer(815301076,1909f56bfc062723c751e8b465ee728b)  -> (artifact id: '69ccaeaa5ed0cf04daae91dbb7f18909') in 0.010904 seconds 
========================================================================
Received Prepare
Registering precompiled user dll's ...
Registered in 0.017780 seconds.
Begin MonoManager ReloadAssembly
Native extension for UWP target not found
Native extension for WindowsStandalone target not found
Native extension for Android target not found
Refreshing native plugins compatible for Editor in 2.22 ms, found 26 plugins.
Preloading 1 native plugins for Editor in 0.03 ms.
Mono: successfully reloaded assembly
- Completed reload, in  1.116 seconds
Domain Reload Profiling:
	ReloadAssembly (1116ms)
		BeginReloadAssembly (131ms)
			ExecutionOrderSort (0ms)
			DisableScriptedObjects (3ms)
			BackupInstance (0ms)
			ReleaseScriptingObjects (0ms)
			CreateAndSetChildDomain (40ms)
		EndReloadAssembly (893ms)
			LoadAssemblies (89ms)
			RebuildTransferFunctionScriptingTraits (0ms)
			SetupTypeCache (267ms)
			ReleaseScriptCaches (1ms)
			RebuildScriptCaches (38ms)
			SetupLoadedEditorAssemblies (437ms)
				LogAssemblyErrors (0ms)
				InitializePlatformSupportModulesInManaged (19ms)
				SetLoadedEditorAssemblies (0ms)
				RefreshPlugins (2ms)
				BeforeProcessingInitializeOnLoad (70ms)
				ProcessInitializeOnLoadAttributes (293ms)
				ProcessInitializeOnLoadMethodAttributes (43ms)
				AfterProcessingInitializeOnLoad (9ms)
				EditorAssembliesLoaded (0ms)
			ExecutionOrderSort2 (0ms)
			AwakeInstancesAfterBackupRestoration (6ms)
Platform modules already initialized, skipping
Refreshing native plugins compatible for Editor in 31.71 ms, found 26 plugins.
Preloading 1 native plugins for Editor in 0.03 ms.
Unloading 6971 Unused Serialized files (Serialized files now loaded: 0)
Unloading 242 unused Assets / (164.3 KB). Loaded Objects now: 7422.
Memory consumption went from 272.6 MB to 272.4 MB.
Total: 3.988100 ms (FindLiveObjects: 0.529800 ms CreateObjectMapping: 0.530400 ms MarkObjects: 2.753100 ms  DeleteObjects: 0.174000 ms)

AssetImportParameters requested are different than current active one (requested -> active):
  custom:video-decoder-ogg-theora: a1e56fd34408186e4bbccfd4996cb3dc -> 
  custom:container-muxer-webm: aa71ff27fc2769a1b78a27578f13a17b -> 
  custom:container-demuxer-webm: 4f35f7cbe854078d1ac9338744f61a02 -> 
  custom:video-encoder-webm-vp8: eb34c28f22e8b96e1ab97ce403110664 -> 
  custom:audio-encoder-webm-vorbis: bf7c407c2cedff20999df2af8eb42d56 -> 
  custom:framework-win-MediaFoundation: 216162199b28c13a410421893ffa2e32 -> 
  custom:container-demuxer-ogg: 62fdf1f143b41e24485cea50d1cbac27 -> 
  custom:video-decoder-webm-vp8: 9c59270c3fd7afecdb556c50c9e8de78 -> 
  custom:audio-decoder-ogg-vorbis: bf7c407c2cedff20999df2af8eb42d56 -> 
Editor requested this worker to shutdown with reason: Scaling down because of idle timeout
AssetImportWorker is now disconnected from the server
Process exiting
Exiting without the bug reporter. Application will terminate with return code 0